                                                                                             The WPS System                                                          11:40 Wednesday, July 29, 2015    1

                                                                                           The FREQ Procedure

                                                               Table of last_name_match by chosen_cac_ind_number
                                                                                                                                        
                                                                last_name_match|             chosen_cac_ind_number             |        
                                                                ---------------+-----------------------------------------------|        
                                                                   Frequency   |       |       |       |       |       |       |        
                                                                    Percent    |       |       |       |       |       |       |        
                                                                    Row Pct    |       |       |       |       |       |       |        
                                                                    Col Pct    |   .   |   1   |   2   |   3   |   4   |   5   | Total  
                                                                ---------------+-------+-------+-------+-------+-------+-------+------- 
                                                                              0| 324513|      0|      0|      0|      0|      0| 324513 
                                                                               |  38.25|   0.00|   0.00|   0.00|   0.00|   0.00|  38.25 
                                                                               | 100.00|   0.00|   0.00|   0.00|   0.00|   0.00|        
                                                                               |  48.26|   0.00|   0.00|   0.00|   0.00|   0.00|        
                                                                ---------------+-------+-------+-------+-------+-------+-------+------- 
                                                                              1| 347950| 121846|  39657|  11615|   2437|    386| 523891 
                                                                               |  41.01|  14.36|   4.67|   1.37|   0.29|   0.05|  61.75 
                                                                               |  66.42|  23.26|   7.57|   2.22|   0.47|   0.07|        
                                                                               |  51.74| 100.00| 100.00| 100.00| 100.00| 100.00|        
                                                                ---------------+-------+-------+-------+-------+-------+-------+------- 
                                                                          Total| 672463| 121846|  39657|  11615|   2437|    386| 848404 
                                                                               |  79.26|  14.36|   4.67|   1.37|   0.29|   0.05| 100.00 
                                                                                                                                        
                                                                                             The WPS System                                                          11:40 Wednesday, July 29, 2015    2

                                                                                           The FREQ Procedure

                                                                    Table of chosen_cac_ind_number by chosen_match_level
                                                                                                                                   
                                                                     chosen_cac_ind_number|      chosen_match_level       |        
                                                                     ---------------------+-------------------------------|        
                                                                           Frequency      |       |       |       |       |        
                                                                            Percent       |       |       |       |       |        
                                                                            Row Pct       |       |       |       |       |        
                                                                            Col Pct       |   .   |   1   |   2   |   3   | Total  
                                                                     ---------------------+-------+-------+-------+-------+------- 
                                                                                         .| 672463|      0|      0|      0| 672463 
                                                                                          |  79.26|   0.00|   0.00|   0.00|  79.26 
                                                                                          | 100.00|   0.00|   0.00|   0.00|        
                                                                                          | 100.00|   0.00|   0.00|   0.00|        
                                                                     ---------------------+-------+-------+-------+-------+------- 
                                                                                         1|      0| 105333|  14289|   2224| 121846 
                                                                                          |   0.00|  12.42|   1.68|   0.26|  14.36 
                                                                                          |   0.00|  86.45|  11.73|   1.83|        
                                                                                          |   0.00|  69.46|  69.35|  60.37|        
                                                                     ---------------------+-------+-------+-------+-------+------- 
                                                                                         2|      0|  34004|   4673|    980|  39657 
                                                                                          |   0.00|   4.01|   0.55|   0.12|   4.67 
                                                                                          |   0.00|  85.75|  11.78|   2.47|        
                                                                                          |   0.00|  22.42|  22.68|  26.60|        
                                                                     ---------------------+-------+-------+-------+-------+------- 
                                                                                         3|      0|   9916|   1325|    374|  11615 
                                                                                          |   0.00|   1.17|   0.16|   0.04|   1.37 
                                                                                          |   0.00|  85.37|  11.41|   3.22|        
                                                                                          |   0.00|   6.54|   6.43|  10.15|        
                                                                     ---------------------+-------+-------+-------+-------+------- 
                                                                                         4|      0|   2067|    273|     97|   2437 
                                                                                          |   0.00|   0.24|   0.03|   0.01|   0.29 
                                                                                          |   0.00|  84.82|  11.20|   3.98|        
                                                                                          |   0.00|   1.36|   1.32|   2.63|        
                                                                     ---------------------+-------+-------+-------+-------+------- 
                                                                                         5|      0|    332|     45|      9|    386 
                                                                                          |   0.00|   0.04|   0.01|   0.00|   0.05 
                                                                                          |   0.00|  86.01|  11.66|   2.33|        
                                                                                          |   0.00|   0.22|   0.22|   0.24|        
                                                                     ---------------------+-------+-------+-------+-------+------- 
                                                                                     Total| 672463| 151652|  20605|   3684| 848404 
                                                                                          |  79.26|  17.87|   2.43|   0.43| 100.00 
                                                                                                                                   
                                                                                             match_level 2                                                           11:40 Wednesday, July 29, 2015    3

                                                                                           The FREQ Procedure

                                                                                                                Cumulative    Cumulative
                                                                chosen_spedis_score    Frequency     Percent     Frequency      Percent 
                                                                ------------------------------------------------------------------------
                                                                 0                           54        0.26            54         0.26  
                                                                 2                            7        0.03            61         0.30  
                                                                 3                           52        0.25           113         0.55  
                                                                 4                          112        0.54           225         1.09  
                                                                 5                          900        4.37          1125         5.46  
                                                                 6                          121        0.59          1246         6.05  
                                                                 7                         1143        5.55          2389        11.59  
                                                                 8                          318        1.54          2707        13.14  
                                                                 9                           12        0.06          2719        13.20  
                                                                10                          505        2.45          3224        15.65  
                                                                11                          874        4.24          4098        19.89  
                                                                12                          282        1.37          4380        21.26  
                                                                13                          159        0.77          4539        22.03  
                                                                14                          721        3.50          5260        25.53  
                                                                15                         2886       14.01          8146        39.53  
                                                                16                          452        2.19          8598        41.73  
                                                                17                         1710        8.30         10308        50.03  
                                                                18                           27        0.13         10335        50.16  
                                                                19                         1381        6.70         11716        56.86  
                                                                20                         1720        8.35         13436        65.21  
                                                                21                          471        2.29         13907        67.49  
                                                                22                          210        1.02         14117        68.51  
                                                                23                          200        0.97         14317        69.48  
                                                                24                          419        2.03         14736        71.52  
                                                                25                          669        3.25         15405        74.76  
                                                                26                          175        0.85         15580        75.61  
                                                                27                          329        1.60         15909        77.21  
                                                                28                         1861        9.03         17770        86.24  
                                                                29                          590        2.86         18360        89.10  
                                                                30                          773        3.75         19133        92.86  
                                                                31                           74        0.36         19207        93.22  
                                                                32                            1        0.00         19208        93.22  
                                                                33                          700        3.40         19908        96.62  
                                                                34                          697        3.38         20605       100.00  
                                                                                             match_level 3                                                           11:40 Wednesday, July 29, 2015    4

                                                                                           The FREQ Procedure

                                                                                                                Cumulative    Cumulative
                                                                chosen_spedis_score    Frequency     Percent     Frequency      Percent 
                                                                ------------------------------------------------------------------------
                                                                 35                          63        1.71            63         1.71  
                                                                 36                           4        0.11            67         1.82  
                                                                 37                         302        8.20           369        10.02  
                                                                 38                         301        8.17           670        18.19  
                                                                 39                         389       10.56          1059        28.75  
                                                                 40                         413       11.21          1472        39.96  
                                                                 41                          67        1.82          1539        41.78  
                                                                 42                          63        1.71          1602        43.49  
                                                                 43                          17        0.46          1619        43.95  
                                                                 45                          28        0.76          1647        44.71  
                                                                 46                          22        0.60          1669        45.30  
                                                                 47                          71        1.93          1740        47.23  
                                                                 48                           2        0.05          1742        47.29  
                                                                 49                           2        0.05          1744        47.34  
                                                                 50                         812       22.04          2556        69.38  
                                                                 52                           1        0.03          2557        69.41  
                                                                 53                           1        0.03          2558        69.44  
                                                                 54                          56        1.52          2614        70.96  
                                                                 55                          18        0.49          2632        71.44  
                                                                 56                           2        0.05          2634        71.50  
                                                                 57                          38        1.03          2672        72.53  
                                                                 58                          73        1.98          2745        74.51  
                                                                 60                         164        4.45          2909        78.96  
                                                                 62                          80        2.17          2989        81.13  
                                                                 64                          12        0.33          3001        81.46  
                                                                 65                          10        0.27          3011        81.73  
                                                                 66                         176        4.78          3187        86.51  
                                                                 67                           1        0.03          3188        86.54  
                                                                 68                           5        0.14          3193        86.67  
                                                                 70                          44        1.19          3237        87.87  
                                                                 71                           2        0.05          3239        87.92  
                                                                 75                         111        3.01          3350        90.93  
                                                                 78                           2        0.05          3352        90.99  
                                                                 79                           1        0.03          3353        91.02  
                                                                 80                          14        0.38          3367        91.40  
                                                                 81                           1        0.03          3368        91.42  
                                                                 83                          95        2.58          3463        94.00  
                                                                 87                          21        0.57          3484        94.57  
                                                                 90                           3        0.08          3487        94.65  
                                                                 91                           3        0.08          3490        94.73  
                                                                 92                           1        0.03          3491        94.76  
                                                                 95                           2        0.05          3493        94.82  
                                                                100                          50        1.36          3543        96.17  
                                                                108                           6        0.16          3549        96.34  
                                                                112                           5        0.14          3554        96.47  
                                                                116                           4        0.11          3558        96.58  
                                                                120                           2        0.05          3560        96.63  
                                                                125                           7        0.19          3567        96.82  
                                                                130                           1        0.03          3568        96.85  
                                                                133                           3        0.08          3571        96.93  
                                                                135                           1        0.03          3572        96.96  
                                                                137                           1        0.03          3573        96.99  
                                                                143                           1        0.03          3574        97.01  
                                                                150                          14        0.38          3588        97.39  
                                                                166                           1        0.03          3589        97.42  
                                                                168                           1        0.03          3590        97.45  
                                                                175                           1        0.03          3591        97.48  
                                                                183                           3        0.08          3594        97.56  
                                                                187                           1        0.03          3595        97.58  
                                                                200                          27        0.73          3622        98.32  
                                                                250                          30        0.81          3652        99.13  
                                                                300                          10        0.27          3662        99.40  
                                                                350                           9        0.24          3671        99.65  
                                                                400                          11        0.30          3682        99.95  
                                                                450                           2        0.05          3684       100.00  
                                                                                                                                                                     11:40 Wednesday, July 29, 2015    5

                                                                                           The FREQ Procedure

                                                               Table of last_name_match by chosen_cac_ind_number
                                                                                                                                        
                                                                last_name_match|             chosen_cac_ind_number             |        
                                                                ---------------+-----------------------------------------------|        
                                                                   Frequency   |       |       |       |       |       |       |        
                                                                    Percent    |       |       |       |       |       |       |        
                                                                    Row Pct    |       |       |       |       |       |       |        
                                                                    Col Pct    |   .   |   1   |   2   |   3   |   4   |   5   | Total  
                                                                ---------------+-------+-------+-------+-------+-------+-------+------- 
                                                                              0| 324513|      0|      0|      0|      0|      0| 324513 
                                                                               |  38.25|   0.00|   0.00|   0.00|   0.00|   0.00|  38.25 
                                                                               | 100.00|   0.00|   0.00|   0.00|   0.00|   0.00|        
                                                                               |  52.74|   0.00|   0.00|   0.00|   0.00|   0.00|        
                                                                ---------------+-------+-------+-------+-------+-------+-------+------- 
                                                                              1| 290824| 160981|  57762|  11597|   2342|    385| 523891 
                                                                               |  34.28|  18.97|   6.81|   1.37|   0.28|   0.05|  61.75 
                                                                               |  55.51|  30.73|  11.03|   2.21|   0.45|   0.07|        
                                                                               |  47.26| 100.00| 100.00| 100.00| 100.00| 100.00|        
                                                                ---------------+-------+-------+-------+-------+-------+-------+------- 
                                                                          Total| 615337| 160981|  57762|  11597|   2342|    385| 848404 
                                                                               |  72.53|  18.97|   6.81|   1.37|   0.28|   0.05| 100.00 
                                                                                                                                        
                                                                                                                                                                     11:40 Wednesday, July 29, 2015    6

                                                                                           The FREQ Procedure

                                                                    Table of chosen_cac_ind_number by chosen_match_level
                                                                                                                                   
                                                                     chosen_cac_ind_number|      chosen_match_level       |        
                                                                     ---------------------+-------------------------------|        
                                                                           Frequency      |       |       |       |       |        
                                                                            Percent       |       |       |       |       |        
                                                                            Row Pct       |       |       |       |       |        
                                                                            Col Pct       |   .   |   1   |   2   |   3   | Total  
                                                                     ---------------------+-------+-------+-------+-------+------- 
                                                                                         .| 615337|      0|      0|      0| 615337 
                                                                                          |  72.53|   0.00|   0.00|   0.00|  72.53 
                                                                                          | 100.00|   0.00|   0.00|   0.00|        
                                                                                          | 100.00|   0.00|   0.00|   0.00|        
                                                                     ---------------------+-------+-------+-------+-------+------- 
                                                                                         1|      0| 144531|  12990|   3460| 160981 
                                                                                          |   0.00|  17.04|   1.53|   0.41|  18.97 
                                                                                          |   0.00|  89.78|   8.07|   2.15|        
                                                                                          |   0.00|  69.39|  66.97|  64.40|        
                                                                     ---------------------+-------+-------+-------+-------+------- 
                                                                                         2|      0|  50947|   5280|   1535|  57762 
                                                                                          |   0.00|   6.01|   0.62|   0.18|   6.81 
                                                                                          |   0.00|  88.20|   9.14|   2.66|        
                                                                                          |   0.00|  24.46|  27.22|  28.57|        
                                                                     ---------------------+-------+-------+-------+-------+------- 
                                                                                         3|      0|  10380|    920|    297|  11597 
                                                                                          |   0.00|   1.22|   0.11|   0.04|   1.37 
                                                                                          |   0.00|  89.51|   7.93|   2.56|        
                                                                                          |   0.00|   4.98|   4.74|   5.53|        
                                                                     ---------------------+-------+-------+-------+-------+------- 
                                                                                         4|      0|   2095|    181|     66|   2342 
                                                                                          |   0.00|   0.25|   0.02|   0.01|   0.28 
                                                                                          |   0.00|  89.45|   7.73|   2.82|        
                                                                                          |   0.00|   1.01|   0.93|   1.23|        
                                                                     ---------------------+-------+-------+-------+-------+------- 
                                                                                         5|      0|    343|     27|     15|    385 
                                                                                          |   0.00|   0.04|   0.00|   0.00|   0.05 
                                                                                          |   0.00|  89.09|   7.01|   3.90|        
                                                                                          |   0.00|   0.16|   0.14|   0.28|        
                                                                     ---------------------+-------+-------+-------+-------+------- 
                                                                                     Total| 615337| 208296|  19398|   5373| 848404 
                                                                                          |  72.53|  24.55|   2.29|   0.63| 100.00 
                                                                                                                                   
                                                                                             match_level 2                                                           11:40 Wednesday, July 29, 2015    7

                                                                                           The FREQ Procedure

                                                                                                                Cumulative    Cumulative
                                                                chosen_spedis_score    Frequency     Percent     Frequency      Percent 
                                                                ------------------------------------------------------------------------
                                                                 0                           76        0.39            76         0.39  
                                                                 2                           13        0.07            89         0.46  
                                                                 3                          235        1.21           324         1.67  
                                                                 4                          241        1.24           565         2.91  
                                                                 5                          893        4.60          1458         7.52  
                                                                 6                          422        2.18          1880         9.69  
                                                                 7                          875        4.51          2755        14.20  
                                                                 8                          961        4.95          3716        19.16  
                                                                 9                            5        0.03          3721        19.18  
                                                                10                          554        2.86          4275        22.04  
                                                                11                          547        2.82          4822        24.86  
                                                                12                          505        2.60          5327        27.46  
                                                                13                           80        0.41          5407        27.87  
                                                                14                         1064        5.49          6471        33.36  
                                                                15                          627        3.23          7098        36.59  
                                                                16                          996        5.13          8094        41.73  
                                                                17                         1123        5.79          9217        47.52  
                                                                18                          159        0.82          9376        48.33  
                                                                19                          429        2.21          9805        50.55  
                                                                20                          891        4.59         10696        55.14  
                                                                21                         1696        8.74         12392        63.88  
                                                                22                          511        2.63         12903        66.52  
                                                                23                          211        1.09         13114        67.60  
                                                                24                          112        0.58         13226        68.18  
                                                                25                         1079        5.56         14305        73.74  
                                                                26                          832        4.29         15137        78.03  
                                                                27                          175        0.90         15312        78.94  
                                                                28                         1106        5.70         16418        84.64  
                                                                29                          511        2.63         16929        87.27  
                                                                30                         1030        5.31         17959        92.58  
                                                                31                          165        0.85         18124        93.43  
                                                                32                            9        0.05         18133        93.48  
                                                                33                          690        3.56         18823        97.04  
                                                                34                          575        2.96         19398       100.00  
                                                                                             match_level 3                                                           11:40 Wednesday, July 29, 2015    8

                                                                                           The FREQ Procedure

                                                                                                                Cumulative    Cumulative
                                                                chosen_spedis_score    Frequency     Percent     Frequency      Percent 
                                                                ------------------------------------------------------------------------
                                                                 35                          58        1.08            58         1.08  
                                                                 36                           1        0.02            59         1.10  
                                                                 37                         371        6.90           430         8.00  
                                                                 38                         624       11.61          1054        19.62  
                                                                 39                         428        7.97          1482        27.58  
                                                                 40                         298        5.55          1780        33.13  
                                                                 41                         176        3.28          1956        36.40  
                                                                 42                          86        1.60          2042        38.00  
                                                                 43                          22        0.41          2064        38.41  
                                                                 44                         103        1.92          2167        40.33  
                                                                 45                         402        7.48          2569        47.81  
                                                                 46                          66        1.23          2635        49.04  
                                                                 47                         866       16.12          3501        65.16  
                                                                 50                         802       14.93          4303        80.09  
                                                                 52                           2        0.04          4305        80.12  
                                                                 53                           2        0.04          4307        80.16  
                                                                 54                          21        0.39          4328        80.55  
                                                                 55                          15        0.28          4343        80.83  
                                                                 56                          15        0.28          4358        81.11  
                                                                 57                          37        0.69          4395        81.80  
                                                                 58                          86        1.60          4481        83.40  
                                                                 59                           2        0.04          4483        83.44  
                                                                 60                          93        1.73          4576        85.17  
                                                                 61                           2        0.04          4578        85.20  
                                                                 62                          81        1.51          4659        86.71  
                                                                 64                           8        0.15          4667        86.86  
                                                                 65                           9        0.17          4676        87.03  
                                                                 66                         104        1.94          4780        88.96  
                                                                 67                           1        0.02          4781        88.98  
                                                                 68                          12        0.22          4793        89.21  
                                                                 70                          36        0.67          4829        89.88  
                                                                 71                           5        0.09          4834        89.97  
                                                                 75                          72        1.34          4906        91.31  
                                                                 78                           1        0.02          4907        91.33  
                                                                 79                           1        0.02          4908        91.35  
                                                                 80                          16        0.30          4924        91.64  
                                                                 81                           2        0.04          4926        91.68  
                                                                 83                          86        1.60          5012        93.28  
                                                                 85                           1        0.02          5013        93.30  
                                                                 86                           1        0.02          5014        93.32  
                                                                 87                          17        0.32          5031        93.63  
                                                                 90                           7        0.13          5038        93.77  
                                                                 91                           6        0.11          5044        93.88  
                                                                 95                           2        0.04          5046        93.91  
                                                                100                          75        1.40          5121        95.31  
                                                                105                           1        0.02          5122        95.33  
                                                                108                           2        0.04          5124        95.37  
                                                                110                           3        0.06          5127        95.42  
                                                                112                           6        0.11          5133        95.53  
                                                                116                          14        0.26          5147        95.79  
                                                                120                           1        0.02          5148        95.81  
                                                                125                          25        0.47          5173        96.28  
                                                                133                           1        0.02          5174        96.30  
                                                                137                           1        0.02          5175        96.31  
                                                                150                          47        0.87          5222        97.19  
                                                                166                           2        0.04          5224        97.23  
                                                                175                           3        0.06          5227        97.28  
                                                                183                           1        0.02          5228        97.30  
                                                                200                          50        0.93          5278        98.23  
                                                                216                           1        0.02          5279        98.25  
                                                                250                          44        0.82          5323        99.07  
                                                                300                          42        0.78          5365        99.85  
                                                                350                           6        0.11          5371        99.96  
                                                                400                           1        0.02          5372        99.98  
                                                                550                           1        0.02          5373       100.00  
                                                                    Prepared for                                                                     9
                                                                 Data Quality Report
                                                           Library:WORK  Member:scored__KY
                                                              Total Observations: 409008

                                                                                                              Number of     Numeric or          
   Variable                                                                   Label                         Observations    Character     Levels

   CAC_HH_PID                                            Household Persistent ID                                409,008     Character        50+
                                                                                                                                                
   CAC_NAME_LAST                                         Household Name                                         409,008     Character        50+
                                                                                                                                                
   bridge_address1                                       Address Line 1 From Bridge                             409,008     Character        50+
                                                                                                                                                
   bridge_address2                                       Address Line 2 From Bridge                                   0     Character         0 
                                                                                                                                                
   bridge_city                                           Address City From Bridge                               409,008     Character        50+
                                                                                                                                                
   bridge_name_first                                     First Name From Bridge                                 409,008     Character        50+
                                                                                                                                                
   bridge_name_last                                      Last Name From Bridge                                  409,008     Character        50+
                                                                                                                                                
   bridge_name_last_exact                                                                                       409,008     Character        50+
                                                                                                                                                
   bridge_name_last_fuzzy1                                                                                      409,008     Character        50+
                                                                                                                                                
   bridge_state                                          Address State From Bridge                              409,008     Character         1 
                                                         Value KY    100%                                       409,008                         
                                                                                                                                                
   bridge_zip5                                           Address Zip 5 From Bridge                              409,008     Character        50+
                                                                                                                                                
   cac_bridge_md5email_id                                Unique ID To Append Email Addresses From Bridge        409,008     Character        50+

                                                             Number        Zero          Mean        Median       Minimum       Maximum    Variable
   Variable                                                 Missing      Values         Value         Value         Value         Value     Format 

   CAC_HH_PID                                                     0                                                                          $27   
                                                                                                                                                   
   CAC_NAME_LAST                                                  0                                                                                
                                                                                                                                                   
   bridge_address1                                                0                                                                          $50   
                                                                                                                                                   
   bridge_address2                                          409,008                                                                          $50   
                                                                                                                                                   
   bridge_city                                                    0                                                                          $30   
                                                                                                                                                   
   bridge_name_first                                              0                                                                          $25   
                                                                                                                                                   
   bridge_name_last                                               0                                                                          $25   
                                                                                                                                                   
   bridge_name_last_exact                                         0                                                                                
                                                                                                                                                   
   bridge_name_last_fuzzy1                                        0                                                                                
                                                                                                                                                   
   bridge_state                                                   0                                                                          $2    
                                                                                                                                                   
                                                                                                                                                   
   bridge_zip5                                                    0                                                                          $5    
                                                                                                                                                   
   cac_bridge_md5email_id                                         0                                                                          $50   

                                                             Prepared by CAC Group, Inc.
                                                                    Prepared for                                                                    10
                                                                 Data Quality Report
                                                           Library:WORK  Member:scored__KY
                                                              Total Observations: 409008

                                                                                      Number of     Numeric or                  Number        Zero
    Variable                                                      Label             Observations    Character     Levels       Missing      Values

                                                                                                                                                  
    chosen_cac_ind_gender                                                               409,008     Numeric           2              0           0
                                                          Value        1   43.0%        175,941                                                   
                                                          Value        2   57.0%        233,067                                                   
                                                                                                                                                  
    chosen_cac_ind_last                                                                 409,008     Character        50+             0            
                                                                                                                                                  
    chosen_cac_ind_mi                                                                   317,730     Character        26         91,278            
                                                                                                                                                  
    chosen_cac_ind_name                                                                 409,008     Character        50+             0            
                                                                                                                                                  
    chosen_cac_ind_number                                                               409,008     Numeric           5              0           0
                                                          Value        1   69.1%        282,827                                                   
                                                          Value        2   23.8%         97,419                                                   
                                                          Value        3    5.7%         23,212                                                   
                                                          Value        4    1.2%          4,779                                                   
                                                          Value        5    0.2%            771                                                   
                                                                                                                                                  
    chosen_first_x_of_x_flag                                                            409,008     Numeric           2              0       2,251
                                                                                                                                                  
    chosen_match_level                                                                  409,008     Numeric           3              0           0
                                                          Value        1   88.0%        359,948                                                   
                                                          Value        2    9.8%         40,003                                                   
                                                          Value        3    2.2%          9,057                                                   

                                                                Mean        Median       Minimum       Maximum    Variable
    Variable                                                   Value         Value         Value         Value     Format 

                                                                                                                          
    chosen_cac_ind_gender                                     1.5698        2.0000        1.0000        2.0000      8     
                                                                                                                          
                                                                                                                          
                                                                                                                          
    chosen_cac_ind_last                                                                                             $20   
                                                                                                                          
    chosen_cac_ind_mi                                                                                               $1    
                                                                                                                          
    chosen_cac_ind_name                                                                                             $14   
                                                                                                                          
    chosen_cac_ind_number                                     1.3943        1.0000        1.0000        5.0000      8     
                                                                                                                          
                                                                                                                          
                                                                                                                          
                                                                                                                          
                                                                                                                          
                                                                                                                          
    chosen_first_x_of_x_flag                                  0.9945        1.0000        0.0000        1.0000      8     
                                                                                                                          
    chosen_match_level                                        1.1421        1.0000        1.0000        3.0000      8     
                                                                                                                          
                                                                                                                          
                                                                                                                          

                                                             Prepared by CAC Group, Inc.
                                                                    Prepared for                                                                    11
                                                                 Data Quality Report
                                                           Library:WORK  Member:scored__KY
                                                              Total Observations: 409008

                                                                                      Number of     Numeric or                  Number        Zero
    Variable                                                      Label             Observations    Character     Levels       Missing      Values

                                                                                                                                                  
    chosen_spedis_score                                                                 409,008      Numeric         50+             0     360,078
                                                                                                                                                  
    last_name_match                                                                     409,008      Numeric          1              0           0
                                                          Value        1    100%        409,008                                                   
                                                                                                                                                  

                                                                Mean        Median       Minimum       Maximum    Variable
    Variable                                                   Value         Value         Value         Value     Format 

                                                                                                                          
    chosen_spedis_score                                       3.0632        0.0000        0.0000      550.0000       8    
                                                                                                                          
    last_name_match                                           1.0000        1.0000        1.0000        1.0000            
                                                                                                                          
                                                                                                                          





































                                                             Prepared by CAC Group, Inc.
