                                                                                             The WPS System                                                          11:43 Wednesday, July 29, 2015    1

                                                                                           The FREQ Procedure

                                                               Table of last_name_match by chosen_cac_ind_number
                                                                                                                                        
                                                                last_name_match|             chosen_cac_ind_number             |        
                                                                ---------------+-----------------------------------------------|        
                                                                   Frequency   |       |       |       |       |       |       |        
                                                                    Percent    |       |       |       |       |       |       |        
                                                                    Row Pct    |       |       |       |       |       |       |        
                                                                    Col Pct    |   .   |   1   |   2   |   3   |   4   |   5   | Total  
                                                                ---------------+-------+-------+-------+-------+-------+-------+------- 
                                                                              0| 127689|      0|      0|      0|      0|      0| 127689 
                                                                               |  37.86|   0.00|   0.00|   0.00|   0.00|   0.00|  37.86 
                                                                               | 100.00|   0.00|   0.00|   0.00|   0.00|   0.00|        
                                                                               |  48.52|   0.00|   0.00|   0.00|   0.00|   0.00|        
                                                                ---------------+-------+-------+-------+-------+-------+-------+------- 
                                                                              1| 135455|  53801|  14721|   4368|   1047|    185| 209577 
                                                                               |  40.16|  15.95|   4.36|   1.30|   0.31|   0.05|  62.14 
                                                                               |  64.63|  25.67|   7.02|   2.08|   0.50|   0.09|        
                                                                               |  51.48| 100.00| 100.00| 100.00| 100.00| 100.00|        
                                                                ---------------+-------+-------+-------+-------+-------+-------+------- 
                                                                          Total| 263144|  53801|  14721|   4368|   1047|    185| 337266 
                                                                               |  78.02|  15.95|   4.36|   1.30|   0.31|   0.05| 100.00 
                                                                                                                                        
                                                                                             The WPS System                                                          11:43 Wednesday, July 29, 2015    2

                                                                                           The FREQ Procedure

                                                                    Table of chosen_cac_ind_number by chosen_match_level
                                                                                                                                   
                                                                     chosen_cac_ind_number|      chosen_match_level       |        
                                                                     ---------------------+-------------------------------|        
                                                                           Frequency      |       |       |       |       |        
                                                                            Percent       |       |       |       |       |        
                                                                            Row Pct       |       |       |       |       |        
                                                                            Col Pct       |   .   |   1   |   2   |   3   | Total  
                                                                     ---------------------+-------+-------+-------+-------+------- 
                                                                                         .| 263144|      0|      0|      0| 263144 
                                                                                          |  78.02|   0.00|   0.00|   0.00|  78.02 
                                                                                          | 100.00|   0.00|   0.00|   0.00|        
                                                                                          | 100.00|   0.00|   0.00|   0.00|        
                                                                     ---------------------+-------+-------+-------+-------+------- 
                                                                                         1|      0|  47244|   5626|    931|  53801 
                                                                                          |   0.00|  14.01|   1.67|   0.28|  15.95 
                                                                                          |   0.00|  87.81|  10.46|   1.73|        
                                                                                          |   0.00|  72.95|  71.36|  62.91|        
                                                                     ---------------------+-------+-------+-------+-------+------- 
                                                                                         2|      0|  12660|   1684|    377|  14721 
                                                                                          |   0.00|   3.75|   0.50|   0.11|   4.36 
                                                                                          |   0.00|  86.00|  11.44|   2.56|        
                                                                                          |   0.00|  19.55|  21.36|  25.47|        
                                                                     ---------------------+-------+-------+-------+-------+------- 
                                                                                         3|      0|   3803|    431|    134|   4368 
                                                                                          |   0.00|   1.13|   0.13|   0.04|   1.30 
                                                                                          |   0.00|  87.07|   9.87|   3.07|        
                                                                                          |   0.00|   5.87|   5.47|   9.05|        
                                                                     ---------------------+-------+-------+-------+-------+------- 
                                                                                         4|      0|    899|    119|     29|   1047 
                                                                                          |   0.00|   0.27|   0.04|   0.01|   0.31 
                                                                                          |   0.00|  85.86|  11.37|   2.77|        
                                                                                          |   0.00|   1.39|   1.51|   1.96|        
                                                                     ---------------------+-------+-------+-------+-------+------- 
                                                                                         5|      0|    152|     24|      9|    185 
                                                                                          |   0.00|   0.05|   0.01|   0.00|   0.05 
                                                                                          |   0.00|  82.16|  12.97|   4.86|        
                                                                                          |   0.00|   0.23|   0.30|   0.61|        
                                                                     ---------------------+-------+-------+-------+-------+------- 
                                                                                     Total| 263144|  64758|   7884|   1480| 337266 
                                                                                          |  78.02|  19.20|   2.34|   0.44| 100.00 
                                                                                                                                   
                                                                                             match_level 2                                                           11:43 Wednesday, July 29, 2015    3

                                                                                           The FREQ Procedure

                                                                                                                Cumulative    Cumulative
                                                                chosen_spedis_score    Frequency     Percent     Frequency      Percent 
                                                                ------------------------------------------------------------------------
                                                                 0                           34        0.43            34         0.43  
                                                                 2                            1        0.01            35         0.44  
                                                                 3                           31        0.39            66         0.84  
                                                                 4                           64        0.81           130         1.65  
                                                                 5                          411        5.21           541         6.86  
                                                                 6                           37        0.47           578         7.33  
                                                                 7                          367        4.65           945        11.99  
                                                                 8                          147        1.86          1092        13.85  
                                                                 9                            7        0.09          1099        13.94  
                                                                10                          160        2.03          1259        15.97  
                                                                11                          264        3.35          1523        19.32  
                                                                12                          165        2.09          1688        21.41  
                                                                13                           64        0.81          1752        22.22  
                                                                14                          312        3.96          2064        26.18  
                                                                15                          704        8.93          2768        35.11  
                                                                16                          258        3.27          3026        38.38  
                                                                17                          694        8.80          3720        47.18  
                                                                18                           11        0.14          3731        47.32  
                                                                19                          414        5.25          4145        52.57  
                                                                20                          665        8.43          4810        61.01  
                                                                21                          214        2.71          5024        63.72  
                                                                22                           68        0.86          5092        64.59  
                                                                23                          152        1.93          5244        66.51  
                                                                24                          105        1.33          5349        67.85  
                                                                25                          318        4.03          5667        71.88  
                                                                26                          129        1.64          5796        73.52  
                                                                27                          161        2.04          5957        75.56  
                                                                28                          660        8.37          6617        83.93  
                                                                29                          340        4.31          6957        88.24  
                                                                30                          345        4.38          7302        92.62  
                                                                31                           36        0.46          7338        93.07  
                                                                32                            3        0.04          7341        93.11  
                                                                33                          290        3.68          7631        96.79  
                                                                34                          253        3.21          7884       100.00  
                                                                                             match_level 3                                                           11:43 Wednesday, July 29, 2015    4

                                                                                           The FREQ Procedure

                                                                                                                Cumulative    Cumulative
                                                                chosen_spedis_score    Frequency     Percent     Frequency      Percent 
                                                                ------------------------------------------------------------------------
                                                                 35                          15        1.01            15         1.01  
                                                                 36                           1        0.07            16         1.08  
                                                                 37                          96        6.49           112         7.57  
                                                                 38                         109        7.36           221        14.93  
                                                                 39                         181       12.23           402        27.16  
                                                                 40                         111        7.50           513        34.66  
                                                                 41                          33        2.23           546        36.89  
                                                                 42                          20        1.35           566        38.24  
                                                                 43                          15        1.01           581        39.26  
                                                                 44                           3        0.20           584        39.46  
                                                                 45                          16        1.08           600        40.54  
                                                                 46                          13        0.88           613        41.42  
                                                                 47                          19        1.28           632        42.70  
                                                                 48                           1        0.07           633        42.77  
                                                                 50                         308       20.81           941        63.58  
                                                                 52                           1        0.07           942        63.65  
                                                                 53                           1        0.07           943        63.72  
                                                                 54                          26        1.76           969        65.47  
                                                                 55                          10        0.68           979        66.15  
                                                                 56                           3        0.20           982        66.35  
                                                                 57                          54        3.65          1036        70.00  
                                                                 58                          35        2.36          1071        72.36  
                                                                 59                           1        0.07          1072        72.43  
                                                                 60                          59        3.99          1131        76.42  
                                                                 62                          34        2.30          1165        78.72  
                                                                 64                           3        0.20          1168        78.92  
                                                                 65                           3        0.20          1171        79.12  
                                                                 66                          89        6.01          1260        85.14  
                                                                 68                           1        0.07          1261        85.20  
                                                                 70                          10        0.68          1271        85.88  
                                                                 71                           2        0.14          1273        86.01  
                                                                 75                          49        3.31          1322        89.32  
                                                                 79                           1        0.07          1323        89.39  
                                                                 80                           6        0.41          1329        89.80  
                                                                 81                           2        0.14          1331        89.93  
                                                                 83                          39        2.64          1370        92.57  
                                                                 85                           2        0.14          1372        92.70  
                                                                 87                          18        1.22          1390        93.92  
                                                                 90                           1        0.07          1391        93.99  
                                                                 91                           3        0.20          1394        94.19  
                                                                 92                           1        0.07          1395        94.26  
                                                                100                          28        1.89          1423        96.15  
                                                                108                           3        0.20          1426        96.35  
                                                                110                           1        0.07          1427        96.42  
                                                                116                          11        0.74          1438        97.16  
                                                                125                           4        0.27          1442        97.43  
                                                                133                           1        0.07          1443        97.50  
                                                                137                           1        0.07          1444        97.57  
                                                                150                           3        0.20          1447        97.77  
                                                                175                           1        0.07          1448        97.84  
                                                                183                           1        0.07          1449        97.91  
                                                                200                           9        0.61          1458        98.51  
                                                                250                           8        0.54          1466        99.05  
                                                                275                           1        0.07          1467        99.12  
                                                                283                           1        0.07          1468        99.19  
                                                                300                           7        0.47          1475        99.66  
                                                                350                           3        0.20          1478        99.86  
                                                                400                           1        0.07          1479        99.93  
                                                                600                           1        0.07          1480       100.00  
                                                                                                                                                                     11:43 Wednesday, July 29, 2015    5

                                                                                           The FREQ Procedure

                                                               Table of last_name_match by chosen_cac_ind_number
                                                                                                                                        
                                                                last_name_match|             chosen_cac_ind_number             |        
                                                                ---------------+-----------------------------------------------|        
                                                                   Frequency   |       |       |       |       |       |       |        
                                                                    Percent    |       |       |       |       |       |       |        
                                                                    Row Pct    |       |       |       |       |       |       |        
                                                                    Col Pct    |   .   |   1   |   2   |   3   |   4   |   5   | Total  
                                                                ---------------+-------+-------+-------+-------+-------+-------+------- 
                                                                              0| 127689|      0|      0|      0|      0|      0| 127689 
                                                                               |  37.86|   0.00|   0.00|   0.00|   0.00|   0.00|  37.86 
                                                                               | 100.00|   0.00|   0.00|   0.00|   0.00|   0.00|        
                                                                               |  51.42|   0.00|   0.00|   0.00|   0.00|   0.00|        
                                                                ---------------+-------+-------+-------+-------+-------+-------+------- 
                                                                              1| 120622|  61545|  21423|   4714|   1078|    195| 209577 
                                                                               |  35.76|  18.25|   6.35|   1.40|   0.32|   0.06|  62.14 
                                                                               |  57.55|  29.37|  10.22|   2.25|   0.51|   0.09|        
                                                                               |  48.58| 100.00| 100.00| 100.00| 100.00| 100.00|        
                                                                ---------------+-------+-------+-------+-------+-------+-------+------- 
                                                                          Total| 248311|  61545|  21423|   4714|   1078|    195| 337266 
                                                                               |  73.62|  18.25|   6.35|   1.40|   0.32|   0.06| 100.00 
                                                                                                                                        
                                                                                                                                                                     11:43 Wednesday, July 29, 2015    6

                                                                                           The FREQ Procedure

                                                                    Table of chosen_cac_ind_number by chosen_match_level
                                                                                                                                   
                                                                     chosen_cac_ind_number|      chosen_match_level       |        
                                                                     ---------------------+-------------------------------|        
                                                                           Frequency      |       |       |       |       |        
                                                                            Percent       |       |       |       |       |        
                                                                            Row Pct       |       |       |       |       |        
                                                                            Col Pct       |   .   |   1   |   2   |   3   | Total  
                                                                     ---------------------+-------+-------+-------+-------+------- 
                                                                                         .| 248311|      0|      0|      0| 248311 
                                                                                          |  73.62|   0.00|   0.00|   0.00|  73.62 
                                                                                          | 100.00|   0.00|   0.00|   0.00|        
                                                                                          | 100.00|   0.00|   0.00|   0.00|        
                                                                     ---------------------+-------+-------+-------+-------+------- 
                                                                                         1|      0|  55072|   5268|   1205|  61545 
                                                                                          |   0.00|  16.33|   1.56|   0.36|  18.25 
                                                                                          |   0.00|  89.48|   8.56|   1.96|        
                                                                                          |   0.00|  69.55|  67.09|  62.79|        
                                                                     ---------------------+-------+-------+-------+-------+------- 
                                                                                         2|      0|  18852|   2044|    527|  21423 
                                                                                          |   0.00|   5.59|   0.61|   0.16|   6.35 
                                                                                          |   0.00|  88.00|   9.54|   2.46|        
                                                                                          |   0.00|  23.81|  26.03|  27.46|        
                                                                     ---------------------+-------+-------+-------+-------+------- 
                                                                                         3|      0|   4141|    430|    143|   4714 
                                                                                          |   0.00|   1.23|   0.13|   0.04|   1.40 
                                                                                          |   0.00|  87.84|   9.12|   3.03|        
                                                                                          |   0.00|   5.23|   5.48|   7.45|        
                                                                     ---------------------+-------+-------+-------+-------+------- 
                                                                                         4|      0|    949|     94|     35|   1078 
                                                                                          |   0.00|   0.28|   0.03|   0.01|   0.32 
                                                                                          |   0.00|  88.03|   8.72|   3.25|        
                                                                                          |   0.00|   1.20|   1.20|   1.82|        
                                                                     ---------------------+-------+-------+-------+-------+------- 
                                                                                         5|      0|    170|     16|      9|    195 
                                                                                          |   0.00|   0.05|   0.00|   0.00|   0.06 
                                                                                          |   0.00|  87.18|   8.21|   4.62|        
                                                                                          |   0.00|   0.21|   0.20|   0.47|        
                                                                     ---------------------+-------+-------+-------+-------+------- 
                                                                                     Total| 248311|  79184|   7852|   1919| 337266 
                                                                                          |  73.62|  23.48|   2.33|   0.57| 100.00 
                                                                                                                                   
                                                                                             match_level 2                                                           11:43 Wednesday, July 29, 2015    7

                                                                                           The FREQ Procedure

                                                                                                                Cumulative    Cumulative
                                                                chosen_spedis_score    Frequency     Percent     Frequency      Percent 
                                                                ------------------------------------------------------------------------
                                                                 0                           37        0.47            37         0.47  
                                                                 2                            8        0.10            45         0.57  
                                                                 3                          120        1.53           165         2.10  
                                                                 4                          108        1.38           273         3.48  
                                                                 5                          413        5.26           686         8.74  
                                                                 6                          155        1.97           841        10.71  
                                                                 7                          365        4.65          1206        15.36  
                                                                 8                          349        4.44          1555        19.80  
                                                                 9                            4        0.05          1559        19.85  
                                                                10                          190        2.42          1749        22.27  
                                                                11                          243        3.09          1992        25.37  
                                                                12                          275        3.50          2267        28.87  
                                                                13                           39        0.50          2306        29.37  
                                                                14                          461        5.87          2767        35.24  
                                                                15                          259        3.30          3026        38.54  
                                                                16                          411        5.23          3437        43.77  
                                                                17                          314        4.00          3751        47.77  
                                                                18                           48        0.61          3799        48.38  
                                                                19                          187        2.38          3986        50.76  
                                                                20                          440        5.60          4426        56.37  
                                                                21                          400        5.09          4826        61.46  
                                                                22                          162        2.06          4988        63.53  
                                                                23                           93        1.18          5081        64.71  
                                                                24                           79        1.01          5160        65.72  
                                                                25                          473        6.02          5633        71.74  
                                                                26                          295        3.76          5928        75.50  
                                                                27                          110        1.40          6038        76.90  
                                                                28                          450        5.73          6488        82.63  
                                                                29                          268        3.41          6756        86.04  
                                                                30                          487        6.20          7243        92.24  
                                                                31                           97        1.24          7340        93.48  
                                                                32                            6        0.08          7346        93.56  
                                                                33                          285        3.63          7631        97.19  
                                                                34                          221        2.81          7852       100.00  
                                                                                             match_level 3                                                           11:43 Wednesday, July 29, 2015    8

                                                                                           The FREQ Procedure

                                                                                                                Cumulative    Cumulative
                                                                chosen_spedis_score    Frequency     Percent     Frequency      Percent 
                                                                ------------------------------------------------------------------------
                                                                 35                          28        1.46            28         1.46  
                                                                 37                         171        8.91           199        10.37  
                                                                 38                         220       11.46           419        21.83  
                                                                 39                          80        4.17           499        26.00  
                                                                 40                         115        5.99           614        32.00  
                                                                 41                          77        4.01           691        36.01  
                                                                 42                          40        2.08           731        38.09  
                                                                 43                           9        0.47           740        38.56  
                                                                 44                          30        1.56           770        40.13  
                                                                 45                          92        4.79           862        44.92  
                                                                 46                          35        1.82           897        46.74  
                                                                 47                         156        8.13          1053        54.87  
                                                                 48                           1        0.05          1054        54.92  
                                                                 50                         316       16.47          1370        71.39  
                                                                 52                           7        0.36          1377        71.76  
                                                                 53                           2        0.10          1379        71.86  
                                                                 54                          14        0.73          1393        72.59  
                                                                 55                           4        0.21          1397        72.80  
                                                                 56                          11        0.57          1408        73.37  
                                                                 57                          20        1.04          1428        74.41  
                                                                 58                          37        1.93          1465        76.34  
                                                                 59                           1        0.05          1466        76.39  
                                                                 60                          41        2.14          1507        78.53  
                                                                 62                          62        3.23          1569        81.76  
                                                                 64                           5        0.26          1574        82.02  
                                                                 65                           2        0.10          1576        82.13  
                                                                 66                          49        2.55          1625        84.68  
                                                                 68                           4        0.21          1629        84.89  
                                                                 70                          31        1.62          1660        86.50  
                                                                 71                           3        0.16          1663        86.66  
                                                                 75                          56        2.92          1719        89.58  
                                                                 78                           1        0.05          1720        89.63  
                                                                 80                           3        0.16          1723        89.79  
                                                                 83                          33        1.72          1756        91.51  
                                                                 85                           3        0.16          1759        91.66  
                                                                 87                           8        0.42          1767        92.08  
                                                                 90                           4        0.21          1771        92.29  
                                                                 91                           1        0.05          1772        92.34  
                                                                100                          43        2.24          1815        94.58  
                                                                108                           4        0.21          1819        94.79  
                                                                112                           8        0.42          1827        95.21  
                                                                115                           1        0.05          1828        95.26  
                                                                116                           4        0.21          1832        95.47  
                                                                120                           1        0.05          1833        95.52  
                                                                125                          12        0.63          1845        96.14  
                                                                133                           3        0.16          1848        96.30  
                                                                150                          17        0.89          1865        97.19  
                                                                175                           1        0.05          1866        97.24  
                                                                200                          17        0.89          1883        98.12  
                                                                250                          16        0.83          1899        98.96  
                                                                300                          15        0.78          1914        99.74  
                                                                350                           4        0.21          1918        99.95  
                                                                400                           1        0.05          1919       100.00  
                                                                    Prepared for                                                                     9
                                                                 Data Quality Report
                                                           Library:WORK  Member:scored__NM
                                                              Total Observations: 163077

                                                                                                              Number of     Numeric or          
   Variable                                                                   Label                         Observations    Character     Levels

   CAC_HH_PID                                            Household Persistent ID                                163,077     Character        50+
                                                                                                                                                
   CAC_NAME_LAST                                         Household Name                                         163,077     Character        50+
                                                                                                                                                
   bridge_address1                                       Address Line 1 From Bridge                             163,077     Character        50+
                                                                                                                                                
   bridge_address2                                       Address Line 2 From Bridge                                   0     Character         0 
                                                                                                                                                
   bridge_city                                           Address City From Bridge                               163,077     Character        50+
                                                                                                                                                
   bridge_name_first                                     First Name From Bridge                                 163,077     Character        50+
                                                                                                                                                
   bridge_name_last                                      Last Name From Bridge                                  163,077     Character        50+
                                                                                                                                                
   bridge_name_last_exact                                                                                       163,077     Character        50+
                                                                                                                                                
   bridge_name_last_fuzzy1                                                                                      163,077     Character        50+
                                                                                                                                                
   bridge_state                                          Address State From Bridge                              163,077     Character         1 
                                                         Value NM    100%                                       163,077                         
                                                                                                                                                
   bridge_zip5                                           Address Zip 5 From Bridge                              163,077     Character        50+
                                                                                                                                                
   cac_bridge_md5email_id                                Unique ID To Append Email Addresses From Bridge        163,077     Character        50+

                                                             Number        Zero          Mean        Median       Minimum       Maximum    Variable
   Variable                                                 Missing      Values         Value         Value         Value         Value     Format 

   CAC_HH_PID                                                     0                                                                          $27   
                                                                                                                                                   
   CAC_NAME_LAST                                                  0                                                                                
                                                                                                                                                   
   bridge_address1                                                0                                                                          $50   
                                                                                                                                                   
   bridge_address2                                          163,077                                                                          $50   
                                                                                                                                                   
   bridge_city                                                    0                                                                          $30   
                                                                                                                                                   
   bridge_name_first                                              0                                                                          $25   
                                                                                                                                                   
   bridge_name_last                                               0                                                                          $25   
                                                                                                                                                   
   bridge_name_last_exact                                         0                                                                                
                                                                                                                                                   
   bridge_name_last_fuzzy1                                        0                                                                                
                                                                                                                                                   
   bridge_state                                                   0                                                                          $2    
                                                                                                                                                   
                                                                                                                                                   
   bridge_zip5                                                    0                                                                          $5    
                                                                                                                                                   
   cac_bridge_md5email_id                                         0                                                                          $50   

                                                             Prepared by CAC Group, Inc.
                                                                    Prepared for                                                                    10
                                                                 Data Quality Report
                                                           Library:WORK  Member:scored__NM
                                                              Total Observations: 163077

                                                                                      Number of     Numeric or                  Number        Zero
    Variable                                                      Label             Observations    Character     Levels       Missing      Values

                                                                                                                                                  
    chosen_cac_ind_gender                                                               163,077     Numeric           2              0           0
                                                          Value        1   45.5%         74,122                                                   
                                                          Value        2   54.5%         88,955                                                   
                                                                                                                                                  
    chosen_cac_ind_last                                                                 163,077     Character        50+             0            
                                                                                                                                                  
    chosen_cac_ind_mi                                                                   125,599     Character        26         37,478            
                                                                                                                                                  
    chosen_cac_ind_name                                                                 163,077     Character        50+             0            
                                                                                                                                                  
    chosen_cac_ind_number                                                               163,077     Numeric           5              0           0
                                                          Value        1   70.7%        115,346                                                   
                                                          Value        2   22.2%         36,144                                                   
                                                          Value        3    5.6%          9,082                                                   
                                                          Value        4    1.3%          2,125                                                   
                                                          Value        5    0.2%            380                                                   
                                                                                                                                                  
    chosen_first_x_of_x_flag                                                            163,077     Numeric           2              0         974
                                                                                                                                                  
    chosen_match_level                                                                  163,077     Numeric           3              0           0
                                                          Value        1   88.3%        143,942                                                   
                                                          Value        2    9.6%         15,736                                                   
                                                          Value        3    2.1%          3,399                                                   

                                                                Mean        Median       Minimum       Maximum    Variable
    Variable                                                   Value         Value         Value         Value     Format 

                                                                                                                          
    chosen_cac_ind_gender                                     1.5455        2.0000        1.0000        2.0000      8     
                                                                                                                          
                                                                                                                          
                                                                                                                          
    chosen_cac_ind_last                                                                                             $20   
                                                                                                                          
    chosen_cac_ind_mi                                                                                               $1    
                                                                                                                          
    chosen_cac_ind_name                                                                                             $14   
                                                                                                                          
    chosen_cac_ind_number                                     1.3814        1.0000        1.0000        5.0000      8     
                                                                                                                          
                                                                                                                          
                                                                                                                          
                                                                                                                          
                                                                                                                          
                                                                                                                          
    chosen_first_x_of_x_flag                                  0.9940        1.0000        0.0000        1.0000      8     
                                                                                                                          
    chosen_match_level                                        1.1382        1.0000        1.0000        3.0000      8     
                                                                                                                          
                                                                                                                          
                                                                                                                          

                                                             Prepared by CAC Group, Inc.
                                                                    Prepared for                                                                    11
                                                                 Data Quality Report
                                                           Library:WORK  Member:scored__NM
                                                              Total Observations: 163077

                                                                                      Number of     Numeric or                  Number        Zero
    Variable                                                      Label             Observations    Character     Levels       Missing      Values

                                                                                                                                                  
    chosen_spedis_score                                                                 163,077      Numeric         50+             0     144,013
                                                                                                                                                  
    last_name_match                                                                     163,077      Numeric          1              0           0
                                                          Value        1    100%        163,077                                                   
                                                                                                                                                  

                                                                Mean        Median       Minimum       Maximum    Variable
    Variable                                                   Value         Value         Value         Value     Format 

                                                                                                                          
    chosen_spedis_score                                       3.0264        0.0000        0.0000      600.0000       8    
                                                                                                                          
    last_name_match                                           1.0000        1.0000        1.0000        1.0000            
                                                                                                                          
                                                                                                                          





































                                                             Prepared by CAC Group, Inc.
