                                                                                             The WPS System                                                          11:23 Wednesday, July 29, 2015    1

                                                                                           The FREQ Procedure

                                                               Table of last_name_match by chosen_cac_ind_number
                                                                                                                                        
                                                                last_name_match|             chosen_cac_ind_number             |        
                                                                ---------------+-----------------------------------------------|        
                                                                   Frequency   |       |       |       |       |       |       |        
                                                                    Percent    |       |       |       |       |       |       |        
                                                                    Row Pct    |       |       |       |       |       |       |        
                                                                    Col Pct    |   .   |   1   |   2   |   3   |   4   |   5   | Total  
                                                                ---------------+-------+-------+-------+-------+-------+-------+------- 
                                                                              0|3219382|      0|      0|      0|      0|      0|3219382 
                                                                               |  43.94|   0.00|   0.00|   0.00|   0.00|   0.00|  43.94 
                                                                               | 100.00|   0.00|   0.00|   0.00|   0.00|   0.00|        
                                                                               |  55.56|   0.00|   0.00|   0.00|   0.00|   0.00|        
                                                                ---------------+-------+-------+-------+-------+-------+-------+------- 
                                                                              1|2574882|1076029| 329465|  96468|  26046|   5079|4107969 
                                                                               |  35.14|  14.69|   4.50|   1.32|   0.36|   0.07|  56.06 
                                                                               |  62.68|  26.19|   8.02|   2.35|   0.63|   0.12|        
                                                                               |  44.44| 100.00| 100.00| 100.00| 100.00| 100.00|        
                                                                ---------------+-------+-------+-------+-------+-------+-------+------- 
                                                                          Total|5794264|1076029| 329465|  96468|  26046|   5079|7327351 
                                                                               |  79.08|  14.69|   4.50|   1.32|   0.36|   0.07| 100.00 
                                                                                                                                        
                                                                                             The WPS System                                                          11:23 Wednesday, July 29, 2015    2

                                                                                           The FREQ Procedure

                                                                    Table of chosen_cac_ind_number by chosen_match_level
                                                                                                                                   
                                                                     chosen_cac_ind_number|      chosen_match_level       |        
                                                                     ---------------------+-------------------------------|        
                                                                           Frequency      |       |       |       |       |        
                                                                            Percent       |       |       |       |       |        
                                                                            Row Pct       |       |       |       |       |        
                                                                            Col Pct       |   .   |   1   |   2   |   3   | Total  
                                                                     ---------------------+-------+-------+-------+-------+------- 
                                                                                         .|5794264|      0|      0|      0|5794264 
                                                                                          |  79.08|   0.00|   0.00|   0.00|  79.08 
                                                                                          | 100.00|   0.00|   0.00|   0.00|        
                                                                                          | 100.00|   0.00|   0.00|   0.00|        
                                                                     ---------------------+-------+-------+-------+-------+------- 
                                                                                         1|      0| 940818| 109465|  25746|1076029 
                                                                                          |   0.00|  12.84|   1.49|   0.35|  14.69 
                                                                                          |   0.00|  87.43|  10.17|   2.39|        
                                                                                          |   0.00|  70.71|  67.85|  62.33|        
                                                                     ---------------------+-------+-------+-------+-------+------- 
                                                                                         2|      0| 281573|  37481|  10411| 329465 
                                                                                          |   0.00|   3.84|   0.51|   0.14|   4.50 
                                                                                          |   0.00|  85.46|  11.38|   3.16|        
                                                                                          |   0.00|  21.16|  23.23|  25.21|        
                                                                     ---------------------+-------+-------+-------+-------+------- 
                                                                                         3|      0|  81964|  10801|   3703|  96468 
                                                                                          |   0.00|   1.12|   0.15|   0.05|   1.32 
                                                                                          |   0.00|  84.96|  11.20|   3.84|        
                                                                                          |   0.00|   6.16|   6.70|   8.97|        
                                                                     ---------------------+-------+-------+-------+-------+------- 
                                                                                         4|      0|  21873|   2990|   1183|  26046 
                                                                                          |   0.00|   0.30|   0.04|   0.02|   0.36 
                                                                                          |   0.00|  83.98|  11.48|   4.54|        
                                                                                          |   0.00|   1.64|   1.85|   2.86|        
                                                                     ---------------------+-------+-------+-------+-------+------- 
                                                                                         5|      0|   4229|    589|    261|   5079 
                                                                                          |   0.00|   0.06|   0.01|   0.00|   0.07 
                                                                                          |   0.00|  83.26|  11.60|   5.14|        
                                                                                          |   0.00|   0.32|   0.37|   0.63|        
                                                                     ---------------------+-------+-------+-------+-------+------- 
                                                                                     Total|5794264|1330457| 161326|  41304|7327351 
                                                                                          |  79.08|  18.16|   2.20|   0.56| 100.00 
                                                                                                                                   
                                                                                             match_level 2                                                           11:23 Wednesday, July 29, 2015    3

                                                                                           The FREQ Procedure

                                                                                                                Cumulative    Cumulative
                                                                chosen_spedis_score    Frequency     Percent     Frequency      Percent 
                                                                ------------------------------------------------------------------------
                                                                 0                          722        0.45           722         0.45  
                                                                 2                          102        0.06           824         0.51  
                                                                 3                          885        0.55          1709         1.06  
                                                                 4                         1419        0.88          3128         1.94  
                                                                 5                         8568        5.31         11696         7.25  
                                                                 6                         1241        0.77         12937         8.02  
                                                                 7                         6704        4.16         19641        12.17  
                                                                 8                         3762        2.33         23403        14.51  
                                                                 9                          192        0.12         23595        14.63  
                                                                10                         4858        3.01         28453        17.64  
                                                                11                         5245        3.25         33698        20.89  
                                                                12                         4526        2.81         38224        23.69  
                                                                13                         1165        0.72         39389        24.42  
                                                                14                         6164        3.82         45553        28.24  
                                                                15                        15183        9.41         60736        37.65  
                                                                16                         6053        3.75         66789        41.40  
                                                                17                        13885        8.61         80674        50.01  
                                                                18                          363        0.23         81037        50.23  
                                                                19                         7885        4.89         88922        55.12  
                                                                20                        12640        7.84        101562        62.95  
                                                                21                         4317        2.68        105879        65.63  
                                                                22                         1150        0.71        107029        66.34  
                                                                23                         2502        1.55        109531        67.89  
                                                                24                         1810        1.12        111341        69.02  
                                                                25                         7581        4.70        118922        73.72  
                                                                26                         2099        1.30        121021        75.02  
                                                                27                         3329        2.06        124350        77.08  
                                                                28                        12268        7.60        136618        84.68  
                                                                29                         4888        3.03        141506        87.71  
                                                                30                         6267        3.88        147773        91.60  
                                                                31                          917        0.57        148690        92.17  
                                                                32                           56        0.03        148746        92.20  
                                                                33                         6587        4.08        155333        96.29  
                                                                34                         5993        3.71        161326       100.00  
                                                                                             match_level 3                                                           11:23 Wednesday, July 29, 2015    4

                                                                                           The FREQ Procedure

                                                                                                                Cumulative    Cumulative
                                                                chosen_spedis_score    Frequency     Percent     Frequency      Percent 
                                                                ------------------------------------------------------------------------
                                                                 35                         767        1.86           767         1.86  
                                                                 36                          19        0.05           786         1.90  
                                                                 37                        2929        7.09          3715         8.99  
                                                                 38                        2423        5.87          6138        14.86  
                                                                 39                        2655        6.43          8793        21.29  
                                                                 40                        2778        6.73         11571        28.01  
                                                                 41                        1122        2.72         12693        30.73  
                                                                 42                         984        2.38         13677        33.11  
                                                                 43                         343        0.83         14020        33.94  
                                                                 44                          43        0.10         14063        34.05  
                                                                 45                         333        0.81         14396        34.85  
                                                                 46                         312        0.76         14708        35.61  
                                                                 47                         462        1.12         15170        36.73  
                                                                 48                          45        0.11         15215        36.84  
                                                                 49                          16        0.04         15231        36.88  
                                                                 50                        8487       20.55         23718        57.42  
                                                                 52                          31        0.08         23749        57.50  
                                                                 53                          35        0.08         23784        57.58  
                                                                 54                         342        0.83         24126        58.41  
                                                                 55                         261        0.63         24387        59.04  
                                                                 56                         146        0.35         24533        59.40  
                                                                 57                        1049        2.54         25582        61.94  
                                                                 58                        1147        2.78         26729        64.71  
                                                                 59                          22        0.05         26751        64.77  
                                                                 60                        1489        3.60         28240        68.37  
                                                                 61                          11        0.03         28251        68.40  
                                                                 62                        1675        4.06         29926        72.45  
                                                                 63                           4        0.01         29930        72.46  
                                                                 64                         157        0.38         30087        72.84  
                                                                 65                         185        0.45         30272        73.29  
                                                                 66                        2294        5.55         32566        78.84  
                                                                 67                          18        0.04         32584        78.89  
                                                                 68                         117        0.28         32701        79.17  
                                                                 70                         827        2.00         33528        81.17  
                                                                 71                          66        0.16         33594        81.33  
                                                                 72                           7        0.02         33601        81.35  
                                                                 75                        1686        4.08         35287        85.43  
                                                                 77                           1        0.00         35288        85.43  
                                                                 78                          37        0.09         35325        85.52  
                                                                 79                          13        0.03         35338        85.56  
                                                                 80                         432        1.05         35770        86.60  
                                                                 81                          49        0.12         35819        86.72  
                                                                 82                           2        0.00         35821        86.73  
                                                                 83                        1126        2.73         36947        89.45  
                                                                 84                           1        0.00         36948        89.45  
                                                                 85                          34        0.08         36982        89.54  
                                                                 87                         859        2.08         37841        91.62  
                                                                 88                           2        0.00         37843        91.62  
                                                                 89                           3        0.01         37846        91.63  
                                                                 90                         148        0.36         37994        91.99  
                                                                 91                          92        0.22         38086        92.21  
                                                                 92                           9        0.02         38095        92.23  
                                                                 93                          27        0.07         38122        92.30  
                                                                 95                          11        0.03         38133        92.32  
                                                                 96                           1        0.00         38134        92.33  
                                                                100                        1254        3.04         39388        95.36  
                                                                104                           2        0.00         39390        95.37  
                                                                105                           9        0.02         39399        95.39  
                                                                106                           8        0.02         39407        95.41  
                                                                108                          41        0.10         39448        95.51  
                                                                110                          20        0.05         39468        95.55  
                                                                112                         106        0.26         39574        95.81  
                                                                114                           1        0.00         39575        95.81  
                                                                115                           4        0.01         39579        95.82  
                                                                116                         196        0.47         39775        96.30  
                                                                118                           7        0.02         39782        96.32  
                                                                120                           8        0.02         39790        96.33  
                                                                125                         201        0.49         39991        96.82  
                                                                130                           4        0.01         39995        96.83  
                                                                131                           8        0.02         40003        96.85  
                                                                133                          90        0.22         40093        97.07  
                                                                135                           3        0.01         40096        97.08  
                                                                137                          36        0.09         40132        97.16  
                                                                140                           6        0.01         40138        97.18  
                                                                141                           6        0.01         40144        97.19  
                                                                143                           5        0.01         40149        97.20  
                                                                150                         263        0.64         40412        97.84  
                                                                162                           3        0.01         40415        97.85  
                                                                166                          10        0.02         40425        97.87  
                                                                168                           1        0.00         40426        97.87  
                                                                175                          23        0.06         40449        97.93  
                                                                183                           9        0.02         40458        97.95  
                                                                187                           2        0.00         40460        97.96  
                                                                200                         272        0.66         40732        98.62  
                                                                208                           1        0.00         40733        98.62  
                                                                216                           5        0.01         40738        98.63  
                                                                225                           4        0.01         40742        98.64  
                                                                250                         185        0.45         40927        99.09  
                                                                266                           1        0.00         40928        99.09  
                                                                275                           4        0.01         40932        99.10  
                                                                283                           1        0.00         40933        99.10  
                                                                300                         185        0.45         41118        99.55  
                                                                350                         105        0.25         41223        99.80  
                                                                400                          59        0.14         41282        99.95  
                                                                450                          10        0.02         41292        99.97  
                                                                500                           4        0.01         41296        99.98  
                                                                550                           3        0.01         41299        99.99  
                                                                650                           3        0.01         41302       100.00  
                                                                700                           1        0.00         41303       100.00  
                                                                750                           1        0.00         41304       100.00  
                                                                                                                                                                     11:23 Wednesday, July 29, 2015    5

                                                                                           The FREQ Procedure

                                                               Table of last_name_match by chosen_cac_ind_number
                                                                                                                                        
                                                                last_name_match|             chosen_cac_ind_number             |        
                                                                ---------------+-----------------------------------------------|        
                                                                   Frequency   |       |       |       |       |       |       |        
                                                                    Percent    |       |       |       |       |       |       |        
                                                                    Row Pct    |       |       |       |       |       |       |        
                                                                    Col Pct    |   .   |   1   |   2   |   3   |   4   |   5   | Total  
                                                                ---------------+-------+-------+-------+-------+-------+-------+------- 
                                                                              0|3219382|      0|      0|      0|      0|      0|3219382 
                                                                               |  43.94|   0.00|   0.00|   0.00|   0.00|   0.00|  43.94 
                                                                               | 100.00|   0.00|   0.00|   0.00|   0.00|   0.00|        
                                                                               |  56.18|   0.00|   0.00|   0.00|   0.00|   0.00|        
                                                                ---------------+-------+-------+-------+-------+-------+-------+------- 
                                                                              1|2511072|1127089| 347702|  92641|  24315|   5150|4107969 
                                                                               |  34.27|  15.38|   4.75|   1.26|   0.33|   0.07|  56.06 
                                                                               |  61.13|  27.44|   8.46|   2.26|   0.59|   0.13|        
                                                                               |  43.82| 100.00| 100.00| 100.00| 100.00| 100.00|        
                                                                ---------------+-------+-------+-------+-------+-------+-------+------- 
                                                                          Total|5730454|1127089| 347702|  92641|  24315|   5150|7327351 
                                                                               |  78.21|  15.38|   4.75|   1.26|   0.33|   0.07| 100.00 
                                                                                                                                        
                                                                                                                                                                     11:23 Wednesday, July 29, 2015    6

                                                                                           The FREQ Procedure

                                                                    Table of chosen_cac_ind_number by chosen_match_level
                                                                                                                                   
                                                                     chosen_cac_ind_number|      chosen_match_level       |        
                                                                     ---------------------+-------------------------------|        
                                                                           Frequency      |       |       |       |       |        
                                                                            Percent       |       |       |       |       |        
                                                                            Row Pct       |       |       |       |       |        
                                                                            Col Pct       |   .   |   1   |   2   |   3   | Total  
                                                                     ---------------------+-------+-------+-------+-------+------- 
                                                                                         .|5730454|      0|      0|      0|5730454 
                                                                                          |  78.21|   0.00|   0.00|   0.00|  78.21 
                                                                                          | 100.00|   0.00|   0.00|   0.00|        
                                                                                          | 100.00|   0.00|   0.00|   0.00|        
                                                                     ---------------------+-------+-------+-------+-------+------- 
                                                                                         1|      0|1003133|  96087|  27869|1127089 
                                                                                          |   0.00|  13.69|   1.31|   0.38|  15.38 
                                                                                          |   0.00|  89.00|   8.53|   2.47|        
                                                                                          |   0.00|  71.11|  68.05|  61.99|        
                                                                     ---------------------+-------+-------+-------+-------+------- 
                                                                                         2|      0| 302309|  33546|  11847| 347702 
                                                                                          |   0.00|   4.13|   0.46|   0.16|   4.75 
                                                                                          |   0.00|  86.94|   9.65|   3.41|        
                                                                                          |   0.00|  21.43|  23.76|  26.35|        
                                                                     ---------------------+-------+-------+-------+-------+------- 
                                                                                         3|      0|  80390|   8499|   3752|  92641 
                                                                                          |   0.00|   1.10|   0.12|   0.05|   1.26 
                                                                                          |   0.00|  86.78|   9.17|   4.05|        
                                                                                          |   0.00|   5.70|   6.02|   8.35|        
                                                                     ---------------------+-------+-------+-------+-------+------- 
                                                                                         4|      0|  20634|   2496|   1185|  24315 
                                                                                          |   0.00|   0.28|   0.03|   0.02|   0.33 
                                                                                          |   0.00|  84.86|  10.27|   4.87|        
                                                                                          |   0.00|   1.46|   1.77|   2.64|        
                                                                     ---------------------+-------+-------+-------+-------+------- 
                                                                                         5|      0|   4276|    568|    306|   5150 
                                                                                          |   0.00|   0.06|   0.01|   0.00|   0.07 
                                                                                          |   0.00|  83.03|  11.03|   5.94|        
                                                                                          |   0.00|   0.30|   0.40|   0.68|        
                                                                     ---------------------+-------+-------+-------+-------+------- 
                                                                                     Total|5730454|1410742| 141196|  44959|7327351 
                                                                                          |  78.21|  19.25|   1.93|   0.61| 100.00 
                                                                                                                                   
                                                                                             match_level 2                                                           11:23 Wednesday, July 29, 2015    7

                                                                                           The FREQ Procedure

                                                                                                                Cumulative    Cumulative
                                                                chosen_spedis_score    Frequency     Percent     Frequency      Percent 
                                                                ------------------------------------------------------------------------
                                                                 0                          758        0.54           758         0.54  
                                                                 2                          168        0.12           926         0.66  
                                                                 3                         2158        1.53          3084         2.18  
                                                                 4                         1884        1.33          4968         3.52  
                                                                 5                         6924        4.90         11892         8.42  
                                                                 6                         3947        2.80         15839        11.22  
                                                                 7                         6795        4.81         22634        16.03  
                                                                 8                         6248        4.43         28882        20.46  
                                                                 9                           98        0.07         28980        20.52  
                                                                10                         5051        3.58         34031        24.10  
                                                                11                         4881        3.46         38912        27.56  
                                                                12                         5945        4.21         44857        31.77  
                                                                13                         1002        0.71         45859        32.48  
                                                                14                         7040        4.99         52899        37.46  
                                                                15                         4129        2.92         57028        40.39  
                                                                16                         7781        5.51         64809        45.90  
                                                                17                         5150        3.65         69959        49.55  
                                                                18                          964        0.68         70923        50.23  
                                                                19                         3060        2.17         73983        52.40  
                                                                20                         8141        5.77         82124        58.16  
                                                                21                         6931        4.91         89055        63.07  
                                                                22                         2939        2.08         91994        65.15  
                                                                23                         1553        1.10         93547        66.25  
                                                                24                         1330        0.94         94877        67.20  
                                                                25                         9515        6.74        104392        73.93  
                                                                26                         4151        2.94        108543        76.87  
                                                                27                         2220        1.57        110763        78.45  
                                                                28                         6726        4.76        117489        83.21  
                                                                29                         3713        2.63        121202        85.84  
                                                                30                         7324        5.19        128526        91.03  
                                                                31                         1481        1.05        130007        92.08  
                                                                32                           78        0.06        130085        92.13  
                                                                33                         6490        4.60        136575        96.73  
                                                                34                         4621        3.27        141196       100.00  
                                                                                             match_level 3                                                           11:23 Wednesday, July 29, 2015    8

                                                                                           The FREQ Procedure

                                                                                                                Cumulative    Cumulative
                                                                chosen_spedis_score    Frequency     Percent     Frequency      Percent 
                                                                ------------------------------------------------------------------------
                                                                 35                         875        1.95           875         1.95  
                                                                 36                          11        0.02           886         1.97  
                                                                 37                        3247        7.22          4133         9.19  
                                                                 38                        4044        8.99          8177        18.19  
                                                                 39                        1542        3.43          9719        21.62  
                                                                 40                        3025        6.73         12744        28.35  
                                                                 41                        1541        3.43         14285        31.77  
                                                                 42                         906        2.02         15191        33.79  
                                                                 43                         369        0.82         15560        34.61  
                                                                 44                         544        1.21         16104        35.82  
                                                                 45                        1512        3.36         17616        39.18  
                                                                 46                         549        1.22         18165        40.40  
                                                                 47                        2513        5.59         20678        45.99  
                                                                 48                          20        0.04         20698        46.04  
                                                                 49                           1        0.00         20699        46.04  
                                                                 50                        7847       17.45         28546        63.49  
                                                                 51                           1        0.00         28547        63.50  
                                                                 52                          65        0.14         28612        63.64  
                                                                 53                          41        0.09         28653        63.73  
                                                                 54                         249        0.55         28902        64.29  
                                                                 55                         189        0.42         29091        64.71  
                                                                 56                         214        0.48         29305        65.18  
                                                                 57                         564        1.25         29869        66.44  
                                                                 58                         916        2.04         30785        68.47  
                                                                 59                          19        0.04         30804        68.52  
                                                                 60                        1423        3.17         32227        71.68  
                                                                 61                          17        0.04         32244        71.72  
                                                                 62                        1485        3.30         33729        75.02  
                                                                 63                           5        0.01         33734        75.03  
                                                                 64                         124        0.28         33858        75.31  
                                                                 65                          99        0.22         33957        75.53  
                                                                 66                        1583        3.52         35540        79.05  
                                                                 67                           7        0.02         35547        79.07  
                                                                 68                          96        0.21         35643        79.28  
                                                                 69                           2        0.00         35645        79.28  
                                                                 70                         838        1.86         36483        81.15  
                                                                 71                          63        0.14         36546        81.29  
                                                                 72                           9        0.02         36555        81.31  
                                                                 75                        1526        3.39         38081        84.70  
                                                                 77                           2        0.00         38083        84.71  
                                                                 78                          18        0.04         38101        84.75  
                                                                 79                          14        0.03         38115        84.78  
                                                                 80                         437        0.97         38552        85.75  
                                                                 81                          41        0.09         38593        85.84  
                                                                 82                           8        0.02         38601        85.86  
                                                                 83                        1020        2.27         39621        88.13  
                                                                 85                          40        0.09         39661        88.22  
                                                                 86                           1        0.00         39662        88.22  
                                                                 87                         321        0.71         39983        88.93  
                                                                 88                           3        0.01         39986        88.94  
                                                                 89                           4        0.01         39990        88.95  
                                                                 90                         325        0.72         40315        89.67  
                                                                 91                          56        0.12         40371        89.80  
                                                                 92                           9        0.02         40380        89.82  
                                                                 93                          31        0.07         40411        89.88  
                                                                 95                          17        0.04         40428        89.92  
                                                                 96                           1        0.00         40429        89.92  
                                                                100                        1486        3.31         41915        93.23  
                                                                103                           1        0.00         41916        93.23  
                                                                104                           2        0.00         41918        93.24  
                                                                105                           3        0.01         41921        93.24  
                                                                106                          15        0.03         41936        93.28  
                                                                108                          25        0.06         41961        93.33  
                                                                110                          17        0.04         41978        93.37  
                                                                112                         162        0.36         42140        93.73  
                                                                114                           1        0.00         42141        93.73  
                                                                115                           4        0.01         42145        93.74  
                                                                116                         275        0.61         42420        94.35  
                                                                118                           8        0.02         42428        94.37  
                                                                120                          11        0.02         42439        94.39  
                                                                125                         514        1.14         42953        95.54  
                                                                130                           8        0.02         42961        95.56  
                                                                131                           4        0.01         42965        95.56  
                                                                133                          85        0.19         43050        95.75  
                                                                137                          40        0.09         43090        95.84  
                                                                140                           2        0.00         43092        95.85  
                                                                141                           4        0.01         43096        95.86  
                                                                143                           1        0.00         43097        95.86  
                                                                145                           1        0.00         43098        95.86  
                                                                150                         499        1.11         43597        96.97  
                                                                158                           6        0.01         43603        96.98  
                                                                162                           4        0.01         43607        96.99  
                                                                166                          24        0.05         43631        97.05  
                                                                175                          95        0.21         43726        97.26  
                                                                183                           6        0.01         43732        97.27  
                                                                187                           6        0.01         43738        97.28  
                                                                191                           1        0.00         43739        97.29  
                                                                200                         354        0.79         44093        98.07  
                                                                212                           2        0.00         44095        98.08  
                                                                216                           2        0.00         44097        98.08  
                                                                225                          11        0.02         44108        98.11  
                                                                250                         397        0.88         44505        98.99  
                                                                275                           1        0.00         44506        98.99  
                                                                287                           3        0.01         44509        99.00  
                                                                300                         313        0.70         44822        99.70  
                                                                312                           1        0.00         44823        99.70  
                                                                350                          81        0.18         44904        99.88  
                                                                400                          32        0.07         44936        99.95  
                                                                450                           6        0.01         44942        99.96  
                                                                500                          11        0.02         44953        99.99  
                                                                600                           3        0.01         44956        99.99  
                                                                650                           1        0.00         44957       100.00  
                                                                700                           1        0.00         44958       100.00  
                                                                850                           1        0.00         44959       100.00  
                                                                    Prepared for                                                                     9
                                                                 Data Quality Report
                                                           Library:WORK  Member:scored__CA
                                                             Total Observations: 3129984

                                                                                                              Number of     Numeric or          
   Variable                                                                   Label                         Observations    Character     Levels

   CAC_HH_PID                                            Household Persistent ID                              3,129,984     Character        50+
                                                                                                                                                
   CAC_NAME_LAST                                         Household Name                                       3,129,984     Character        50+
                                                                                                                                                
   bridge_address1                                       Address Line 1 From Bridge                           3,129,984     Character        50+
                                                                                                                                                
   bridge_address2                                       Address Line 2 From Bridge                                   0     Character         0 
                                                                                                                                                
   bridge_city                                           Address City From Bridge                             3,129,984     Character        50+
                                                                                                                                                
   bridge_name_first                                     First Name From Bridge                               3,129,984     Character        50+
                                                                                                                                                
   bridge_name_last                                      Last Name From Bridge                                3,129,984     Character        50+
                                                                                                                                                
   bridge_name_last_exact                                                                                     3,129,984     Character        50+
                                                                                                                                                
   bridge_name_last_fuzzy1                                                                                    3,129,984     Character        50+
                                                                                                                                                
   bridge_state                                          Address State From Bridge                            3,129,984     Character         1 
                                                         Value CA    100%                                     3,129,984                         
                                                                                                                                                
   bridge_zip5                                           Address Zip 5 From Bridge                            3,129,984     Character        50+
                                                                                                                                                
   cac_bridge_md5email_id                                Unique ID To Append Email Addresses From Bridge      3,129,984     Character        50+

                                                             Number        Zero          Mean        Median       Minimum       Maximum    Variable
   Variable                                                 Missing      Values         Value         Value         Value         Value     Format 

   CAC_HH_PID                                                     0                                                                          $27   
                                                                                                                                                   
   CAC_NAME_LAST                                                  0                                                                                
                                                                                                                                                   
   bridge_address1                                                0                                                                          $50   
                                                                                                                                                   
   bridge_address2                                        3,129,984                                                                          $50   
                                                                                                                                                   
   bridge_city                                                    0                                                                          $30   
                                                                                                                                                   
   bridge_name_first                                              0                                                                          $25   
                                                                                                                                                   
   bridge_name_last                                               0                                                                          $25   
                                                                                                                                                   
   bridge_name_last_exact                                         0                                                                                
                                                                                                                                                   
   bridge_name_last_fuzzy1                                        0                                                                                
                                                                                                                                                   
   bridge_state                                                   0                                                                          $2    
                                                                                                                                                   
                                                                                                                                                   
   bridge_zip5                                                    0                                                                          $5    
                                                                                                                                                   
   cac_bridge_md5email_id                                         0                                                                          $50   

                                                             Prepared by CAC Group, Inc.
                                                                    Prepared for                                                                    10
                                                                 Data Quality Report
                                                           Library:WORK  Member:scored__CA
                                                             Total Observations: 3129984

                                                                                      Number of     Numeric or                  Number        Zero
    Variable                                                      Label             Observations    Character     Levels       Missing      Values

                                                                                                                                                  
    chosen_cac_ind_gender                                                             3,129,984     Numeric           2              0           0
                                                          Value        1   49.0%      1,533,087                                                   
                                                          Value        2   51.0%      1,596,897                                                   
                                                                                                                                                  
    chosen_cac_ind_last                                                               3,129,984     Character        50+             0            
                                                                                                                                                  
    chosen_cac_ind_mi                                                                 2,375,031     Character        26        754,953            
                                                                                                                                                  
    chosen_cac_ind_name                                                               3,129,984     Character        50+             0            
                                                                                                                                                  
    chosen_cac_ind_number                                                             3,129,984     Numeric           5              0           0
                                                          Value        1   70.4%      2,203,118                                                   
                                                          Value        2   21.6%        677,167                                                   
                                                          Value        3    6.0%        189,109                                                   
                                                          Value        4    1.6%         50,361                                                   
                                                          Value        5    0.3%         10,229                                                   
                                                                                                                                                  
    chosen_first_x_of_x_flag                                                          3,129,984     Numeric           2              0      19,659
                                                                                                                                                  
    chosen_match_level                                                                3,129,984     Numeric           3              0           0
                                                          Value        1   87.6%      2,741,199                                                   
                                                          Value        2    9.7%        302,522                                                   
                                                          Value        3    2.8%         86,263                                                   

                                                                Mean        Median       Minimum       Maximum    Variable
    Variable                                                   Value         Value         Value         Value     Format 

                                                                                                                          
    chosen_cac_ind_gender                                     1.5102        2.0000        1.0000        2.0000      8     
                                                                                                                          
                                                                                                                          
                                                                                                                          
    chosen_cac_ind_last                                                                                             $20   
                                                                                                                          
    chosen_cac_ind_mi                                                                                               $1    
                                                                                                                          
    chosen_cac_ind_name                                                                                             $14   
                                                                                                                          
    chosen_cac_ind_number                                     1.3985        1.0000        1.0000        5.0000      8     
                                                                                                                          
                                                                                                                          
                                                                                                                          
                                                                                                                          
                                                                                                                          
                                                                                                                          
    chosen_first_x_of_x_flag                                  0.9937        1.0000        0.0000        1.0000      8     
                                                                                                                          
    chosen_match_level                                        1.1518        1.0000        1.0000        3.0000      8     
                                                                                                                          
                                                                                                                          
                                                                                                                          

                                                             Prepared by CAC Group, Inc.
                                                                    Prepared for                                                                    11
                                                                 Data Quality Report
                                                           Library:WORK  Member:scored__CA
                                                             Total Observations: 3129984

                                                                                      Number of     Numeric or                  Number        Zero
    Variable                                                      Label             Observations    Character     Levels       Missing      Values

                                                                                                                                                  
    chosen_spedis_score                                                               3,129,984      Numeric         50+             0     2742679
                                                                                                                                                  
    last_name_match                                                                   3,129,984      Numeric          1              0           0
                                                          Value        1    100%      3,129,984                                                   
                                                                                                                                                  

                                                                Mean        Median       Minimum       Maximum    Variable
    Variable                                                   Value         Value         Value         Value     Format 

                                                                                                                          
    chosen_spedis_score                                       3.4791        0.0000        0.0000      850.0000       8    
                                                                                                                          
    last_name_match                                           1.0000        1.0000        1.0000        1.0000            
                                                                                                                          
                                                                                                                          





































                                                             Prepared by CAC Group, Inc.
