                                                                                             The WPS System                                                          11:42 Wednesday, July 29, 2015    1

                                                                                           The FREQ Procedure

                                                               Table of last_name_match by chosen_cac_ind_number
                                                                                                                                        
                                                                last_name_match|             chosen_cac_ind_number             |        
                                                                ---------------+-----------------------------------------------|        
                                                                   Frequency   |       |       |       |       |       |       |        
                                                                    Percent    |       |       |       |       |       |       |        
                                                                    Row Pct    |       |       |       |       |       |       |        
                                                                    Col Pct    |   .   |   1   |   2   |   3   |   4   |   5   | Total  
                                                                ---------------+-------+-------+-------+-------+-------+-------+------- 
                                                                              0|  61028|      0|      0|      0|      0|      0|  61028 
                                                                               |  39.73|   0.00|   0.00|   0.00|   0.00|   0.00|  39.73 
                                                                               | 100.00|   0.00|   0.00|   0.00|   0.00|   0.00|        
                                                                               |  51.16|   0.00|   0.00|   0.00|   0.00|   0.00|        
                                                                ---------------+-------+-------+-------+-------+-------+-------+------- 
                                                                              1|  58263|  24103|   7352|   2282|    511|     76|  92587 
                                                                               |  37.93|  15.69|   4.79|   1.49|   0.33|   0.05|  60.27 
                                                                               |  62.93|  26.03|   7.94|   2.46|   0.55|   0.08|        
                                                                               |  48.84| 100.00| 100.00| 100.00| 100.00| 100.00|        
                                                                ---------------+-------+-------+-------+-------+-------+-------+------- 
                                                                          Total| 119291|  24103|   7352|   2282|    511|     76| 153615 
                                                                               |  77.66|  15.69|   4.79|   1.49|   0.33|   0.05| 100.00 
                                                                                                                                        
                                                                                             The WPS System                                                          11:42 Wednesday, July 29, 2015    2

                                                                                           The FREQ Procedure

                                                                    Table of chosen_cac_ind_number by chosen_match_level
                                                                                                                                   
                                                                     chosen_cac_ind_number|      chosen_match_level       |        
                                                                     ---------------------+-------------------------------|        
                                                                           Frequency      |       |       |       |       |        
                                                                            Percent       |       |       |       |       |        
                                                                            Row Pct       |       |       |       |       |        
                                                                            Col Pct       |   .   |   1   |   2   |   3   | Total  
                                                                     ---------------------+-------+-------+-------+-------+------- 
                                                                                         .| 119291|      0|      0|      0| 119291 
                                                                                          |  77.66|   0.00|   0.00|   0.00|  77.66 
                                                                                          | 100.00|   0.00|   0.00|   0.00|        
                                                                                          | 100.00|   0.00|   0.00|   0.00|        
                                                                     ---------------------+-------+-------+-------+-------+------- 
                                                                                         1|      0|  19961|   3752|    390|  24103 
                                                                                          |   0.00|  12.99|   2.44|   0.25|  15.69 
                                                                                          |   0.00|  82.82|  15.57|   1.62|        
                                                                                          |   0.00|  70.16|  71.90|  59.63|        
                                                                     ---------------------+-------+-------+-------+-------+------- 
                                                                                         2|      0|   6083|   1094|    175|   7352 
                                                                                          |   0.00|   3.96|   0.71|   0.11|   4.79 
                                                                                          |   0.00|  82.74|  14.88|   2.38|        
                                                                                          |   0.00|  21.38|  20.97|  26.76|        
                                                                     ---------------------+-------+-------+-------+-------+------- 
                                                                                         3|      0|   1920|    291|     71|   2282 
                                                                                          |   0.00|   1.25|   0.19|   0.05|   1.49 
                                                                                          |   0.00|  84.14|  12.75|   3.11|        
                                                                                          |   0.00|   6.75|   5.58|  10.86|        
                                                                     ---------------------+-------+-------+-------+-------+------- 
                                                                                         4|      0|    427|     70|     14|    511 
                                                                                          |   0.00|   0.28|   0.05|   0.01|   0.33 
                                                                                          |   0.00|  83.56|  13.70|   2.74|        
                                                                                          |   0.00|   1.50|   1.34|   2.14|        
                                                                     ---------------------+-------+-------+-------+-------+------- 
                                                                                         5|      0|     61|     11|      4|     76 
                                                                                          |   0.00|   0.04|   0.01|   0.00|   0.05 
                                                                                          |   0.00|  80.26|  14.47|   5.26|        
                                                                                          |   0.00|   0.21|   0.21|   0.61|        
                                                                     ---------------------+-------+-------+-------+-------+------- 
                                                                                     Total| 119291|  28452|   5218|    654| 153615 
                                                                                          |  77.66|  18.52|   3.40|   0.43| 100.00 
                                                                                                                                   
                                                                                             match_level 2                                                           11:42 Wednesday, July 29, 2015    3

                                                                                           The FREQ Procedure

                                                                                                                Cumulative    Cumulative
                                                                chosen_spedis_score    Frequency     Percent     Frequency      Percent 
                                                                ------------------------------------------------------------------------
                                                                 0                            7        0.13             7         0.13  
                                                                 2                            3        0.06            10         0.19  
                                                                 3                            9        0.17            19         0.36  
                                                                 4                           25        0.48            44         0.84  
                                                                 5                          245        4.70           289         5.54  
                                                                 6                           12        0.23           301         5.77  
                                                                 7                          165        3.16           466         8.93  
                                                                 8                           60        1.15           526        10.08  
                                                                10                           98        1.88           624        11.96  
                                                                11                          202        3.87           826        15.83  
                                                                12                           46        0.88           872        16.71  
                                                                13                           42        0.80           914        17.52  
                                                                14                          118        2.26          1032        19.78  
                                                                15                          750       14.37          1782        34.15  
                                                                16                           85        1.63          1867        35.78  
                                                                17                          725       13.89          2592        49.67  
                                                                18                            2        0.04          2594        49.71  
                                                                19                          243        4.66          2837        54.37  
                                                                20                          490        9.39          3327        63.76  
                                                                21                          136        2.61          3463        66.37  
                                                                22                           28        0.54          3491        66.90  
                                                                23                           80        1.53          3571        68.44  
                                                                24                          117        2.24          3688        70.68  
                                                                25                          168        3.22          3856        73.90  
                                                                26                           35        0.67          3891        74.57  
                                                                27                          162        3.10          4053        77.67  
                                                                28                          481        9.22          4534        86.89  
                                                                29                          146        2.80          4680        89.69  
                                                                30                          144        2.76          4824        92.45  
                                                                31                           12        0.23          4836        92.68  
                                                                33                          136        2.61          4972        95.29  
                                                                34                          246        4.71          5218       100.00  
                                                                                             match_level 3                                                           11:42 Wednesday, July 29, 2015    4

                                                                                           The FREQ Procedure

                                                                                                                Cumulative    Cumulative
                                                                chosen_spedis_score    Frequency     Percent     Frequency      Percent 
                                                                ------------------------------------------------------------------------
                                                                 35                           8        1.22             8         1.22  
                                                                 37                          75       11.47            83        12.69  
                                                                 38                          57        8.72           140        21.41  
                                                                 39                          47        7.19           187        28.59  
                                                                 40                          43        6.57           230        35.17  
                                                                 41                          18        2.75           248        37.92  
                                                                 42                           6        0.92           254        38.84  
                                                                 43                           3        0.46           257        39.30  
                                                                 45                           4        0.61           261        39.91  
                                                                 46                           3        0.46           264        40.37  
                                                                 47                          13        1.99           277        42.35  
                                                                 50                         144       22.02           421        64.37  
                                                                 54                           8        1.22           429        65.60  
                                                                 55                           6        0.92           435        66.51  
                                                                 56                           2        0.31           437        66.82  
                                                                 57                          11        1.68           448        68.50  
                                                                 58                          13        1.99           461        70.49  
                                                                 60                          27        4.13           488        74.62  
                                                                 62                          17        2.60           505        77.22  
                                                                 64                           2        0.31           507        77.52  
                                                                 65                           5        0.76           512        78.29  
                                                                 66                          44        6.73           556        85.02  
                                                                 67                           1        0.15           557        85.17  
                                                                 68                           3        0.46           560        85.63  
                                                                 70                           6        0.92           566        86.54  
                                                                 71                           1        0.15           567        86.70  
                                                                 75                          16        2.45           583        89.14  
                                                                 78                           1        0.15           584        89.30  
                                                                 80                           1        0.15           585        89.45  
                                                                 83                          15        2.29           600        91.74  
                                                                 85                           1        0.15           601        91.90  
                                                                 87                           4        0.61           605        92.51  
                                                                 91                           1        0.15           606        92.66  
                                                                 92                           1        0.15           607        92.81  
                                                                100                          10        1.53           617        94.34  
                                                                110                           1        0.15           618        94.50  
                                                                112                           1        0.15           619        94.65  
                                                                116                           3        0.46           622        95.11  
                                                                125                           3        0.46           625        95.57  
                                                                143                           1        0.15           626        95.72  
                                                                150                           3        0.46           629        96.18  
                                                                162                           1        0.15           630        96.33  
                                                                175                           1        0.15           631        96.48  
                                                                200                           9        1.38           640        97.86  
                                                                250                           3        0.46           643        98.32  
                                                                300                           7        1.07           650        99.39  
                                                                350                           3        0.46           653        99.85  
                                                                400                           1        0.15           654       100.00  
                                                                                                                                                                     11:42 Wednesday, July 29, 2015    5

                                                                                           The FREQ Procedure

                                                               Table of last_name_match by chosen_cac_ind_number
                                                                                                                                        
                                                                last_name_match|             chosen_cac_ind_number             |        
                                                                ---------------+-----------------------------------------------|        
                                                                   Frequency   |       |       |       |       |       |       |        
                                                                    Percent    |       |       |       |       |       |       |        
                                                                    Row Pct    |       |       |       |       |       |       |        
                                                                    Col Pct    |   .   |   1   |   2   |   3   |   4   |   5   | Total  
                                                                ---------------+-------+-------+-------+-------+-------+-------+------- 
                                                                              0|  61028|      0|      0|      0|      0|      0|  61028 
                                                                               |  39.73|   0.00|   0.00|   0.00|   0.00|   0.00|  39.73 
                                                                               | 100.00|   0.00|   0.00|   0.00|   0.00|   0.00|        
                                                                               |  53.70|   0.00|   0.00|   0.00|   0.00|   0.00|        
                                                                ---------------+-------+-------+-------+-------+-------+-------+------- 
                                                                              1|  52619|  26658|  10790|   1971|    471|     78|  92587 
                                                                               |  34.25|  17.35|   7.02|   1.28|   0.31|   0.05|  60.27 
                                                                               |  56.83|  28.79|  11.65|   2.13|   0.51|   0.08|        
                                                                               |  46.30| 100.00| 100.00| 100.00| 100.00| 100.00|        
                                                                ---------------+-------+-------+-------+-------+-------+-------+------- 
                                                                          Total| 113647|  26658|  10790|   1971|    471|     78| 153615 
                                                                               |  73.98|  17.35|   7.02|   1.28|   0.31|   0.05| 100.00 
                                                                                                                                        
                                                                                                                                                                     11:42 Wednesday, July 29, 2015    6

                                                                                           The FREQ Procedure

                                                                    Table of chosen_cac_ind_number by chosen_match_level
                                                                                                                                   
                                                                     chosen_cac_ind_number|      chosen_match_level       |        
                                                                     ---------------------+-------------------------------|        
                                                                           Frequency      |       |       |       |       |        
                                                                            Percent       |       |       |       |       |        
                                                                            Row Pct       |       |       |       |       |        
                                                                            Col Pct       |   .   |   1   |   2   |   3   | Total  
                                                                     ---------------------+-------+-------+-------+-------+------- 
                                                                                         .| 113647|      0|      0|      0| 113647 
                                                                                          |  73.98|   0.00|   0.00|   0.00|  73.98 
                                                                                          | 100.00|   0.00|   0.00|   0.00|        
                                                                                          | 100.00|   0.00|   0.00|   0.00|        
                                                                     ---------------------+-------+-------+-------+-------+------- 
                                                                                         1|      0|  23364|   2686|    608|  26658 
                                                                                          |   0.00|  15.21|   1.75|   0.40|  17.35 
                                                                                          |   0.00|  87.64|  10.08|   2.28|        
                                                                                          |   0.00|  67.23|  63.92|  59.90|        
                                                                     ---------------------+-------+-------+-------+-------+------- 
                                                                                         2|      0|   9161|   1293|    336|  10790 
                                                                                          |   0.00|   5.96|   0.84|   0.22|   7.02 
                                                                                          |   0.00|  84.90|  11.98|   3.11|        
                                                                                          |   0.00|  26.36|  30.77|  33.10|        
                                                                     ---------------------+-------+-------+-------+-------+------- 
                                                                                         3|      0|   1745|    176|     50|   1971 
                                                                                          |   0.00|   1.14|   0.11|   0.03|   1.28 
                                                                                          |   0.00|  88.53|   8.93|   2.54|        
                                                                                          |   0.00|   5.02|   4.19|   4.93|        
                                                                     ---------------------+-------+-------+-------+-------+------- 
                                                                                         4|      0|    415|     37|     19|    471 
                                                                                          |   0.00|   0.27|   0.02|   0.01|   0.31 
                                                                                          |   0.00|  88.11|   7.86|   4.03|        
                                                                                          |   0.00|   1.19|   0.88|   1.87|        
                                                                     ---------------------+-------+-------+-------+-------+------- 
                                                                                         5|      0|     66|     10|      2|     78 
                                                                                          |   0.00|   0.04|   0.01|   0.00|   0.05 
                                                                                          |   0.00|  84.62|  12.82|   2.56|        
                                                                                          |   0.00|   0.19|   0.24|   0.20|        
                                                                     ---------------------+-------+-------+-------+-------+------- 
                                                                                     Total| 113647|  34751|   4202|   1015| 153615 
                                                                                          |  73.98|  22.62|   2.74|   0.66| 100.00 
                                                                                                                                   
                                                                                             match_level 2                                                           11:42 Wednesday, July 29, 2015    7

                                                                                           The FREQ Procedure

                                                                                                                Cumulative    Cumulative
                                                                chosen_spedis_score    Frequency     Percent     Frequency      Percent 
                                                                ------------------------------------------------------------------------
                                                                 0                           13        0.31            13         0.31  
                                                                 3                           38        0.90            51         1.21  
                                                                 4                           44        1.05            95         2.26  
                                                                 5                          195        4.64           290         6.90  
                                                                 6                          100        2.38           390         9.28  
                                                                 7                          177        4.21           567        13.49  
                                                                 8                          146        3.47           713        16.97  
                                                                10                          106        2.52           819        19.49  
                                                                11                           94        2.24           913        21.73  
                                                                12                           87        2.07          1000        23.80  
                                                                13                           23        0.55          1023        24.35  
                                                                14                          215        5.12          1238        29.46  
                                                                15                          223        5.31          1461        34.77  
                                                                16                          188        4.47          1649        39.24  
                                                                17                          270        6.43          1919        45.67  
                                                                18                           26        0.62          1945        46.29  
                                                                19                          100        2.38          2045        48.67  
                                                                20                          220        5.24          2265        53.90  
                                                                21                          315        7.50          2580        61.40  
                                                                22                          101        2.40          2681        63.80  
                                                                23                           53        1.26          2734        65.06  
                                                                24                           27        0.64          2761        65.71  
                                                                25                          312        7.43          3073        73.13  
                                                                26                          185        4.40          3258        77.53  
                                                                27                           66        1.57          3324        79.11  
                                                                28                          252        6.00          3576        85.10  
                                                                29                          105        2.50          3681        87.60  
                                                                30                          188        4.47          3869        92.08  
                                                                31                           22        0.52          3891        92.60  
                                                                32                            3        0.07          3894        92.67  
                                                                33                          135        3.21          4029        95.88  
                                                                34                          173        4.12          4202       100.00  
                                                                                             match_level 3                                                           11:42 Wednesday, July 29, 2015    8

                                                                                           The FREQ Procedure

                                                                                                                Cumulative    Cumulative
                                                                chosen_spedis_score    Frequency     Percent     Frequency      Percent 
                                                                ------------------------------------------------------------------------
                                                                 35                          12        1.18            12         1.18  
                                                                 37                          87        8.57            99         9.75  
                                                                 38                         129       12.71           228        22.46  
                                                                 39                          70        6.90           298        29.36  
                                                                 40                          53        5.22           351        34.58  
                                                                 41                          42        4.14           393        38.72  
                                                                 42                           9        0.89           402        39.61  
                                                                 43                           6        0.59           408        40.20  
                                                                 44                          30        2.96           438        43.15  
                                                                 45                          84        8.28           522        51.43  
                                                                 46                          11        1.08           533        52.51  
                                                                 47                          99        9.75           632        62.27  
                                                                 48                           3        0.30           635        62.56  
                                                                 50                         134       13.20           769        75.76  
                                                                 53                           1        0.10           770        75.86  
                                                                 54                           6        0.59           776        76.45  
                                                                 55                           2        0.20           778        76.65  
                                                                 56                           8        0.79           786        77.44  
                                                                 57                           4        0.39           790        77.83  
                                                                 58                          15        1.48           805        79.31  
                                                                 60                          20        1.97           825        81.28  
                                                                 62                          21        2.07           846        83.35  
                                                                 65                           2        0.20           848        83.55  
                                                                 66                          20        1.97           868        85.52  
                                                                 67                           1        0.10           869        85.62  
                                                                 70                           4        0.39           873        86.01  
                                                                 71                           1        0.10           874        86.11  
                                                                 75                          23        2.27           897        88.37  
                                                                 80                           4        0.39           901        88.77  
                                                                 83                          20        1.97           921        90.74  
                                                                 85                           1        0.10           922        90.84  
                                                                 90                           1        0.10           923        90.94  
                                                                100                          23        2.27           946        93.20  
                                                                110                           1        0.10           947        93.30  
                                                                112                           3        0.30           950        93.60  
                                                                116                           2        0.20           952        93.79  
                                                                125                           3        0.30           955        94.09  
                                                                150                          12        1.18           967        95.27  
                                                                200                          15        1.48           982        96.75  
                                                                216                           2        0.20           984        96.95  
                                                                250                          14        1.38           998        98.33  
                                                                300                          13        1.28          1011        99.61  
                                                                350                           4        0.39          1015       100.00  
                                                                    Prepared for                                                                     9
                                                                 Data Quality Report
                                                           Library:WORK  Member:scored__MT
                                                              Total Observations: 74292

                                                                                                              Number of     Numeric or          
   Variable                                                                   Label                         Observations    Character     Levels

   CAC_HH_PID                                            Household Persistent ID                                 74,292     Character        50+
                                                                                                                                                
   CAC_NAME_LAST                                         Household Name                                          74,292     Character        50+
                                                                                                                                                
   bridge_address1                                       Address Line 1 From Bridge                              74,292     Character        50+
                                                                                                                                                
   bridge_address2                                       Address Line 2 From Bridge                                   0     Character         0 
                                                                                                                                                
   bridge_city                                           Address City From Bridge                                74,292     Character        50+
                                                                                                                                                
   bridge_name_first                                     First Name From Bridge                                  74,292     Character        50+
                                                                                                                                                
   bridge_name_last                                      Last Name From Bridge                                   74,292     Character        50+
                                                                                                                                                
   bridge_name_last_exact                                                                                        74,292     Character        50+
                                                                                                                                                
   bridge_name_last_fuzzy1                                                                                       74,292     Character        50+
                                                                                                                                                
   bridge_state                                          Address State From Bridge                               74,292     Character         1 
                                                         Value MT    100%                                        74,292                         
                                                                                                                                                
   bridge_zip5                                           Address Zip 5 From Bridge                               74,292     Character        50+
                                                                                                                                                
   cac_bridge_md5email_id                                Unique ID To Append Email Addresses From Bridge         74,292     Character        50+

                                                             Number        Zero          Mean        Median       Minimum       Maximum    Variable
   Variable                                                 Missing      Values         Value         Value         Value         Value     Format 

   CAC_HH_PID                                                     0                                                                          $27   
                                                                                                                                                   
   CAC_NAME_LAST                                                  0                                                                                
                                                                                                                                                   
   bridge_address1                                                0                                                                          $50   
                                                                                                                                                   
   bridge_address2                                           74,292                                                                          $50   
                                                                                                                                                   
   bridge_city                                                    0                                                                          $30   
                                                                                                                                                   
   bridge_name_first                                              0                                                                          $25   
                                                                                                                                                   
   bridge_name_last                                               0                                                                          $25   
                                                                                                                                                   
   bridge_name_last_exact                                         0                                                                                
                                                                                                                                                   
   bridge_name_last_fuzzy1                                        0                                                                                
                                                                                                                                                   
   bridge_state                                                   0                                                                          $2    
                                                                                                                                                   
                                                                                                                                                   
   bridge_zip5                                                    0                                                                          $5    
                                                                                                                                                   
   cac_bridge_md5email_id                                         0                                                                          $50   

                                                             Prepared by CAC Group, Inc.
                                                                    Prepared for                                                                    10
                                                                 Data Quality Report
                                                           Library:WORK  Member:scored__MT
                                                              Total Observations: 74292

                                                                                      Number of     Numeric or                  Number        Zero
    Variable                                                      Label             Observations    Character     Levels       Missing      Values

                                                                                                                                                  
    chosen_cac_ind_gender                                                                74,292     Numeric           2              0           0
                                                          Value        1   46.2%         34,324                                                   
                                                          Value        2   53.8%         39,968                                                   
                                                                                                                                                  
    chosen_cac_ind_last                                                                  74,292     Character        50+             0            
                                                                                                                                                  
    chosen_cac_ind_mi                                                                    62,499     Character        26         11,793            
                                                                                                                                                  
    chosen_cac_ind_name                                                                  74,292     Character        50+             0            
                                                                                                                                                  
    chosen_cac_ind_number                                                                74,292     Numeric           5              0           0
                                                          Value        1   68.3%         50,761                                                   
                                                          Value        2   24.4%         18,142                                                   
                                                          Value        3    5.7%          4,253                                                   
                                                          Value        4    1.3%            982                                                   
                                                          Value        5    0.2%            154                                                   
                                                                                                                                                  
    chosen_first_x_of_x_flag                                                             74,292     Numeric           2              0         451
                                                                                                                                                  
    chosen_match_level                                                                   74,292     Numeric           3              0           0
                                                          Value        1   85.1%         63,203                                                   
                                                          Value        2   12.7%          9,420                                                   
                                                          Value        3    2.2%          1,669                                                   

                                                                Mean        Median       Minimum       Maximum    Variable
    Variable                                                   Value         Value         Value         Value     Format 

                                                                                                                          
    chosen_cac_ind_gender                                     1.5380        2.0000        1.0000        2.0000      8     
                                                                                                                          
                                                                                                                          
                                                                                                                          
    chosen_cac_ind_last                                                                                             $20   
                                                                                                                          
    chosen_cac_ind_mi                                                                                               $1    
                                                                                                                          
    chosen_cac_ind_name                                                                                             $14   
                                                                                                                          
    chosen_cac_ind_number                                     1.4066        1.0000        1.0000        5.0000      8     
                                                                                                                          
                                                                                                                          
                                                                                                                          
                                                                                                                          
                                                                                                                          
                                                                                                                          
    chosen_first_x_of_x_flag                                  0.9939        1.0000        0.0000        1.0000      8     
                                                                                                                          
    chosen_match_level                                        1.1717        1.0000        1.0000        3.0000      8     
                                                                                                                          
                                                                                                                          
                                                                                                                          

                                                             Prepared by CAC Group, Inc.
                                                                    Prepared for                                                                    11
                                                                 Data Quality Report
                                                           Library:WORK  Member:scored__MT
                                                              Total Observations: 74292

                                                                                      Number of     Numeric or                  Number        Zero
    Variable                                                      Label             Observations    Character     Levels       Missing      Values

                                                                                                                                                  
    chosen_spedis_score                                                                  74,292      Numeric         50+             0      63,223
                                                                                                                                                  
    last_name_match                                                                      74,292      Numeric          1              0           0
                                                          Value        1    100%         74,292                                                   
                                                                                                                                                  

                                                                Mean        Median       Minimum       Maximum    Variable
    Variable                                                   Value         Value         Value         Value     Format 

                                                                                                                          
    chosen_spedis_score                                       3.7880        0.0000        0.0000      400.0000       8    
                                                                                                                          
    last_name_match                                           1.0000        1.0000        1.0000        1.0000            
                                                                                                                          
                                                                                                                          





































                                                             Prepared by CAC Group, Inc.
