                                                                                             The WPS System                                                          11:59 Wednesday, July 29, 2015    1

                                                                                           The FREQ Procedure

                                                               Table of last_name_match by chosen_cac_ind_number
                                                                                                                                        
                                                                last_name_match|             chosen_cac_ind_number             |        
                                                                ---------------+-----------------------------------------------|        
                                                                   Frequency   |       |       |       |       |       |       |        
                                                                    Percent    |       |       |       |       |       |       |        
                                                                    Row Pct    |       |       |       |       |       |       |        
                                                                    Col Pct    |   .   |   1   |   2   |   3   |   4   |   5   | Total  
                                                                ---------------+-------+-------+-------+-------+-------+-------+------- 
                                                                              0| 334553|      0|      0|      0|      0|      0| 334553 
                                                                               |  35.99|   0.00|   0.00|   0.00|   0.00|   0.00|  35.99 
                                                                               | 100.00|   0.00|   0.00|   0.00|   0.00|   0.00|        
                                                                               |  45.74|   0.00|   0.00|   0.00|   0.00|   0.00|        
                                                                ---------------+-------+-------+-------+-------+-------+-------+------- 
                                                                              1| 396842| 129353|  51942|  13630|   2784|    437| 594988 
                                                                               |  42.69|  13.92|   5.59|   1.47|   0.30|   0.05|  64.01 
                                                                               |  66.70|  21.74|   8.73|   2.29|   0.47|   0.07|        
                                                                               |  54.26| 100.00| 100.00| 100.00| 100.00| 100.00|        
                                                                ---------------+-------+-------+-------+-------+-------+-------+------- 
                                                                          Total| 731395| 129353|  51942|  13630|   2784|    437| 929541 
                                                                               |  78.68|  13.92|   5.59|   1.47|   0.30|   0.05| 100.00 
                                                                                                                                        
                                                                                             The WPS System                                                          11:59 Wednesday, July 29, 2015    2

                                                                                           The FREQ Procedure

                                                                    Table of chosen_cac_ind_number by chosen_match_level
                                                                                                                                   
                                                                     chosen_cac_ind_number|      chosen_match_level       |        
                                                                     ---------------------+-------------------------------|        
                                                                           Frequency      |       |       |       |       |        
                                                                            Percent       |       |       |       |       |        
                                                                            Row Pct       |       |       |       |       |        
                                                                            Col Pct       |   .   |   1   |   2   |   3   | Total  
                                                                     ---------------------+-------+-------+-------+-------+------- 
                                                                                         .| 731395|      0|      0|      0| 731395 
                                                                                          |  78.68|   0.00|   0.00|   0.00|  78.68 
                                                                                          | 100.00|   0.00|   0.00|   0.00|        
                                                                                          | 100.00|   0.00|   0.00|   0.00|        
                                                                     ---------------------+-------+-------+-------+-------+------- 
                                                                                         1|      0| 114182|  12942|   2229| 129353 
                                                                                          |   0.00|  12.28|   1.39|   0.24|  13.92 
                                                                                          |   0.00|  88.27|  10.01|   1.72|        
                                                                                          |   0.00|  65.50|  64.94|  57.23|        
                                                                     ---------------------+-------+-------+-------+-------+------- 
                                                                                         2|      0|  45427|   5343|   1172|  51942 
                                                                                          |   0.00|   4.89|   0.57|   0.13|   5.59 
                                                                                          |   0.00|  87.46|  10.29|   2.26|        
                                                                                          |   0.00|  26.06|  26.81|  30.09|        
                                                                     ---------------------+-------+-------+-------+-------+------- 
                                                                                         3|      0|  11948|   1299|    383|  13630 
                                                                                          |   0.00|   1.29|   0.14|   0.04|   1.47 
                                                                                          |   0.00|  87.66|   9.53|   2.81|        
                                                                                          |   0.00|   6.85|   6.52|   9.83|        
                                                                     ---------------------+-------+-------+-------+-------+------- 
                                                                                         4|      0|   2393|    303|     88|   2784 
                                                                                          |   0.00|   0.26|   0.03|   0.01|   0.30 
                                                                                          |   0.00|  85.96|  10.88|   3.16|        
                                                                                          |   0.00|   1.37|   1.52|   2.26|        
                                                                     ---------------------+-------+-------+-------+-------+------- 
                                                                                         5|      0|    372|     42|     23|    437 
                                                                                          |   0.00|   0.04|   0.00|   0.00|   0.05 
                                                                                          |   0.00|  85.13|   9.61|   5.26|        
                                                                                          |   0.00|   0.21|   0.21|   0.59|        
                                                                     ---------------------+-------+-------+-------+-------+------- 
                                                                                     Total| 731395| 174322|  19929|   3895| 929541 
                                                                                          |  78.68|  18.75|   2.14|   0.42| 100.00 
                                                                                                                                   
                                                                                             match_level 2                                                           11:59 Wednesday, July 29, 2015    3

                                                                                           The FREQ Procedure

                                                                                                                Cumulative    Cumulative
                                                                chosen_spedis_score    Frequency     Percent     Frequency      Percent 
                                                                ------------------------------------------------------------------------
                                                                 0                           60        0.30            60         0.30  
                                                                 2                           12        0.06            72         0.36  
                                                                 3                           76        0.38           148         0.74  
                                                                 4                          230        1.15           378         1.90  
                                                                 5                          870        4.37          1248         6.26  
                                                                 6                          213        1.07          1461         7.33  
                                                                 7                         1095        5.49          2556        12.83  
                                                                 8                          397        1.99          2953        14.82  
                                                                 9                           24        0.12          2977        14.94  
                                                                10                          571        2.87          3548        17.80  
                                                                11                          702        3.52          4250        21.33  
                                                                12                          380        1.91          4630        23.23  
                                                                13                          157        0.79          4787        24.02  
                                                                14                          730        3.66          5517        27.68  
                                                                15                         2042       10.25          7559        37.93  
                                                                16                          611        3.07          8170        41.00  
                                                                17                         1480        7.43          9650        48.42  
                                                                18                           41        0.21          9691        48.63  
                                                                19                         1342        6.73         11033        55.36  
                                                                20                         1485        7.45         12518        62.81  
                                                                21                          494        2.48         13012        65.29  
                                                                22                          160        0.80         13172        66.09  
                                                                23                          254        1.27         13426        67.37  
                                                                24                          344        1.73         13770        69.10  
                                                                25                          706        3.54         14476        72.64  
                                                                26                          229        1.15         14705        73.79  
                                                                27                          290        1.46         14995        75.24  
                                                                28                         1831        9.19         16826        84.43  
                                                                29                          687        3.45         17513        87.88  
                                                                30                          855        4.29         18368        92.17  
                                                                31                          120        0.60         18488        92.77  
                                                                32                            6        0.03         18494        92.80  
                                                                33                          768        3.85         19262        96.65  
                                                                34                          667        3.35         19929       100.00  
                                                                                             match_level 3                                                           11:59 Wednesday, July 29, 2015    4

                                                                                           The FREQ Procedure

                                                                                                                Cumulative    Cumulative
                                                                chosen_spedis_score    Frequency     Percent     Frequency      Percent 
                                                                ------------------------------------------------------------------------
                                                                 35                          66        1.69            66         1.69  
                                                                 36                           5        0.13            71         1.82  
                                                                 37                         231        5.93           302         7.75  
                                                                 38                         222        5.70           524        13.45  
                                                                 39                         353        9.06           877        22.52  
                                                                 40                         447       11.48          1324        33.99  
                                                                 41                         119        3.06          1443        37.05  
                                                                 42                         102        2.62          1545        39.67  
                                                                 43                          40        1.03          1585        40.69  
                                                                 44                          11        0.28          1596        40.98  
                                                                 45                          31        0.80          1627        41.77  
                                                                 46                          70        1.80          1697        43.57  
                                                                 47                          72        1.85          1769        45.42  
                                                                 48                           7        0.18          1776        45.60  
                                                                 50                         824       21.16          2600        66.75  
                                                                 52                           1        0.03          2601        66.78  
                                                                 53                           3        0.08          2604        66.85  
                                                                 54                          68        1.75          2672        68.60  
                                                                 55                          23        0.59          2695        69.19  
                                                                 56                          11        0.28          2706        69.47  
                                                                 57                          84        2.16          2790        71.63  
                                                                 58                         106        2.72          2896        74.35  
                                                                 59                           2        0.05          2898        74.40  
                                                                 60                         149        3.83          3047        78.23  
                                                                 62                         111        2.85          3158        81.08  
                                                                 64                          18        0.46          3176        81.54  
                                                                 65                          39        1.00          3215        82.54  
                                                                 66                         166        4.26          3381        86.80  
                                                                 67                           3        0.08          3384        86.88  
                                                                 68                           8        0.21          3392        87.09  
                                                                 70                          50        1.28          3442        88.37  
                                                                 71                           2        0.05          3444        88.42  
                                                                 75                          87        2.23          3531        90.65  
                                                                 78                           1        0.03          3532        90.68  
                                                                 80                          19        0.49          3551        91.17  
                                                                 81                           4        0.10          3555        91.27  
                                                                 83                          76        1.95          3631        93.22  
                                                                 84                           1        0.03          3632        93.25  
                                                                 85                           2        0.05          3634        93.30  
                                                                 87                          24        0.62          3658        93.92  
                                                                 89                           1        0.03          3659        93.94  
                                                                 90                           7        0.18          3666        94.12  
                                                                 91                           8        0.21          3674        94.33  
                                                                 93                           1        0.03          3675        94.35  
                                                                 95                           2        0.05          3677        94.40  
                                                                 96                           1        0.03          3678        94.43  
                                                                100                          65        1.67          3743        96.10  
                                                                106                           1        0.03          3744        96.12  
                                                                108                           3        0.08          3747        96.20  
                                                                112                           6        0.15          3753        96.35  
                                                                116                          13        0.33          3766        96.69  
                                                                120                           2        0.05          3768        96.74  
                                                                125                          17        0.44          3785        97.18  
                                                                133                           5        0.13          3790        97.30  
                                                                137                           3        0.08          3793        97.38  
                                                                150                          18        0.46          3811        97.84  
                                                                162                           1        0.03          3812        97.87  
                                                                166                           1        0.03          3813        97.89  
                                                                175                           1        0.03          3814        97.92  
                                                                200                          31        0.80          3845        98.72  
                                                                241                           1        0.03          3846        98.74  
                                                                250                          13        0.33          3859        99.08  
                                                                300                          18        0.46          3877        99.54  
                                                                350                           9        0.23          3886        99.77  
                                                                400                           6        0.15          3892        99.92  
                                                                450                           1        0.03          3893        99.95  
                                                                500                           1        0.03          3894        99.97  
                                                                850                           1        0.03          3895       100.00  
                                                                                                                                                                     11:59 Wednesday, July 29, 2015    5

                                                                                           The FREQ Procedure

                                                               Table of last_name_match by chosen_cac_ind_number
                                                                                                                                        
                                                                last_name_match|             chosen_cac_ind_number             |        
                                                                ---------------+-----------------------------------------------|        
                                                                   Frequency   |       |       |       |       |       |       |        
                                                                    Percent    |       |       |       |       |       |       |        
                                                                    Row Pct    |       |       |       |       |       |       |        
                                                                    Col Pct    |   .   |   1   |   2   |   3   |   4   |   5   | Total  
                                                                ---------------+-------+-------+-------+-------+-------+-------+------- 
                                                                              0| 334553|      0|      0|      0|      0|      0| 334553 
                                                                               |  35.99|   0.00|   0.00|   0.00|   0.00|   0.00|  35.99 
                                                                               | 100.00|   0.00|   0.00|   0.00|   0.00|   0.00|        
                                                                               |  50.06|   0.00|   0.00|   0.00|   0.00|   0.00|        
                                                                ---------------+-------+-------+-------+-------+-------+-------+------- 
                                                                              1| 333736| 185631|  58686|  13688|   2779|    468| 594988 
                                                                               |  35.90|  19.97|   6.31|   1.47|   0.30|   0.05|  64.01 
                                                                               |  56.09|  31.20|   9.86|   2.30|   0.47|   0.08|        
                                                                               |  49.94| 100.00| 100.00| 100.00| 100.00| 100.00|        
                                                                ---------------+-------+-------+-------+-------+-------+-------+------- 
                                                                          Total| 668289| 185631|  58686|  13688|   2779|    468| 929541 
                                                                               |  71.89|  19.97|   6.31|   1.47|   0.30|   0.05| 100.00 
                                                                                                                                        
                                                                                                                                                                     11:59 Wednesday, July 29, 2015    6

                                                                                           The FREQ Procedure

                                                                    Table of chosen_cac_ind_number by chosen_match_level
                                                                                                                                   
                                                                     chosen_cac_ind_number|      chosen_match_level       |        
                                                                     ---------------------+-------------------------------|        
                                                                           Frequency      |       |       |       |       |        
                                                                            Percent       |       |       |       |       |        
                                                                            Row Pct       |       |       |       |       |        
                                                                            Col Pct       |   .   |   1   |   2   |   3   | Total  
                                                                     ---------------------+-------+-------+-------+-------+------- 
                                                                                         .| 668289|      0|      0|      0| 668289 
                                                                                          |  71.89|   0.00|   0.00|   0.00|  71.89 
                                                                                          | 100.00|   0.00|   0.00|   0.00|        
                                                                                          | 100.00|   0.00|   0.00|   0.00|        
                                                                     ---------------------+-------+-------+-------+-------+------- 
                                                                                         1|      0| 166790|  15439|   3402| 185631 
                                                                                          |   0.00|  17.94|   1.66|   0.37|  19.97 
                                                                                          |   0.00|  89.85|   8.32|   1.83|        
                                                                                          |   0.00|  71.27|  70.86|  62.64|        
                                                                     ---------------------+-------+-------+-------+-------+------- 
                                                                                         2|      0|  52159|   5013|   1514|  58686 
                                                                                          |   0.00|   5.61|   0.54|   0.16|   6.31 
                                                                                          |   0.00|  88.88|   8.54|   2.58|        
                                                                                          |   0.00|  22.29|  23.01|  27.88|        
                                                                     ---------------------+-------+-------+-------+-------+------- 
                                                                                         3|      0|  12226|   1055|    407|  13688 
                                                                                          |   0.00|   1.32|   0.11|   0.04|   1.47 
                                                                                          |   0.00|  89.32|   7.71|   2.97|        
                                                                                          |   0.00|   5.22|   4.84|   7.49|        
                                                                     ---------------------+-------+-------+-------+-------+------- 
                                                                                         4|      0|   2445|    241|     93|   2779 
                                                                                          |   0.00|   0.26|   0.03|   0.01|   0.30 
                                                                                          |   0.00|  87.98|   8.67|   3.35|        
                                                                                          |   0.00|   1.04|   1.11|   1.71|        
                                                                     ---------------------+-------+-------+-------+-------+------- 
                                                                                         5|      0|    414|     39|     15|    468 
                                                                                          |   0.00|   0.04|   0.00|   0.00|   0.05 
                                                                                          |   0.00|  88.46|   8.33|   3.21|        
                                                                                          |   0.00|   0.18|   0.18|   0.28|        
                                                                     ---------------------+-------+-------+-------+-------+------- 
                                                                                     Total| 668289| 234034|  21787|   5431| 929541 
                                                                                          |  71.89|  25.18|   2.34|   0.58| 100.00 
                                                                                                                                   
                                                                                             match_level 2                                                           11:59 Wednesday, July 29, 2015    7

                                                                                           The FREQ Procedure

                                                                                                                Cumulative    Cumulative
                                                                chosen_spedis_score    Frequency     Percent     Frequency      Percent 
                                                                ------------------------------------------------------------------------
                                                                 0                          109        0.50           109         0.50  
                                                                 2                           12        0.06           121         0.56  
                                                                 3                          373        1.71           494         2.27  
                                                                 4                          341        1.57           835         3.83  
                                                                 5                         1125        5.16          1960         9.00  
                                                                 6                          560        2.57          2520        11.57  
                                                                 7                         1134        5.20          3654        16.77  
                                                                 8                         1166        5.35          4820        22.12  
                                                                 9                           22        0.10          4842        22.22  
                                                                10                          675        3.10          5517        25.32  
                                                                11                          625        2.87          6142        28.19  
                                                                12                          711        3.26          6853        31.45  
                                                                13                          126        0.58          6979        32.03  
                                                                14                         1371        6.29          8350        38.33  
                                                                15                          543        2.49          8893        40.82  
                                                                16                         1234        5.66         10127        46.48  
                                                                17                          951        4.36         11078        50.85  
                                                                18                          175        0.80         11253        51.65  
                                                                19                          651        2.99         11904        54.64  
                                                                20                          918        4.21         12822        58.85  
                                                                21                         1363        6.26         14185        65.11  
                                                                22                          529        2.43         14714        67.54  
                                                                23                          222        1.02         14936        68.55  
                                                                24                          200        0.92         15136        69.47  
                                                                25                         1106        5.08         16242        74.55  
                                                                26                          785        3.60         17027        78.15  
                                                                27                          237        1.09         17264        79.24  
                                                                28                         1084        4.98         18348        84.22  
                                                                29                          598        2.74         18946        86.96  
                                                                30                         1026        4.71         19972        91.67  
                                                                31                          267        1.23         20239        92.89  
                                                                32                            8        0.04         20247        92.93  
                                                                33                          853        3.92         21100        96.85  
                                                                34                          687        3.15         21787       100.00  
                                                                                             match_level 3                                                           11:59 Wednesday, July 29, 2015    8

                                                                                           The FREQ Procedure

                                                                                                                Cumulative    Cumulative
                                                                chosen_spedis_score    Frequency     Percent     Frequency      Percent 
                                                                ------------------------------------------------------------------------
                                                                 35                          88        1.62            88         1.62  
                                                                 36                           2        0.04            90         1.66  
                                                                 37                         403        7.42           493         9.08  
                                                                 38                         427        7.86           920        16.94  
                                                                 39                         333        6.13          1253        23.07  
                                                                 40                         295        5.43          1548        28.50  
                                                                 41                         171        3.15          1719        31.65  
                                                                 42                         101        1.86          1820        33.51  
                                                                 43                          27        0.50          1847        34.01  
                                                                 44                          83        1.53          1930        35.54  
                                                                 45                         273        5.03          2203        40.56  
                                                                 46                          95        1.75          2298        42.31  
                                                                 47                         602       11.08          2900        53.40  
                                                                 48                          14        0.26          2914        53.65  
                                                                 50                         928       17.09          3842        70.74  
                                                                 52                           8        0.15          3850        70.89  
                                                                 53                          10        0.18          3860        71.07  
                                                                 54                          54        0.99          3914        72.07  
                                                                 55                          22        0.41          3936        72.47  
                                                                 56                          22        0.41          3958        72.88  
                                                                 57                          60        1.10          4018        73.98  
                                                                 58                         108        1.99          4126        75.97  
                                                                 59                           8        0.15          4134        76.12  
                                                                 60                         113        2.08          4247        78.20  
                                                                 61                           4        0.07          4251        78.27  
                                                                 62                         122        2.25          4373        80.52  
                                                                 64                          12        0.22          4385        80.74  
                                                                 65                           9        0.17          4394        80.91  
                                                                 66                         137        2.52          4531        83.43  
                                                                 67                           2        0.04          4533        83.47  
                                                                 68                          18        0.33          4551        83.80  
                                                                 70                          54        0.99          4605        84.79  
                                                                 71                           7        0.13          4612        84.92  
                                                                 75                          95        1.75          4707        86.67  
                                                                 78                           4        0.07          4711        86.74  
                                                                 79                           1        0.02          4712        86.76  
                                                                 80                          19        0.35          4731        87.11  
                                                                 81                           5        0.09          4736        87.20  
                                                                 83                         125        2.30          4861        89.50  
                                                                 85                           1        0.02          4862        89.52  
                                                                 87                          31        0.57          4893        90.09  
                                                                 90                           8        0.15          4901        90.24  
                                                                 91                           8        0.15          4909        90.39  
                                                                 92                           4        0.07          4913        90.46  
                                                                 93                           1        0.02          4914        90.48  
                                                                 95                           4        0.07          4918        90.55  
                                                                100                         125        2.30          5043        92.86  
                                                                104                           1        0.02          5044        92.87  
                                                                106                           2        0.04          5046        92.91  
                                                                108                           4        0.07          5050        92.98  
                                                                110                           2        0.04          5052        93.02  
                                                                112                          10        0.18          5062        93.21  
                                                                116                          18        0.33          5080        93.54  
                                                                117                           1        0.02          5081        93.56  
                                                                120                           2        0.04          5083        93.59  
                                                                125                          44        0.81          5127        94.40  
                                                                130                           4        0.07          5131        94.48  
                                                                133                           8        0.15          5139        94.62  
                                                                137                           2        0.04          5141        94.66  
                                                                140                           1        0.02          5142        94.68  
                                                                150                          54        0.99          5196        95.67  
                                                                175                           8        0.15          5204        95.82  
                                                                200                          66        1.22          5270        97.04  
                                                                225                           3        0.06          5273        97.09  
                                                                250                          69        1.27          5342        98.36  
                                                                300                          63        1.16          5405        99.52  
                                                                350                          21        0.39          5426        99.91  
                                                                400                           5        0.09          5431       100.00  
                                                                    Prepared for                                                                     9
                                                                 Data Quality Report
                                                           Library:WORK  Member:scored__SC
                                                              Total Observations: 459398

                                                                                                              Number of     Numeric or          
   Variable                                                                   Label                         Observations    Character     Levels

   CAC_HH_PID                                            Household Persistent ID                                459,398     Character        50+
                                                                                                                                                
   CAC_NAME_LAST                                         Household Name                                         459,398     Character        50+
                                                                                                                                                
   bridge_address1                                       Address Line 1 From Bridge                             459,398     Character        50+
                                                                                                                                                
   bridge_address2                                       Address Line 2 From Bridge                                   0     Character         0 
                                                                                                                                                
   bridge_city                                           Address City From Bridge                               459,398     Character        50+
                                                                                                                                                
   bridge_name_first                                     First Name From Bridge                                 459,398     Character        50+
                                                                                                                                                
   bridge_name_last                                      Last Name From Bridge                                  459,398     Character        50+
                                                                                                                                                
   bridge_name_last_exact                                                                                       459,398     Character        50+
                                                                                                                                                
   bridge_name_last_fuzzy1                                                                                      459,398     Character        50+
                                                                                                                                                
   bridge_state                                          Address State From Bridge                              459,398     Character         1 
                                                         Value SC    100%                                       459,398                         
                                                                                                                                                
   bridge_zip5                                           Address Zip 5 From Bridge                              459,398     Character        50+
                                                                                                                                                
   cac_bridge_md5email_id                                Unique ID To Append Email Addresses From Bridge        459,398     Character        50+

                                                             Number        Zero          Mean        Median       Minimum       Maximum    Variable
   Variable                                                 Missing      Values         Value         Value         Value         Value     Format 

   CAC_HH_PID                                                     0                                                                          $27   
                                                                                                                                                   
   CAC_NAME_LAST                                                  0                                                                                
                                                                                                                                                   
   bridge_address1                                                0                                                                          $50   
                                                                                                                                                   
   bridge_address2                                          459,398                                                                          $50   
                                                                                                                                                   
   bridge_city                                                    0                                                                          $30   
                                                                                                                                                   
   bridge_name_first                                              0                                                                          $25   
                                                                                                                                                   
   bridge_name_last                                               0                                                                          $25   
                                                                                                                                                   
   bridge_name_last_exact                                         0                                                                                
                                                                                                                                                   
   bridge_name_last_fuzzy1                                        0                                                                                
                                                                                                                                                   
   bridge_state                                                   0                                                                          $2    
                                                                                                                                                   
                                                                                                                                                   
   bridge_zip5                                                    0                                                                          $5    
                                                                                                                                                   
   cac_bridge_md5email_id                                         0                                                                          $50   

                                                             Prepared by CAC Group, Inc.
                                                                    Prepared for                                                                    10
                                                                 Data Quality Report
                                                           Library:WORK  Member:scored__SC
                                                              Total Observations: 459398

                                                                                      Number of     Numeric or                  Number        Zero
    Variable                                                      Label             Observations    Character     Levels       Missing      Values

                                                                                                                                                  
    chosen_cac_ind_gender                                                               459,398     Numeric           2              0           0
                                                          Value        1   43.1%        198,146                                                   
                                                          Value        2   56.9%        261,252                                                   
                                                                                                                                                  
    chosen_cac_ind_last                                                                 459,398     Character        50+             0            
                                                                                                                                                  
    chosen_cac_ind_mi                                                                   378,892     Character        26         80,506            
                                                                                                                                                  
    chosen_cac_ind_name                                                                 459,398     Character        50+             0            
                                                                                                                                                  
    chosen_cac_ind_number                                                               459,398     Numeric           5              0           0
                                                          Value        1   68.6%        314,984                                                   
                                                          Value        2   24.1%        110,628                                                   
                                                          Value        3    5.9%         27,318                                                   
                                                          Value        4    1.2%          5,563                                                   
                                                          Value        5    0.2%            905                                                   
                                                                                                                                                  
    chosen_first_x_of_x_flag                                                            459,398     Numeric           2              0       2,753
                                                                                                                                                  
    chosen_match_level                                                                  459,398     Numeric           3              0           0
                                                          Value        1   88.9%        408,356                                                   
                                                          Value        2    9.1%         41,716                                                   
                                                          Value        3    2.0%          9,326                                                   

                                                                Mean        Median       Minimum       Maximum    Variable
    Variable                                                   Value         Value         Value         Value     Format 

                                                                                                                          
    chosen_cac_ind_gender                                     1.5687        2.0000        1.0000        2.0000      8     
                                                                                                                          
                                                                                                                          
                                                                                                                          
    chosen_cac_ind_last                                                                                             $20   
                                                                                                                          
    chosen_cac_ind_mi                                                                                               $1    
                                                                                                                          
    chosen_cac_ind_name                                                                                             $14   
                                                                                                                          
    chosen_cac_ind_number                                     1.4039        1.0000        1.0000        5.0000      8     
                                                                                                                          
                                                                                                                          
                                                                                                                          
                                                                                                                          
                                                                                                                          
                                                                                                                          
    chosen_first_x_of_x_flag                                  0.9940        1.0000        0.0000        1.0000      8     
                                                                                                                          
    chosen_match_level                                        1.1314        1.0000        1.0000        3.0000      8     
                                                                                                                          
                                                                                                                          
                                                                                                                          

                                                             Prepared by CAC Group, Inc.
                                                                    Prepared for                                                                    11
                                                                 Data Quality Report
                                                           Library:WORK  Member:scored__SC
                                                              Total Observations: 459398

                                                                                      Number of     Numeric or                  Number        Zero
    Variable                                                      Label             Observations    Character     Levels       Missing      Values

                                                                                                                                                  
    chosen_spedis_score                                                                 459,398      Numeric         50+             0     408,525
                                                                                                                                                  
    last_name_match                                                                     459,398      Numeric          1              0           0
                                                          Value        1    100%        459,398                                                   
                                                                                                                                                  

                                                                Mean        Median       Minimum       Maximum    Variable
    Variable                                                   Value         Value         Value         Value     Format 

                                                                                                                          
    chosen_spedis_score                                       2.8824        0.0000        0.0000      850.0000       8    
                                                                                                                          
    last_name_match                                           1.0000        1.0000        1.0000        1.0000            
                                                                                                                          
                                                                                                                          





































                                                             Prepared by CAC Group, Inc.
