                                                                                             The WPS System                                                          11:42 Wednesday, July 29, 2015    1

                                                                                           The FREQ Procedure

                                                               Table of last_name_match by chosen_cac_ind_number
                                                                                                                                        
                                                                last_name_match|             chosen_cac_ind_number             |        
                                                                ---------------+-----------------------------------------------|        
                                                                   Frequency   |       |       |       |       |       |       |        
                                                                    Percent    |       |       |       |       |       |       |        
                                                                    Row Pct    |       |       |       |       |       |       |        
                                                                    Col Pct    |   .   |   1   |   2   |   3   |   4   |   5   | Total  
                                                                ---------------+-------+-------+-------+-------+-------+-------+------- 
                                                                              0| 100522|      0|      0|      0|      0|      0| 100522 
                                                                               |  34.82|   0.00|   0.00|   0.00|   0.00|   0.00|  34.82 
                                                                               | 100.00|   0.00|   0.00|   0.00|   0.00|   0.00|        
                                                                               |  44.43|   0.00|   0.00|   0.00|   0.00|   0.00|        
                                                                ---------------+-------+-------+-------+-------+-------+-------+------- 
                                                                              1| 125712|  43339|  14268|   3933|    787|    141| 188180 
                                                                               |  43.54|  15.01|   4.94|   1.36|   0.27|   0.05|  65.18 
                                                                               |  66.80|  23.03|   7.58|   2.09|   0.42|   0.07|        
                                                                               |  55.57| 100.00| 100.00| 100.00| 100.00| 100.00|        
                                                                ---------------+-------+-------+-------+-------+-------+-------+------- 
                                                                          Total| 226234|  43339|  14268|   3933|    787|    141| 288702 
                                                                               |  78.36|  15.01|   4.94|   1.36|   0.27|   0.05| 100.00 
                                                                                                                                        
                                                                                             The WPS System                                                          11:42 Wednesday, July 29, 2015    2

                                                                                           The FREQ Procedure

                                                                    Table of chosen_cac_ind_number by chosen_match_level
                                                                                                                                   
                                                                     chosen_cac_ind_number|      chosen_match_level       |        
                                                                     ---------------------+-------------------------------|        
                                                                           Frequency      |       |       |       |       |        
                                                                            Percent       |       |       |       |       |        
                                                                            Row Pct       |       |       |       |       |        
                                                                            Col Pct       |   .   |   1   |   2   |   3   | Total  
                                                                     ---------------------+-------+-------+-------+-------+------- 
                                                                                         .| 226234|      0|      0|      0| 226234 
                                                                                          |  78.36|   0.00|   0.00|   0.00|  78.36 
                                                                                          | 100.00|   0.00|   0.00|   0.00|        
                                                                                          | 100.00|   0.00|   0.00|   0.00|        
                                                                     ---------------------+-------+-------+-------+-------+------- 
                                                                                         1|      0|  37989|   4675|    675|  43339 
                                                                                          |   0.00|  13.16|   1.62|   0.23|  15.01 
                                                                                          |   0.00|  87.66|  10.79|   1.56|        
                                                                                          |   0.00|  69.84|  68.13|  55.60|        
                                                                     ---------------------+-------+-------+-------+-------+------- 
                                                                                         2|      0|  12254|   1641|    373|  14268 
                                                                                          |   0.00|   4.24|   0.57|   0.13|   4.94 
                                                                                          |   0.00|  85.88|  11.50|   2.61|        
                                                                                          |   0.00|  22.53|  23.91|  30.72|        
                                                                     ---------------------+-------+-------+-------+-------+------- 
                                                                                         3|      0|   3390|    416|    127|   3933 
                                                                                          |   0.00|   1.17|   0.14|   0.04|   1.36 
                                                                                          |   0.00|  86.19|  10.58|   3.23|        
                                                                                          |   0.00|   6.23|   6.06|  10.46|        
                                                                     ---------------------+-------+-------+-------+-------+------- 
                                                                                         4|      0|    642|    113|     32|    787 
                                                                                          |   0.00|   0.22|   0.04|   0.01|   0.27 
                                                                                          |   0.00|  81.58|  14.36|   4.07|        
                                                                                          |   0.00|   1.18|   1.65|   2.64|        
                                                                     ---------------------+-------+-------+-------+-------+------- 
                                                                                         5|      0|    117|     17|      7|    141 
                                                                                          |   0.00|   0.04|   0.01|   0.00|   0.05 
                                                                                          |   0.00|  82.98|  12.06|   4.96|        
                                                                                          |   0.00|   0.22|   0.25|   0.58|        
                                                                     ---------------------+-------+-------+-------+-------+------- 
                                                                                     Total| 226234|  54392|   6862|   1214| 288702 
                                                                                          |  78.36|  18.84|   2.38|   0.42| 100.00 
                                                                                                                                   
                                                                                             match_level 2                                                           11:42 Wednesday, July 29, 2015    3

                                                                                           The FREQ Procedure

                                                                                                                Cumulative    Cumulative
                                                                chosen_spedis_score    Frequency     Percent     Frequency      Percent 
                                                                ------------------------------------------------------------------------
                                                                 0                           13        0.19            13         0.19  
                                                                 2                            2        0.03            15         0.22  
                                                                 3                           17        0.25            32         0.47  
                                                                 4                           65        0.95            97         1.41  
                                                                 5                          299        4.36           396         5.77  
                                                                 6                           42        0.61           438         6.38  
                                                                 7                          413        6.02           851        12.40  
                                                                 8                           84        1.22           935        13.63  
                                                                 9                           10        0.15           945        13.77  
                                                                10                          153        2.23          1098        16.00  
                                                                11                          261        3.80          1359        19.80  
                                                                12                           88        1.28          1447        21.09  
                                                                13                           74        1.08          1521        22.17  
                                                                14                          198        2.89          1719        25.05  
                                                                15                          927       13.51          2646        38.56  
                                                                16                          152        2.22          2798        40.78  
                                                                17                          544        7.93          3342        48.70  
                                                                18                           12        0.17          3354        48.88  
                                                                19                          429        6.25          3783        55.13  
                                                                20                          516        7.52          4299        62.65  
                                                                21                          140        2.04          4439        64.69  
                                                                22                           43        0.63          4482        65.32  
                                                                23                           87        1.27          4569        66.58  
                                                                24                          118        1.72          4687        68.30  
                                                                25                          241        3.51          4928        71.82  
                                                                26                           70        1.02          4998        72.84  
                                                                27                          121        1.76          5119        74.60  
                                                                28                          667        9.72          5786        84.32  
                                                                29                          266        3.88          6052        88.20  
                                                                30                          285        4.15          6337        92.35  
                                                                31                           26        0.38          6363        92.73  
                                                                32                            1        0.01          6364        92.74  
                                                                33                          276        4.02          6640        96.76  
                                                                34                          222        3.24          6862       100.00  
                                                                                             match_level 3                                                           11:42 Wednesday, July 29, 2015    4

                                                                                           The FREQ Procedure

                                                                                                                Cumulative    Cumulative
                                                                chosen_spedis_score    Frequency     Percent     Frequency      Percent 
                                                                ------------------------------------------------------------------------
                                                                 35                          19        1.57            19         1.57  
                                                                 36                           2        0.16            21         1.73  
                                                                 37                         115        9.47           136        11.20  
                                                                 38                          85        7.00           221        18.20  
                                                                 39                          98        8.07           319        26.28  
                                                                 40                         143       11.78           462        38.06  
                                                                 41                          17        1.40           479        39.46  
                                                                 42                          17        1.40           496        40.86  
                                                                 43                           6        0.49           502        41.35  
                                                                 45                           5        0.41           507        41.76  
                                                                 46                           7        0.58           514        42.34  
                                                                 47                          14        1.15           528        43.49  
                                                                 50                         263       21.66           791        65.16  
                                                                 53                           4        0.33           795        65.49  
                                                                 54                          28        2.31           823        67.79  
                                                                 55                           6        0.49           829        68.29  
                                                                 56                           6        0.49           835        68.78  
                                                                 57                          16        1.32           851        70.10  
                                                                 58                          25        2.06           876        72.16  
                                                                 60                          50        4.12           926        76.28  
                                                                 62                          27        2.22           953        78.50  
                                                                 64                           3        0.25           956        78.75  
                                                                 65                          10        0.82           966        79.57  
                                                                 66                          56        4.61          1022        84.18  
                                                                 68                           1        0.08          1023        84.27  
                                                                 70                          12        0.99          1035        85.26  
                                                                 71                           3        0.25          1038        85.50  
                                                                 75                          38        3.13          1076        88.63  
                                                                 80                           6        0.49          1082        89.13  
                                                                 81                           3        0.25          1085        89.37  
                                                                 83                          20        1.65          1105        91.02  
                                                                 85                           1        0.08          1106        91.10  
                                                                 87                          14        1.15          1120        92.26  
                                                                 90                           1        0.08          1121        92.34  
                                                                 91                           3        0.25          1124        92.59  
                                                                100                          17        1.40          1141        93.99  
                                                                106                           1        0.08          1142        94.07  
                                                                108                           4        0.33          1146        94.40  
                                                                116                           4        0.33          1150        94.73  
                                                                125                           5        0.41          1155        95.14  
                                                                133                           2        0.16          1157        95.30  
                                                                150                          10        0.82          1167        96.13  
                                                                175                           1        0.08          1168        96.21  
                                                                200                          22        1.81          1190        98.02  
                                                                250                           8        0.66          1198        98.68  
                                                                300                           5        0.41          1203        99.09  
                                                                350                           5        0.41          1208        99.51  
                                                                400                           5        0.41          1213        99.92  
                                                                450                           1        0.08          1214       100.00  
                                                                                                                                                                     11:42 Wednesday, July 29, 2015    5

                                                                                           The FREQ Procedure

                                                               Table of last_name_match by chosen_cac_ind_number
                                                                                                                                        
                                                                last_name_match|             chosen_cac_ind_number             |        
                                                                ---------------+-----------------------------------------------|        
                                                                   Frequency   |       |       |       |       |       |       |        
                                                                    Percent    |       |       |       |       |       |       |        
                                                                    Row Pct    |       |       |       |       |       |       |        
                                                                    Col Pct    |   .   |   1   |   2   |   3   |   4   |   5   | Total  
                                                                ---------------+-------+-------+-------+-------+-------+-------+------- 
                                                                              0| 100522|      0|      0|      0|      0|      0| 100522 
                                                                               |  34.82|   0.00|   0.00|   0.00|   0.00|   0.00|  34.82 
                                                                               | 100.00|   0.00|   0.00|   0.00|   0.00|   0.00|        
                                                                               |  50.00|   0.00|   0.00|   0.00|   0.00|   0.00|        
                                                                ---------------+-------+-------+-------+-------+-------+-------+------- 
                                                                              1| 100531|  58971|  23518|   4226|    820|    114| 188180 
                                                                               |  34.82|  20.43|   8.15|   1.46|   0.28|   0.04|  65.18 
                                                                               |  53.42|  31.34|  12.50|   2.25|   0.44|   0.06|        
                                                                               |  50.00| 100.00| 100.00| 100.00| 100.00| 100.00|        
                                                                ---------------+-------+-------+-------+-------+-------+-------+------- 
                                                                          Total| 201053|  58971|  23518|   4226|    820|    114| 288702 
                                                                               |  69.64|  20.43|   8.15|   1.46|   0.28|   0.04| 100.00 
                                                                                                                                        
                                                                                                                                                                     11:42 Wednesday, July 29, 2015    6

                                                                                           The FREQ Procedure

                                                                    Table of chosen_cac_ind_number by chosen_match_level
                                                                                                                                   
                                                                     chosen_cac_ind_number|      chosen_match_level       |        
                                                                     ---------------------+-------------------------------|        
                                                                           Frequency      |       |       |       |       |        
                                                                            Percent       |       |       |       |       |        
                                                                            Row Pct       |       |       |       |       |        
                                                                            Col Pct       |   .   |   1   |   2   |   3   | Total  
                                                                     ---------------------+-------+-------+-------+-------+------- 
                                                                                         .| 201053|      0|      0|      0| 201053 
                                                                                          |  69.64|   0.00|   0.00|   0.00|  69.64 
                                                                                          | 100.00|   0.00|   0.00|   0.00|        
                                                                                          | 100.00|   0.00|   0.00|   0.00|        
                                                                     ---------------------+-------+-------+-------+-------+------- 
                                                                                         1|      0|  52749|   5003|   1219|  58971 
                                                                                          |   0.00|  18.27|   1.73|   0.42|  20.43 
                                                                                          |   0.00|  89.45|   8.48|   2.07|        
                                                                                          |   0.00|  67.34|  67.75|  63.10|        
                                                                     ---------------------+-------+-------+-------+-------+------- 
                                                                                         2|      0|  20923|   2011|    584|  23518 
                                                                                          |   0.00|   7.25|   0.70|   0.20|   8.15 
                                                                                          |   0.00|  88.97|   8.55|   2.48|        
                                                                                          |   0.00|  26.71|  27.23|  30.23|        
                                                                     ---------------------+-------+-------+-------+-------+------- 
                                                                                         3|      0|   3836|    290|    100|   4226 
                                                                                          |   0.00|   1.33|   0.10|   0.03|   1.46 
                                                                                          |   0.00|  90.77|   6.86|   2.37|        
                                                                                          |   0.00|   4.90|   3.93|   5.18|        
                                                                     ---------------------+-------+-------+-------+-------+------- 
                                                                                         4|      0|    719|     76|     25|    820 
                                                                                          |   0.00|   0.25|   0.03|   0.01|   0.28 
                                                                                          |   0.00|  87.68|   9.27|   3.05|        
                                                                                          |   0.00|   0.92|   1.03|   1.29|        
                                                                     ---------------------+-------+-------+-------+-------+------- 
                                                                                         5|      0|    105|      5|      4|    114 
                                                                                          |   0.00|   0.04|   0.00|   0.00|   0.04 
                                                                                          |   0.00|  92.11|   4.39|   3.51|        
                                                                                          |   0.00|   0.13|   0.07|   0.21|        
                                                                     ---------------------+-------+-------+-------+-------+------- 
                                                                                     Total| 201053|  78332|   7385|   1932| 288702 
                                                                                          |  69.64|  27.13|   2.56|   0.67| 100.00 
                                                                                                                                   
                                                                                             match_level 2                                                           11:42 Wednesday, July 29, 2015    7

                                                                                           The FREQ Procedure

                                                                                                                Cumulative    Cumulative
                                                                chosen_spedis_score    Frequency     Percent     Frequency      Percent 
                                                                ------------------------------------------------------------------------
                                                                 0                           36        0.49            36         0.49  
                                                                 2                            3        0.04            39         0.53  
                                                                 3                           83        1.12           122         1.65  
                                                                 4                           81        1.10           203         2.75  
                                                                 5                          334        4.52           537         7.27  
                                                                 6                          207        2.80           744        10.07  
                                                                 7                          312        4.22          1056        14.30  
                                                                 8                          343        4.64          1399        18.94  
                                                                10                          190        2.57          1589        21.52  
                                                                11                          194        2.63          1783        24.14  
                                                                12                          160        2.17          1943        26.31  
                                                                13                           38        0.51          1981        26.82  
                                                                14                          416        5.63          2397        32.46  
                                                                15                          262        3.55          2659        36.01  
                                                                16                          386        5.23          3045        41.23  
                                                                17                          390        5.28          3435        46.51  
                                                                18                           37        0.50          3472        47.01  
                                                                19                          212        2.87          3684        49.88  
                                                                20                          336        4.55          4020        54.43  
                                                                21                          535        7.24          4555        61.68  
                                                                22                          205        2.78          4760        64.45  
                                                                23                           83        1.12          4843        65.58  
                                                                24                           56        0.76          4899        66.34  
                                                                25                          368        4.98          5267        71.32  
                                                                26                          297        4.02          5564        75.34  
                                                                27                           65        0.88          5629        76.22  
                                                                28                          465        6.30          6094        82.52  
                                                                29                          255        3.45          6349        85.97  
                                                                30                          463        6.27          6812        92.24  
                                                                31                           97        1.31          6909        93.55  
                                                                32                            1        0.01          6910        93.57  
                                                                33                          246        3.33          7156        96.90  
                                                                34                          229        3.10          7385       100.00  
                                                                                             match_level 3                                                           11:42 Wednesday, July 29, 2015    8

                                                                                           The FREQ Procedure

                                                                                                                Cumulative    Cumulative
                                                                chosen_spedis_score    Frequency     Percent     Frequency      Percent 
                                                                ------------------------------------------------------------------------
                                                                 35                          20        1.04            20         1.04  
                                                                 37                         100        5.18           120         6.21  
                                                                 38                         267       13.82           387        20.03  
                                                                 39                         161        8.33           548        28.36  
                                                                 40                         120        6.21           668        34.58  
                                                                 41                          49        2.54           717        37.11  
                                                                 42                          15        0.78           732        37.89  
                                                                 43                           6        0.31           738        38.20  
                                                                 44                          36        1.86           774        40.06  
                                                                 45                         163        8.44           937        48.50  
                                                                 46                          26        1.35           963        49.84  
                                                                 47                         275       14.23          1238        64.08  
                                                                 48                           1        0.05          1239        64.13  
                                                                 50                         275       14.23          1514        78.36  
                                                                 52                           1        0.05          1515        78.42  
                                                                 53                           1        0.05          1516        78.47  
                                                                 54                          10        0.52          1526        78.99  
                                                                 55                           6        0.31          1532        79.30  
                                                                 56                           6        0.31          1538        79.61  
                                                                 57                          14        0.72          1552        80.33  
                                                                 58                          30        1.55          1582        81.88  
                                                                 60                          36        1.86          1618        83.75  
                                                                 62                          34        1.76          1652        85.51  
                                                                 64                           2        0.10          1654        85.61  
                                                                 65                           2        0.10          1656        85.71  
                                                                 66                          34        1.76          1690        87.47  
                                                                 68                           2        0.10          1692        87.58  
                                                                 70                          17        0.88          1709        88.46  
                                                                 71                           2        0.10          1711        88.56  
                                                                 75                          34        1.76          1745        90.32  
                                                                 80                          10        0.52          1755        90.84  
                                                                 83                          29        1.50          1784        92.34  
                                                                 87                          15        0.78          1799        93.12  
                                                                 89                           2        0.10          1801        93.22  
                                                                 90                           3        0.16          1804        93.37  
                                                                 91                           1        0.05          1805        93.43  
                                                                100                          26        1.35          1831        94.77  
                                                                103                           1        0.05          1832        94.82  
                                                                112                           4        0.21          1836        95.03  
                                                                116                           5        0.26          1841        95.29  
                                                                125                           9        0.47          1850        95.76  
                                                                137                           2        0.10          1852        95.86  
                                                                150                          11        0.57          1863        96.43  
                                                                200                          22        1.14          1885        97.57  
                                                                250                          24        1.24          1909        98.81  
                                                                300                          21        1.09          1930        99.90  
                                                                350                           2        0.10          1932       100.00  
                                                                    Prepared for                                                                     9
                                                                 Data Quality Report
                                                           Library:WORK  Member:scored__WV
                                                              Total Observations: 150117

                                                                                                              Number of     Numeric or          
   Variable                                                                   Label                         Observations    Character     Levels

   CAC_HH_PID                                            Household Persistent ID                                150,117     Character        50+
                                                                                                                                                
   CAC_NAME_LAST                                         Household Name                                         150,117     Character        50+
                                                                                                                                                
   bridge_address1                                       Address Line 1 From Bridge                             150,117     Character        50+
                                                                                                                                                
   bridge_address2                                       Address Line 2 From Bridge                                   0     Character         0 
                                                                                                                                                
   bridge_city                                           Address City From Bridge                               150,117     Character        50+
                                                                                                                                                
   bridge_name_first                                     First Name From Bridge                                 150,117     Character        50+
                                                                                                                                                
   bridge_name_last                                      Last Name From Bridge                                  150,117     Character        50+
                                                                                                                                                
   bridge_name_last_exact                                                                                       150,117     Character        50+
                                                                                                                                                
   bridge_name_last_fuzzy1                                                                                      150,117     Character        50+
                                                                                                                                                
   bridge_state                                          Address State From Bridge                              150,117     Character         1 
                                                         Value WV    100%                                       150,117                         
                                                                                                                                                
   bridge_zip5                                           Address Zip 5 From Bridge                              150,117     Character        50+
                                                                                                                                                
   cac_bridge_md5email_id                                Unique ID To Append Email Addresses From Bridge        150,117     Character        50+

                                                             Number        Zero          Mean        Median       Minimum       Maximum    Variable
   Variable                                                 Missing      Values         Value         Value         Value         Value     Format 

   CAC_HH_PID                                                     0                                                                          $27   
                                                                                                                                                   
   CAC_NAME_LAST                                                  0                                                                                
                                                                                                                                                   
   bridge_address1                                                0                                                                          $50   
                                                                                                                                                   
   bridge_address2                                          150,117                                                                          $50   
                                                                                                                                                   
   bridge_city                                                    0                                                                          $30   
                                                                                                                                                   
   bridge_name_first                                              0                                                                          $25   
                                                                                                                                                   
   bridge_name_last                                               0                                                                          $25   
                                                                                                                                                   
   bridge_name_last_exact                                         0                                                                                
                                                                                                                                                   
   bridge_name_last_fuzzy1                                        0                                                                                
                                                                                                                                                   
   bridge_state                                                   0                                                                          $2    
                                                                                                                                                   
                                                                                                                                                   
   bridge_zip5                                                    0                                                                          $5    
                                                                                                                                                   
   cac_bridge_md5email_id                                         0                                                                          $50   

                                                             Prepared by CAC Group, Inc.
                                                                    Prepared for                                                                    10
                                                                 Data Quality Report
                                                           Library:WORK  Member:scored__WV
                                                              Total Observations: 150117

                                                                                      Number of     Numeric or                  Number        Zero
    Variable                                                      Label             Observations    Character     Levels       Missing      Values

                                                                                                                                                  
    chosen_cac_ind_gender                                                               150,117     Numeric           2              0           0
                                                          Value        1   41.6%         62,468                                                   
                                                          Value        2   58.4%         87,649                                                   
                                                                                                                                                  
    chosen_cac_ind_last                                                                 150,117     Character        50+             0            
                                                                                                                                                  
    chosen_cac_ind_mi                                                                   126,447     Character        26         23,670            
                                                                                                                                                  
    chosen_cac_ind_name                                                                 150,117     Character        50+             0            
                                                                                                                                                  
    chosen_cac_ind_number                                                               150,117     Numeric           5              0           0
                                                          Value        1   68.2%        102,310                                                   
                                                          Value        2   25.2%         37,786                                                   
                                                          Value        3    5.4%          8,159                                                   
                                                          Value        4    1.1%          1,607                                                   
                                                          Value        5    0.2%            255                                                   
                                                                                                                                                  
    chosen_first_x_of_x_flag                                                            150,117     Numeric           2              0         784
                                                                                                                                                  
    chosen_match_level                                                                  150,117     Numeric           3              0           0
                                                          Value        1   88.4%        132,724                                                   
                                                          Value        2    9.5%         14,247                                                   
                                                          Value        3    2.1%          3,146                                                   

                                                                Mean        Median       Minimum       Maximum    Variable
    Variable                                                   Value         Value         Value         Value     Format 

                                                                                                                          
    chosen_cac_ind_gender                                     1.5839        2.0000        1.0000        2.0000      8     
                                                                                                                          
                                                                                                                          
                                                                                                                          
    chosen_cac_ind_last                                                                                             $20   
                                                                                                                          
    chosen_cac_ind_mi                                                                                               $1    
                                                                                                                          
    chosen_cac_ind_name                                                                                             $14   
                                                                                                                          
    chosen_cac_ind_number                                     1.3993        1.0000        1.0000        5.0000      8     
                                                                                                                          
                                                                                                                          
                                                                                                                          
                                                                                                                          
                                                                                                                          
                                                                                                                          
    chosen_first_x_of_x_flag                                  0.9948        1.0000        0.0000        1.0000      8     
                                                                                                                          
    chosen_match_level                                        1.1368        1.0000        1.0000        3.0000      8     
                                                                                                                          
                                                                                                                          
                                                                                                                          

                                                             Prepared by CAC Group, Inc.
                                                                    Prepared for                                                                    11
                                                                 Data Quality Report
                                                           Library:WORK  Member:scored__WV
                                                              Total Observations: 150117

                                                                                      Number of     Numeric or                  Number        Zero
    Variable                                                      Label             Observations    Character     Levels       Missing      Values

                                                                                                                                                  
    chosen_spedis_score                                                                 150,117      Numeric         50+             0     132,773
                                                                                                                                                  
    last_name_match                                                                     150,117      Numeric          1              0           0
                                                          Value        1    100%        150,117                                                   
                                                                                                                                                  

                                                                Mean        Median       Minimum       Maximum    Variable
    Variable                                                   Value         Value         Value         Value     Format 

                                                                                                                          
    chosen_spedis_score                                       3.0215        0.0000        0.0000      450.0000       8    
                                                                                                                          
    last_name_match                                           1.0000        1.0000        1.0000        1.0000            
                                                                                                                          
                                                                                                                          





































                                                             Prepared by CAC Group, Inc.
