                                                                                             The WPS System                                                          11:41 Wednesday, July 29, 2015    1

                                                                                           The FREQ Procedure

                                                               Table of last_name_match by chosen_cac_ind_number
                                                                                                                                        
                                                                last_name_match|             chosen_cac_ind_number             |        
                                                                ---------------+-----------------------------------------------|        
                                                                   Frequency   |       |       |       |       |       |       |        
                                                                    Percent    |       |       |       |       |       |       |        
                                                                    Row Pct    |       |       |       |       |       |       |        
                                                                    Col Pct    |   .   |   1   |   2   |   3   |   4   |   5   | Total  
                                                                ---------------+-------+-------+-------+-------+-------+-------+------- 
                                                                              0|1420602|      0|      0|      0|      0|      0|1420602 
                                                                               |  39.60|   0.00|   0.00|   0.00|   0.00|   0.00|  39.60 
                                                                               | 100.00|   0.00|   0.00|   0.00|   0.00|   0.00|        
                                                                               |  50.28|   0.00|   0.00|   0.00|   0.00|   0.00|        
                                                                ---------------+-------+-------+-------+-------+-------+-------+------- 
                                                                              1|1404551| 530036| 163845|  50994|  14279|   2924|2166629 
                                                                               |  39.15|  14.78|   4.57|   1.42|   0.40|   0.08|  60.40 
                                                                               |  64.83|  24.46|   7.56|   2.35|   0.66|   0.13|        
                                                                               |  49.72| 100.00| 100.00| 100.00| 100.00| 100.00|        
                                                                ---------------+-------+-------+-------+-------+-------+-------+------- 
                                                                          Total|2825153| 530036| 163845|  50994|  14279|   2924|3587231 
                                                                               |  78.76|  14.78|   4.57|   1.42|   0.40|   0.08| 100.00 
                                                                                                                                        
                                                                                             The WPS System                                                          11:41 Wednesday, July 29, 2015    2

                                                                                           The FREQ Procedure

                                                                    Table of chosen_cac_ind_number by chosen_match_level
                                                                                                                                   
                                                                     chosen_cac_ind_number|      chosen_match_level       |        
                                                                     ---------------------+-------------------------------|        
                                                                           Frequency      |       |       |       |       |        
                                                                            Percent       |       |       |       |       |        
                                                                            Row Pct       |       |       |       |       |        
                                                                            Col Pct       |   .   |   1   |   2   |   3   | Total  
                                                                     ---------------------+-------+-------+-------+-------+------- 
                                                                                         .|2825153|      0|      0|      0|2825153 
                                                                                          |  78.76|   0.00|   0.00|   0.00|  78.76 
                                                                                          | 100.00|   0.00|   0.00|   0.00|        
                                                                                          | 100.00|   0.00|   0.00|   0.00|        
                                                                     ---------------------+-------+-------+-------+-------+------- 
                                                                                         1|      0| 468782|  52519|   8735| 530036 
                                                                                          |   0.00|  13.07|   1.46|   0.24|  14.78 
                                                                                          |   0.00|  88.44|   9.91|   1.65|        
                                                                                          |   0.00|  70.14|  66.30|  60.25|        
                                                                     ---------------------+-------+-------+-------+-------+------- 
                                                                                         2|      0| 142210|  18035|   3600| 163845 
                                                                                          |   0.00|   3.96|   0.50|   0.10|   4.57 
                                                                                          |   0.00|  86.80|  11.01|   2.20|        
                                                                                          |   0.00|  21.28|  22.77|  24.83|        
                                                                     ---------------------+-------+-------+-------+-------+------- 
                                                                                         3|      0|  43066|   6416|   1512|  50994 
                                                                                          |   0.00|   1.20|   0.18|   0.04|   1.42 
                                                                                          |   0.00|  84.45|  12.58|   2.97|        
                                                                                          |   0.00|   6.44|   8.10|  10.43|        
                                                                     ---------------------+-------+-------+-------+-------+------- 
                                                                                         4|      0|  11938|   1825|    516|  14279 
                                                                                          |   0.00|   0.33|   0.05|   0.01|   0.40 
                                                                                          |   0.00|  83.61|  12.78|   3.61|        
                                                                                          |   0.00|   1.79|   2.30|   3.56|        
                                                                     ---------------------+-------+-------+-------+-------+------- 
                                                                                         5|      0|   2364|    425|    135|   2924 
                                                                                          |   0.00|   0.07|   0.01|   0.00|   0.08 
                                                                                          |   0.00|  80.85|  14.53|   4.62|        
                                                                                          |   0.00|   0.35|   0.54|   0.93|        
                                                                     ---------------------+-------+-------+-------+-------+------- 
                                                                                     Total|2825153| 668360|  79220|  14498|3587231 
                                                                                          |  78.76|  18.63|   2.21|   0.40| 100.00 
                                                                                                                                   
                                                                                             match_level 2                                                           11:41 Wednesday, July 29, 2015    3

                                                                                           The FREQ Procedure

                                                                                                                Cumulative    Cumulative
                                                                chosen_spedis_score    Frequency     Percent     Frequency      Percent 
                                                                ------------------------------------------------------------------------
                                                                 0                          299        0.38           299         0.38  
                                                                 2                           57        0.07           356         0.45  
                                                                 3                          467        0.59           823         1.04  
                                                                 4                          780        0.98          1603         2.02  
                                                                 5                         3305        4.17          4908         6.20  
                                                                 6                          794        1.00          5702         7.20  
                                                                 7                         3496        4.41          9198        11.61  
                                                                 8                         1795        2.27         10993        13.88  
                                                                 9                          156        0.20         11149        14.07  
                                                                10                         2029        2.56         13178        16.63  
                                                                11                         2210        2.79         15388        19.42  
                                                                12                         2310        2.92         17698        22.34  
                                                                13                          508        0.64         18206        22.98  
                                                                14                         2595        3.28         20801        26.26  
                                                                15                         6383        8.06         27184        34.31  
                                                                16                         3124        3.94         30308        38.26  
                                                                17                         5737        7.24         36045        45.50  
                                                                18                          178        0.22         36223        45.72  
                                                                19                         4990        6.30         41213        52.02  
                                                                20                         5794        7.31         47007        59.34  
                                                                21                         1806        2.28         48813        61.62  
                                                                22                          587        0.74         49400        62.36  
                                                                23                         1655        2.09         51055        64.45  
                                                                24                         1112        1.40         52167        65.85  
                                                                25                         3348        4.23         55515        70.08  
                                                                26                         1335        1.69         56850        71.76  
                                                                27                         1566        1.98         58416        73.74  
                                                                28                         7951       10.04         66367        83.78  
                                                                29                         2823        3.56         69190        87.34  
                                                                30                         4202        5.30         73392        92.64  
                                                                31                          626        0.79         74018        93.43  
                                                                32                           22        0.03         74040        93.46  
                                                                33                         2609        3.29         76649        96.75  
                                                                34                         2571        3.25         79220       100.00  
                                                                                             match_level 3                                                           11:41 Wednesday, July 29, 2015    4

                                                                                           The FREQ Procedure

                                                                                                                Cumulative    Cumulative
                                                                chosen_spedis_score    Frequency     Percent     Frequency      Percent 
                                                                ------------------------------------------------------------------------
                                                                 35                         199        1.37           199         1.37  
                                                                 36                          15        0.10           214         1.48  
                                                                 37                        1135        7.83          1349         9.30  
                                                                 38                        1169        8.06          2518        17.37  
                                                                 39                        1078        7.44          3596        24.80  
                                                                 40                        1067        7.36          4663        32.16  
                                                                 41                         329        2.27          4992        34.43  
                                                                 42                         268        1.85          5260        36.28  
                                                                 43                         227        1.57          5487        37.85  
                                                                 44                          20        0.14          5507        37.98  
                                                                 45                         112        0.77          5619        38.76  
                                                                 46                         147        1.01          5766        39.77  
                                                                 47                         225        1.55          5991        41.32  
                                                                 48                          18        0.12          6009        41.45  
                                                                 49                           3        0.02          6012        41.47  
                                                                 50                        2832       19.53          8844        61.00  
                                                                 51                           1        0.01          8845        61.01  
                                                                 52                          14        0.10          8859        61.10  
                                                                 53                          11        0.08          8870        61.18  
                                                                 54                         196        1.35          9066        62.53  
                                                                 55                          98        0.68          9164        63.21  
                                                                 56                          70        0.48          9234        63.69  
                                                                 57                         372        2.57          9606        66.26  
                                                                 58                         280        1.93          9886        68.19  
                                                                 59                           9        0.06          9895        68.25  
                                                                 60                         503        3.47         10398        71.72  
                                                                 61                           2        0.01         10400        71.73  
                                                                 62                         493        3.40         10893        75.13  
                                                                 63                           2        0.01         10895        75.15  
                                                                 64                          58        0.40         10953        75.55  
                                                                 65                         105        0.72         11058        76.27  
                                                                 66                         830        5.72         11888        82.00  
                                                                 67                           5        0.03         11893        82.03  
                                                                 68                          48        0.33         11941        82.36  
                                                                 69                           1        0.01         11942        82.37  
                                                                 70                         134        0.92         12076        83.29  
                                                                 71                          18        0.12         12094        83.42  
                                                                 72                           2        0.01         12096        83.43  
                                                                 75                         463        3.19         12559        86.63  
                                                                 78                           6        0.04         12565        86.67  
                                                                 79                           5        0.03         12570        86.70  
                                                                 80                          51        0.35         12621        87.05  
                                                                 81                          18        0.12         12639        87.18  
                                                                 83                         380        2.62         13019        89.80  
                                                                 84                           1        0.01         13020        89.81  
                                                                 85                          11        0.08         13031        89.88  
                                                                 87                         113        0.78         13144        90.66  
                                                                 89                           2        0.01         13146        90.67  
                                                                 90                          23        0.16         13169        90.83  
                                                                 91                          20        0.14         13189        90.97  
                                                                 92                           2        0.01         13191        90.98  
                                                                 93                           4        0.03         13195        91.01  
                                                                 95                           1        0.01         13196        91.02  
                                                                 96                           2        0.01         13198        91.03  
                                                                100                         369        2.55         13567        93.58  
                                                                104                           1        0.01         13568        93.59  
                                                                105                           1        0.01         13569        93.59  
                                                                106                           5        0.03         13574        93.63  
                                                                107                           2        0.01         13576        93.64  
                                                                108                          21        0.14         13597        93.79  
                                                                110                           4        0.03         13601        93.81  
                                                                112                          34        0.23         13635        94.05  
                                                                116                          56        0.39         13691        94.43  
                                                                120                           1        0.01         13692        94.44  
                                                                125                          76        0.52         13768        94.96  
                                                                130                           2        0.01         13770        94.98  
                                                                133                          27        0.19         13797        95.16  
                                                                137                           7        0.05         13804        95.21  
                                                                141                           1        0.01         13805        95.22  
                                                                145                           1        0.01         13806        95.23  
                                                                150                         120        0.83         13926        96.05  
                                                                158                           4        0.03         13930        96.08  
                                                                162                           3        0.02         13933        96.10  
                                                                166                           4        0.03         13937        96.13  
                                                                175                          10        0.07         13947        96.20  
                                                                183                           1        0.01         13948        96.21  
                                                                187                           1        0.01         13949        96.21  
                                                                200                         157        1.08         14106        97.30  
                                                                225                           2        0.01         14108        97.31  
                                                                250                         107        0.74         14215        98.05  
                                                                266                           1        0.01         14216        98.05  
                                                                275                           1        0.01         14217        98.06  
                                                                300                         116        0.80         14333        98.86  
                                                                350                          90        0.62         14423        99.48  
                                                                400                          59        0.41         14482        99.89  
                                                                450                          12        0.08         14494        99.97  
                                                                500                           1        0.01         14495        99.98  
                                                                550                           1        0.01         14496        99.99  
                                                                600                           1        0.01         14497        99.99  
                                                                650                           1        0.01         14498       100.00  
                                                                                                                                                                     11:41 Wednesday, July 29, 2015    5

                                                                                           The FREQ Procedure

                                                               Table of last_name_match by chosen_cac_ind_number
                                                                                                                                        
                                                                last_name_match|             chosen_cac_ind_number             |        
                                                                ---------------+-----------------------------------------------|        
                                                                   Frequency   |       |       |       |       |       |       |        
                                                                    Percent    |       |       |       |       |       |       |        
                                                                    Row Pct    |       |       |       |       |       |       |        
                                                                    Col Pct    |   .   |   1   |   2   |   3   |   4   |   5   | Total  
                                                                ---------------+-------+-------+-------+-------+-------+-------+------- 
                                                                              0|1420602|      0|      0|      0|      0|      0|1420602 
                                                                               |  39.60|   0.00|   0.00|   0.00|   0.00|   0.00|  39.60 
                                                                               | 100.00|   0.00|   0.00|   0.00|   0.00|   0.00|        
                                                                               |  52.80|   0.00|   0.00|   0.00|   0.00|   0.00|        
                                                                ---------------+-------+-------+-------+-------+-------+-------+------- 
                                                                              1|1269985| 627329| 199773|  52814|  13944|   2784|2166629 
                                                                               |  35.40|  17.49|   5.57|   1.47|   0.39|   0.08|  60.40 
                                                                               |  58.62|  28.95|   9.22|   2.44|   0.64|   0.13|        
                                                                               |  47.20| 100.00| 100.00| 100.00| 100.00| 100.00|        
                                                                ---------------+-------+-------+-------+-------+-------+-------+------- 
                                                                          Total|2690587| 627329| 199773|  52814|  13944|   2784|3587231 
                                                                               |  75.00|  17.49|   5.57|   1.47|   0.39|   0.08| 100.00 
                                                                                                                                        
                                                                                                                                                                     11:41 Wednesday, July 29, 2015    6

                                                                                           The FREQ Procedure

                                                                    Table of chosen_cac_ind_number by chosen_match_level
                                                                                                                                   
                                                                     chosen_cac_ind_number|      chosen_match_level       |        
                                                                     ---------------------+-------------------------------|        
                                                                           Frequency      |       |       |       |       |        
                                                                            Percent       |       |       |       |       |        
                                                                            Row Pct       |       |       |       |       |        
                                                                            Col Pct       |   .   |   1   |   2   |   3   | Total  
                                                                     ---------------------+-------+-------+-------+-------+------- 
                                                                                         .|2690587|      0|      0|      0|2690587 
                                                                                          |  75.00|   0.00|   0.00|   0.00|  75.00 
                                                                                          | 100.00|   0.00|   0.00|   0.00|        
                                                                                          | 100.00|   0.00|   0.00|   0.00|        
                                                                     ---------------------+-------+-------+-------+-------+------- 
                                                                                         1|      0| 556296|  60286|  10747| 627329 
                                                                                          |   0.00|  15.51|   1.68|   0.30|  17.49 
                                                                                          |   0.00|  88.68|   9.61|   1.71|        
                                                                                          |   0.00|  70.37|  68.41|  59.91|        
                                                                     ---------------------+-------+-------+-------+-------+------- 
                                                                                         2|      0| 173767|  21064|   4942| 199773 
                                                                                          |   0.00|   4.84|   0.59|   0.14|   5.57 
                                                                                          |   0.00|  86.98|  10.54|   2.47|        
                                                                                          |   0.00|  21.98|  23.90|  27.55|        
                                                                     ---------------------+-------+-------+-------+-------+------- 
                                                                                         3|      0|  46182|   5028|   1604|  52814 
                                                                                          |   0.00|   1.29|   0.14|   0.04|   1.47 
                                                                                          |   0.00|  87.44|   9.52|   3.04|        
                                                                                          |   0.00|   5.84|   5.71|   8.94|        
                                                                     ---------------------+-------+-------+-------+-------+------- 
                                                                                         4|      0|  12011|   1420|    513|  13944 
                                                                                          |   0.00|   0.33|   0.04|   0.01|   0.39 
                                                                                          |   0.00|  86.14|  10.18|   3.68|        
                                                                                          |   0.00|   1.52|   1.61|   2.86|        
                                                                     ---------------------+-------+-------+-------+-------+------- 
                                                                                         5|      0|   2330|    321|    133|   2784 
                                                                                          |   0.00|   0.06|   0.01|   0.00|   0.08 
                                                                                          |   0.00|  83.69|  11.53|   4.78|        
                                                                                          |   0.00|   0.29|   0.36|   0.74|        
                                                                     ---------------------+-------+-------+-------+-------+------- 
                                                                                     Total|2690587| 790586|  88119|  17939|3587231 
                                                                                          |  75.00|  22.04|   2.46|   0.50| 100.00 
                                                                                                                                   
                                                                                             match_level 2                                                           11:41 Wednesday, July 29, 2015    7

                                                                                           The FREQ Procedure

                                                                                                                Cumulative    Cumulative
                                                                chosen_spedis_score    Frequency     Percent     Frequency      Percent 
                                                                ------------------------------------------------------------------------
                                                                 0                          406        0.46           406         0.46  
                                                                 2                           73        0.08           479         0.54  
                                                                 3                         1397        1.59          1876         2.13  
                                                                 4                         1280        1.45          3156         3.58  
                                                                 5                         4138        4.70          7294         8.28  
                                                                 6                         3111        3.53         10405        11.81  
                                                                 7                         4000        4.54         14405        16.35  
                                                                 8                         3889        4.41         18294        20.76  
                                                                 9                           83        0.09         18377        20.85  
                                                                10                         2632        2.99         21009        23.84  
                                                                11                         3121        3.54         24130        27.38  
                                                                12                         3536        4.01         27666        31.40  
                                                                13                          714        0.81         28380        32.21  
                                                                14                         4195        4.76         32575        36.97  
                                                                15                         3191        3.62         35766        40.59  
                                                                16                         4590        5.21         40356        45.80  
                                                                17                         2896        3.29         43252        49.08  
                                                                18                          441        0.50         43693        49.58  
                                                                19                         2255        2.56         45948        52.14  
                                                                20                         3967        4.50         49915        56.64  
                                                                21                         4455        5.06         54370        61.70  
                                                                22                         1429        1.62         55799        63.32  
                                                                23                          941        1.07         56740        64.39  
                                                                24                          720        0.82         57460        65.21  
                                                                25                         5560        6.31         63020        71.52  
                                                                26                         3301        3.75         66321        75.26  
                                                                27                         1016        1.15         67337        76.42  
                                                                28                         4929        5.59         72266        82.01  
                                                                29                         2955        3.35         75221        85.36  
                                                                30                         5654        6.42         80875        91.78  
                                                                31                         1357        1.54         82232        93.32  
                                                                32                           44        0.05         82276        93.37  
                                                                33                         3065        3.48         85341        96.85  
                                                                34                         2778        3.15         88119       100.00  
                                                                                             match_level 3                                                           11:41 Wednesday, July 29, 2015    8

                                                                                           The FREQ Procedure

                                                                                                                Cumulative    Cumulative
                                                                chosen_spedis_score    Frequency     Percent     Frequency      Percent 
                                                                ------------------------------------------------------------------------
                                                                 35                         260        1.45           260         1.45  
                                                                 36                           5        0.03           265         1.48  
                                                                 37                        1535        8.56          1800        10.03  
                                                                 38                        1551        8.65          3351        18.68  
                                                                 39                         509        2.84          3860        21.52  
                                                                 40                        1076        6.00          4936        27.52  
                                                                 41                         640        3.57          5576        31.08  
                                                                 42                         364        2.03          5940        33.11  
                                                                 43                         149        0.83          6089        33.94  
                                                                 44                         304        1.69          6393        35.64  
                                                                 45                         679        3.79          7072        39.42  
                                                                 46                         368        2.05          7440        41.47  
                                                                 47                        1365        7.61          8805        49.08  
                                                                 48                          16        0.09          8821        49.17  
                                                                 49                           3        0.02          8824        49.19  
                                                                 50                        3096       17.26         11920        66.45  
                                                                 52                          23        0.13         11943        66.58  
                                                                 53                          17        0.09         11960        66.67  
                                                                 54                         117        0.65         12077        67.32  
                                                                 55                          66        0.37         12143        67.69  
                                                                 56                          85        0.47         12228        68.16  
                                                                 57                         213        1.19         12441        69.35  
                                                                 58                         368        2.05         12809        71.40  
                                                                 59                          12        0.07         12821        71.47  
                                                                 60                         385        2.15         13206        73.62  
                                                                 61                           4        0.02         13210        73.64  
                                                                 62                         700        3.90         13910        77.54  
                                                                 63                           4        0.02         13914        77.56  
                                                                 64                          53        0.30         13967        77.86  
                                                                 65                          21        0.12         13988        77.98  
                                                                 66                         568        3.17         14556        81.14  
                                                                 67                          10        0.06         14566        81.20  
                                                                 68                          33        0.18         14599        81.38  
                                                                 69                           1        0.01         14600        81.39  
                                                                 70                         218        1.22         14818        82.60  
                                                                 71                          30        0.17         14848        82.77  
                                                                 72                           1        0.01         14849        82.77  
                                                                 75                         563        3.14         15412        85.91  
                                                                 78                           6        0.03         15418        85.95  
                                                                 79                           5        0.03         15423        85.97  
                                                                 80                          88        0.49         15511        86.47  
                                                                 81                          10        0.06         15521        86.52  
                                                                 83                         422        2.35         15943        88.87  
                                                                 85                          10        0.06         15953        88.93  
                                                                 86                           1        0.01         15954        88.93  
                                                                 87                         123        0.69         16077        89.62  
                                                                 89                           3        0.02         16080        89.64  
                                                                 90                          25        0.14         16105        89.78  
                                                                 91                          27        0.15         16132        89.93  
                                                                 92                           4        0.02         16136        89.95  
                                                                 93                           9        0.05         16145        90.00  
                                                                 95                           2        0.01         16147        90.01  
                                                                100                         449        2.50         16596        92.51  
                                                                104                           1        0.01         16597        92.52  
                                                                105                           2        0.01         16599        92.53  
                                                                106                           1        0.01         16600        92.54  
                                                                108                           8        0.04         16608        92.58  
                                                                110                           5        0.03         16613        92.61  
                                                                112                          37        0.21         16650        92.81  
                                                                115                           1        0.01         16651        92.82  
                                                                116                          55        0.31         16706        93.13  
                                                                118                           1        0.01         16707        93.13  
                                                                120                           3        0.02         16710        93.15  
                                                                125                         142        0.79         16852        93.94  
                                                                130                           5        0.03         16857        93.97  
                                                                131                           2        0.01         16859        93.98  
                                                                133                          29        0.16         16888        94.14  
                                                                137                           7        0.04         16895        94.18  
                                                                140                           1        0.01         16896        94.19  
                                                                141                           2        0.01         16898        94.20  
                                                                145                           1        0.01         16899        94.20  
                                                                150                         206        1.15         17105        95.35  
                                                                158                           2        0.01         17107        95.36  
                                                                162                           3        0.02         17110        95.38  
                                                                166                           6        0.03         17116        95.41  
                                                                175                          25        0.14         17141        95.55  
                                                                181                           1        0.01         17142        95.56  
                                                                187                           2        0.01         17144        95.57  
                                                                200                         184        1.03         17328        96.59  
                                                                225                           3        0.02         17331        96.61  
                                                                233                           1        0.01         17332        96.62  
                                                                250                         313        1.74         17645        98.36  
                                                                300                         226        1.26         17871        99.62  
                                                                350                          40        0.22         17911        99.84  
                                                                400                          20        0.11         17931        99.96  
                                                                450                           1        0.01         17932        99.96  
                                                                500                           7        0.04         17939       100.00  
                                                                    Prepared for                                                                     9
                                                                 Data Quality Report
                                                           Library:WORK  Member:scored__NY
                                                             Total Observations: 1658722

                                                                                                              Number of     Numeric or          
   Variable                                                                   Label                         Observations    Character     Levels

   CAC_HH_PID                                            Household Persistent ID                              1,658,722     Character        50+
                                                                                                                                                
   CAC_NAME_LAST                                         Household Name                                       1,658,722     Character        50+
                                                                                                                                                
   bridge_address1                                       Address Line 1 From Bridge                           1,658,722     Character        50+
                                                                                                                                                
   bridge_address2                                       Address Line 2 From Bridge                                   0     Character         0 
                                                                                                                                                
   bridge_city                                           Address City From Bridge                             1,658,722     Character        50+
                                                                                                                                                
   bridge_name_first                                     First Name From Bridge                               1,658,722     Character        50+
                                                                                                                                                
   bridge_name_last                                      Last Name From Bridge                                1,658,722     Character        50+
                                                                                                                                                
   bridge_name_last_exact                                                                                     1,658,722     Character        50+
                                                                                                                                                
   bridge_name_last_fuzzy1                                                                                    1,658,722     Character        50+
                                                                                                                                                
   bridge_state                                          Address State From Bridge                            1,658,722     Character         1 
                                                         Value NY    100%                                     1,658,722                         
                                                                                                                                                
   bridge_zip5                                           Address Zip 5 From Bridge                            1,658,722     Character        50+
                                                                                                                                                
   cac_bridge_md5email_id                                Unique ID To Append Email Addresses From Bridge      1,658,722     Character        50+

                                                             Number        Zero          Mean        Median       Minimum       Maximum    Variable
   Variable                                                 Missing      Values         Value         Value         Value         Value     Format 

   CAC_HH_PID                                                     0                                                                          $27   
                                                                                                                                                   
   CAC_NAME_LAST                                                  0                                                                                
                                                                                                                                                   
   bridge_address1                                                0                                                                          $50   
                                                                                                                                                   
   bridge_address2                                        1,658,722                                                                          $50   
                                                                                                                                                   
   bridge_city                                                    0                                                                          $30   
                                                                                                                                                   
   bridge_name_first                                              0                                                                          $25   
                                                                                                                                                   
   bridge_name_last                                               0                                                                          $25   
                                                                                                                                                   
   bridge_name_last_exact                                         0                                                                                
                                                                                                                                                   
   bridge_name_last_fuzzy1                                        0                                                                                
                                                                                                                                                   
   bridge_state                                                   0                                                                          $2    
                                                                                                                                                   
                                                                                                                                                   
   bridge_zip5                                                    0                                                                          $5    
                                                                                                                                                   
   cac_bridge_md5email_id                                         0                                                                          $50   

                                                             Prepared by CAC Group, Inc.
                                                                    Prepared for                                                                    10
                                                                 Data Quality Report
                                                           Library:WORK  Member:scored__NY
                                                             Total Observations: 1658722

                                                                                      Number of     Numeric or                  Number        Zero
    Variable                                                      Label             Observations    Character     Levels       Missing      Values

                                                                                                                                                  
    chosen_cac_ind_gender                                                             1,658,722     Numeric           2              0           0
                                                          Value        1   45.9%        762,078                                                   
                                                          Value        2   54.1%        896,644                                                   
                                                                                                                                                  
    chosen_cac_ind_last                                                               1,658,722     Character        50+             0            
                                                                                                                                                  
    chosen_cac_ind_mi                                                                 1,336,551     Character        26        322,171            
                                                                                                                                                  
    chosen_cac_ind_name                                                               1,658,722     Character        50+             0            
                                                                                                                                                  
    chosen_cac_ind_number                                                             1,658,722     Numeric           5              0           0
                                                          Value        1   69.8%      1,157,365                                                   
                                                          Value        2   21.9%        363,618                                                   
                                                          Value        3    6.3%        103,808                                                   
                                                          Value        4    1.7%         28,223                                                   
                                                          Value        5    0.3%          5,708                                                   
                                                                                                                                                  
    chosen_first_x_of_x_flag                                                          1,658,722     Numeric           2              0      10,903
                                                                                                                                                  
    chosen_match_level                                                                1,658,722     Numeric           3              0           0
                                                          Value        1   88.0%      1,458,946                                                   
                                                          Value        2   10.1%        167,339                                                   
                                                          Value        3    2.0%         32,437                                                   

                                                                Mean        Median       Minimum       Maximum    Variable
    Variable                                                   Value         Value         Value         Value     Format 

                                                                                                                          
    chosen_cac_ind_gender                                     1.5406        2.0000        1.0000        2.0000      8     
                                                                                                                          
                                                                                                                          
                                                                                                                          
    chosen_cac_ind_last                                                                                             $20   
                                                                                                                          
    chosen_cac_ind_mi                                                                                               $1    
                                                                                                                          
    chosen_cac_ind_name                                                                                             $14   
                                                                                                                          
    chosen_cac_ind_number                                     1.4092        1.0000        1.0000        5.0000      8     
                                                                                                                          
                                                                                                                          
                                                                                                                          
                                                                                                                          
                                                                                                                          
                                                                                                                          
    chosen_first_x_of_x_flag                                  0.9934        1.0000        0.0000        1.0000      8     
                                                                                                                          
    chosen_match_level                                        1.1400        1.0000        1.0000        3.0000      8     
                                                                                                                          
                                                                                                                          
                                                                                                                          

                                                             Prepared by CAC Group, Inc.
                                                                    Prepared for                                                                    11
                                                                 Data Quality Report
                                                           Library:WORK  Member:scored__NY
                                                             Total Observations: 1658722

                                                                                      Number of     Numeric or                  Number        Zero
    Variable                                                      Label             Observations    Character     Levels       Missing      Values

                                                                                                                                                  
    chosen_spedis_score                                                               1,658,722      Numeric         50+             0     1459651
                                                                                                                                                  
    last_name_match                                                                   1,658,722      Numeric          1              0           0
                                                          Value        1    100%      1,658,722                                                   
                                                                                                                                                  

                                                                Mean        Median       Minimum       Maximum    Variable
    Variable                                                   Value         Value         Value         Value     Format 

                                                                                                                          
    chosen_spedis_score                                       3.1411        0.0000        0.0000      650.0000       8    
                                                                                                                          
    last_name_match                                           1.0000        1.0000        1.0000        1.0000            
                                                                                                                          
                                                                                                                          





































                                                             Prepared by CAC Group, Inc.
