                                                                                             The WPS System                                                          11:41 Wednesday, July 29, 2015    1

                                                                                           The FREQ Procedure

                                                               Table of last_name_match by chosen_cac_ind_number
                                                                                                                                        
                                                                last_name_match|             chosen_cac_ind_number             |        
                                                                ---------------+-----------------------------------------------|        
                                                                   Frequency   |       |       |       |       |       |       |        
                                                                    Percent    |       |       |       |       |       |       |        
                                                                    Row Pct    |       |       |       |       |       |       |        
                                                                    Col Pct    |   .   |   1   |   2   |   3   |   4   |   5   | Total  
                                                                ---------------+-------+-------+-------+-------+-------+-------+------- 
                                                                              0| 229175|      0|      0|      0|      0|      0| 229175 
                                                                               |  38.04|   0.00|   0.00|   0.00|   0.00|   0.00|  38.04 
                                                                               | 100.00|   0.00|   0.00|   0.00|   0.00|   0.00|        
                                                                               |  48.35|   0.00|   0.00|   0.00|   0.00|   0.00|        
                                                                ---------------+-------+-------+-------+-------+-------+-------+------- 
                                                                              1| 244834|  89632|  27207|   9152|   2042|    401| 373268 
                                                                               |  40.64|  14.88|   4.52|   1.52|   0.34|   0.07|  61.96 
                                                                               |  65.59|  24.01|   7.29|   2.45|   0.55|   0.11|        
                                                                               |  51.65| 100.00| 100.00| 100.00| 100.00| 100.00|        
                                                                ---------------+-------+-------+-------+-------+-------+-------+------- 
                                                                          Total| 474009|  89632|  27207|   9152|   2042|    401| 602443 
                                                                               |  78.68|  14.88|   4.52|   1.52|   0.34|   0.07| 100.00 
                                                                                                                                        
                                                                                             The WPS System                                                          11:41 Wednesday, July 29, 2015    2

                                                                                           The FREQ Procedure

                                                                    Table of chosen_cac_ind_number by chosen_match_level
                                                                                                                                   
                                                                     chosen_cac_ind_number|      chosen_match_level       |        
                                                                     ---------------------+-------------------------------|        
                                                                           Frequency      |       |       |       |       |        
                                                                            Percent       |       |       |       |       |        
                                                                            Row Pct       |       |       |       |       |        
                                                                            Col Pct       |   .   |   1   |   2   |   3   | Total  
                                                                     ---------------------+-------+-------+-------+-------+------- 
                                                                                         .| 474009|      0|      0|      0| 474009 
                                                                                          |  78.68|   0.00|   0.00|   0.00|  78.68 
                                                                                          | 100.00|   0.00|   0.00|   0.00|        
                                                                                          | 100.00|   0.00|   0.00|   0.00|        
                                                                     ---------------------+-------+-------+-------+-------+------- 
                                                                                         1|      0|  78269|   9897|   1466|  89632 
                                                                                          |   0.00|  12.99|   1.64|   0.24|  14.88 
                                                                                          |   0.00|  87.32|  11.04|   1.64|        
                                                                                          |   0.00|  70.04|  69.64|  59.28|        
                                                                     ---------------------+-------+-------+-------+-------+------- 
                                                                                         2|      0|  23385|   3171|    651|  27207 
                                                                                          |   0.00|   3.88|   0.53|   0.11|   4.52 
                                                                                          |   0.00|  85.95|  11.66|   2.39|        
                                                                                          |   0.00|  20.93|  22.31|  26.32|        
                                                                     ---------------------+-------+-------+-------+-------+------- 
                                                                                         3|      0|   7991|    896|    265|   9152 
                                                                                          |   0.00|   1.33|   0.15|   0.04|   1.52 
                                                                                          |   0.00|  87.31|   9.79|   2.90|        
                                                                                          |   0.00|   7.15|   6.30|  10.72|        
                                                                     ---------------------+-------+-------+-------+-------+------- 
                                                                                         4|      0|   1752|    214|     76|   2042 
                                                                                          |   0.00|   0.29|   0.04|   0.01|   0.34 
                                                                                          |   0.00|  85.80|  10.48|   3.72|        
                                                                                          |   0.00|   1.57|   1.51|   3.07|        
                                                                     ---------------------+-------+-------+-------+-------+------- 
                                                                                         5|      0|    352|     34|     15|    401 
                                                                                          |   0.00|   0.06|   0.01|   0.00|   0.07 
                                                                                          |   0.00|  87.78|   8.48|   3.74|        
                                                                                          |   0.00|   0.31|   0.24|   0.61|        
                                                                     ---------------------+-------+-------+-------+-------+------- 
                                                                                     Total| 474009| 111749|  14212|   2473| 602443 
                                                                                          |  78.68|  18.55|   2.36|   0.41| 100.00 
                                                                                                                                   
                                                                                             match_level 2                                                           11:41 Wednesday, July 29, 2015    3

                                                                                           The FREQ Procedure

                                                                                                                Cumulative    Cumulative
                                                                chosen_spedis_score    Frequency     Percent     Frequency      Percent 
                                                                ------------------------------------------------------------------------
                                                                 0                           33        0.23            33         0.23  
                                                                 2                            6        0.04            39         0.27  
                                                                 3                           45        0.32            84         0.59  
                                                                 4                           99        0.70           183         1.29  
                                                                 5                          648        4.56           831         5.85  
                                                                 6                           87        0.61           918         6.46  
                                                                 7                          886        6.23          1804        12.69  
                                                                 8                          206        1.45          2010        14.14  
                                                                 9                            7        0.05          2017        14.19  
                                                                10                          432        3.04          2449        17.23  
                                                                11                          663        4.67          3112        21.90  
                                                                12                          225        1.58          3337        23.48  
                                                                13                          105        0.74          3442        24.22  
                                                                14                          659        4.64          4101        28.86  
                                                                15                         1797       12.64          5898        41.50  
                                                                16                          349        2.46          6247        43.96  
                                                                17                         1171        8.24          7418        52.20  
                                                                18                           37        0.26          7455        52.46  
                                                                19                          886        6.23          8341        58.69  
                                                                20                         1145        8.06          9486        66.75  
                                                                21                          337        2.37          9823        69.12  
                                                                22                          157        1.10          9980        70.22  
                                                                23                          163        1.15         10143        71.37  
                                                                24                          261        1.84         10404        73.21  
                                                                25                          474        3.34         10878        76.54  
                                                                26                          111        0.78         10989        77.32  
                                                                27                          176        1.24         11165        78.56  
                                                                28                         1090        7.67         12255        86.23  
                                                                29                          388        2.73         12643        88.96  
                                                                30                          481        3.38         13124        92.34  
                                                                31                           42        0.30         13166        92.64  
                                                                32                            5        0.04         13171        92.68  
                                                                33                          475        3.34         13646        96.02  
                                                                34                          566        3.98         14212       100.00  
                                                                                             match_level 3                                                           11:41 Wednesday, July 29, 2015    4

                                                                                           The FREQ Procedure

                                                                                                                Cumulative    Cumulative
                                                                chosen_spedis_score    Frequency     Percent     Frequency      Percent 
                                                                ------------------------------------------------------------------------
                                                                 35                          43        1.74            43         1.74  
                                                                 37                         180        7.28           223         9.02  
                                                                 38                         160        6.47           383        15.49  
                                                                 39                         275       11.12           658        26.61  
                                                                 40                         281       11.36           939        37.97  
                                                                 41                          51        2.06           990        40.03  
                                                                 42                          52        2.10          1042        42.14  
                                                                 43                          11        0.44          1053        42.58  
                                                                 44                           2        0.08          1055        42.66  
                                                                 45                          20        0.81          1075        43.47  
                                                                 46                          35        1.42          1110        44.88  
                                                                 47                          56        2.26          1166        47.15  
                                                                 50                         554       22.40          1720        69.55  
                                                                 52                           1        0.04          1721        69.59  
                                                                 53                           4        0.16          1725        69.75  
                                                                 54                          44        1.78          1769        71.53  
                                                                 55                          13        0.53          1782        72.06  
                                                                 56                           6        0.24          1788        72.30  
                                                                 57                          35        1.42          1823        73.72  
                                                                 58                          62        2.51          1885        76.22  
                                                                 60                          88        3.56          1973        79.78  
                                                                 61                           1        0.04          1974        79.82  
                                                                 62                          56        2.26          2030        82.09  
                                                                 64                          15        0.61          2045        82.69  
                                                                 65                          13        0.53          2058        83.22  
                                                                 66                         113        4.57          2171        87.79  
                                                                 68                           8        0.32          2179        88.11  
                                                                 70                          21        0.85          2200        88.96  
                                                                 71                           2        0.08          2202        89.04  
                                                                 75                          60        2.43          2262        91.47  
                                                                 78                           1        0.04          2263        91.51  
                                                                 80                          11        0.44          2274        91.95  
                                                                 81                           4        0.16          2278        92.11  
                                                                 83                          48        1.94          2326        94.06  
                                                                 87                           9        0.36          2335        94.42  
                                                                 90                           2        0.08          2337        94.50  
                                                                 91                           7        0.28          2344        94.78  
                                                                 93                           1        0.04          2345        94.82  
                                                                100                          31        1.25          2376        96.08  
                                                                106                           2        0.08          2378        96.16  
                                                                108                           5        0.20          2383        96.36  
                                                                112                           2        0.08          2385        96.44  
                                                                116                           9        0.36          2394        96.81  
                                                                118                           1        0.04          2395        96.85  
                                                                125                           1        0.04          2396        96.89  
                                                                131                           1        0.04          2397        96.93  
                                                                137                           1        0.04          2398        96.97  
                                                                150                          14        0.57          2412        97.53  
                                                                162                           2        0.08          2414        97.61  
                                                                166                           1        0.04          2415        97.65  
                                                                183                           1        0.04          2416        97.70  
                                                                187                           1        0.04          2417        97.74  
                                                                200                          12        0.49          2429        98.22  
                                                                250                          21        0.85          2450        99.07  
                                                                300                          11        0.44          2461        99.51  
                                                                350                           7        0.28          2468        99.80  
                                                                400                           4        0.16          2472        99.96  
                                                                450                           1        0.04          2473       100.00  
                                                                                                                                                                     11:41 Wednesday, July 29, 2015    5

                                                                                           The FREQ Procedure

                                                               Table of last_name_match by chosen_cac_ind_number
                                                                                                                                        
                                                                last_name_match|             chosen_cac_ind_number             |        
                                                                ---------------+-----------------------------------------------|        
                                                                   Frequency   |       |       |       |       |       |       |        
                                                                    Percent    |       |       |       |       |       |       |        
                                                                    Row Pct    |       |       |       |       |       |       |        
                                                                    Col Pct    |   .   |   1   |   2   |   3   |   4   |   5   | Total  
                                                                ---------------+-------+-------+-------+-------+-------+-------+------- 
                                                                              0| 229175|      0|      0|      0|      0|      0| 229175 
                                                                               |  38.04|   0.00|   0.00|   0.00|   0.00|   0.00|  38.04 
                                                                               | 100.00|   0.00|   0.00|   0.00|   0.00|   0.00|        
                                                                               |  52.41|   0.00|   0.00|   0.00|   0.00|   0.00|        
                                                                ---------------+-------+-------+-------+-------+-------+-------+------- 
                                                                              1| 208122| 109610|  44488|   8575|   2087|    386| 373268 
                                                                               |  34.55|  18.19|   7.38|   1.42|   0.35|   0.06|  61.96 
                                                                               |  55.76|  29.36|  11.92|   2.30|   0.56|   0.10|        
                                                                               |  47.59| 100.00| 100.00| 100.00| 100.00| 100.00|        
                                                                ---------------+-------+-------+-------+-------+-------+-------+------- 
                                                                          Total| 437297| 109610|  44488|   8575|   2087|    386| 602443 
                                                                               |  72.59|  18.19|   7.38|   1.42|   0.35|   0.06| 100.00 
                                                                                                                                        
                                                                                                                                                                     11:41 Wednesday, July 29, 2015    6

                                                                                           The FREQ Procedure

                                                                    Table of chosen_cac_ind_number by chosen_match_level
                                                                                                                                   
                                                                     chosen_cac_ind_number|      chosen_match_level       |        
                                                                     ---------------------+-------------------------------|        
                                                                           Frequency      |       |       |       |       |        
                                                                            Percent       |       |       |       |       |        
                                                                            Row Pct       |       |       |       |       |        
                                                                            Col Pct       |   .   |   1   |   2   |   3   | Total  
                                                                     ---------------------+-------+-------+-------+-------+------- 
                                                                                         .| 437297|      0|      0|      0| 437297 
                                                                                          |  72.59|   0.00|   0.00|   0.00|  72.59 
                                                                                          | 100.00|   0.00|   0.00|   0.00|        
                                                                                          | 100.00|   0.00|   0.00|   0.00|        
                                                                     ---------------------+-------+-------+-------+-------+------- 
                                                                                         1|      0|  99131|   8454|   2025| 109610 
                                                                                          |   0.00|  16.45|   1.40|   0.34|  18.19 
                                                                                          |   0.00|  90.44|   7.71|   1.85|        
                                                                                          |   0.00|  66.74|  63.88|  59.77|        
                                                                     ---------------------+-------+-------+-------+-------+------- 
                                                                                         2|      0|  39501|   3928|   1059|  44488 
                                                                                          |   0.00|   6.56|   0.65|   0.18|   7.38 
                                                                                          |   0.00|  88.79|   8.83|   2.38|        
                                                                                          |   0.00|  26.60|  29.68|  31.26|        
                                                                     ---------------------+-------+-------+-------+-------+------- 
                                                                                         3|      0|   7713|    629|    233|   8575 
                                                                                          |   0.00|   1.28|   0.10|   0.04|   1.42 
                                                                                          |   0.00|  89.95|   7.34|   2.72|        
                                                                                          |   0.00|   5.19|   4.75|   6.88|        
                                                                     ---------------------+-------+-------+-------+-------+------- 
                                                                                         4|      0|   1826|    199|     62|   2087 
                                                                                          |   0.00|   0.30|   0.03|   0.01|   0.35 
                                                                                          |   0.00|  87.49|   9.54|   2.97|        
                                                                                          |   0.00|   1.23|   1.50|   1.83|        
                                                                     ---------------------+-------+-------+-------+-------+------- 
                                                                                         5|      0|    352|     25|      9|    386 
                                                                                          |   0.00|   0.06|   0.00|   0.00|   0.06 
                                                                                          |   0.00|  91.19|   6.48|   2.33|        
                                                                                          |   0.00|   0.24|   0.19|   0.27|        
                                                                     ---------------------+-------+-------+-------+-------+------- 
                                                                                     Total| 437297| 148523|  13235|   3388| 602443 
                                                                                          |  72.59|  24.65|   2.20|   0.56| 100.00 
                                                                                                                                   
                                                                                             match_level 2                                                           11:41 Wednesday, July 29, 2015    7

                                                                                           The FREQ Procedure

                                                                                                                Cumulative    Cumulative
                                                                chosen_spedis_score    Frequency     Percent     Frequency      Percent 
                                                                ------------------------------------------------------------------------
                                                                 0                           60        0.45            60         0.45  
                                                                 2                           10        0.08            70         0.53  
                                                                 3                          165        1.25           235         1.78  
                                                                 4                          153        1.16           388         2.93  
                                                                 5                          701        5.30          1089         8.23  
                                                                 6                          230        1.74          1319         9.97  
                                                                 7                          594        4.49          1913        14.45  
                                                                 8                          699        5.28          2612        19.74  
                                                                 9                            3        0.02          2615        19.76  
                                                                10                          429        3.24          3044        23.00  
                                                                11                          353        2.67          3397        25.67  
                                                                12                          390        2.95          3787        28.61  
                                                                13                           80        0.60          3867        29.22  
                                                                14                          820        6.20          4687        35.41  
                                                                15                          400        3.02          5087        38.44  
                                                                16                          751        5.67          5838        44.11  
                                                                17                          769        5.81          6607        49.92  
                                                                18                           80        0.60          6687        50.53  
                                                                19                          373        2.82          7060        53.34  
                                                                20                          626        4.73          7686        58.07  
                                                                21                         1072        8.10          8758        66.17  
                                                                22                          337        2.55          9095        68.72  
                                                                23                          171        1.29          9266        70.01  
                                                                24                           97        0.73          9363        70.74  
                                                                25                          653        4.93         10016        75.68  
                                                                26                          477        3.60         10493        79.28  
                                                                27                          174        1.31         10667        80.60  
                                                                28                          609        4.60         11276        85.20  
                                                                29                          311        2.35         11587        87.55  
                                                                30                          566        4.28         12153        91.82  
                                                                31                           93        0.70         12246        92.53  
                                                                32                            4        0.03         12250        92.56  
                                                                33                          543        4.10         12793        96.66  
                                                                34                          442        3.34         13235       100.00  
                                                                                             match_level 3                                                           11:41 Wednesday, July 29, 2015    8

                                                                                           The FREQ Procedure

                                                                                                                Cumulative    Cumulative
                                                                chosen_spedis_score    Frequency     Percent     Frequency      Percent 
                                                                ------------------------------------------------------------------------
                                                                 35                          35        1.03            35         1.03  
                                                                 36                           1        0.03            36         1.06  
                                                                 37                         234        6.91           270         7.97  
                                                                 38                         342       10.09           612        18.06  
                                                                 39                         196        5.79           808        23.85  
                                                                 40                         185        5.46           993        29.31  
                                                                 41                          87        2.57          1080        31.88  
                                                                 42                          71        2.10          1151        33.97  
                                                                 43                          10        0.30          1161        34.27  
                                                                 44                          42        1.24          1203        35.51  
                                                                 45                         258        7.62          1461        43.12  
                                                                 46                          53        1.56          1514        44.69  
                                                                 47                         505       14.91          2019        59.59  
                                                                 48                           1        0.03          2020        59.62  
                                                                 50                         526       15.53          2546        75.15  
                                                                 52                           3        0.09          2549        75.24  
                                                                 53                           1        0.03          2550        75.27  
                                                                 54                          22        0.65          2572        75.91  
                                                                 55                          10        0.30          2582        76.21  
                                                                 56                          13        0.38          2595        76.59  
                                                                 57                          26        0.77          2621        77.36  
                                                                 58                          64        1.89          2685        79.25  
                                                                 59                           2        0.06          2687        79.31  
                                                                 60                          61        1.80          2748        81.11  
                                                                 62                          64        1.89          2812        83.00  
                                                                 64                           1        0.03          2813        83.03  
                                                                 65                           7        0.21          2820        83.23  
                                                                 66                          70        2.07          2890        85.30  
                                                                 68                           5        0.15          2895        85.45  
                                                                 70                          12        0.35          2907        85.80  
                                                                 71                           5        0.15          2912        85.95  
                                                                 75                          71        2.10          2983        88.05  
                                                                 79                           1        0.03          2984        88.08  
                                                                 80                          17        0.50          3001        88.58  
                                                                 81                           1        0.03          3002        88.61  
                                                                 83                          67        1.98          3069        90.58  
                                                                 85                           1        0.03          3070        90.61  
                                                                 87                          20        0.59          3090        91.20  
                                                                 90                          11        0.32          3101        91.53  
                                                                 91                           5        0.15          3106        91.68  
                                                                 92                           1        0.03          3107        91.71  
                                                                 95                           3        0.09          3110        91.79  
                                                                100                          61        1.80          3171        93.60  
                                                                108                           3        0.09          3174        93.68  
                                                                112                           9        0.27          3183        93.95  
                                                                116                          10        0.30          3193        94.24  
                                                                120                           1        0.03          3194        94.27  
                                                                125                          36        1.06          3230        95.34  
                                                                133                           2        0.06          3232        95.40  
                                                                135                           1        0.03          3233        95.43  
                                                                150                          44        1.30          3277        96.72  
                                                                162                           1        0.03          3278        96.75  
                                                                166                           1        0.03          3279        96.78  
                                                                175                           2        0.06          3281        96.84  
                                                                200                          41        1.21          3322        98.05  
                                                                250                          32        0.94          3354        99.00  
                                                                275                           1        0.03          3355        99.03  
                                                                283                           1        0.03          3356        99.06  
                                                                300                          30        0.89          3386        99.94  
                                                                350                           1        0.03          3387        99.97  
                                                                450                           1        0.03          3388       100.00  
                                                                    Prepared for                                                                     9
                                                                 Data Quality Report
                                                           Library:WORK  Member:scored__AR
                                                              Total Observations: 293580

                                                                                                              Number of     Numeric or          
   Variable                                                                   Label                         Observations    Character     Levels

   CAC_HH_PID                                            Household Persistent ID                                293,580     Character        50+
                                                                                                                                                
   CAC_NAME_LAST                                         Household Name                                         293,580     Character        50+
                                                                                                                                                
   bridge_address1                                       Address Line 1 From Bridge                             293,580     Character        50+
                                                                                                                                                
   bridge_address2                                       Address Line 2 From Bridge                                   0     Character         0 
                                                                                                                                                
   bridge_city                                           Address City From Bridge                               293,580     Character        50+
                                                                                                                                                
   bridge_name_first                                     First Name From Bridge                                 293,580     Character        50+
                                                                                                                                                
   bridge_name_last                                      Last Name From Bridge                                  293,580     Character        50+
                                                                                                                                                
   bridge_name_last_exact                                                                                       293,580     Character        50+
                                                                                                                                                
   bridge_name_last_fuzzy1                                                                                      293,580     Character        50+
                                                                                                                                                
   bridge_state                                          Address State From Bridge                              293,580     Character         1 
                                                         Value AR    100%                                       293,580                         
                                                                                                                                                
   bridge_zip5                                           Address Zip 5 From Bridge                              293,580     Character        50+
                                                                                                                                                
   cac_bridge_md5email_id                                Unique ID To Append Email Addresses From Bridge        293,580     Character        50+

                                                             Number        Zero          Mean        Median       Minimum       Maximum    Variable
   Variable                                                 Missing      Values         Value         Value         Value         Value     Format 

   CAC_HH_PID                                                     0                                                                          $27   
                                                                                                                                                   
   CAC_NAME_LAST                                                  0                                                                                
                                                                                                                                                   
   bridge_address1                                                0                                                                          $50   
                                                                                                                                                   
   bridge_address2                                          293,580                                                                          $50   
                                                                                                                                                   
   bridge_city                                                    0                                                                          $30   
                                                                                                                                                   
   bridge_name_first                                              0                                                                          $25   
                                                                                                                                                   
   bridge_name_last                                               0                                                                          $25   
                                                                                                                                                   
   bridge_name_last_exact                                         0                                                                                
                                                                                                                                                   
   bridge_name_last_fuzzy1                                        0                                                                                
                                                                                                                                                   
   bridge_state                                                   0                                                                          $2    
                                                                                                                                                   
                                                                                                                                                   
   bridge_zip5                                                    0                                                                          $5    
                                                                                                                                                   
   cac_bridge_md5email_id                                         0                                                                          $50   

                                                             Prepared by CAC Group, Inc.
                                                                    Prepared for                                                                    10
                                                                 Data Quality Report
                                                           Library:WORK  Member:scored__AR
                                                              Total Observations: 293580

                                                                                      Number of     Numeric or                  Number        Zero
    Variable                                                      Label             Observations    Character     Levels       Missing      Values

                                                                                                                                                  
    chosen_cac_ind_gender                                                               293,580     Numeric           2              0           0
                                                          Value        1   43.7%        128,434                                                   
                                                          Value        2   56.3%        165,146                                                   
                                                                                                                                                  
    chosen_cac_ind_last                                                                 293,580     Character        50+             0            
                                                                                                                                                  
    chosen_cac_ind_mi                                                                   255,881     Character        26         37,699            
                                                                                                                                                  
    chosen_cac_ind_name                                                                 293,580     Character        50+             0            
                                                                                                                                                  
    chosen_cac_ind_number                                                               293,580     Numeric           5              0           0
                                                          Value        1   67.9%        199,242                                                   
                                                          Value        2   24.4%         71,695                                                   
                                                          Value        3    6.0%         17,727                                                   
                                                          Value        4    1.4%          4,129                                                   
                                                          Value        5    0.3%            787                                                   
                                                                                                                                                  
    chosen_first_x_of_x_flag                                                            293,580     Numeric           2              0       1,643
                                                                                                                                                  
    chosen_match_level                                                                  293,580     Numeric           3              0           0
                                                          Value        1   88.7%        260,272                                                   
                                                          Value        2    9.3%         27,447                                                   
                                                          Value        3    2.0%          5,861                                                   

                                                                Mean        Median       Minimum       Maximum    Variable
    Variable                                                   Value         Value         Value         Value     Format 

                                                                                                                          
    chosen_cac_ind_gender                                     1.5625        2.0000        1.0000        2.0000      8     
                                                                                                                          
                                                                                                                          
                                                                                                                          
    chosen_cac_ind_last                                                                                             $20   
                                                                                                                          
    chosen_cac_ind_mi                                                                                               $1    
                                                                                                                          
    chosen_cac_ind_name                                                                                             $14   
                                                                                                                          
    chosen_cac_ind_number                                     1.4179        1.0000        1.0000        5.0000      8     
                                                                                                                          
                                                                                                                          
                                                                                                                          
                                                                                                                          
                                                                                                                          
                                                                                                                          
    chosen_first_x_of_x_flag                                  0.9944        1.0000        0.0000        1.0000      8     
                                                                                                                          
    chosen_match_level                                        1.1334        1.0000        1.0000        3.0000      8     
                                                                                                                          
                                                                                                                          
                                                                                                                          

                                                             Prepared by CAC Group, Inc.
                                                                    Prepared for                                                                    11
                                                                 Data Quality Report
                                                           Library:WORK  Member:scored__AR
                                                              Total Observations: 293580

                                                                                      Number of     Numeric or                  Number        Zero
    Variable                                                      Label             Observations    Character     Levels       Missing      Values

                                                                                                                                                  
    chosen_spedis_score                                                                 293,580      Numeric         50+             0     260,365
                                                                                                                                                  
    last_name_match                                                                     293,580      Numeric          1              0           0
                                                          Value        1    100%        293,580                                                   
                                                                                                                                                  

                                                                Mean        Median       Minimum       Maximum    Variable
    Variable                                                   Value         Value         Value         Value     Format 

                                                                                                                          
    chosen_spedis_score                                       2.8616        0.0000        0.0000      450.0000       8    
                                                                                                                          
    last_name_match                                           1.0000        1.0000        1.0000        1.0000            
                                                                                                                          
                                                                                                                          





































                                                             Prepared by CAC Group, Inc.
