                                                                                             The WPS System                                                          11:38 Wednesday, July 29, 2015    1

                                                                                           The FREQ Procedure

                                                               Table of last_name_match by chosen_cac_ind_number
                                                                                                                                        
                                                                last_name_match|             chosen_cac_ind_number             |        
                                                                ---------------+-----------------------------------------------|        
                                                                   Frequency   |       |       |       |       |       |       |        
                                                                    Percent    |       |       |       |       |       |       |        
                                                                    Row Pct    |       |       |       |       |       |       |        
                                                                    Col Pct    |   .   |   1   |   2   |   3   |   4   |   5   | Total  
                                                                ---------------+-------+-------+-------+-------+-------+-------+------- 
                                                                              0| 431093|      0|      0|      0|      0|      0| 431093 
                                                                               |  40.82|   0.00|   0.00|   0.00|   0.00|   0.00|  40.82 
                                                                               | 100.00|   0.00|   0.00|   0.00|   0.00|   0.00|        
                                                                               |  52.62|   0.00|   0.00|   0.00|   0.00|   0.00|        
                                                                ---------------+-------+-------+-------+-------+-------+-------+------- 
                                                                              1| 388099| 167582|  50456|  14791|   3384|    608| 624920 
                                                                               |  36.75|  15.87|   4.78|   1.40|   0.32|   0.06|  59.18 
                                                                               |  62.10|  26.82|   8.07|   2.37|   0.54|   0.10|        
                                                                               |  47.38| 100.00| 100.00| 100.00| 100.00| 100.00|        
                                                                ---------------+-------+-------+-------+-------+-------+-------+------- 
                                                                          Total| 819192| 167582|  50456|  14791|   3384|    608|1056013 
                                                                               |  77.57|  15.87|   4.78|   1.40|   0.32|   0.06| 100.00 
                                                                                                                                        
                                                                                             The WPS System                                                          11:38 Wednesday, July 29, 2015    2

                                                                                           The FREQ Procedure

                                                                    Table of chosen_cac_ind_number by chosen_match_level
                                                                                                                                   
                                                                     chosen_cac_ind_number|      chosen_match_level       |        
                                                                     ---------------------+-------------------------------|        
                                                                           Frequency      |       |       |       |       |        
                                                                            Percent       |       |       |       |       |        
                                                                            Row Pct       |       |       |       |       |        
                                                                            Col Pct       |   .   |   1   |   2   |   3   | Total  
                                                                     ---------------------+-------+-------+-------+-------+------- 
                                                                                         .| 819192|      0|      0|      0| 819192 
                                                                                          |  77.57|   0.00|   0.00|   0.00|  77.57 
                                                                                          | 100.00|   0.00|   0.00|   0.00|        
                                                                                          | 100.00|   0.00|   0.00|   0.00|        
                                                                     ---------------------+-------+-------+-------+-------+------- 
                                                                                         1|      0| 142355|  22898|   2329| 167582 
                                                                                          |   0.00|  13.48|   2.17|   0.22|  15.87 
                                                                                          |   0.00|  84.95|  13.66|   1.39|        
                                                                                          |   0.00|  71.18|  69.79|  58.18|        
                                                                     ---------------------+-------+-------+-------+-------+------- 
                                                                                         2|      0|  42120|   7324|   1012|  50456 
                                                                                          |   0.00|   3.99|   0.69|   0.10|   4.78 
                                                                                          |   0.00|  83.48|  14.52|   2.01|        
                                                                                          |   0.00|  21.06|  22.32|  25.28|        
                                                                     ---------------------+-------+-------+-------+-------+------- 
                                                                                         3|      0|  12269|   2048|    474|  14791 
                                                                                          |   0.00|   1.16|   0.19|   0.04|   1.40 
                                                                                          |   0.00|  82.95|  13.85|   3.20|        
                                                                                          |   0.00|   6.13|   6.24|  11.84|        
                                                                     ---------------------+-------+-------+-------+-------+------- 
                                                                                         4|      0|   2781|    442|    161|   3384 
                                                                                          |   0.00|   0.26|   0.04|   0.02|   0.32 
                                                                                          |   0.00|  82.18|  13.06|   4.76|        
                                                                                          |   0.00|   1.39|   1.35|   4.02|        
                                                                     ---------------------+-------+-------+-------+-------+------- 
                                                                                         5|      0|    481|    100|     27|    608 
                                                                                          |   0.00|   0.05|   0.01|   0.00|   0.06 
                                                                                          |   0.00|  79.11|  16.45|   4.44|        
                                                                                          |   0.00|   0.24|   0.30|   0.67|        
                                                                     ---------------------+-------+-------+-------+-------+------- 
                                                                                     Total| 819192| 200006|  32812|   4003|1056013 
                                                                                          |  77.57|  18.94|   3.11|   0.38| 100.00 
                                                                                                                                   
                                                                                             match_level 2                                                           11:38 Wednesday, July 29, 2015    3

                                                                                           The FREQ Procedure

                                                                                                                Cumulative    Cumulative
                                                                chosen_spedis_score    Frequency     Percent     Frequency      Percent 
                                                                ------------------------------------------------------------------------
                                                                 0                           48        0.15            48         0.15  
                                                                 2                            5        0.02            53         0.16  
                                                                 3                           64        0.20           117         0.36  
                                                                 4                          129        0.39           246         0.75  
                                                                 5                         1804        5.50          2050         6.25  
                                                                 6                          132        0.40          2182         6.65  
                                                                 7                         1175        3.58          3357        10.23  
                                                                 8                          377        1.15          3734        11.38  
                                                                 9                           20        0.06          3754        11.44  
                                                                10                          501        1.53          4255        12.97  
                                                                11                         1115        3.40          5370        16.37  
                                                                12                          353        1.08          5723        17.44  
                                                                13                          213        0.65          5936        18.09  
                                                                14                          563        1.72          6499        19.81  
                                                                15                         5509       16.79         12008        36.60  
                                                                16                          528        1.61         12536        38.21  
                                                                17                         3543       10.80         16079        49.00  
                                                                18                           30        0.09         16109        49.09  
                                                                19                         1502        4.58         17611        53.67  
                                                                20                         2668        8.13         20279        61.80  
                                                                21                          968        2.95         21247        64.75  
                                                                22                          196        0.60         21443        65.35  
                                                                23                          362        1.10         21805        66.45  
                                                                24                          397        1.21         22202        67.66  
                                                                25                         1101        3.36         23303        71.02  
                                                                26                          298        0.91         23601        71.93  
                                                                27                         1105        3.37         24706        75.30  
                                                                28                         3433       10.46         28139        85.76  
                                                                29                          946        2.88         29085        88.64  
                                                                30                         1259        3.84         30344        92.48  
                                                                31                           91        0.28         30435        92.76  
                                                                32                            8        0.02         30443        92.78  
                                                                33                          864        2.63         31307        95.41  
                                                                34                         1505        4.59         32812       100.00  
                                                                                             match_level 3                                                           11:38 Wednesday, July 29, 2015    4

                                                                                           The FREQ Procedure

                                                                                                                Cumulative    Cumulative
                                                                chosen_spedis_score    Frequency     Percent     Frequency      Percent 
                                                                ------------------------------------------------------------------------
                                                                 35                          44        1.10            44         1.10  
                                                                 36                           3        0.07            47         1.17  
                                                                 37                         393        9.82           440        10.99  
                                                                 38                         397        9.92           837        20.91  
                                                                 39                         364        9.09          1201        30.00  
                                                                 40                         359        8.97          1560        38.97  
                                                                 41                          62        1.55          1622        40.52  
                                                                 42                          36        0.90          1658        41.42  
                                                                 43                          40        1.00          1698        42.42  
                                                                 44                           2        0.05          1700        42.47  
                                                                 45                          35        0.87          1735        43.34  
                                                                 46                          27        0.67          1762        44.02  
                                                                 47                          65        1.62          1827        45.64  
                                                                 48                           3        0.07          1830        45.72  
                                                                 49                           1        0.02          1831        45.74  
                                                                 50                         840       20.98          2671        66.72  
                                                                 52                           2        0.05          2673        66.77  
                                                                 53                           2        0.05          2675        66.82  
                                                                 54                          41        1.02          2716        67.85  
                                                                 55                          24        0.60          2740        68.45  
                                                                 56                          14        0.35          2754        68.80  
                                                                 57                          43        1.07          2797        69.87  
                                                                 58                          65        1.62          2862        71.50  
                                                                 59                           1        0.02          2863        71.52  
                                                                 60                         112        2.80          2975        74.32  
                                                                 62                         122        3.05          3097        77.37  
                                                                 63                           1        0.02          3098        77.39  
                                                                 64                          10        0.25          3108        77.64  
                                                                 65                          22        0.55          3130        78.19  
                                                                 66                         265        6.62          3395        84.81  
                                                                 68                           3        0.07          3398        84.89  
                                                                 70                          27        0.67          3425        85.56  
                                                                 71                           4        0.10          3429        85.66  
                                                                 75                         109        2.72          3538        88.38  
                                                                 78                           3        0.07          3541        88.46  
                                                                 80                          10        0.25          3551        88.71  
                                                                 81                           6        0.15          3557        88.86  
                                                                 83                         106        2.65          3663        91.51  
                                                                 85                           2        0.05          3665        91.56  
                                                                 87                          24        0.60          3689        92.16  
                                                                 90                          11        0.27          3700        92.43  
                                                                 91                           8        0.20          3708        92.63  
                                                                 92                           1        0.02          3709        92.66  
                                                                 95                           2        0.05          3711        92.71  
                                                                100                          83        2.07          3794        94.78  
                                                                108                          12        0.30          3806        95.08  
                                                                110                           1        0.02          3807        95.10  
                                                                112                           4        0.10          3811        95.20  
                                                                116                          11        0.27          3822        95.48  
                                                                118                           1        0.02          3823        95.50  
                                                                120                           1        0.02          3824        95.53  
                                                                125                          16        0.40          3840        95.93  
                                                                131                           1        0.02          3841        95.95  
                                                                133                           5        0.12          3846        96.08  
                                                                135                           1        0.02          3847        96.10  
                                                                137                           3        0.07          3850        96.18  
                                                                140                           1        0.02          3851        96.20  
                                                                150                          37        0.92          3888        97.13  
                                                                166                           1        0.02          3889        97.15  
                                                                175                           3        0.07          3892        97.23  
                                                                183                           1        0.02          3893        97.25  
                                                                200                          41        1.02          3934        98.28  
                                                                250                          28        0.70          3962        98.98  
                                                                300                          26        0.65          3988        99.63  
                                                                350                           7        0.17          3995        99.80  
                                                                400                           5        0.12          4000        99.93  
                                                                450                           2        0.05          4002        99.98  
                                                                500                           1        0.02          4003       100.00  
                                                                                                                                                                     11:38 Wednesday, July 29, 2015    5

                                                                                           The FREQ Procedure

                                                               Table of last_name_match by chosen_cac_ind_number
                                                                                                                                        
                                                                last_name_match|             chosen_cac_ind_number             |        
                                                                ---------------+-----------------------------------------------|        
                                                                   Frequency   |       |       |       |       |       |       |        
                                                                    Percent    |       |       |       |       |       |       |        
                                                                    Row Pct    |       |       |       |       |       |       |        
                                                                    Col Pct    |   .   |   1   |   2   |   3   |   4   |   5   | Total  
                                                                ---------------+-------+-------+-------+-------+-------+-------+------- 
                                                                              0| 431093|      0|      0|      0|      0|      0| 431093 
                                                                               |  40.82|   0.00|   0.00|   0.00|   0.00|   0.00|  40.82 
                                                                               | 100.00|   0.00|   0.00|   0.00|   0.00|   0.00|        
                                                                               |  54.37|   0.00|   0.00|   0.00|   0.00|   0.00|        
                                                                ---------------+-------+-------+-------+-------+-------+-------+------- 
                                                                              1| 361843| 172804|  73913|  12926|   2945|    489| 624920 
                                                                               |  34.27|  16.36|   7.00|   1.22|   0.28|   0.05|  59.18 
                                                                               |  57.90|  27.65|  11.83|   2.07|   0.47|   0.08|        
                                                                               |  45.63| 100.00| 100.00| 100.00| 100.00| 100.00|        
                                                                ---------------+-------+-------+-------+-------+-------+-------+------- 
                                                                          Total| 792936| 172804|  73913|  12926|   2945|    489|1056013 
                                                                               |  75.09|  16.36|   7.00|   1.22|   0.28|   0.05| 100.00 
                                                                                                                                        
                                                                                                                                                                     11:38 Wednesday, July 29, 2015    6

                                                                                           The FREQ Procedure

                                                                    Table of chosen_cac_ind_number by chosen_match_level
                                                                                                                                   
                                                                     chosen_cac_ind_number|      chosen_match_level       |        
                                                                     ---------------------+-------------------------------|        
                                                                           Frequency      |       |       |       |       |        
                                                                            Percent       |       |       |       |       |        
                                                                            Row Pct       |       |       |       |       |        
                                                                            Col Pct       |   .   |   1   |   2   |   3   | Total  
                                                                     ---------------------+-------+-------+-------+-------+------- 
                                                                                         .| 792936|      0|      0|      0| 792936 
                                                                                          |  75.09|   0.00|   0.00|   0.00|  75.09 
                                                                                          | 100.00|   0.00|   0.00|   0.00|        
                                                                                          | 100.00|   0.00|   0.00|   0.00|        
                                                                     ---------------------+-------+-------+-------+-------+------- 
                                                                                         1|      0| 150780|  18534|   3490| 172804 
                                                                                          |   0.00|  14.28|   1.76|   0.33|  16.36 
                                                                                          |   0.00|  87.25|  10.73|   2.02|        
                                                                                          |   0.00|  65.94|  65.11|  58.49|        
                                                                     ---------------------+-------+-------+-------+-------+------- 
                                                                                         2|      0|  63618|   8357|   1938|  73913 
                                                                                          |   0.00|   6.02|   0.79|   0.18|   7.00 
                                                                                          |   0.00|  86.07|  11.31|   2.62|        
                                                                                          |   0.00|  27.82|  29.36|  32.48|        
                                                                     ---------------------+-------+-------+-------+-------+------- 
                                                                                         3|      0|  11276|   1236|    414|  12926 
                                                                                          |   0.00|   1.07|   0.12|   0.04|   1.22 
                                                                                          |   0.00|  87.24|   9.56|   3.20|        
                                                                                          |   0.00|   4.93|   4.34|   6.94|        
                                                                     ---------------------+-------+-------+-------+-------+------- 
                                                                                         4|      0|   2549|    290|    106|   2945 
                                                                                          |   0.00|   0.24|   0.03|   0.01|   0.28 
                                                                                          |   0.00|  86.55|   9.85|   3.60|        
                                                                                          |   0.00|   1.11|   1.02|   1.78|        
                                                                     ---------------------+-------+-------+-------+-------+------- 
                                                                                         5|      0|    423|     47|     19|    489 
                                                                                          |   0.00|   0.04|   0.00|   0.00|   0.05 
                                                                                          |   0.00|  86.50|   9.61|   3.89|        
                                                                                          |   0.00|   0.19|   0.17|   0.32|        
                                                                     ---------------------+-------+-------+-------+-------+------- 
                                                                                     Total| 792936| 228646|  28464|   5967|1056013 
                                                                                          |  75.09|  21.65|   2.70|   0.57| 100.00 
                                                                                                                                   
                                                                                             match_level 2                                                           11:38 Wednesday, July 29, 2015    7

                                                                                           The FREQ Procedure

                                                                                                                Cumulative    Cumulative
                                                                chosen_spedis_score    Frequency     Percent     Frequency      Percent 
                                                                ------------------------------------------------------------------------
                                                                 0                           75        0.26            75         0.26  
                                                                 2                            6        0.02            81         0.28  
                                                                 3                          258        0.91           339         1.19  
                                                                 4                          257        0.90           596         2.09  
                                                                 5                         1124        3.95          1720         6.04  
                                                                 6                          546        1.92          2266         7.96  
                                                                 7                          939        3.30          3205        11.26  
                                                                 8                          977        3.43          4182        14.69  
                                                                 9                            1        0.00          4183        14.70  
                                                                10                          499        1.75          4682        16.45  
                                                                11                          685        2.41          5367        18.86  
                                                                12                          543        1.91          5910        20.76  
                                                                13                          333        1.17          6243        21.93  
                                                                14                         1373        4.82          7616        26.76  
                                                                15                         1840        6.46          9456        33.22  
                                                                16                          976        3.43         10432        36.65  
                                                                17                         1700        5.97         12132        42.62  
                                                                18                          108        0.38         12240        43.00  
                                                                19                          746        2.62         12986        45.62  
                                                                20                         1337        4.70         14323        50.32  
                                                                21                         1906        6.70         16229        57.02  
                                                                22                          718        2.52         16947        59.54  
                                                                23                          291        1.02         17238        60.56  
                                                                24                          204        0.72         17442        61.28  
                                                                25                         2204        7.74         19646        69.02  
                                                                26                         1268        4.45         20914        73.48  
                                                                27                          304        1.07         21218        74.54  
                                                                28                         1865        6.55         23083        81.10  
                                                                29                          916        3.22         23999        84.31  
                                                                30                         1727        6.07         25726        90.38  
                                                                31                          271        0.95         25997        91.33  
                                                                32                           13        0.05         26010        91.38  
                                                                33                          983        3.45         26993        94.83  
                                                                34                         1471        5.17         28464       100.00  
                                                                                             match_level 3                                                           11:38 Wednesday, July 29, 2015    8

                                                                                           The FREQ Procedure

                                                                                                                Cumulative    Cumulative
                                                                chosen_spedis_score    Frequency     Percent     Frequency      Percent 
                                                                ------------------------------------------------------------------------
                                                                 35                          67        1.12            67         1.12  
                                                                 36                           1        0.02            68         1.14  
                                                                 37                         570        9.55           638        10.69  
                                                                 38                         795       13.32          1433        24.02  
                                                                 39                         500        8.38          1933        32.39  
                                                                 40                         375        6.28          2308        38.68  
                                                                 41                         180        3.02          2488        41.70  
                                                                 42                          68        1.14          2556        42.84  
                                                                 43                          33        0.55          2589        43.39  
                                                                 44                         182        3.05          2771        46.44  
                                                                 45                         346        5.80          3117        52.24  
                                                                 46                          68        1.14          3185        53.38  
                                                                 47                         380        6.37          3565        59.75  
                                                                 48                           1        0.02          3566        59.76  
                                                                 50                         967       16.21          4533        75.97  
                                                                 52                           4        0.07          4537        76.03  
                                                                 53                           1        0.02          4538        76.05  
                                                                 54                          24        0.40          4562        76.45  
                                                                 55                          17        0.28          4579        76.74  
                                                                 56                          23        0.39          4602        77.12  
                                                                 57                          35        0.59          4637        77.71  
                                                                 58                          80        1.34          4717        79.05  
                                                                 60                         103        1.73          4820        80.78  
                                                                 62                          93        1.56          4913        82.34  
                                                                 64                           2        0.03          4915        82.37  
                                                                 65                           7        0.12          4922        82.49  
                                                                 66                         135        2.26          5057        84.75  
                                                                 67                           1        0.02          5058        84.77  
                                                                 68                          17        0.28          5075        85.05  
                                                                 70                          49        0.82          5124        85.87  
                                                                 71                           3        0.05          5127        85.92  
                                                                 72                           1        0.02          5128        85.94  
                                                                 75                         144        2.41          5272        88.35  
                                                                 78                           3        0.05          5275        88.40  
                                                                 80                          25        0.42          5300        88.82  
                                                                 81                           1        0.02          5301        88.84  
                                                                 83                          92        1.54          5393        90.38  
                                                                 85                           3        0.05          5396        90.43  
                                                                 87                          21        0.35          5417        90.78  
                                                                 88                           1        0.02          5418        90.80  
                                                                 90                           6        0.10          5424        90.90  
                                                                 91                          15        0.25          5439        91.15  
                                                                 92                           1        0.02          5440        91.17  
                                                                 93                           1        0.02          5441        91.18  
                                                                 95                           2        0.03          5443        91.22  
                                                                100                         121        2.03          5564        93.25  
                                                                108                           4        0.07          5568        93.31  
                                                                110                           3        0.05          5571        93.36  
                                                                112                           2        0.03          5573        93.40  
                                                                116                          18        0.30          5591        93.70  
                                                                118                           1        0.02          5592        93.72  
                                                                120                           1        0.02          5593        93.73  
                                                                125                          35        0.59          5628        94.32  
                                                                130                           1        0.02          5629        94.34  
                                                                133                           1        0.02          5630        94.35  
                                                                137                           5        0.08          5635        94.44  
                                                                150                          77        1.29          5712        95.73  
                                                                166                           1        0.02          5713        95.74  
                                                                175                           1        0.02          5714        95.76  
                                                                183                           1        0.02          5715        95.78  
                                                                200                          80        1.34          5795        97.12  
                                                                250                          89        1.49          5884        98.61  
                                                                300                          65        1.09          5949        99.70  
                                                                350                          15        0.25          5964        99.95  
                                                                400                           1        0.02          5965        99.97  
                                                                450                           2        0.03          5967       100.00  
                                                                    Prepared for                                                                     9
                                                                 Data Quality Report
                                                           Library:WORK  Member:scored__MN
                                                              Total Observations: 499898

                                                                                                              Number of     Numeric or          
   Variable                                                                   Label                         Observations    Character     Levels

   CAC_HH_PID                                            Household Persistent ID                                499,898     Character        50+
                                                                                                                                                
   CAC_NAME_LAST                                         Household Name                                         499,898     Character        50+
                                                                                                                                                
   bridge_address1                                       Address Line 1 From Bridge                             499,898     Character        50+
                                                                                                                                                
   bridge_address2                                       Address Line 2 From Bridge                                   0     Character         0 
                                                                                                                                                
   bridge_city                                           Address City From Bridge                               499,898     Character        50+
                                                                                                                                                
   bridge_name_first                                     First Name From Bridge                                 499,898     Character        50+
                                                                                                                                                
   bridge_name_last                                      Last Name From Bridge                                  499,898     Character        50+
                                                                                                                                                
   bridge_name_last_exact                                                                                       499,898     Character        50+
                                                                                                                                                
   bridge_name_last_fuzzy1                                                                                      499,898     Character        50+
                                                                                                                                                
   bridge_state                                          Address State From Bridge                              499,898     Character         1 
                                                         Value MN    100%                                       499,898                         
                                                                                                                                                
   bridge_zip5                                           Address Zip 5 From Bridge                              499,898     Character        50+
                                                                                                                                                
   cac_bridge_md5email_id                                Unique ID To Append Email Addresses From Bridge        499,898     Character        50+

                                                             Number        Zero          Mean        Median       Minimum       Maximum    Variable
   Variable                                                 Missing      Values         Value         Value         Value         Value     Format 

   CAC_HH_PID                                                     0                                                                          $27   
                                                                                                                                                   
   CAC_NAME_LAST                                                  0                                                                                
                                                                                                                                                   
   bridge_address1                                                0                                                                          $50   
                                                                                                                                                   
   bridge_address2                                          499,898                                                                          $50   
                                                                                                                                                   
   bridge_city                                                    0                                                                          $30   
                                                                                                                                                   
   bridge_name_first                                              0                                                                          $25   
                                                                                                                                                   
   bridge_name_last                                               0                                                                          $25   
                                                                                                                                                   
   bridge_name_last_exact                                         0                                                                                
                                                                                                                                                   
   bridge_name_last_fuzzy1                                        0                                                                                
                                                                                                                                                   
   bridge_state                                                   0                                                                          $2    
                                                                                                                                                   
                                                                                                                                                   
   bridge_zip5                                                    0                                                                          $5    
                                                                                                                                                   
   cac_bridge_md5email_id                                         0                                                                          $50   

                                                             Prepared by CAC Group, Inc.
                                                                    Prepared for                                                                    10
                                                                 Data Quality Report
                                                           Library:WORK  Member:scored__MN
                                                              Total Observations: 499898

                                                                                      Number of     Numeric or                  Number        Zero
    Variable                                                      Label             Observations    Character     Levels       Missing      Values

                                                                                                                                                  
    chosen_cac_ind_gender                                                               499,898     Numeric           2              0           0
                                                          Value        1   47.4%        236,821                                                   
                                                          Value        2   52.6%        263,077                                                   
                                                                                                                                                  
    chosen_cac_ind_last                                                                 499,898     Character        50+             0            
                                                                                                                                                  
    chosen_cac_ind_mi                                                                   448,078     Character        26         51,820            
                                                                                                                                                  
    chosen_cac_ind_name                                                                 499,898     Character        50+             0            
                                                                                                                                                  
    chosen_cac_ind_number                                                               499,898     Numeric           5              0           0
                                                          Value        1   68.1%        340,386                                                   
                                                          Value        2   24.9%        124,369                                                   
                                                          Value        3    5.5%         27,717                                                   
                                                          Value        4    1.3%          6,329                                                   
                                                          Value        5    0.2%          1,097                                                   
                                                                                                                                                  
    chosen_first_x_of_x_flag                                                            499,898     Numeric           2              0       3,150
                                                                                                                                                  
    chosen_match_level                                                                  499,898     Numeric           3              0           0
                                                          Value        1   85.7%        428,652                                                   
                                                          Value        2   12.3%         61,276                                                   
                                                          Value        3    2.0%          9,970                                                   

                                                                Mean        Median       Minimum       Maximum    Variable
    Variable                                                   Value         Value         Value         Value     Format 

                                                                                                                          
    chosen_cac_ind_gender                                     1.5263        2.0000        1.0000        2.0000      8     
                                                                                                                          
                                                                                                                          
                                                                                                                          
    chosen_cac_ind_last                                                                                             $20   
                                                                                                                          
    chosen_cac_ind_mi                                                                                               $1    
                                                                                                                          
    chosen_cac_ind_name                                                                                             $14   
                                                                                                                          
    chosen_cac_ind_number                                     1.4064        1.0000        1.0000        5.0000      8     
                                                                                                                          
                                                                                                                          
                                                                                                                          
                                                                                                                          
                                                                                                                          
                                                                                                                          
    chosen_first_x_of_x_flag                                  0.9937        1.0000        0.0000        1.0000      8     
                                                                                                                          
    chosen_match_level                                        1.1625        1.0000        1.0000        3.0000      8     
                                                                                                                          
                                                                                                                          
                                                                                                                          

                                                             Prepared by CAC Group, Inc.
                                                                    Prepared for                                                                    11
                                                                 Data Quality Report
                                                           Library:WORK  Member:scored__MN
                                                              Total Observations: 499898

                                                                                      Number of     Numeric or                  Number        Zero
    Variable                                                      Label             Observations    Character     Levels       Missing      Values

                                                                                                                                                  
    chosen_spedis_score                                                                 499,898      Numeric         50+             0     428,775
                                                                                                                                                  
    last_name_match                                                                     499,898      Numeric          1              0           0
                                                          Value        1    100%        499,898                                                   
                                                                                                                                                  

                                                                Mean        Median       Minimum       Maximum    Variable
    Variable                                                   Value         Value         Value         Value     Format 

                                                                                                                          
    chosen_spedis_score                                       3.5881        0.0000        0.0000      500.0000       8    
                                                                                                                          
    last_name_match                                           1.0000        1.0000        1.0000        1.0000            
                                                                                                                          
                                                                                                                          





































                                                             Prepared by CAC Group, Inc.
