                                                                                             The WPS System                                                          11:54 Wednesday, July 29, 2015    1

                                                                                           The FREQ Procedure

                                                               Table of last_name_match by chosen_cac_ind_number
                                                                                                                                        
                                                                last_name_match|             chosen_cac_ind_number             |        
                                                                ---------------+-----------------------------------------------|        
                                                                   Frequency   |       |       |       |       |       |       |        
                                                                    Percent    |       |       |       |       |       |       |        
                                                                    Row Pct    |       |       |       |       |       |       |        
                                                                    Col Pct    |   .   |   1   |   2   |   3   |   4   |   5   | Total  
                                                                ---------------+-------+-------+-------+-------+-------+-------+------- 
                                                                              0| 544815|      0|      0|      0|      0|      0| 544815 
                                                                               |  44.71|   0.00|   0.00|   0.00|   0.00|   0.00|  44.71 
                                                                               | 100.00|   0.00|   0.00|   0.00|   0.00|   0.00|        
                                                                               |  55.91|   0.00|   0.00|   0.00|   0.00|   0.00|        
                                                                ---------------+-------+-------+-------+-------+-------+-------+------- 
                                                                              1| 429678| 177590|  50715|  12335|   2990|    542| 673850 
                                                                               |  35.26|  14.57|   4.16|   1.01|   0.25|   0.04|  55.29 
                                                                               |  63.76|  26.35|   7.53|   1.83|   0.44|   0.08|        
                                                                               |  44.09| 100.00| 100.00| 100.00| 100.00| 100.00|        
                                                                ---------------+-------+-------+-------+-------+-------+-------+------- 
                                                                          Total| 974493| 177590|  50715|  12335|   2990|    542|1218665 
                                                                               |  79.96|  14.57|   4.16|   1.01|   0.25|   0.04| 100.00 
                                                                                                                                        
                                                                                             The WPS System                                                          11:54 Wednesday, July 29, 2015    2

                                                                                           The FREQ Procedure

                                                                    Table of chosen_cac_ind_number by chosen_match_level
                                                                                                                                   
                                                                     chosen_cac_ind_number|      chosen_match_level       |        
                                                                     ---------------------+-------------------------------|        
                                                                           Frequency      |       |       |       |       |        
                                                                            Percent       |       |       |       |       |        
                                                                            Row Pct       |       |       |       |       |        
                                                                            Col Pct       |   .   |   1   |   2   |   3   | Total  
                                                                     ---------------------+-------+-------+-------+-------+------- 
                                                                                         .| 974493|      0|      0|      0| 974493 
                                                                                          |  79.96|   0.00|   0.00|   0.00|  79.96 
                                                                                          | 100.00|   0.00|   0.00|   0.00|        
                                                                                          | 100.00|   0.00|   0.00|   0.00|        
                                                                     ---------------------+-------+-------+-------+-------+------- 
                                                                                         1|      0| 156426|  18241|   2923| 177590 
                                                                                          |   0.00|  12.84|   1.50|   0.24|  14.57 
                                                                                          |   0.00|  88.08|  10.27|   1.65|        
                                                                                          |   0.00|  73.09|  71.47|  63.10|        
                                                                     ---------------------+-------+-------+-------+-------+------- 
                                                                                         2|      0|  43988|   5526|   1201|  50715 
                                                                                          |   0.00|   3.61|   0.45|   0.10|   4.16 
                                                                                          |   0.00|  86.74|  10.90|   2.37|        
                                                                                          |   0.00|  20.55|  21.65|  25.93|        
                                                                     ---------------------+-------+-------+-------+-------+------- 
                                                                                         3|      0|  10642|   1317|    376|  12335 
                                                                                          |   0.00|   0.87|   0.11|   0.03|   1.01 
                                                                                          |   0.00|  86.27|  10.68|   3.05|        
                                                                                          |   0.00|   4.97|   5.16|   8.12|        
                                                                     ---------------------+-------+-------+-------+-------+------- 
                                                                                         4|      0|   2510|    369|    111|   2990 
                                                                                          |   0.00|   0.21|   0.03|   0.01|   0.25 
                                                                                          |   0.00|  83.95|  12.34|   3.71|        
                                                                                          |   0.00|   1.17|   1.45|   2.40|        
                                                                     ---------------------+-------+-------+-------+-------+------- 
                                                                                         5|      0|    452|     69|     21|    542 
                                                                                          |   0.00|   0.04|   0.01|   0.00|   0.04 
                                                                                          |   0.00|  83.39|  12.73|   3.87|        
                                                                                          |   0.00|   0.21|   0.27|   0.45|        
                                                                     ---------------------+-------+-------+-------+-------+------- 
                                                                                     Total| 974493| 214018|  25522|   4632|1218665 
                                                                                          |  79.96|  17.56|   2.09|   0.38| 100.00 
                                                                                                                                   
                                                                                             match_level 2                                                           11:54 Wednesday, July 29, 2015    3

                                                                                           The FREQ Procedure

                                                                                                                Cumulative    Cumulative
                                                                chosen_spedis_score    Frequency     Percent     Frequency      Percent 
                                                                ------------------------------------------------------------------------
                                                                 0                           76        0.30            76         0.30  
                                                                 2                           14        0.05            90         0.35  
                                                                 3                          165        0.65           255         1.00  
                                                                 4                          220        0.86           475         1.86  
                                                                 5                         1376        5.39          1851         7.25  
                                                                 6                          218        0.85          2069         8.11  
                                                                 7                         1135        4.45          3204        12.55  
                                                                 8                          456        1.79          3660        14.34  
                                                                 9                           49        0.19          3709        14.53  
                                                                10                          657        2.57          4366        17.11  
                                                                11                          805        3.15          5171        20.26  
                                                                12                          517        2.03          5688        22.29  
                                                                13                          196        0.77          5884        23.05  
                                                                14                          758        2.97          6642        26.02  
                                                                15                         2952       11.57          9594        37.59  
                                                                16                          689        2.70         10283        40.29  
                                                                17                         2552       10.00         12835        50.29  
                                                                18                           53        0.21         12888        50.50  
                                                                19                         1381        5.41         14269        55.91  
                                                                20                         1980        7.76         16249        63.67  
                                                                21                          653        2.56         16902        66.23  
                                                                22                          147        0.58         17049        66.80  
                                                                23                          406        1.59         17455        68.39  
                                                                24                          317        1.24         17772        69.63  
                                                                25                         1011        3.96         18783        73.60  
                                                                26                          324        1.27         19107        74.86  
                                                                27                          583        2.28         19690        77.15  
                                                                28                         2158        8.46         21848        85.60  
                                                                29                          797        3.12         22645        88.73  
                                                                30                          931        3.65         23576        92.38  
                                                                31                          118        0.46         23694        92.84  
                                                                32                            4        0.02         23698        92.85  
                                                                33                          792        3.10         24490        95.96  
                                                                34                         1032        4.04         25522       100.00  
                                                                                             match_level 3                                                           11:54 Wednesday, July 29, 2015    4

                                                                                           The FREQ Procedure

                                                                                                                Cumulative    Cumulative
                                                                chosen_spedis_score    Frequency     Percent     Frequency      Percent 
                                                                ------------------------------------------------------------------------
                                                                 35                          46        0.99            46         0.99  
                                                                 36                           2        0.04            48         1.04  
                                                                 37                         422        9.11           470        10.15  
                                                                 38                         383        8.27           853        18.42  
                                                                 39                         499       10.77          1352        29.19  
                                                                 40                         390        8.42          1742        37.61  
                                                                 41                          98        2.12          1840        39.72  
                                                                 42                          52        1.12          1892        40.85  
                                                                 43                          45        0.97          1937        41.82  
                                                                 44                           2        0.04          1939        41.86  
                                                                 45                          37        0.80          1976        42.66  
                                                                 46                          34        0.73          2010        43.39  
                                                                 47                          62        1.34          2072        44.73  
                                                                 48                           2        0.04          2074        44.78  
                                                                 49                           1        0.02          2075        44.80  
                                                                 50                         925       19.97          3000        64.77  
                                                                 52                           4        0.09          3004        64.85  
                                                                 53                           2        0.04          3006        64.90  
                                                                 54                          63        1.36          3069        66.26  
                                                                 55                          38        0.82          3107        67.08  
                                                                 56                          18        0.39          3125        67.47  
                                                                 57                          67        1.45          3192        68.91  
                                                                 58                          94        2.03          3286        70.94  
                                                                 60                         174        3.76          3460        74.70  
                                                                 62                         145        3.13          3605        77.83  
                                                                 64                           7        0.15          3612        77.98  
                                                                 65                          31        0.67          3643        78.65  
                                                                 66                         264        5.70          3907        84.35  
                                                                 67                           2        0.04          3909        84.39  
                                                                 68                          13        0.28          3922        84.67  
                                                                 70                          38        0.82          3960        85.49  
                                                                 71                           6        0.13          3966        85.62  
                                                                 75                         136        2.94          4102        88.56  
                                                                 78                           1        0.02          4103        88.58  
                                                                 79                           1        0.02          4104        88.60  
                                                                 80                          29        0.63          4133        89.23  
                                                                 81                           3        0.06          4136        89.29  
                                                                 82                           1        0.02          4137        89.31  
                                                                 83                         121        2.61          4258        91.93  
                                                                 85                           2        0.04          4260        91.97  
                                                                 87                          52        1.12          4312        93.09  
                                                                 90                          19        0.41          4331        93.50  
                                                                 91                          11        0.24          4342        93.74  
                                                                 92                           1        0.02          4343        93.76  
                                                                 93                           1        0.02          4344        93.78  
                                                                100                         113        2.44          4457        96.22  
                                                                106                           1        0.02          4458        96.24  
                                                                108                           5        0.11          4463        96.35  
                                                                110                           1        0.02          4464        96.37  
                                                                112                          13        0.28          4477        96.65  
                                                                116                          17        0.37          4494        97.02  
                                                                120                           2        0.04          4496        97.06  
                                                                125                          12        0.26          4508        97.32  
                                                                130                           1        0.02          4509        97.34  
                                                                133                           9        0.19          4518        97.54  
                                                                137                           2        0.04          4520        97.58  
                                                                140                           1        0.02          4521        97.60  
                                                                150                          24        0.52          4545        98.12  
                                                                156                           1        0.02          4546        98.14  
                                                                166                           1        0.02          4547        98.16  
                                                                175                           4        0.09          4551        98.25  
                                                                183                           3        0.06          4554        98.32  
                                                                193                           1        0.02          4555        98.34  
                                                                200                          23        0.50          4578        98.83  
                                                                225                           1        0.02          4579        98.86  
                                                                250                          13        0.28          4592        99.14  
                                                                300                          19        0.41          4611        99.55  
                                                                350                           8        0.17          4619        99.72  
                                                                400                          10        0.22          4629        99.94  
                                                                450                           2        0.04          4631        99.98  
                                                                600                           1        0.02          4632       100.00  
                                                                                                                                                                     11:54 Wednesday, July 29, 2015    5

                                                                                           The FREQ Procedure

                                                               Table of last_name_match by chosen_cac_ind_number
                                                                                                                                        
                                                                last_name_match|             chosen_cac_ind_number             |        
                                                                ---------------+-----------------------------------------------|        
                                                                   Frequency   |       |       |       |       |       |       |        
                                                                    Percent    |       |       |       |       |       |       |        
                                                                    Row Pct    |       |       |       |       |       |       |        
                                                                    Col Pct    |   .   |   1   |   2   |   3   |   4   |   5   | Total  
                                                                ---------------+-------+-------+-------+-------+-------+-------+------- 
                                                                              0| 544815|      0|      0|      0|      0|      0| 544815 
                                                                               |  44.71|   0.00|   0.00|   0.00|   0.00|   0.00|  44.71 
                                                                               | 100.00|   0.00|   0.00|   0.00|   0.00|   0.00|        
                                                                               |  57.55|   0.00|   0.00|   0.00|   0.00|   0.00|        
                                                                ---------------+-------+-------+-------+-------+-------+-------+------- 
                                                                              1| 401938| 190901|  64643|  12926|   2902|    540| 673850 
                                                                               |  32.98|  15.66|   5.30|   1.06|   0.24|   0.04|  55.29 
                                                                               |  59.65|  28.33|   9.59|   1.92|   0.43|   0.08|        
                                                                               |  42.45| 100.00| 100.00| 100.00| 100.00| 100.00|        
                                                                ---------------+-------+-------+-------+-------+-------+-------+------- 
                                                                          Total| 946753| 190901|  64643|  12926|   2902|    540|1218665 
                                                                               |  77.69|  15.66|   5.30|   1.06|   0.24|   0.04| 100.00 
                                                                                                                                        
                                                                                                                                                                     11:54 Wednesday, July 29, 2015    6

                                                                                           The FREQ Procedure

                                                                    Table of chosen_cac_ind_number by chosen_match_level
                                                                                                                                   
                                                                     chosen_cac_ind_number|      chosen_match_level       |        
                                                                     ---------------------+-------------------------------|        
                                                                           Frequency      |       |       |       |       |        
                                                                            Percent       |       |       |       |       |        
                                                                            Row Pct       |       |       |       |       |        
                                                                            Col Pct       |   .   |   1   |   2   |   3   | Total  
                                                                     ---------------------+-------+-------+-------+-------+------- 
                                                                                         .| 946753|      0|      0|      0| 946753 
                                                                                          |  77.69|   0.00|   0.00|   0.00|  77.69 
                                                                                          | 100.00|   0.00|   0.00|   0.00|        
                                                                                          | 100.00|   0.00|   0.00|   0.00|        
                                                                     ---------------------+-------+-------+-------+-------+------- 
                                                                                         1|      0| 171067|  16175|   3659| 190901 
                                                                                          |   0.00|  14.04|   1.33|   0.30|  15.66 
                                                                                          |   0.00|  89.61|   8.47|   1.92|        
                                                                                          |   0.00|  70.56|  68.45|  62.69|        
                                                                     ---------------------+-------+-------+-------+-------+------- 
                                                                                         2|      0|  56966|   6006|   1671|  64643 
                                                                                          |   0.00|   4.67|   0.49|   0.14|   5.30 
                                                                                          |   0.00|  88.12|   9.29|   2.58|        
                                                                                          |   0.00|  23.50|  25.41|  28.63|        
                                                                     ---------------------+-------+-------+-------+-------+------- 
                                                                                         3|      0|  11409|   1140|    377|  12926 
                                                                                          |   0.00|   0.94|   0.09|   0.03|   1.06 
                                                                                          |   0.00|  88.26|   8.82|   2.92|        
                                                                                          |   0.00|   4.71|   4.82|   6.46|        
                                                                     ---------------------+-------+-------+-------+-------+------- 
                                                                                         4|      0|   2537|    257|    108|   2902 
                                                                                          |   0.00|   0.21|   0.02|   0.01|   0.24 
                                                                                          |   0.00|  87.42|   8.86|   3.72|        
                                                                                          |   0.00|   1.05|   1.09|   1.85|        
                                                                     ---------------------+-------+-------+-------+-------+------- 
                                                                                         5|      0|    464|     54|     22|    540 
                                                                                          |   0.00|   0.04|   0.00|   0.00|   0.04 
                                                                                          |   0.00|  85.93|  10.00|   4.07|        
                                                                                          |   0.00|   0.19|   0.23|   0.38|        
                                                                     ---------------------+-------+-------+-------+-------+------- 
                                                                                     Total| 946753| 242443|  23632|   5837|1218665 
                                                                                          |  77.69|  19.89|   1.94|   0.48| 100.00 
                                                                                                                                   
                                                                                             match_level 2                                                           11:54 Wednesday, July 29, 2015    7

                                                                                           The FREQ Procedure

                                                                                                                Cumulative    Cumulative
                                                                chosen_spedis_score    Frequency     Percent     Frequency      Percent 
                                                                ------------------------------------------------------------------------
                                                                 0                           76        0.32            76         0.32  
                                                                 2                           18        0.08            94         0.40  
                                                                 3                          496        2.10           590         2.50  
                                                                 4                          358        1.51           948         4.01  
                                                                 5                         1234        5.22          2182         9.23  
                                                                 6                          613        2.59          2795        11.83  
                                                                 7                         1079        4.57          3874        16.39  
                                                                 8                          985        4.17          4859        20.56  
                                                                 9                           11        0.05          4870        20.61  
                                                                10                          668        2.83          5538        23.43  
                                                                11                          801        3.39          6339        26.82  
                                                                12                          811        3.43          7150        30.26  
                                                                13                          190        0.80          7340        31.06  
                                                                14                         1179        4.99          8519        36.05  
                                                                15                          957        4.05          9476        40.10  
                                                                16                         1168        4.94         10644        45.04  
                                                                17                         1056        4.47         11700        49.51  
                                                                18                          143        0.61         11843        50.11  
                                                                19                          542        2.29         12385        52.41  
                                                                20                         1156        4.89         13541        57.30  
                                                                21                         1269        5.37         14810        62.67  
                                                                22                          542        2.29         15352        64.96  
                                                                23                          243        1.03         15595        65.99  
                                                                24                          218        0.92         15813        66.91  
                                                                25                         1442        6.10         17255        73.02  
                                                                26                          836        3.54         18091        76.55  
                                                                27                          333        1.41         18424        77.96  
                                                                28                         1293        5.47         19717        83.43  
                                                                29                          673        2.85         20390        86.28  
                                                                30                         1315        5.56         21705        91.85  
                                                                31                          221        0.94         21926        92.78  
                                                                32                            3        0.01         21929        92.79  
                                                                33                          895        3.79         22824        96.58  
                                                                34                          808        3.42         23632       100.00  
                                                                                             match_level 3                                                           11:54 Wednesday, July 29, 2015    8

                                                                                           The FREQ Procedure

                                                                                                                Cumulative    Cumulative
                                                                chosen_spedis_score    Frequency     Percent     Frequency      Percent 
                                                                ------------------------------------------------------------------------
                                                                 35                          50        0.86            50         0.86  
                                                                 37                         556        9.53           606        10.38  
                                                                 38                         657       11.26          1263        21.64  
                                                                 39                         291        4.99          1554        26.62  
                                                                 40                         397        6.80          1951        33.42  
                                                                 41                         193        3.31          2144        36.73  
                                                                 42                         107        1.83          2251        38.56  
                                                                 43                          26        0.45          2277        39.01  
                                                                 44                         108        1.85          2385        40.86  
                                                                 45                         301        5.16          2686        46.02  
                                                                 46                          63        1.08          2749        47.10  
                                                                 47                         465        7.97          3214        55.06  
                                                                 48                           4        0.07          3218        55.13  
                                                                 50                        1014       17.37          4232        72.50  
                                                                 52                           7        0.12          4239        72.62  
                                                                 53                           2        0.03          4241        72.66  
                                                                 54                          25        0.43          4266        73.09  
                                                                 55                          12        0.21          4278        73.29  
                                                                 56                          41        0.70          4319        73.99  
                                                                 57                          49        0.84          4368        74.83  
                                                                 58                         105        1.80          4473        76.63  
                                                                 60                         126        2.16          4599        78.79  
                                                                 61                           4        0.07          4603        78.86  
                                                                 62                         168        2.88          4771        81.74  
                                                                 64                          11        0.19          4782        81.93  
                                                                 65                           7        0.12          4789        82.05  
                                                                 66                         161        2.76          4950        84.80  
                                                                 68                          14        0.24          4964        85.04  
                                                                 70                          68        1.16          5032        86.21  
                                                                 71                           4        0.07          5036        86.28  
                                                                 75                         160        2.74          5196        89.02  
                                                                 78                           1        0.02          5197        89.04  
                                                                 79                           2        0.03          5199        89.07  
                                                                 80                          17        0.29          5216        89.36  
                                                                 81                           3        0.05          5219        89.41  
                                                                 82                           2        0.03          5221        89.45  
                                                                 83                         115        1.97          5336        91.42  
                                                                 85                           2        0.03          5338        91.45  
                                                                 87                          33        0.57          5371        92.02  
                                                                 90                          18        0.31          5389        92.32  
                                                                 91                           4        0.07          5393        92.39  
                                                                 92                           3        0.05          5396        92.44  
                                                                 95                           1        0.02          5397        92.46  
                                                                 96                           1        0.02          5398        92.48  
                                                                100                         142        2.43          5540        94.91  
                                                                104                           1        0.02          5541        94.93  
                                                                106                           1        0.02          5542        94.95  
                                                                108                           2        0.03          5544        94.98  
                                                                110                           3        0.05          5547        95.03  
                                                                112                          13        0.22          5560        95.25  
                                                                116                          28        0.48          5588        95.73  
                                                                118                           1        0.02          5589        95.75  
                                                                120                           2        0.03          5591        95.79  
                                                                125                          36        0.62          5627        96.40  
                                                                130                           2        0.03          5629        96.44  
                                                                133                           4        0.07          5633        96.51  
                                                                137                           5        0.09          5638        96.59  
                                                                141                           1        0.02          5639        96.61  
                                                                145                           1        0.02          5640        96.62  
                                                                150                          41        0.70          5681        97.33  
                                                                166                           1        0.02          5682        97.34  
                                                                175                           3        0.05          5685        97.40  
                                                                183                           1        0.02          5686        97.41  
                                                                187                           1        0.02          5687        97.43  
                                                                200                          49        0.84          5736        98.27  
                                                                250                          63        1.08          5799        99.35  
                                                                275                           1        0.02          5800        99.37  
                                                                300                          30        0.51          5830        99.88  
                                                                350                           6        0.10          5836        99.98  
                                                                400                           1        0.02          5837       100.00  
                                                                    Prepared for                                                                     9
                                                                 Data Quality Report
                                                           Library:WORK  Member:scored__AZ
                                                              Total Observations: 516084

                                                                                                              Number of     Numeric or          
   Variable                                                                   Label                         Observations    Character     Levels

   CAC_HH_PID                                            Household Persistent ID                                516,084     Character        50+
                                                                                                                                                
   CAC_NAME_LAST                                         Household Name                                         516,084     Character        50+
                                                                                                                                                
   bridge_address1                                       Address Line 1 From Bridge                             516,084     Character        50+
                                                                                                                                                
   bridge_address2                                       Address Line 2 From Bridge                                   0     Character         0 
                                                                                                                                                
   bridge_city                                           Address City From Bridge                               516,084     Character        50+
                                                                                                                                                
   bridge_name_first                                     First Name From Bridge                                 516,084     Character        50+
                                                                                                                                                
   bridge_name_last                                      Last Name From Bridge                                  516,084     Character        50+
                                                                                                                                                
   bridge_name_last_exact                                                                                       516,084     Character        50+
                                                                                                                                                
   bridge_name_last_fuzzy1                                                                                      516,084     Character        50+
                                                                                                                                                
   bridge_state                                          Address State From Bridge                              516,084     Character         1 
                                                         Value AZ    100%                                       516,084                         
                                                                                                                                                
   bridge_zip5                                           Address Zip 5 From Bridge                              516,084     Character        50+
                                                                                                                                                
   cac_bridge_md5email_id                                Unique ID To Append Email Addresses From Bridge        516,084     Character        50+

                                                             Number        Zero          Mean        Median       Minimum       Maximum    Variable
   Variable                                                 Missing      Values         Value         Value         Value         Value     Format 

   CAC_HH_PID                                                     0                                                                          $27   
                                                                                                                                                   
   CAC_NAME_LAST                                                  0                                                                                
                                                                                                                                                   
   bridge_address1                                                0                                                                          $50   
                                                                                                                                                   
   bridge_address2                                          516,084                                                                          $50   
                                                                                                                                                   
   bridge_city                                                    0                                                                          $30   
                                                                                                                                                   
   bridge_name_first                                              0                                                                          $25   
                                                                                                                                                   
   bridge_name_last                                               0                                                                          $25   
                                                                                                                                                   
   bridge_name_last_exact                                         0                                                                                
                                                                                                                                                   
   bridge_name_last_fuzzy1                                        0                                                                                
                                                                                                                                                   
   bridge_state                                                   0                                                                          $2    
                                                                                                                                                   
                                                                                                                                                   
   bridge_zip5                                                    0                                                                          $5    
                                                                                                                                                   
   cac_bridge_md5email_id                                         0                                                                          $50   

                                                             Prepared by CAC Group, Inc.
                                                                    Prepared for                                                                    10
                                                                 Data Quality Report
                                                           Library:WORK  Member:scored__AZ
                                                              Total Observations: 516084

                                                                                      Number of     Numeric or                  Number        Zero
    Variable                                                      Label             Observations    Character     Levels       Missing      Values

                                                                                                                                                  
    chosen_cac_ind_gender                                                               516,084     Numeric           2              0           0
                                                          Value        1   47.3%        244,172                                                   
                                                          Value        2   52.7%        271,912                                                   
                                                                                                                                                  
    chosen_cac_ind_last                                                                 516,084     Character        50+             0            
                                                                                                                                                  
    chosen_cac_ind_mi                                                                   413,608     Character        26        102,476            
                                                                                                                                                  
    chosen_cac_ind_name                                                                 516,084     Character        50+             0            
                                                                                                                                                  
    chosen_cac_ind_number                                                               516,084     Numeric           5              0           0
                                                          Value        1   71.4%        368,491                                                   
                                                          Value        2   22.4%        115,358                                                   
                                                          Value        3    4.9%         25,261                                                   
                                                          Value        4    1.1%          5,892                                                   
                                                          Value        5    0.2%          1,082                                                   
                                                                                                                                                  
    chosen_first_x_of_x_flag                                                            516,084     Numeric           2              0       2,976
                                                                                                                                                  
    chosen_match_level                                                                  516,084     Numeric           3              0           0
                                                          Value        1   88.4%        456,461                                                   
                                                          Value        2    9.5%         49,154                                                   
                                                          Value        3    2.0%         10,469                                                   

                                                                Mean        Median       Minimum       Maximum    Variable
    Variable                                                   Value         Value         Value         Value     Format 

                                                                                                                          
    chosen_cac_ind_gender                                     1.5269        2.0000        1.0000        2.0000      8     
                                                                                                                          
                                                                                                                          
                                                                                                                          
    chosen_cac_ind_last                                                                                             $20   
                                                                                                                          
    chosen_cac_ind_mi                                                                                               $1    
                                                                                                                          
    chosen_cac_ind_name                                                                                             $14   
                                                                                                                          
    chosen_cac_ind_number                                     1.3641        1.0000        1.0000        5.0000      8     
                                                                                                                          
                                                                                                                          
                                                                                                                          
                                                                                                                          
                                                                                                                          
                                                                                                                          
    chosen_first_x_of_x_flag                                  0.9942        1.0000        0.0000        1.0000      8     
                                                                                                                          
    chosen_match_level                                        1.1358        1.0000        1.0000        3.0000      8     
                                                                                                                          
                                                                                                                          
                                                                                                                          

                                                             Prepared by CAC Group, Inc.
                                                                    Prepared for                                                                    11
                                                                 Data Quality Report
                                                           Library:WORK  Member:scored__AZ
                                                              Total Observations: 516084

                                                                                      Number of     Numeric or                  Number        Zero
    Variable                                                      Label             Observations    Character     Levels       Missing      Values

                                                                                                                                                  
    chosen_spedis_score                                                                 516,084      Numeric         50+             0     456,613
                                                                                                                                                  
    last_name_match                                                                     516,084      Numeric          1              0           0
                                                          Value        1    100%        516,084                                                   
                                                                                                                                                  

                                                                Mean        Median       Minimum       Maximum    Variable
    Variable                                                   Value         Value         Value         Value     Format 

                                                                                                                          
    chosen_spedis_score                                       2.9302        0.0000        0.0000      600.0000       8    
                                                                                                                          
    last_name_match                                           1.0000        1.0000        1.0000        1.0000            
                                                                                                                          
                                                                                                                          





































                                                             Prepared by CAC Group, Inc.
