                                                                                             The WPS System                                                          11:41 Wednesday, July 29, 2015    1

                                                                                           The FREQ Procedure

                                                               Table of last_name_match by chosen_cac_ind_number
                                                                                                                                        
                                                                last_name_match|             chosen_cac_ind_number             |        
                                                                ---------------+-----------------------------------------------|        
                                                                   Frequency   |       |       |       |       |       |       |        
                                                                    Percent    |       |       |       |       |       |       |        
                                                                    Row Pct    |       |       |       |       |       |       |        
                                                                    Col Pct    |   .   |   1   |   2   |   3   |   4   |   5   | Total  
                                                                ---------------+-------+-------+-------+-------+-------+-------+------- 
                                                                              0|  33044|      0|      0|      0|      0|      0|  33044 
                                                                               |  37.29|   0.00|   0.00|   0.00|   0.00|   0.00|  37.29 
                                                                               | 100.00|   0.00|   0.00|   0.00|   0.00|   0.00|        
                                                                               |  47.98|   0.00|   0.00|   0.00|   0.00|   0.00|        
                                                                ---------------+-------+-------+-------+-------+-------+-------+------- 
                                                                              1|  35823|  14521|   3797|   1172|    231|     28|  55572 
                                                                               |  40.42|  16.39|   4.28|   1.32|   0.26|   0.03|  62.71 
                                                                               |  64.46|  26.13|   6.83|   2.11|   0.42|   0.05|        
                                                                               |  52.02| 100.00| 100.00| 100.00| 100.00| 100.00|        
                                                                ---------------+-------+-------+-------+-------+-------+-------+------- 
                                                                          Total|  68867|  14521|   3797|   1172|    231|     28|  88616 
                                                                               |  77.71|  16.39|   4.28|   1.32|   0.26|   0.03| 100.00 
                                                                                                                                        
                                                                                             The WPS System                                                          11:41 Wednesday, July 29, 2015    2

                                                                                           The FREQ Procedure

                                                                    Table of chosen_cac_ind_number by chosen_match_level
                                                                                                                                   
                                                                     chosen_cac_ind_number|      chosen_match_level       |        
                                                                     ---------------------+-------------------------------|        
                                                                           Frequency      |       |       |       |       |        
                                                                            Percent       |       |       |       |       |        
                                                                            Row Pct       |       |       |       |       |        
                                                                            Col Pct       |   .   |   1   |   2   |   3   | Total  
                                                                     ---------------------+-------+-------+-------+-------+------- 
                                                                                         .|  68867|      0|      0|      0|  68867 
                                                                                          |  77.71|   0.00|   0.00|   0.00|  77.71 
                                                                                          | 100.00|   0.00|   0.00|   0.00|        
                                                                                          | 100.00|   0.00|   0.00|   0.00|        
                                                                     ---------------------+-------+-------+-------+-------+------- 
                                                                                         1|      0|  12484|   1831|    206|  14521 
                                                                                          |   0.00|  14.09|   2.07|   0.23|  16.39 
                                                                                          |   0.00|  85.97|  12.61|   1.42|        
                                                                                          |   0.00|  73.64|  74.10|  63.19|        
                                                                     ---------------------+-------+-------+-------+-------+------- 
                                                                                         2|      0|   3243|    471|     83|   3797 
                                                                                          |   0.00|   3.66|   0.53|   0.09|   4.28 
                                                                                          |   0.00|  85.41|  12.40|   2.19|        
                                                                                          |   0.00|  19.13|  19.06|  25.46|        
                                                                     ---------------------+-------+-------+-------+-------+------- 
                                                                                         3|      0|    995|    143|     34|   1172 
                                                                                          |   0.00|   1.12|   0.16|   0.04|   1.32 
                                                                                          |   0.00|  84.90|  12.20|   2.90|        
                                                                                          |   0.00|   5.87|   5.79|  10.43|        
                                                                     ---------------------+-------+-------+-------+-------+------- 
                                                                                         4|      0|    203|     25|      3|    231 
                                                                                          |   0.00|   0.23|   0.03|   0.00|   0.26 
                                                                                          |   0.00|  87.88|  10.82|   1.30|        
                                                                                          |   0.00|   1.20|   1.01|   0.92|        
                                                                     ---------------------+-------+-------+-------+-------+------- 
                                                                                         5|      0|     27|      1|      0|     28 
                                                                                          |   0.00|   0.03|   0.00|   0.00|   0.03 
                                                                                          |   0.00|  96.43|   3.57|   0.00|        
                                                                                          |   0.00|   0.16|   0.04|   0.00|        
                                                                     ---------------------+-------+-------+-------+-------+------- 
                                                                                     Total|  68867|  16952|   2471|    326|  88616 
                                                                                          |  77.71|  19.13|   2.79|   0.37| 100.00 
                                                                                                                                   
                                                                                             match_level 2                                                           11:41 Wednesday, July 29, 2015    3

                                                                                           The FREQ Procedure

                                                                                                                Cumulative    Cumulative
                                                                chosen_spedis_score    Frequency     Percent     Frequency      Percent 
                                                                ------------------------------------------------------------------------
                                                                 0                            7        0.28             7         0.28  
                                                                 2                            2        0.08             9         0.36  
                                                                 3                            4        0.16            13         0.53  
                                                                 4                            6        0.24            19         0.77  
                                                                 5                           72        2.91            91         3.68  
                                                                 6                           10        0.40           101         4.09  
                                                                 7                          107        4.33           208         8.42  
                                                                 8                           33        1.34           241         9.75  
                                                                 9                            1        0.04           242         9.79  
                                                                10                           47        1.90           289        11.70  
                                                                11                           74        2.99           363        14.69  
                                                                12                           35        1.42           398        16.11  
                                                                13                            9        0.36           407        16.47  
                                                                14                           54        2.19           461        18.66  
                                                                15                          306       12.38           767        31.04  
                                                                16                           50        2.02           817        33.06  
                                                                17                          242        9.79          1059        42.86  
                                                                18                            2        0.08          1061        42.94  
                                                                19                          178        7.20          1239        50.14  
                                                                20                          203        8.22          1442        58.36  
                                                                21                           80        3.24          1522        61.59  
                                                                22                            4        0.16          1526        61.76  
                                                                23                           61        2.47          1587        64.23  
                                                                24                           36        1.46          1623        65.68  
                                                                25                           72        2.91          1695        68.60  
                                                                26                           29        1.17          1724        69.77  
                                                                27                           53        2.14          1777        71.91  
                                                                28                          279       11.29          2056        83.21  
                                                                29                          110        4.45          2166        87.66  
                                                                30                          101        4.09          2267        91.74  
                                                                31                           11        0.45          2278        92.19  
                                                                33                           72        2.91          2350        95.10  
                                                                34                          121        4.90          2471       100.00  
                                                                                             match_level 3                                                           11:41 Wednesday, July 29, 2015    4

                                                                                           The FREQ Procedure

                                                                                                                Cumulative    Cumulative
                                                                chosen_spedis_score    Frequency     Percent     Frequency      Percent 
                                                                ------------------------------------------------------------------------
                                                                 35                           2        0.61             2         0.61  
                                                                 37                          30        9.20            32         9.82  
                                                                 38                          33       10.12            65        19.94  
                                                                 39                          25        7.67            90        27.61  
                                                                 40                          35       10.74           125        38.34  
                                                                 41                           8        2.45           133        40.80  
                                                                 42                           4        1.23           137        42.02  
                                                                 43                           5        1.53           142        43.56  
                                                                 45                           4        1.23           146        44.79  
                                                                 46                           3        0.92           149        45.71  
                                                                 47                           6        1.84           155        47.55  
                                                                 50                          55       16.87           210        64.42  
                                                                 54                           4        1.23           214        65.64  
                                                                 55                           1        0.31           215        65.95  
                                                                 56                           1        0.31           216        66.26  
                                                                 57                           5        1.53           221        67.79  
                                                                 58                           5        1.53           226        69.33  
                                                                 60                          12        3.68           238        73.01  
                                                                 62                           9        2.76           247        75.77  
                                                                 64                           1        0.31           248        76.07  
                                                                 65                           6        1.84           254        77.91  
                                                                 66                          18        5.52           272        83.44  
                                                                 70                           4        1.23           276        84.66  
                                                                 71                           2        0.61           278        85.28  
                                                                 75                          10        3.07           288        88.34  
                                                                 82                           1        0.31           289        88.65  
                                                                 83                           6        1.84           295        90.49  
                                                                 87                           3        0.92           298        91.41  
                                                                100                           8        2.45           306        93.87  
                                                                112                           1        0.31           307        94.17  
                                                                125                           1        0.31           308        94.48  
                                                                150                           1        0.31           309        94.79  
                                                                200                           8        2.45           317        97.24  
                                                                250                           6        1.84           323        99.08  
                                                                300                           2        0.61           325        99.69  
                                                                400                           1        0.31           326       100.00  
                                                                                                                                                                     11:41 Wednesday, July 29, 2015    5

                                                                                           The FREQ Procedure

                                                               Table of last_name_match by chosen_cac_ind_number
                                                                                                                                        
                                                                last_name_match|             chosen_cac_ind_number             |        
                                                                ---------------+-----------------------------------------------|        
                                                                   Frequency   |       |       |       |       |       |       |        
                                                                    Percent    |       |       |       |       |       |       |        
                                                                    Row Pct    |       |       |       |       |       |       |        
                                                                    Col Pct    |   .   |   1   |   2   |   3   |   4   |   5   | Total  
                                                                ---------------+-------+-------+-------+-------+-------+-------+------- 
                                                                              0|  33044|      0|      0|      0|      0|      0|  33044 
                                                                               |  37.29|   0.00|   0.00|   0.00|   0.00|   0.00|  37.29 
                                                                               | 100.00|   0.00|   0.00|   0.00|   0.00|   0.00|        
                                                                               |  52.01|   0.00|   0.00|   0.00|   0.00|   0.00|        
                                                                ---------------+-------+-------+-------+-------+-------+-------+------- 
                                                                              1|  30487|  17664|   6010|   1144|    238|     29|  55572 
                                                                               |  34.40|  19.93|   6.78|   1.29|   0.27|   0.03|  62.71 
                                                                               |  54.86|  31.79|  10.81|   2.06|   0.43|   0.05|        
                                                                               |  47.99| 100.00| 100.00| 100.00| 100.00| 100.00|        
                                                                ---------------+-------+-------+-------+-------+-------+-------+------- 
                                                                          Total|  63531|  17664|   6010|   1144|    238|     29|  88616 
                                                                               |  71.69|  19.93|   6.78|   1.29|   0.27|   0.03| 100.00 
                                                                                                                                        
                                                                                                                                                                     11:41 Wednesday, July 29, 2015    6

                                                                                           The FREQ Procedure

                                                                    Table of chosen_cac_ind_number by chosen_match_level
                                                                                                                                   
                                                                     chosen_cac_ind_number|      chosen_match_level       |        
                                                                     ---------------------+-------------------------------|        
                                                                           Frequency      |       |       |       |       |        
                                                                            Percent       |       |       |       |       |        
                                                                            Row Pct       |       |       |       |       |        
                                                                            Col Pct       |   .   |   1   |   2   |   3   | Total  
                                                                     ---------------------+-------+-------+-------+-------+------- 
                                                                                         .|  63531|      0|      0|      0|  63531 
                                                                                          |  71.69|   0.00|   0.00|   0.00|  71.69 
                                                                                          | 100.00|   0.00|   0.00|   0.00|        
                                                                                          | 100.00|   0.00|   0.00|   0.00|        
                                                                     ---------------------+-------+-------+-------+-------+------- 
                                                                                         1|      0|  15662|   1659|    343|  17664 
                                                                                          |   0.00|  17.67|   1.87|   0.39|  19.93 
                                                                                          |   0.00|  88.67|   9.39|   1.94|        
                                                                                          |   0.00|  70.48|  70.42|  67.65|        
                                                                     ---------------------+-------+-------+-------+-------+------- 
                                                                                         2|      0|   5306|    576|    128|   6010 
                                                                                          |   0.00|   5.99|   0.65|   0.14|   6.78 
                                                                                          |   0.00|  88.29|   9.58|   2.13|        
                                                                                          |   0.00|  23.88|  24.45|  25.25|        
                                                                     ---------------------+-------+-------+-------+-------+------- 
                                                                                         3|      0|   1022|     96|     26|   1144 
                                                                                          |   0.00|   1.15|   0.11|   0.03|   1.29 
                                                                                          |   0.00|  89.34|   8.39|   2.27|        
                                                                                          |   0.00|   4.60|   4.07|   5.13|        
                                                                     ---------------------+-------+-------+-------+-------+------- 
                                                                                         4|      0|    206|     23|      9|    238 
                                                                                          |   0.00|   0.23|   0.03|   0.01|   0.27 
                                                                                          |   0.00|  86.55|   9.66|   3.78|        
                                                                                          |   0.00|   0.93|   0.98|   1.78|        
                                                                     ---------------------+-------+-------+-------+-------+------- 
                                                                                         5|      0|     26|      2|      1|     29 
                                                                                          |   0.00|   0.03|   0.00|   0.00|   0.03 
                                                                                          |   0.00|  89.66|   6.90|   3.45|        
                                                                                          |   0.00|   0.12|   0.08|   0.20|        
                                                                     ---------------------+-------+-------+-------+-------+------- 
                                                                                     Total|  63531|  22222|   2356|    507|  88616 
                                                                                          |  71.69|  25.08|   2.66|   0.57| 100.00 
                                                                                                                                   
                                                                                             match_level 2                                                           11:41 Wednesday, July 29, 2015    7

                                                                                           The FREQ Procedure

                                                                                                                Cumulative    Cumulative
                                                                chosen_spedis_score    Frequency     Percent     Frequency      Percent 
                                                                ------------------------------------------------------------------------
                                                                 0                           12        0.51            12         0.51  
                                                                 3                           31        1.32            43         1.83  
                                                                 4                           20        0.85            63         2.67  
                                                                 5                           82        3.48           145         6.15  
                                                                 6                           63        2.67           208         8.83  
                                                                 7                          120        5.09           328        13.92  
                                                                 8                           97        4.12           425        18.04  
                                                                 9                            1        0.04           426        18.08  
                                                                10                           56        2.38           482        20.46  
                                                                11                           70        2.97           552        23.43  
                                                                12                           59        2.50           611        25.93  
                                                                13                           11        0.47           622        26.40  
                                                                14                          113        4.80           735        31.20  
                                                                15                           97        4.12           832        35.31  
                                                                16                          103        4.37           935        39.69  
                                                                17                          112        4.75          1047        44.44  
                                                                18                            7        0.30          1054        44.74  
                                                                19                           63        2.67          1117        47.41  
                                                                20                          124        5.26          1241        52.67  
                                                                21                          163        6.92          1404        59.59  
                                                                22                           35        1.49          1439        61.08  
                                                                23                           29        1.23          1468        62.31  
                                                                24                           19        0.81          1487        63.12  
                                                                25                          143        6.07          1630        69.19  
                                                                26                           92        3.90          1722        73.09  
                                                                27                           21        0.89          1743        73.98  
                                                                28                          151        6.41          1894        80.39  
                                                                29                           89        3.78          1983        84.17  
                                                                30                          167        7.09          2150        91.26  
                                                                31                           27        1.15          2177        92.40  
                                                                32                            2        0.08          2179        92.49  
                                                                33                           81        3.44          2260        95.93  
                                                                34                           96        4.07          2356       100.00  
                                                                                             match_level 3                                                           11:41 Wednesday, July 29, 2015    8

                                                                                           The FREQ Procedure

                                                                                                                Cumulative    Cumulative
                                                                chosen_spedis_score    Frequency     Percent     Frequency      Percent 
                                                                ------------------------------------------------------------------------
                                                                 35                           5        0.99             5         0.99  
                                                                 37                          40        7.89            45         8.88  
                                                                 38                          71       14.00           116        22.88  
                                                                 39                          20        3.94           136        26.82  
                                                                 40                          30        5.92           166        32.74  
                                                                 41                          28        5.52           194        38.26  
                                                                 42                           9        1.78           203        40.04  
                                                                 43                           3        0.59           206        40.63  
                                                                 44                          15        2.96           221        43.59  
                                                                 45                          24        4.73           245        48.32  
                                                                 46                           4        0.79           249        49.11  
                                                                 47                          57       11.24           306        60.36  
                                                                 50                          82       16.17           388        76.53  
                                                                 53                           1        0.20           389        76.73  
                                                                 55                           2        0.39           391        77.12  
                                                                 56                           2        0.39           393        77.51  
                                                                 57                           3        0.59           396        78.11  
                                                                 58                           7        1.38           403        79.49  
                                                                 60                           7        1.38           410        80.87  
                                                                 62                          16        3.16           426        84.02  
                                                                 64                           2        0.39           428        84.42  
                                                                 66                           8        1.58           436        86.00  
                                                                 70                           3        0.59           439        86.59  
                                                                 75                          14        2.76           453        89.35  
                                                                 80                           1        0.20           454        89.55  
                                                                 83                          11        2.17           465        91.72  
                                                                 87                           2        0.39           467        92.11  
                                                                100                           7        1.38           474        93.49  
                                                                112                           2        0.39           476        93.89  
                                                                125                           1        0.20           477        94.08  
                                                                141                           1        0.20           478        94.28  
                                                                150                           6        1.18           484        95.46  
                                                                200                           7        1.38           491        96.84  
                                                                250                           8        1.58           499        98.42  
                                                                300                           4        0.79           503        99.21  
                                                                350                           3        0.59           506        99.80  
                                                                400                           1        0.20           507       100.00  
                                                                    Prepared for                                                                     9
                                                                 Data Quality Report
                                                           Library:WORK  Member:scored__VT
                                                              Total Observations: 44834

                                                                                                              Number of     Numeric or          
   Variable                                                                   Label                         Observations    Character     Levels

   CAC_HH_PID                                            Household Persistent ID                                 44,834     Character        50+
                                                                                                                                                
   CAC_NAME_LAST                                         Household Name                                          44,834     Character        50+
                                                                                                                                                
   bridge_address1                                       Address Line 1 From Bridge                              44,834     Character        50+
                                                                                                                                                
   bridge_address2                                       Address Line 2 From Bridge                                   0     Character         0 
                                                                                                                                                
   bridge_city                                           Address City From Bridge                                44,834     Character        50+
                                                                                                                                                
   bridge_name_first                                     First Name From Bridge                                  44,834     Character        50+
                                                                                                                                                
   bridge_name_last                                      Last Name From Bridge                                   44,834     Character        50+
                                                                                                                                                
   bridge_name_last_exact                                                                                        44,834     Character        50+
                                                                                                                                                
   bridge_name_last_fuzzy1                                                                                       44,834     Character        50+
                                                                                                                                                
   bridge_state                                          Address State From Bridge                               44,834     Character         1 
                                                         Value VT    100%                                        44,834                         
                                                                                                                                                
   bridge_zip5                                           Address Zip 5 From Bridge                               44,834     Character        50+
                                                                                                                                                
   cac_bridge_md5email_id                                Unique ID To Append Email Addresses From Bridge         44,834     Character        50+

                                                             Number        Zero          Mean        Median       Minimum       Maximum    Variable
   Variable                                                 Missing      Values         Value         Value         Value         Value     Format 

   CAC_HH_PID                                                     0                                                                          $27   
                                                                                                                                                   
   CAC_NAME_LAST                                                  0                                                                                
                                                                                                                                                   
   bridge_address1                                                0                                                                          $50   
                                                                                                                                                   
   bridge_address2                                           44,834                                                                          $50   
                                                                                                                                                   
   bridge_city                                                    0                                                                          $30   
                                                                                                                                                   
   bridge_name_first                                              0                                                                          $25   
                                                                                                                                                   
   bridge_name_last                                               0                                                                          $25   
                                                                                                                                                   
   bridge_name_last_exact                                         0                                                                                
                                                                                                                                                   
   bridge_name_last_fuzzy1                                        0                                                                                
                                                                                                                                                   
   bridge_state                                                   0                                                                          $2    
                                                                                                                                                   
                                                                                                                                                   
   bridge_zip5                                                    0                                                                          $5    
                                                                                                                                                   
   cac_bridge_md5email_id                                         0                                                                          $50   

                                                             Prepared by CAC Group, Inc.
                                                                    Prepared for                                                                    10
                                                                 Data Quality Report
                                                           Library:WORK  Member:scored__VT
                                                              Total Observations: 44834

                                                                                      Number of     Numeric or                  Number        Zero
    Variable                                                      Label             Observations    Character     Levels       Missing      Values

                                                                                                                                                  
    chosen_cac_ind_gender                                                                44,834     Numeric           2              0           0
                                                          Value        1   44.0%         19,749                                                   
                                                          Value        2   56.0%         25,085                                                   
                                                                                                                                                  
    chosen_cac_ind_last                                                                  44,834     Character        50+             0            
                                                                                                                                                  
    chosen_cac_ind_mi                                                                    36,819     Character        26          8,015            
                                                                                                                                                  
    chosen_cac_ind_name                                                                  44,834     Character        50+             0            
                                                                                                                                                  
    chosen_cac_ind_number                                                                44,834     Numeric           5              0           0
                                                          Value        1   71.8%         32,185                                                   
                                                          Value        2   21.9%          9,807                                                   
                                                          Value        3    5.2%          2,316                                                   
                                                          Value        4    1.0%            469                                                   
                                                          Value        5    0.1%             57                                                   
                                                                                                                                                  
    chosen_first_x_of_x_flag                                                             44,834     Numeric           2              0         292
                                                                                                                                                  
    chosen_match_level                                                                   44,834     Numeric           3              0           0
                                                          Value        1   87.4%         39,174                                                   
                                                          Value        2   10.8%          4,827                                                   
                                                          Value        3    1.9%            833                                                   

                                                                Mean        Median       Minimum       Maximum    Variable
    Variable                                                   Value         Value         Value         Value     Format 

                                                                                                                          
    chosen_cac_ind_gender                                     1.5595        2.0000        1.0000        2.0000      8     
                                                                                                                          
                                                                                                                          
                                                                                                                          
    chosen_cac_ind_last                                                                                             $20   
                                                                                                                          
    chosen_cac_ind_mi                                                                                               $1    
                                                                                                                          
    chosen_cac_ind_name                                                                                             $14   
                                                                                                                          
    chosen_cac_ind_number                                     1.3585        1.0000        1.0000        5.0000      8     
                                                                                                                          
                                                                                                                          
                                                                                                                          
                                                                                                                          
                                                                                                                          
                                                                                                                          
    chosen_first_x_of_x_flag                                  0.9935        1.0000        0.0000        1.0000      8     
                                                                                                                          
    chosen_match_level                                        1.1448        1.0000        1.0000        3.0000      8     
                                                                                                                          
                                                                                                                          
                                                                                                                          

                                                             Prepared by CAC Group, Inc.
                                                                    Prepared for                                                                    11
                                                                 Data Quality Report
                                                           Library:WORK  Member:scored__VT
                                                              Total Observations: 44834

                                                                                      Number of     Numeric or                  Number        Zero
    Variable                                                      Label             Observations    Character     Levels       Missing      Values

                                                                                                                                                  
    chosen_spedis_score                                                                  44,834      Numeric         50+             0      39,193
                                                                                                                                                  
    last_name_match                                                                      44,834      Numeric          1              0           0
                                                          Value        1    100%         44,834                                                   
                                                                                                                                                  

                                                                Mean        Median       Minimum       Maximum    Variable
    Variable                                                   Value         Value         Value         Value     Format 

                                                                                                                          
    chosen_spedis_score                                       3.2511        0.0000        0.0000      400.0000       8    
                                                                                                                          
    last_name_match                                           1.0000        1.0000        1.0000        1.0000            
                                                                                                                          
                                                                                                                          





































                                                             Prepared by CAC Group, Inc.
