                                                                                             The WPS System                                                          11:42 Wednesday, July 29, 2015    1

                                                                                           The FREQ Procedure

                                                               Table of last_name_match by chosen_cac_ind_number
                                                                                                                                        
                                                                last_name_match|             chosen_cac_ind_number             |        
                                                                ---------------+-----------------------------------------------|        
                                                                   Frequency   |       |       |       |       |       |       |        
                                                                    Percent    |       |       |       |       |       |       |        
                                                                    Row Pct    |       |       |       |       |       |       |        
                                                                    Col Pct    |   .   |   1   |   2   |   3   |   4   |   5   | Total  
                                                                ---------------+-------+-------+-------+-------+-------+-------+------- 
                                                                              0|  52518|      0|      0|      0|      0|      0|  52518 
                                                                               |  42.13|   0.00|   0.00|   0.00|   0.00|   0.00|  42.13 
                                                                               | 100.00|   0.00|   0.00|   0.00|   0.00|   0.00|        
                                                                               |  53.50|   0.00|   0.00|   0.00|   0.00|   0.00|        
                                                                ---------------+-------+-------+-------+-------+-------+-------+------- 
                                                                              1|  45638|  18812|   4822|   2280|    518|     78|  72148 
                                                                               |  36.61|  15.09|   3.87|   1.83|   0.42|   0.06|  57.87 
                                                                               |  63.26|  26.07|   6.68|   3.16|   0.72|   0.11|        
                                                                               |  46.50| 100.00| 100.00| 100.00| 100.00| 100.00|        
                                                                ---------------+-------+-------+-------+-------+-------+-------+------- 
                                                                          Total|  98156|  18812|   4822|   2280|    518|     78| 124666 
                                                                               |  78.74|  15.09|   3.87|   1.83|   0.42|   0.06| 100.00 
                                                                                                                                        
                                                                                             The WPS System                                                          11:42 Wednesday, July 29, 2015    2

                                                                                           The FREQ Procedure

                                                                    Table of chosen_cac_ind_number by chosen_match_level
                                                                                                                                   
                                                                     chosen_cac_ind_number|      chosen_match_level       |        
                                                                     ---------------------+-------------------------------|        
                                                                           Frequency      |       |       |       |       |        
                                                                            Percent       |       |       |       |       |        
                                                                            Row Pct       |       |       |       |       |        
                                                                            Col Pct       |   .   |   1   |   2   |   3   | Total  
                                                                     ---------------------+-------+-------+-------+-------+------- 
                                                                                         .|  98156|      0|      0|      0|  98156 
                                                                                          |  78.74|   0.00|   0.00|   0.00|  78.74 
                                                                                          | 100.00|   0.00|   0.00|   0.00|        
                                                                                          | 100.00|   0.00|   0.00|   0.00|        
                                                                     ---------------------+-------+-------+-------+-------+------- 
                                                                                         1|      0|  15745|   2775|    292|  18812 
                                                                                          |   0.00|  12.63|   2.23|   0.23|  15.09 
                                                                                          |   0.00|  83.70|  14.75|   1.55|        
                                                                                          |   0.00|  71.27|  70.16|  63.07|        
                                                                     ---------------------+-------+-------+-------+-------+------- 
                                                                                         2|      0|   3977|    746|     99|   4822 
                                                                                          |   0.00|   3.19|   0.60|   0.08|   3.87 
                                                                                          |   0.00|  82.48|  15.47|   2.05|        
                                                                                          |   0.00|  18.00|  18.86|  21.38|        
                                                                     ---------------------+-------+-------+-------+-------+------- 
                                                                                         3|      0|   1874|    351|     55|   2280 
                                                                                          |   0.00|   1.50|   0.28|   0.04|   1.83 
                                                                                          |   0.00|  82.19|  15.39|   2.41|        
                                                                                          |   0.00|   8.48|   8.87|  11.88|        
                                                                     ---------------------+-------+-------+-------+-------+------- 
                                                                                         4|      0|    434|     71|     13|    518 
                                                                                          |   0.00|   0.35|   0.06|   0.01|   0.42 
                                                                                          |   0.00|  83.78|  13.71|   2.51|        
                                                                                          |   0.00|   1.96|   1.80|   2.81|        
                                                                     ---------------------+-------+-------+-------+-------+------- 
                                                                                         5|      0|     62|     12|      4|     78 
                                                                                          |   0.00|   0.05|   0.01|   0.00|   0.06 
                                                                                          |   0.00|  79.49|  15.38|   5.13|        
                                                                                          |   0.00|   0.28|   0.30|   0.86|        
                                                                     ---------------------+-------+-------+-------+-------+------- 
                                                                                     Total|  98156|  22092|   3955|    463| 124666 
                                                                                          |  78.74|  17.72|   3.17|   0.37| 100.00 
                                                                                                                                   
                                                                                             match_level 2                                                           11:42 Wednesday, July 29, 2015    3

                                                                                           The FREQ Procedure

                                                                                                                Cumulative    Cumulative
                                                                chosen_spedis_score    Frequency     Percent     Frequency      Percent 
                                                                ------------------------------------------------------------------------
                                                                 0                            4        0.10             4         0.10  
                                                                 2                            1        0.03             5         0.13  
                                                                 3                            6        0.15            11         0.28  
                                                                 4                           12        0.30            23         0.58  
                                                                 5                          207        5.23           230         5.82  
                                                                 6                           17        0.43           247         6.25  
                                                                 7                          128        3.24           375         9.48  
                                                                 8                           42        1.06           417        10.54  
                                                                10                           60        1.52           477        12.06  
                                                                11                          190        4.80           667        16.86  
                                                                12                           53        1.34           720        18.20  
                                                                13                           45        1.14           765        19.34  
                                                                14                           57        1.44           822        20.78  
                                                                15                          634       16.03          1456        36.81  
                                                                16                           67        1.69          1523        38.51  
                                                                17                          437       11.05          1960        49.56  
                                                                18                            2        0.05          1962        49.61  
                                                                19                          211        5.34          2173        54.94  
                                                                20                          377        9.53          2550        64.48  
                                                                21                          113        2.86          2663        67.33  
                                                                22                           34        0.86          2697        68.19  
                                                                23                           32        0.81          2729        69.00  
                                                                24                           69        1.74          2798        70.75  
                                                                25                          124        3.14          2922        73.88  
                                                                26                           22        0.56          2944        74.44  
                                                                27                          131        3.31          3075        77.75  
                                                                28                          320        8.09          3395        85.84  
                                                                29                          116        2.93          3511        88.77  
                                                                30                          127        3.21          3638        91.98  
                                                                31                           12        0.30          3650        92.29  
                                                                33                           98        2.48          3748        94.77  
                                                                34                          207        5.23          3955       100.00  
                                                                                             match_level 3                                                           11:42 Wednesday, July 29, 2015    4

                                                                                           The FREQ Procedure

                                                                                                                Cumulative    Cumulative
                                                                chosen_spedis_score    Frequency     Percent     Frequency      Percent 
                                                                ------------------------------------------------------------------------
                                                                 35                           8        1.73             8         1.73  
                                                                 37                          41        8.86            49        10.58  
                                                                 38                          36        7.78            85        18.36  
                                                                 39                          64       13.82           149        32.18  
                                                                 40                          38        8.21           187        40.39  
                                                                 41                          15        3.24           202        43.63  
                                                                 42                           9        1.94           211        45.57  
                                                                 45                           4        0.86           215        46.44  
                                                                 46                           1        0.22           216        46.65  
                                                                 47                           6        1.30           222        47.95  
                                                                 50                         106       22.89           328        70.84  
                                                                 52                           1        0.22           329        71.06  
                                                                 54                           4        0.86           333        71.92  
                                                                 55                           3        0.65           336        72.57  
                                                                 56                           1        0.22           337        72.79  
                                                                 57                           5        1.08           342        73.87  
                                                                 58                           7        1.51           349        75.38  
                                                                 60                          10        2.16           359        77.54  
                                                                 62                          11        2.38           370        79.91  
                                                                 64                           1        0.22           371        80.13  
                                                                 65                           3        0.65           374        80.78  
                                                                 66                          24        5.18           398        85.96  
                                                                 68                           1        0.22           399        86.18  
                                                                 70                           3        0.65           402        86.83  
                                                                 75                          18        3.89           420        90.71  
                                                                 79                           1        0.22           421        90.93  
                                                                 80                           1        0.22           422        91.14  
                                                                 83                          10        2.16           432        93.30  
                                                                 87                           2        0.43           434        93.74  
                                                                 92                           1        0.22           435        93.95  
                                                                100                          11        2.38           446        96.33  
                                                                108                           1        0.22           447        96.54  
                                                                110                           1        0.22           448        96.76  
                                                                116                           2        0.43           450        97.19  
                                                                125                           1        0.22           451        97.41  
                                                                137                           1        0.22           452        97.62  
                                                                162                           1        0.22           453        97.84  
                                                                200                           2        0.43           455        98.27  
                                                                250                           5        1.08           460        99.35  
                                                                300                           1        0.22           461        99.57  
                                                                400                           1        0.22           462        99.78  
                                                                450                           1        0.22           463       100.00  
                                                                                                                                                                     11:42 Wednesday, July 29, 2015    5

                                                                                           The FREQ Procedure

                                                               Table of last_name_match by chosen_cac_ind_number
                                                                                                                                        
                                                                last_name_match|             chosen_cac_ind_number             |        
                                                                ---------------+-----------------------------------------------|        
                                                                   Frequency   |       |       |       |       |       |       |        
                                                                    Percent    |       |       |       |       |       |       |        
                                                                    Row Pct    |       |       |       |       |       |       |        
                                                                    Col Pct    |   .   |   1   |   2   |   3   |   4   |   5   | Total  
                                                                ---------------+-------+-------+-------+-------+-------+-------+------- 
                                                                              0|  52518|      0|      0|      0|      0|      0|  52518 
                                                                               |  42.13|   0.00|   0.00|   0.00|   0.00|   0.00|  42.13 
                                                                               | 100.00|   0.00|   0.00|   0.00|   0.00|   0.00|        
                                                                               |  55.43|   0.00|   0.00|   0.00|   0.00|   0.00|        
                                                                ---------------+-------+-------+-------+-------+-------+-------+------- 
                                                                              1|  42226|  17876|   9649|   1882|    431|     84|  72148 
                                                                               |  33.87|  14.34|   7.74|   1.51|   0.35|   0.07|  57.87 
                                                                               |  58.53|  24.78|  13.37|   2.61|   0.60|   0.12|        
                                                                               |  44.57| 100.00| 100.00| 100.00| 100.00| 100.00|        
                                                                ---------------+-------+-------+-------+-------+-------+-------+------- 
                                                                          Total|  94744|  17876|   9649|   1882|    431|     84| 124666 
                                                                               |  76.00|  14.34|   7.74|   1.51|   0.35|   0.07| 100.00 
                                                                                                                                        
                                                                                                                                                                     11:42 Wednesday, July 29, 2015    6

                                                                                           The FREQ Procedure

                                                                    Table of chosen_cac_ind_number by chosen_match_level
                                                                                                                                   
                                                                     chosen_cac_ind_number|      chosen_match_level       |        
                                                                     ---------------------+-------------------------------|        
                                                                           Frequency      |       |       |       |       |        
                                                                            Percent       |       |       |       |       |        
                                                                            Row Pct       |       |       |       |       |        
                                                                            Col Pct       |   .   |   1   |   2   |   3   | Total  
                                                                     ---------------------+-------+-------+-------+-------+------- 
                                                                                         .|  94744|      0|      0|      0|  94744 
                                                                                          |  76.00|   0.00|   0.00|   0.00|  76.00 
                                                                                          | 100.00|   0.00|   0.00|   0.00|        
                                                                                          | 100.00|   0.00|   0.00|   0.00|        
                                                                     ---------------------+-------+-------+-------+-------+------- 
                                                                                         1|      0|  15628|   1868|    380|  17876 
                                                                                          |   0.00|  12.54|   1.50|   0.30|  14.34 
                                                                                          |   0.00|  87.42|  10.45|   2.13|        
                                                                                          |   0.00|  60.02|  58.65|  54.21|        
                                                                     ---------------------+-------+-------+-------+-------+------- 
                                                                                         2|      0|   8265|   1125|    259|   9649 
                                                                                          |   0.00|   6.63|   0.90|   0.21|   7.74 
                                                                                          |   0.00|  85.66|  11.66|   2.68|        
                                                                                          |   0.00|  31.74|  35.32|  36.95|        
                                                                     ---------------------+-------+-------+-------+-------+------- 
                                                                                         3|      0|   1685|    146|     51|   1882 
                                                                                          |   0.00|   1.35|   0.12|   0.04|   1.51 
                                                                                          |   0.00|  89.53|   7.76|   2.71|        
                                                                                          |   0.00|   6.47|   4.58|   7.28|        
                                                                     ---------------------+-------+-------+-------+-------+------- 
                                                                                         4|      0|    386|     37|      8|    431 
                                                                                          |   0.00|   0.31|   0.03|   0.01|   0.35 
                                                                                          |   0.00|  89.56|   8.58|   1.86|        
                                                                                          |   0.00|   1.48|   1.16|   1.14|        
                                                                     ---------------------+-------+-------+-------+-------+------- 
                                                                                         5|      0|     72|      9|      3|     84 
                                                                                          |   0.00|   0.06|   0.01|   0.00|   0.07 
                                                                                          |   0.00|  85.71|  10.71|   3.57|        
                                                                                          |   0.00|   0.28|   0.28|   0.43|        
                                                                     ---------------------+-------+-------+-------+-------+------- 
                                                                                     Total|  94744|  26036|   3185|    701| 124666 
                                                                                          |  76.00|  20.88|   2.55|   0.56| 100.00 
                                                                                                                                   
                                                                                             match_level 2                                                           11:42 Wednesday, July 29, 2015    7

                                                                                           The FREQ Procedure

                                                                                                                Cumulative    Cumulative
                                                                chosen_spedis_score    Frequency     Percent     Frequency      Percent 
                                                                ------------------------------------------------------------------------
                                                                 0                            8        0.25             8         0.25  
                                                                 3                           21        0.66            29         0.91  
                                                                 4                           26        0.82            55         1.73  
                                                                 5                          142        4.46           197         6.19  
                                                                 6                           63        1.98           260         8.16  
                                                                 7                          140        4.40           400        12.56  
                                                                 8                          100        3.14           500        15.70  
                                                                 9                            1        0.03           501        15.73  
                                                                10                           65        2.04           566        17.77  
                                                                11                           56        1.76           622        19.53  
                                                                12                           54        1.70           676        21.22  
                                                                13                           18        0.57           694        21.79  
                                                                14                          176        5.53           870        27.32  
                                                                15                          231        7.25          1101        34.57  
                                                                16                          111        3.49          1212        38.05  
                                                                17                          266        8.35          1478        46.41  
                                                                18                           12        0.38          1490        46.78  
                                                                19                          102        3.20          1592        49.98  
                                                                20                          193        6.06          1785        56.04  
                                                                21                          232        7.28          2017        63.33  
                                                                22                           69        2.17          2086        65.49  
                                                                23                           31        0.97          2117        66.47  
                                                                24                           29        0.91          2146        67.38  
                                                                25                          231        7.25          2377        74.63  
                                                                26                           98        3.08          2475        77.71  
                                                                27                           47        1.48          2522        79.18  
                                                                28                          144        4.52          2666        83.70  
                                                                29                           86        2.70          2752        86.41  
                                                                30                          138        4.33          2890        90.74  
                                                                31                           14        0.44          2904        91.18  
                                                                32                            1        0.03          2905        91.21  
                                                                33                          119        3.74          3024        94.95  
                                                                34                          161        5.05          3185       100.00  
                                                                                             match_level 3                                                           11:42 Wednesday, July 29, 2015    8

                                                                                           The FREQ Procedure

                                                                                                                Cumulative    Cumulative
                                                                chosen_spedis_score    Frequency     Percent     Frequency      Percent 
                                                                ------------------------------------------------------------------------
                                                                 35                          12        1.71            12         1.71  
                                                                 37                          47        6.70            59         8.42  
                                                                 38                         113       16.12           172        24.54  
                                                                 39                          72       10.27           244        34.81  
                                                                 40                          42        5.99           286        40.80  
                                                                 41                          19        2.71           305        43.51  
                                                                 42                           7        1.00           312        44.51  
                                                                 43                           3        0.43           315        44.94  
                                                                 44                          35        4.99           350        49.93  
                                                                 45                          37        5.28           387        55.21  
                                                                 46                           4        0.57           391        55.78  
                                                                 47                          53        7.56           444        63.34  
                                                                 50                         110       15.69           554        79.03  
                                                                 54                           3        0.43           557        79.46  
                                                                 55                           1        0.14           558        79.60  
                                                                 56                           4        0.57           562        80.17  
                                                                 57                           3        0.43           565        80.60  
                                                                 58                           5        0.71           570        81.31  
                                                                 60                          13        1.85           583        83.17  
                                                                 62                          10        1.43           593        84.59  
                                                                 64                           1        0.14           594        84.74  
                                                                 66                           8        1.14           602        85.88  
                                                                 68                           3        0.43           605        86.31  
                                                                 70                           4        0.57           609        86.88  
                                                                 71                           1        0.14           610        87.02  
                                                                 75                          16        2.28           626        89.30  
                                                                 80                           1        0.14           627        89.44  
                                                                 81                           1        0.14           628        89.59  
                                                                 83                           8        1.14           636        90.73  
                                                                 85                           1        0.14           637        90.87  
                                                                 87                           3        0.43           640        91.30  
                                                                 90                           1        0.14           641        91.44  
                                                                100                          12        1.71           653        93.15  
                                                                110                           1        0.14           654        93.30  
                                                                112                           3        0.43           657        93.72  
                                                                116                           2        0.29           659        94.01  
                                                                125                           4        0.57           663        94.58  
                                                                130                           1        0.14           664        94.72  
                                                                133                           1        0.14           665        94.86  
                                                                150                          10        1.43           675        96.29  
                                                                200                           8        1.14           683        97.43  
                                                                250                           7        1.00           690        98.43  
                                                                300                           9        1.28           699        99.71  
                                                                350                           2        0.29           701       100.00  
                                                                    Prepared for                                                                     9
                                                                 Data Quality Report
                                                           Library:WORK  Member:scored__ND
                                                              Total Observations: 56432

                                                                                                              Number of     Numeric or          
   Variable                                                                   Label                         Observations    Character     Levels

   CAC_HH_PID                                            Household Persistent ID                                 56,432     Character        50+
                                                                                                                                                
   CAC_NAME_LAST                                         Household Name                                          56,432     Character        50+
                                                                                                                                                
   bridge_address1                                       Address Line 1 From Bridge                              56,432     Character        50+
                                                                                                                                                
   bridge_address2                                       Address Line 2 From Bridge                                   0     Character         0 
                                                                                                                                                
   bridge_city                                           Address City From Bridge                                56,432     Character        50+
                                                                                                                                                
   bridge_name_first                                     First Name From Bridge                                  56,432     Character        50+
                                                                                                                                                
   bridge_name_last                                      Last Name From Bridge                                   56,432     Character        50+
                                                                                                                                                
   bridge_name_last_exact                                                                                        56,432     Character        50+
                                                                                                                                                
   bridge_name_last_fuzzy1                                                                                       56,432     Character        50+
                                                                                                                                                
   bridge_state                                          Address State From Bridge                               56,432     Character         1 
                                                         Value ND    100%                                        56,432                         
                                                                                                                                                
   bridge_zip5                                           Address Zip 5 From Bridge                               56,432     Character        50+
                                                                                                                                                
   cac_bridge_md5email_id                                Unique ID To Append Email Addresses From Bridge         56,432     Character        50+

                                                             Number        Zero          Mean        Median       Minimum       Maximum    Variable
   Variable                                                 Missing      Values         Value         Value         Value         Value     Format 

   CAC_HH_PID                                                     0                                                                          $27   
                                                                                                                                                   
   CAC_NAME_LAST                                                  0                                                                                
                                                                                                                                                   
   bridge_address1                                                0                                                                          $50   
                                                                                                                                                   
   bridge_address2                                           56,432                                                                          $50   
                                                                                                                                                   
   bridge_city                                                    0                                                                          $30   
                                                                                                                                                   
   bridge_name_first                                              0                                                                          $25   
                                                                                                                                                   
   bridge_name_last                                               0                                                                          $25   
                                                                                                                                                   
   bridge_name_last_exact                                         0                                                                                
                                                                                                                                                   
   bridge_name_last_fuzzy1                                        0                                                                                
                                                                                                                                                   
   bridge_state                                                   0                                                                          $2    
                                                                                                                                                   
                                                                                                                                                   
   bridge_zip5                                                    0                                                                          $5    
                                                                                                                                                   
   cac_bridge_md5email_id                                         0                                                                          $50   

                                                             Prepared by CAC Group, Inc.
                                                                    Prepared for                                                                    10
                                                                 Data Quality Report
                                                           Library:WORK  Member:scored__ND
                                                              Total Observations: 56432

                                                                                      Number of     Numeric or                  Number        Zero
    Variable                                                      Label             Observations    Character     Levels       Missing      Values

                                                                                                                                                  
    chosen_cac_ind_gender                                                                56,432     Numeric           2              0           0
                                                          Value        1   47.0%         26,510                                                   
                                                          Value        2   53.0%         29,922                                                   
                                                                                                                                                  
    chosen_cac_ind_last                                                                  56,432     Character        50+             0            
                                                                                                                                                  
    chosen_cac_ind_mi                                                                    48,339     Character        26          8,093            
                                                                                                                                                  
    chosen_cac_ind_name                                                                  56,432     Character        50+             0            
                                                                                                                                                  
    chosen_cac_ind_number                                                                56,432     Numeric           5              0           0
                                                          Value        1   65.0%         36,688                                                   
                                                          Value        2   25.6%         14,471                                                   
                                                          Value        3    7.4%          4,162                                                   
                                                          Value        4    1.7%            949                                                   
                                                          Value        5    0.3%            162                                                   
                                                                                                                                                  
    chosen_first_x_of_x_flag                                                             56,432     Numeric           2              0         331
                                                                                                                                                  
    chosen_match_level                                                                   56,432     Numeric           3              0           0
                                                          Value        1   85.3%         48,128                                                   
                                                          Value        2   12.7%          7,140                                                   
                                                          Value        3    2.1%          1,164                                                   

                                                                Mean        Median       Minimum       Maximum    Variable
    Variable                                                   Value         Value         Value         Value     Format 

                                                                                                                          
    chosen_cac_ind_gender                                     1.5302        2.0000        1.0000        2.0000      8     
                                                                                                                          
                                                                                                                          
                                                                                                                          
    chosen_cac_ind_last                                                                                             $20   
                                                                                                                          
    chosen_cac_ind_mi                                                                                               $1    
                                                                                                                          
    chosen_cac_ind_name                                                                                             $14   
                                                                                                                          
    chosen_cac_ind_number                                     1.4659        1.0000        1.0000        5.0000      8     
                                                                                                                          
                                                                                                                          
                                                                                                                          
                                                                                                                          
                                                                                                                          
                                                                                                                          
    chosen_first_x_of_x_flag                                  0.9941        1.0000        0.0000        1.0000      8     
                                                                                                                          
    chosen_match_level                                        1.1678        1.0000        1.0000        3.0000      8     
                                                                                                                          
                                                                                                                          
                                                                                                                          

                                                             Prepared by CAC Group, Inc.
                                                                    Prepared for                                                                    11
                                                                 Data Quality Report
                                                           Library:WORK  Member:scored__ND
                                                              Total Observations: 56432

                                                                                      Number of     Numeric or                  Number        Zero
    Variable                                                      Label             Observations    Character     Levels       Missing      Values

                                                                                                                                                  
    chosen_spedis_score                                                                  56,432      Numeric         50+             0      48,140
                                                                                                                                                  
    last_name_match                                                                      56,432      Numeric          1              0           0
                                                          Value        1    100%         56,432                                                   
                                                                                                                                                  

                                                                Mean        Median       Minimum       Maximum    Variable
    Variable                                                   Value         Value         Value         Value     Format 

                                                                                                                          
    chosen_spedis_score                                       3.6126        0.0000        0.0000      450.0000       8    
                                                                                                                          
    last_name_match                                           1.0000        1.0000        1.0000        1.0000            
                                                                                                                          
                                                                                                                          





































                                                             Prepared by CAC Group, Inc.
