                                                                                             The WPS System                                                          11:42 Wednesday, July 29, 2015    1

                                                                                           The FREQ Procedure

                                                               Table of last_name_match by chosen_cac_ind_number
                                                                                                                                        
                                                                last_name_match|             chosen_cac_ind_number             |        
                                                                ---------------+-----------------------------------------------|        
                                                                   Frequency   |       |       |       |       |       |       |        
                                                                    Percent    |       |       |       |       |       |       |        
                                                                    Row Pct    |       |       |       |       |       |       |        
                                                                    Col Pct    |   .   |   1   |   2   |   3   |   4   |   5   | Total  
                                                                ---------------+-------+-------+-------+-------+-------+-------+------- 
                                                                              0|  62533|      0|      0|      0|      0|      0|  62533 
                                                                               |  35.05|   0.00|   0.00|   0.00|   0.00|   0.00|  35.05 
                                                                               | 100.00|   0.00|   0.00|   0.00|   0.00|   0.00|        
                                                                               |  46.59|   0.00|   0.00|   0.00|   0.00|   0.00|        
                                                                ---------------+-------+-------+-------+-------+-------+-------+------- 
                                                                              1|  71699|  30127|  10199|   3017|    713|    136| 115891 
                                                                               |  40.18|  16.89|   5.72|   1.69|   0.40|   0.08|  64.95 
                                                                               |  61.87|  26.00|   8.80|   2.60|   0.62|   0.12|        
                                                                               |  53.41| 100.00| 100.00| 100.00| 100.00| 100.00|        
                                                                ---------------+-------+-------+-------+-------+-------+-------+------- 
                                                                          Total| 134232|  30127|  10199|   3017|    713|    136| 178424 
                                                                               |  75.23|  16.89|   5.72|   1.69|   0.40|   0.08| 100.00 
                                                                                                                                        
                                                                                             The WPS System                                                          11:42 Wednesday, July 29, 2015    2

                                                                                           The FREQ Procedure

                                                                    Table of chosen_cac_ind_number by chosen_match_level
                                                                                                                                   
                                                                     chosen_cac_ind_number|      chosen_match_level       |        
                                                                     ---------------------+-------------------------------|        
                                                                           Frequency      |       |       |       |       |        
                                                                            Percent       |       |       |       |       |        
                                                                            Row Pct       |       |       |       |       |        
                                                                            Col Pct       |   .   |   1   |   2   |   3   | Total  
                                                                     ---------------------+-------+-------+-------+-------+------- 
                                                                                         .| 134232|      0|      0|      0| 134232 
                                                                                          |  75.23|   0.00|   0.00|   0.00|  75.23 
                                                                                          | 100.00|   0.00|   0.00|   0.00|        
                                                                                          | 100.00|   0.00|   0.00|   0.00|        
                                                                     ---------------------+-------+-------+-------+-------+------- 
                                                                                         1|      0|  26787|   2955|    385|  30127 
                                                                                          |   0.00|  15.01|   1.66|   0.22|  16.89 
                                                                                          |   0.00|  88.91|   9.81|   1.28|        
                                                                                          |   0.00|  68.61|  66.79|  53.18|        
                                                                     ---------------------+-------+-------+-------+-------+------- 
                                                                                         2|      0|   8951|   1028|    220|  10199 
                                                                                          |   0.00|   5.02|   0.58|   0.12|   5.72 
                                                                                          |   0.00|  87.76|  10.08|   2.16|        
                                                                                          |   0.00|  22.93|  23.24|  30.39|        
                                                                     ---------------------+-------+-------+-------+-------+------- 
                                                                                         3|      0|   2596|    339|     82|   3017 
                                                                                          |   0.00|   1.45|   0.19|   0.05|   1.69 
                                                                                          |   0.00|  86.05|  11.24|   2.72|        
                                                                                          |   0.00|   6.65|   7.66|  11.33|        
                                                                     ---------------------+-------+-------+-------+-------+------- 
                                                                                         4|      0|    593|     89|     31|    713 
                                                                                          |   0.00|   0.33|   0.05|   0.02|   0.40 
                                                                                          |   0.00|  83.17|  12.48|   4.35|        
                                                                                          |   0.00|   1.52|   2.01|   4.28|        
                                                                     ---------------------+-------+-------+-------+-------+------- 
                                                                                         5|      0|    117|     13|      6|    136 
                                                                                          |   0.00|   0.07|   0.01|   0.00|   0.08 
                                                                                          |   0.00|  86.03|   9.56|   4.41|        
                                                                                          |   0.00|   0.30|   0.29|   0.83|        
                                                                     ---------------------+-------+-------+-------+-------+------- 
                                                                                     Total| 134232|  39044|   4424|    724| 178424 
                                                                                          |  75.23|  21.88|   2.48|   0.41| 100.00 
                                                                                                                                   
                                                                                             match_level 2                                                           11:42 Wednesday, July 29, 2015    3

                                                                                           The FREQ Procedure

                                                                                                                Cumulative    Cumulative
                                                                chosen_spedis_score    Frequency     Percent     Frequency      Percent 
                                                                ------------------------------------------------------------------------
                                                                 0                           15        0.34            15         0.34  
                                                                 2                            1        0.02            16         0.36  
                                                                 3                           30        0.68            46         1.04  
                                                                 4                           43        0.97            89         2.01  
                                                                 5                          177        4.00           266         6.01  
                                                                 6                           39        0.88           305         6.89  
                                                                 7                          191        4.32           496        11.21  
                                                                 8                           82        1.85           578        13.07  
                                                                 9                            4        0.09           582        13.16  
                                                                10                           89        2.01           671        15.17  
                                                                11                          123        2.78           794        17.95  
                                                                12                           93        2.10           887        20.05  
                                                                13                           29        0.66           916        20.71  
                                                                14                          150        3.39          1066        24.10  
                                                                15                          416        9.40          1482        33.50  
                                                                16                          145        3.28          1627        36.78  
                                                                17                          362        8.18          1989        44.96  
                                                                18                           18        0.41          2007        45.37  
                                                                19                          248        5.61          2255        50.97  
                                                                20                          323        7.30          2578        58.27  
                                                                21                           95        2.15          2673        60.42  
                                                                22                           28        0.63          2701        61.05  
                                                                23                           94        2.12          2795        63.18  
                                                                24                           79        1.79          2874        64.96  
                                                                25                          172        3.89          3046        68.85  
                                                                26                           62        1.40          3108        70.25  
                                                                27                           85        1.92          3193        72.17  
                                                                28                          481       10.87          3674        83.05  
                                                                29                          191        4.32          3865        87.36  
                                                                30                          211        4.77          4076        92.13  
                                                                31                           40        0.90          4116        93.04  
                                                                32                            2        0.05          4118        93.08  
                                                                33                          153        3.46          4271        96.54  
                                                                34                          153        3.46          4424       100.00  
                                                                                             match_level 3                                                           11:42 Wednesday, July 29, 2015    4

                                                                                           The FREQ Procedure

                                                                                                                Cumulative    Cumulative
                                                                chosen_spedis_score    Frequency     Percent     Frequency      Percent 
                                                                ------------------------------------------------------------------------
                                                                 35                          12        1.66            12         1.66  
                                                                 37                          59        8.15            71         9.81  
                                                                 38                          52        7.18           123        16.99  
                                                                 39                          57        7.87           180        24.86  
                                                                 40                          51        7.04           231        31.91  
                                                                 41                          19        2.62           250        34.53  
                                                                 42                          12        1.66           262        36.19  
                                                                 43                          12        1.66           274        37.85  
                                                                 44                           2        0.28           276        38.12  
                                                                 45                           5        0.69           281        38.81  
                                                                 46                           9        1.24           290        40.06  
                                                                 47                          23        3.18           313        43.23  
                                                                 49                           1        0.14           314        43.37  
                                                                 50                         139       19.20           453        62.57  
                                                                 54                          16        2.21           469        64.78  
                                                                 55                           7        0.97           476        65.75  
                                                                 56                           1        0.14           477        65.88  
                                                                 57                          12        1.66           489        67.54  
                                                                 58                          20        2.76           509        70.30  
                                                                 59                           1        0.14           510        70.44  
                                                                 60                          25        3.45           535        73.90  
                                                                 62                          21        2.90           556        76.80  
                                                                 64                           2        0.28           558        77.07  
                                                                 65                           3        0.41           561        77.49  
                                                                 66                          36        4.97           597        82.46  
                                                                 68                           4        0.55           601        83.01  
                                                                 70                          11        1.52           612        84.53  
                                                                 71                           1        0.14           613        84.67  
                                                                 75                          25        3.45           638        88.12  
                                                                 80                           2        0.28           640        88.40  
                                                                 82                           1        0.14           641        88.54  
                                                                 83                          23        3.18           664        91.71  
                                                                 85                           2        0.28           666        91.99  
                                                                 87                           5        0.69           671        92.68  
                                                                 90                           2        0.28           673        92.96  
                                                                 91                           2        0.28           675        93.23  
                                                                100                          14        1.93           689        95.17  
                                                                106                           1        0.14           690        95.30  
                                                                108                           1        0.14           691        95.44  
                                                                112                           2        0.28           693        95.72  
                                                                116                           1        0.14           694        95.86  
                                                                125                           2        0.28           696        96.13  
                                                                133                           3        0.41           699        96.55  
                                                                150                           5        0.69           704        97.24  
                                                                175                           2        0.28           706        97.51  
                                                                200                           2        0.28           708        97.79  
                                                                233                           1        0.14           709        97.93  
                                                                250                           5        0.69           714        98.62  
                                                                300                           3        0.41           717        99.03  
                                                                350                           2        0.28           719        99.31  
                                                                400                           3        0.41           722        99.72  
                                                                450                           1        0.14           723        99.86  
                                                                650                           1        0.14           724       100.00  
                                                                                                                                                                     11:42 Wednesday, July 29, 2015    5

                                                                                           The FREQ Procedure

                                                               Table of last_name_match by chosen_cac_ind_number
                                                                                                                                        
                                                                last_name_match|             chosen_cac_ind_number             |        
                                                                ---------------+-----------------------------------------------|        
                                                                   Frequency   |       |       |       |       |       |       |        
                                                                    Percent    |       |       |       |       |       |       |        
                                                                    Row Pct    |       |       |       |       |       |       |        
                                                                    Col Pct    |   .   |   1   |   2   |   3   |   4   |   5   | Total  
                                                                ---------------+-------+-------+-------+-------+-------+-------+------- 
                                                                              0|  62533|      0|      0|      0|      0|      0|  62533 
                                                                               |  35.05|   0.00|   0.00|   0.00|   0.00|   0.00|  35.05 
                                                                               | 100.00|   0.00|   0.00|   0.00|   0.00|   0.00|        
                                                                               |  48.77|   0.00|   0.00|   0.00|   0.00|   0.00|        
                                                                ---------------+-------+-------+-------+-------+-------+-------+------- 
                                                                              1|  65677|  34139|  12394|   2901|    646|    134| 115891 
                                                                               |  36.81|  19.13|   6.95|   1.63|   0.36|   0.08|  64.95 
                                                                               |  56.67|  29.46|  10.69|   2.50|   0.56|   0.12|        
                                                                               |  51.23| 100.00| 100.00| 100.00| 100.00| 100.00|        
                                                                ---------------+-------+-------+-------+-------+-------+-------+------- 
                                                                          Total| 128210|  34139|  12394|   2901|    646|    134| 178424 
                                                                               |  71.86|  19.13|   6.95|   1.63|   0.36|   0.08| 100.00 
                                                                                                                                        
                                                                                                                                                                     11:42 Wednesday, July 29, 2015    6

                                                                                           The FREQ Procedure

                                                                    Table of chosen_cac_ind_number by chosen_match_level
                                                                                                                                   
                                                                     chosen_cac_ind_number|      chosen_match_level       |        
                                                                     ---------------------+-------------------------------|        
                                                                           Frequency      |       |       |       |       |        
                                                                            Percent       |       |       |       |       |        
                                                                            Row Pct       |       |       |       |       |        
                                                                            Col Pct       |   .   |   1   |   2   |   3   | Total  
                                                                     ---------------------+-------+-------+-------+-------+------- 
                                                                                         .| 128210|      0|      0|      0| 128210 
                                                                                          |  71.86|   0.00|   0.00|   0.00|  71.86 
                                                                                          | 100.00|   0.00|   0.00|   0.00|        
                                                                                          | 100.00|   0.00|   0.00|   0.00|        
                                                                     ---------------------+-------+-------+-------+-------+------- 
                                                                                         1|      0|  30270|   3256|    613|  34139 
                                                                                          |   0.00|  16.97|   1.82|   0.34|  19.13 
                                                                                          |   0.00|  88.67|   9.54|   1.80|        
                                                                                          |   0.00|  68.23|  67.69|  58.94|        
                                                                     ---------------------+-------+-------+-------+-------+------- 
                                                                                         2|      0|  10843|   1235|    316|  12394 
                                                                                          |   0.00|   6.08|   0.69|   0.18|   6.95 
                                                                                          |   0.00|  87.49|   9.96|   2.55|        
                                                                                          |   0.00|  24.44|  25.68|  30.38|        
                                                                     ---------------------+-------+-------+-------+-------+------- 
                                                                                         3|      0|   2559|    263|     79|   2901 
                                                                                          |   0.00|   1.43|   0.15|   0.04|   1.63 
                                                                                          |   0.00|  88.21|   9.07|   2.72|        
                                                                                          |   0.00|   5.77|   5.47|   7.60|        
                                                                     ---------------------+-------+-------+-------+-------+------- 
                                                                                         4|      0|    575|     46|     25|    646 
                                                                                          |   0.00|   0.32|   0.03|   0.01|   0.36 
                                                                                          |   0.00|  89.01|   7.12|   3.87|        
                                                                                          |   0.00|   1.30|   0.96|   2.40|        
                                                                     ---------------------+-------+-------+-------+-------+------- 
                                                                                         5|      0|    117|     10|      7|    134 
                                                                                          |   0.00|   0.07|   0.01|   0.00|   0.08 
                                                                                          |   0.00|  87.31|   7.46|   5.22|        
                                                                                          |   0.00|   0.26|   0.21|   0.67|        
                                                                     ---------------------+-------+-------+-------+-------+------- 
                                                                                     Total| 128210|  44364|   4810|   1040| 178424 
                                                                                          |  71.86|  24.86|   2.70|   0.58| 100.00 
                                                                                                                                   
                                                                                             match_level 2                                                           11:42 Wednesday, July 29, 2015    7

                                                                                           The FREQ Procedure

                                                                                                                Cumulative    Cumulative
                                                                chosen_spedis_score    Frequency     Percent     Frequency      Percent 
                                                                ------------------------------------------------------------------------
                                                                 0                           19        0.40            19         0.40  
                                                                 2                            3        0.06            22         0.46  
                                                                 3                          115        2.39           137         2.85  
                                                                 4                           79        1.64           216         4.49  
                                                                 5                          215        4.47           431         8.96  
                                                                 6                          151        3.14           582        12.10  
                                                                 7                          218        4.53           800        16.63  
                                                                 8                          219        4.55          1019        21.19  
                                                                 9                            3        0.06          1022        21.25  
                                                                10                          110        2.29          1132        23.53  
                                                                11                          155        3.22          1287        26.76  
                                                                12                          136        2.83          1423        29.58  
                                                                13                           45        0.94          1468        30.52  
                                                                14                          210        4.37          1678        34.89  
                                                                15                          197        4.10          1875        38.98  
                                                                16                          202        4.20          2077        43.18  
                                                                17                          179        3.72          2256        46.90  
                                                                18                           21        0.44          2277        47.34  
                                                                19                          137        2.85          2414        50.19  
                                                                20                          191        3.97          2605        54.16  
                                                                21                          305        6.34          2910        60.50  
                                                                22                           84        1.75          2994        62.25  
                                                                23                           59        1.23          3053        63.47  
                                                                24                           41        0.85          3094        64.32  
                                                                25                          267        5.55          3361        69.88  
                                                                26                          208        4.32          3569        74.20  
                                                                27                           44        0.91          3613        75.11  
                                                                28                          303        6.30          3916        81.41  
                                                                29                          203        4.22          4119        85.63  
                                                                30                          327        6.80          4446        92.43  
                                                                31                           71        1.48          4517        93.91  
                                                                32                            1        0.02          4518        93.93  
                                                                33                          150        3.12          4668        97.05  
                                                                34                          142        2.95          4810       100.00  
                                                                                             match_level 3                                                           11:42 Wednesday, July 29, 2015    8

                                                                                           The FREQ Procedure

                                                                                                                Cumulative    Cumulative
                                                                chosen_spedis_score    Frequency     Percent     Frequency      Percent 
                                                                ------------------------------------------------------------------------
                                                                 35                          10        0.96            10         0.96  
                                                                 37                          92        8.85           102         9.81  
                                                                 38                         109       10.48           211        20.29  
                                                                 39                          37        3.56           248        23.85  
                                                                 40                          54        5.19           302        29.04  
                                                                 41                          46        4.42           348        33.46  
                                                                 42                          28        2.69           376        36.15  
                                                                 43                           7        0.67           383        36.83  
                                                                 44                          30        2.88           413        39.71  
                                                                 45                          31        2.98           444        42.69  
                                                                 46                          18        1.73           462        44.42  
                                                                 47                         100        9.62           562        54.04  
                                                                 50                         147       14.13           709        68.17  
                                                                 53                           1        0.10           710        68.27  
                                                                 54                          10        0.96           720        69.23  
                                                                 55                           6        0.58           726        69.81  
                                                                 56                           3        0.29           729        70.10  
                                                                 57                          11        1.06           740        71.15  
                                                                 58                          20        1.92           760        73.08  
                                                                 60                          21        2.02           781        75.10  
                                                                 62                          31        2.98           812        78.08  
                                                                 64                           1        0.10           813        78.17  
                                                                 65                           1        0.10           814        78.27  
                                                                 66                          35        3.37           849        81.63  
                                                                 68                           7        0.67           856        82.31  
                                                                 70                           8        0.77           864        83.08  
                                                                 75                          28        2.69           892        85.77  
                                                                 80                           3        0.29           895        86.06  
                                                                 81                           1        0.10           896        86.15  
                                                                 83                          20        1.92           916        88.08  
                                                                 85                           1        0.10           917        88.17  
                                                                 87                           6        0.58           923        88.75  
                                                                 90                           1        0.10           924        88.85  
                                                                 92                           1        0.10           925        88.94  
                                                                 95                           1        0.10           926        89.04  
                                                                100                          18        1.73           944        90.77  
                                                                104                           1        0.10           945        90.87  
                                                                110                           1        0.10           946        90.96  
                                                                112                           4        0.38           950        91.35  
                                                                116                           2        0.19           952        91.54  
                                                                125                          15        1.44           967        92.98  
                                                                133                           1        0.10           968        93.08  
                                                                150                          10        0.96           978        94.04  
                                                                175                           1        0.10           979        94.13  
                                                                183                           1        0.10           980        94.23  
                                                                200                          12        1.15           992        95.38  
                                                                250                          26        2.50          1018        97.88  
                                                                300                          19        1.83          1037        99.71  
                                                                350                           2        0.19          1039        99.90  
                                                                500                           1        0.10          1040       100.00  
                                                                    Prepared for                                                                     9
                                                                 Data Quality Report
                                                           Library:WORK  Member:scored__DE
                                                              Total Observations: 94406

                                                                                                              Number of     Numeric or          
   Variable                                                                   Label                         Observations    Character     Levels

   CAC_HH_PID                                            Household Persistent ID                                 94,406     Character        50+
                                                                                                                                                
   CAC_NAME_LAST                                         Household Name                                          94,406     Character        50+
                                                                                                                                                
   bridge_address1                                       Address Line 1 From Bridge                              94,406     Character        50+
                                                                                                                                                
   bridge_address2                                       Address Line 2 From Bridge                                   0     Character         0 
                                                                                                                                                
   bridge_city                                           Address City From Bridge                                94,406     Character        50+
                                                                                                                                                
   bridge_name_first                                     First Name From Bridge                                  94,406     Character        50+
                                                                                                                                                
   bridge_name_last                                      Last Name From Bridge                                   94,406     Character        50+
                                                                                                                                                
   bridge_name_last_exact                                                                                        94,406     Character        50+
                                                                                                                                                
   bridge_name_last_fuzzy1                                                                                       94,406     Character        50+
                                                                                                                                                
   bridge_state                                          Address State From Bridge                               94,406     Character         1 
                                                         Value DE    100%                                        94,406                         
                                                                                                                                                
   bridge_zip5                                           Address Zip 5 From Bridge                               94,406     Character        50+
                                                                                                                                                
   cac_bridge_md5email_id                                Unique ID To Append Email Addresses From Bridge         94,406     Character        50+

                                                             Number        Zero          Mean        Median       Minimum       Maximum    Variable
   Variable                                                 Missing      Values         Value         Value         Value         Value     Format 

   CAC_HH_PID                                                     0                                                                          $27   
                                                                                                                                                   
   CAC_NAME_LAST                                                  0                                                                                
                                                                                                                                                   
   bridge_address1                                                0                                                                          $50   
                                                                                                                                                   
   bridge_address2                                           94,406                                                                          $50   
                                                                                                                                                   
   bridge_city                                                    0                                                                          $30   
                                                                                                                                                   
   bridge_name_first                                              0                                                                          $25   
                                                                                                                                                   
   bridge_name_last                                               0                                                                          $25   
                                                                                                                                                   
   bridge_name_last_exact                                         0                                                                                
                                                                                                                                                   
   bridge_name_last_fuzzy1                                        0                                                                                
                                                                                                                                                   
   bridge_state                                                   0                                                                          $2    
                                                                                                                                                   
                                                                                                                                                   
   bridge_zip5                                                    0                                                                          $5    
                                                                                                                                                   
   cac_bridge_md5email_id                                         0                                                                          $50   

                                                             Prepared by CAC Group, Inc.
                                                                    Prepared for                                                                    10
                                                                 Data Quality Report
                                                           Library:WORK  Member:scored__DE
                                                              Total Observations: 94406

                                                                                      Number of     Numeric or                  Number        Zero
    Variable                                                      Label             Observations    Character     Levels       Missing      Values

                                                                                                                                                  
    chosen_cac_ind_gender                                                                94,406     Numeric           2              0           0
                                                          Value        1   46.8%         44,192                                                   
                                                          Value        2   53.2%         50,214                                                   
                                                                                                                                                  
    chosen_cac_ind_last                                                                  94,406     Character        50+             0            
                                                                                                                                                  
    chosen_cac_ind_mi                                                                    84,519     Character        26          9,887            
                                                                                                                                                  
    chosen_cac_ind_name                                                                  94,406     Character        50+             0            
                                                                                                                                                  
    chosen_cac_ind_number                                                                94,406     Numeric           5              0           0
                                                          Value        1   68.1%         64,266                                                   
                                                          Value        2   23.9%         22,593                                                   
                                                          Value        3    6.3%          5,918                                                   
                                                          Value        4    1.4%          1,359                                                   
                                                          Value        5    0.3%            270                                                   
                                                                                                                                                  
    chosen_first_x_of_x_flag                                                             94,406     Numeric           2              0         533
                                                                                                                                                  
    chosen_match_level                                                                   94,406     Numeric           3              0           0
                                                          Value        1   88.4%         83,408                                                   
                                                          Value        2    9.8%          9,234                                                   
                                                          Value        3    1.9%          1,764                                                   

                                                                Mean        Median       Minimum       Maximum    Variable
    Variable                                                   Value         Value         Value         Value     Format 

                                                                                                                          
    chosen_cac_ind_gender                                     1.5319        2.0000        1.0000        2.0000      8     
                                                                                                                          
                                                                                                                          
                                                                                                                          
    chosen_cac_ind_last                                                                                             $20   
                                                                                                                          
    chosen_cac_ind_mi                                                                                               $1    
                                                                                                                          
    chosen_cac_ind_name                                                                                             $14   
                                                                                                                          
    chosen_cac_ind_number                                     1.4193        1.0000        1.0000        5.0000      8     
                                                                                                                          
                                                                                                                          
                                                                                                                          
                                                                                                                          
                                                                                                                          
                                                                                                                          
    chosen_first_x_of_x_flag                                  0.9944        1.0000        0.0000        1.0000      8     
                                                                                                                          
    chosen_match_level                                        1.1352        1.0000        1.0000        3.0000      8     
                                                                                                                          
                                                                                                                          
                                                                                                                          

                                                             Prepared by CAC Group, Inc.
                                                                    Prepared for                                                                    11
                                                                 Data Quality Report
                                                           Library:WORK  Member:scored__DE
                                                              Total Observations: 94406

                                                                                      Number of     Numeric or                  Number        Zero
    Variable                                                      Label             Observations    Character     Levels       Missing      Values

                                                                                                                                                  
    chosen_spedis_score                                                                  94,406      Numeric         50+             0      83,442
                                                                                                                                                  
    last_name_match                                                                      94,406      Numeric          1              0           0
                                                          Value        1    100%         94,406                                                   
                                                                                                                                                  

                                                                Mean        Median       Minimum       Maximum    Variable
    Variable                                                   Value         Value         Value         Value     Format 

                                                                                                                          
    chosen_spedis_score                                       3.0538        0.0000        0.0000      650.0000       8    
                                                                                                                          
    last_name_match                                           1.0000        1.0000        1.0000        1.0000            
                                                                                                                          
                                                                                                                          





































                                                             Prepared by CAC Group, Inc.
