                                                                                             The WPS System                                                          11:44 Wednesday, July 29, 2015    1

                                                                                           The FREQ Procedure

                                                               Table of last_name_match by chosen_cac_ind_number
                                                                                                                                        
                                                                last_name_match|             chosen_cac_ind_number             |        
                                                                ---------------+-----------------------------------------------|        
                                                                   Frequency   |       |       |       |       |       |       |        
                                                                    Percent    |       |       |       |       |       |       |        
                                                                    Row Pct    |       |       |       |       |       |       |        
                                                                    Col Pct    |   .   |   1   |   2   |   3   |   4   |   5   | Total  
                                                                ---------------+-------+-------+-------+-------+-------+-------+------- 
                                                                              0| 171986|      0|      0|      0|      0|      0| 171986 
                                                                               |  40.01|   0.00|   0.00|   0.00|   0.00|   0.00|  40.01 
                                                                               | 100.00|   0.00|   0.00|   0.00|   0.00|   0.00|        
                                                                               |  52.09|   0.00|   0.00|   0.00|   0.00|   0.00|        
                                                                ---------------+-------+-------+-------+-------+-------+-------+------- 
                                                                              1| 158159|  67632|  20728|   8062|   2612|    731| 257924 
                                                                               |  36.79|  15.73|   4.82|   1.88|   0.61|   0.17|  59.99 
                                                                               |  61.32|  26.22|   8.04|   3.13|   1.01|   0.28|        
                                                                               |  47.91| 100.00| 100.00| 100.00| 100.00| 100.00|        
                                                                ---------------+-------+-------+-------+-------+-------+-------+------- 
                                                                          Total| 330145|  67632|  20728|   8062|   2612|    731| 429910 
                                                                               |  76.79|  15.73|   4.82|   1.88|   0.61|   0.17| 100.00 
                                                                                                                                        
                                                                                             The WPS System                                                          11:44 Wednesday, July 29, 2015    2

                                                                                           The FREQ Procedure

                                                                    Table of chosen_cac_ind_number by chosen_match_level
                                                                                                                                   
                                                                     chosen_cac_ind_number|      chosen_match_level       |        
                                                                     ---------------------+-------------------------------|        
                                                                           Frequency      |       |       |       |       |        
                                                                            Percent       |       |       |       |       |        
                                                                            Row Pct       |       |       |       |       |        
                                                                            Col Pct       |   .   |   1   |   2   |   3   | Total  
                                                                     ---------------------+-------+-------+-------+-------+------- 
                                                                                         .| 330145|      0|      0|      0| 330145 
                                                                                          |  76.79|   0.00|   0.00|   0.00|  76.79 
                                                                                          | 100.00|   0.00|   0.00|   0.00|        
                                                                                          | 100.00|   0.00|   0.00|   0.00|        
                                                                     ---------------------+-------+-------+-------+-------+------- 
                                                                                         1|      0|  58428|   8244|    960|  67632 
                                                                                          |   0.00|  13.59|   1.92|   0.22|  15.73 
                                                                                          |   0.00|  86.39|  12.19|   1.42|        
                                                                                          |   0.00|  68.00|  67.87|  56.50|        
                                                                     ---------------------+-------+-------+-------+-------+------- 
                                                                                         2|      0|  17678|   2639|    411|  20728 
                                                                                          |   0.00|   4.11|   0.61|   0.10|   4.82 
                                                                                          |   0.00|  85.29|  12.73|   1.98|        
                                                                                          |   0.00|  20.58|  21.73|  24.19|        
                                                                     ---------------------+-------+-------+-------+-------+------- 
                                                                                         3|      0|   6981|    876|    205|   8062 
                                                                                          |   0.00|   1.62|   0.20|   0.05|   1.88 
                                                                                          |   0.00|  86.59|  10.87|   2.54|        
                                                                                          |   0.00|   8.13|   7.21|  12.07|        
                                                                     ---------------------+-------+-------+-------+-------+------- 
                                                                                         4|      0|   2228|    284|    100|   2612 
                                                                                          |   0.00|   0.52|   0.07|   0.02|   0.61 
                                                                                          |   0.00|  85.30|  10.87|   3.83|        
                                                                                          |   0.00|   2.59|   2.34|   5.89|        
                                                                     ---------------------+-------+-------+-------+-------+------- 
                                                                                         5|      0|    604|    104|     23|    731 
                                                                                          |   0.00|   0.14|   0.02|   0.01|   0.17 
                                                                                          |   0.00|  82.63|  14.23|   3.15|        
                                                                                          |   0.00|   0.70|   0.86|   1.35|        
                                                                     ---------------------+-------+-------+-------+-------+------- 
                                                                                     Total| 330145|  85919|  12147|   1699| 429910 
                                                                                          |  76.79|  19.99|   2.83|   0.40| 100.00 
                                                                                                                                   
                                                                                             match_level 2                                                           11:44 Wednesday, July 29, 2015    3

                                                                                           The FREQ Procedure

                                                                                                                Cumulative    Cumulative
                                                                chosen_spedis_score    Frequency     Percent     Frequency      Percent 
                                                                ------------------------------------------------------------------------
                                                                 0                           24        0.20            24         0.20  
                                                                 2                            1        0.01            25         0.21  
                                                                 3                           26        0.21            51         0.42  
                                                                 4                           61        0.50           112         0.92  
                                                                 5                          657        5.41           769         6.33  
                                                                 6                           59        0.49           828         6.82  
                                                                 7                          486        4.00          1314        10.82  
                                                                 8                          344        2.83          1658        13.65  
                                                                 9                            4        0.03          1662        13.68  
                                                                10                          340        2.80          2002        16.48  
                                                                11                          425        3.50          2427        19.98  
                                                                12                          191        1.57          2618        21.55  
                                                                13                          101        0.83          2719        22.38  
                                                                14                          293        2.41          3012        24.80  
                                                                15                         1989       16.37          5001        41.17  
                                                                16                          261        2.15          5262        43.32  
                                                                17                         1209        9.95          6471        53.27  
                                                                18                            8        0.07          6479        53.34  
                                                                19                          615        5.06          7094        58.40  
                                                                20                          843        6.94          7937        65.34  
                                                                21                          378        3.11          8315        68.45  
                                                                22                           55        0.45          8370        68.91  
                                                                23                          133        1.09          8503        70.00  
                                                                24                          159        1.31          8662        71.31  
                                                                25                          364        3.00          9026        74.31  
                                                                26                          159        1.31          9185        75.62  
                                                                27                          374        3.08          9559        78.69  
                                                                28                          932        7.67         10491        86.37  
                                                                29                          391        3.22         10882        89.59  
                                                                30                          475        3.91         11357        93.50  
                                                                31                           42        0.35         11399        93.84  
                                                                32                            1        0.01         11400        93.85  
                                                                33                          369        3.04         11769        96.89  
                                                                34                          378        3.11         12147       100.00  
                                                                                             match_level 3                                                           11:44 Wednesday, July 29, 2015    4

                                                                                           The FREQ Procedure

                                                                                                                Cumulative    Cumulative
                                                                chosen_spedis_score    Frequency     Percent     Frequency      Percent 
                                                                ------------------------------------------------------------------------
                                                                 35                          26        1.53            26         1.53  
                                                                 37                         161        9.48           187        11.01  
                                                                 38                         105        6.18           292        17.19  
                                                                 39                         163        9.59           455        26.78  
                                                                 40                         146        8.59           601        35.37  
                                                                 41                          37        2.18           638        37.55  
                                                                 42                          23        1.35           661        38.91  
                                                                 43                          12        0.71           673        39.61  
                                                                 44                           1        0.06           674        39.67  
                                                                 45                          15        0.88           689        40.55  
                                                                 46                           7        0.41           696        40.97  
                                                                 47                          32        1.88           728        42.85  
                                                                 48                           1        0.06           729        42.91  
                                                                 49                           1        0.06           730        42.97  
                                                                 50                         371       21.84          1101        64.80  
                                                                 54                          20        1.18          1121        65.98  
                                                                 55                          14        0.82          1135        66.80  
                                                                 56                           6        0.35          1141        67.16  
                                                                 57                          18        1.06          1159        68.22  
                                                                 58                          30        1.77          1189        69.98  
                                                                 60                          40        2.35          1229        72.34  
                                                                 62                          61        3.59          1290        75.93  
                                                                 64                           2        0.12          1292        76.04  
                                                                 65                          14        0.82          1306        76.87  
                                                                 66                          96        5.65          1402        82.52  
                                                                 68                           9        0.53          1411        83.05  
                                                                 70                          15        0.88          1426        83.93  
                                                                 75                          53        3.12          1479        87.05  
                                                                 79                           1        0.06          1480        87.11  
                                                                 80                           9        0.53          1489        87.64  
                                                                 81                           3        0.18          1492        87.82  
                                                                 83                          53        3.12          1545        90.94  
                                                                 85                           1        0.06          1546        90.99  
                                                                 87                          12        0.71          1558        91.70  
                                                                 90                           4        0.24          1562        91.94  
                                                                 91                           7        0.41          1569        92.35  
                                                                 93                           1        0.06          1570        92.41  
                                                                 95                           1        0.06          1571        92.47  
                                                                100                          45        2.65          1616        95.11  
                                                                104                           1        0.06          1617        95.17  
                                                                108                           6        0.35          1623        95.53  
                                                                112                           4        0.24          1627        95.76  
                                                                116                           3        0.18          1630        95.94  
                                                                120                           1        0.06          1631        96.00  
                                                                125                           8        0.47          1639        96.47  
                                                                133                           4        0.24          1643        96.70  
                                                                137                           1        0.06          1644        96.76  
                                                                150                           9        0.53          1653        97.29  
                                                                200                          13        0.77          1666        98.06  
                                                                250                          13        0.77          1679        98.82  
                                                                300                           9        0.53          1688        99.35  
                                                                350                           8        0.47          1696        99.82  
                                                                450                           1        0.06          1697        99.88  
                                                                550                           2        0.12          1699       100.00  
                                                                                                                                                                     11:44 Wednesday, July 29, 2015    5

                                                                                           The FREQ Procedure

                                                               Table of last_name_match by chosen_cac_ind_number
                                                                                                                                        
                                                                last_name_match|             chosen_cac_ind_number             |        
                                                                ---------------+-----------------------------------------------|        
                                                                   Frequency   |       |       |       |       |       |       |        
                                                                    Percent    |       |       |       |       |       |       |        
                                                                    Row Pct    |       |       |       |       |       |       |        
                                                                    Col Pct    |   .   |   1   |   2   |   3   |   4   |   5   | Total  
                                                                ---------------+-------+-------+-------+-------+-------+-------+------- 
                                                                              0| 171986|      0|      0|      0|      0|      0| 171986 
                                                                               |  40.01|   0.00|   0.00|   0.00|   0.00|   0.00|  40.01 
                                                                               | 100.00|   0.00|   0.00|   0.00|   0.00|   0.00|        
                                                                               |  52.43|   0.00|   0.00|   0.00|   0.00|   0.00|        
                                                                ---------------+-------+-------+-------+-------+-------+-------+------- 
                                                                              1| 156013|  57691|  34178|   7056|   2283|    703| 257924 
                                                                               |  36.29|  13.42|   7.95|   1.64|   0.53|   0.16|  59.99 
                                                                               |  60.49|  22.37|  13.25|   2.74|   0.89|   0.27|        
                                                                               |  47.57| 100.00| 100.00| 100.00| 100.00| 100.00|        
                                                                ---------------+-------+-------+-------+-------+-------+-------+------- 
                                                                          Total| 327999|  57691|  34178|   7056|   2283|    703| 429910 
                                                                               |  76.29|  13.42|   7.95|   1.64|   0.53|   0.16| 100.00 
                                                                                                                                        
                                                                                                                                                                     11:44 Wednesday, July 29, 2015    6

                                                                                           The FREQ Procedure

                                                                    Table of chosen_cac_ind_number by chosen_match_level
                                                                                                                                   
                                                                     chosen_cac_ind_number|      chosen_match_level       |        
                                                                     ---------------------+-------------------------------|        
                                                                           Frequency      |       |       |       |       |        
                                                                            Percent       |       |       |       |       |        
                                                                            Row Pct       |       |       |       |       |        
                                                                            Col Pct       |   .   |   1   |   2   |   3   | Total  
                                                                     ---------------------+-------+-------+-------+-------+------- 
                                                                                         .| 327999|      0|      0|      0| 327999 
                                                                                          |  76.29|   0.00|   0.00|   0.00|  76.29 
                                                                                          | 100.00|   0.00|   0.00|   0.00|        
                                                                                          | 100.00|   0.00|   0.00|   0.00|        
                                                                     ---------------------+-------+-------+-------+-------+------- 
                                                                                         1|      0|  50907|   5587|   1197|  57691 
                                                                                          |   0.00|  11.84|   1.30|   0.28|  13.42 
                                                                                          |   0.00|  88.24|   9.68|   2.07|        
                                                                                          |   0.00|  56.73|  57.03|  50.23|        
                                                                     ---------------------+-------+-------+-------+-------+------- 
                                                                                         2|      0|  30016|   3292|    870|  34178 
                                                                                          |   0.00|   6.98|   0.77|   0.20|   7.95 
                                                                                          |   0.00|  87.82|   9.63|   2.55|        
                                                                                          |   0.00|  33.45|  33.60|  36.51|        
                                                                     ---------------------+-------+-------+-------+-------+------- 
                                                                                         3|      0|   6177|    675|    204|   7056 
                                                                                          |   0.00|   1.44|   0.16|   0.05|   1.64 
                                                                                          |   0.00|  87.54|   9.57|   2.89|        
                                                                                          |   0.00|   6.88|   6.89|   8.56|        
                                                                     ---------------------+-------+-------+-------+-------+------- 
                                                                                         4|      0|   2018|    176|     89|   2283 
                                                                                          |   0.00|   0.47|   0.04|   0.02|   0.53 
                                                                                          |   0.00|  88.39|   7.71|   3.90|        
                                                                                          |   0.00|   2.25|   1.80|   3.73|        
                                                                     ---------------------+-------+-------+-------+-------+------- 
                                                                                         5|      0|    613|     67|     23|    703 
                                                                                          |   0.00|   0.14|   0.02|   0.01|   0.16 
                                                                                          |   0.00|  87.20|   9.53|   3.27|        
                                                                                          |   0.00|   0.68|   0.68|   0.97|        
                                                                     ---------------------+-------+-------+-------+-------+------- 
                                                                                     Total| 327999|  89731|   9797|   2383| 429910 
                                                                                          |  76.29|  20.87|   2.28|   0.55| 100.00 
                                                                                                                                   
                                                                                             match_level 2                                                           11:44 Wednesday, July 29, 2015    7

                                                                                           The FREQ Procedure

                                                                                                                Cumulative    Cumulative
                                                                chosen_spedis_score    Frequency     Percent     Frequency      Percent 
                                                                ------------------------------------------------------------------------
                                                                 0                           30        0.31            30         0.31  
                                                                 2                            3        0.03            33         0.34  
                                                                 3                           81        0.83           114         1.16  
                                                                 4                          130        1.33           244         2.49  
                                                                 5                          496        5.06           740         7.55  
                                                                 6                          216        2.20           956         9.76  
                                                                 7                          442        4.51          1398        14.27  
                                                                 8                          586        5.98          1984        20.25  
                                                                 9                            1        0.01          1985        20.26  
                                                                10                          222        2.27          2207        22.53  
                                                                11                          225        2.30          2432        24.82  
                                                                12                          238        2.43          2670        27.25  
                                                                13                           89        0.91          2759        28.16  
                                                                14                          470        4.80          3229        32.96  
                                                                15                          459        4.69          3688        37.64  
                                                                16                          462        4.72          4150        42.36  
                                                                17                          559        5.71          4709        48.07  
                                                                18                           54        0.55          4763        48.62  
                                                                19                          227        2.32          4990        50.93  
                                                                20                          447        4.56          5437        55.50  
                                                                21                          607        6.20          6044        61.69  
                                                                22                          192        1.96          6236        63.65  
                                                                23                          135        1.38          6371        65.03  
                                                                24                           70        0.71          6441        65.74  
                                                                25                          612        6.25          7053        71.99  
                                                                26                          348        3.55          7401        75.54  
                                                                27                          119        1.21          7520        76.76  
                                                                28                          516        5.27          8036        82.03  
                                                                29                          336        3.43          8372        85.45  
                                                                30                          543        5.54          8915        91.00  
                                                                31                           88        0.90          9003        91.90  
                                                                32                            7        0.07          9010        91.97  
                                                                33                          409        4.17          9419        96.14  
                                                                34                          378        3.86          9797       100.00  
                                                                                             match_level 3                                                           11:44 Wednesday, July 29, 2015    8

                                                                                           The FREQ Procedure

                                                                                                                Cumulative    Cumulative
                                                                chosen_spedis_score    Frequency     Percent     Frequency      Percent 
                                                                ------------------------------------------------------------------------
                                                                 35                          34        1.43            34         1.43  
                                                                 37                         209        8.77           243        10.20  
                                                                 38                         203        8.52           446        18.72  
                                                                 39                         186        7.81           632        26.52  
                                                                 40                         182        7.64           814        34.16  
                                                                 41                          77        3.23           891        37.39  
                                                                 42                          37        1.55           928        38.94  
                                                                 43                          14        0.59           942        39.53  
                                                                 44                          26        1.09           968        40.62  
                                                                 45                         189        7.93          1157        48.55  
                                                                 46                          23        0.97          1180        49.52  
                                                                 47                         198        8.31          1378        57.83  
                                                                 48                           2        0.08          1380        57.91  
                                                                 50                         388       16.28          1768        74.19  
                                                                 52                           1        0.04          1769        74.23  
                                                                 54                           9        0.38          1778        74.61  
                                                                 55                           7        0.29          1785        74.91  
                                                                 56                          17        0.71          1802        75.62  
                                                                 57                          17        0.71          1819        76.33  
                                                                 58                          35        1.47          1854        77.80  
                                                                 60                          41        1.72          1895        79.52  
                                                                 61                           1        0.04          1896        79.56  
                                                                 62                          57        2.39          1953        81.96  
                                                                 64                           4        0.17          1957        82.12  
                                                                 65                           5        0.21          1962        82.33  
                                                                 66                          81        3.40          2043        85.73  
                                                                 68                           5        0.21          2048        85.94  
                                                                 70                          31        1.30          2079        87.24  
                                                                 71                           2        0.08          2081        87.33  
                                                                 75                          56        2.35          2137        89.68  
                                                                 78                           2        0.08          2139        89.76  
                                                                 80                          10        0.42          2149        90.18  
                                                                 81                           1        0.04          2150        90.22  
                                                                 83                          45        1.89          2195        92.11  
                                                                 87                          11        0.46          2206        92.57  
                                                                 90                           3        0.13          2209        92.70  
                                                                 91                           5        0.21          2214        92.91  
                                                                 95                           1        0.04          2215        92.95  
                                                                100                          52        2.18          2267        95.13  
                                                                105                           1        0.04          2268        95.17  
                                                                108                           2        0.08          2270        95.26  
                                                                112                           2        0.08          2272        95.34  
                                                                116                          11        0.46          2283        95.80  
                                                                125                          18        0.76          2301        96.56  
                                                                137                           2        0.08          2303        96.64  
                                                                140                           1        0.04          2304        96.68  
                                                                150                          25        1.05          2329        97.73  
                                                                183                           1        0.04          2330        97.78  
                                                                187                           1        0.04          2331        97.82  
                                                                191                           1        0.04          2332        97.86  
                                                                200                          15        0.63          2347        98.49  
                                                                250                          19        0.80          2366        99.29  
                                                                300                          13        0.55          2379        99.83  
                                                                350                           2        0.08          2381        99.92  
                                                                400                           2        0.08          2383       100.00  
                                                                    Prepared for                                                                     9
                                                                 Data Quality Report
                                                           Library:WORK  Member:scored__UT
                                                              Total Observations: 201676

                                                                                                              Number of     Numeric or          
   Variable                                                                   Label                         Observations    Character     Levels

   CAC_HH_PID                                            Household Persistent ID                                201,676     Character        50+
                                                                                                                                                
   CAC_NAME_LAST                                         Household Name                                         201,676     Character        50+
                                                                                                                                                
   bridge_address1                                       Address Line 1 From Bridge                             201,676     Character        50+
                                                                                                                                                
   bridge_address2                                       Address Line 2 From Bridge                                   0     Character         0 
                                                                                                                                                
   bridge_city                                           Address City From Bridge                               201,676     Character        50+
                                                                                                                                                
   bridge_name_first                                     First Name From Bridge                                 201,676     Character        50+
                                                                                                                                                
   bridge_name_last                                      Last Name From Bridge                                  201,676     Character        50+
                                                                                                                                                
   bridge_name_last_exact                                                                                       201,676     Character        50+
                                                                                                                                                
   bridge_name_last_fuzzy1                                                                                      201,676     Character        50+
                                                                                                                                                
   bridge_state                                          Address State From Bridge                              201,676     Character         1 
                                                         Value UT    100%                                       201,676                         
                                                                                                                                                
   bridge_zip5                                           Address Zip 5 From Bridge                              201,676     Character        50+
                                                                                                                                                
   cac_bridge_md5email_id                                Unique ID To Append Email Addresses From Bridge        201,676     Character        50+

                                                             Number        Zero          Mean        Median       Minimum       Maximum    Variable
   Variable                                                 Missing      Values         Value         Value         Value         Value     Format 

   CAC_HH_PID                                                     0                                                                          $27   
                                                                                                                                                   
   CAC_NAME_LAST                                                  0                                                                                
                                                                                                                                                   
   bridge_address1                                                0                                                                          $50   
                                                                                                                                                   
   bridge_address2                                          201,676                                                                          $50   
                                                                                                                                                   
   bridge_city                                                    0                                                                          $30   
                                                                                                                                                   
   bridge_name_first                                              0                                                                          $25   
                                                                                                                                                   
   bridge_name_last                                               0                                                                          $25   
                                                                                                                                                   
   bridge_name_last_exact                                         0                                                                                
                                                                                                                                                   
   bridge_name_last_fuzzy1                                        0                                                                                
                                                                                                                                                   
   bridge_state                                                   0                                                                          $2    
                                                                                                                                                   
                                                                                                                                                   
   bridge_zip5                                                    0                                                                          $5    
                                                                                                                                                   
   cac_bridge_md5email_id                                         0                                                                          $50   

                                                             Prepared by CAC Group, Inc.
                                                                    Prepared for                                                                    10
                                                                 Data Quality Report
                                                           Library:WORK  Member:scored__UT
                                                              Total Observations: 201676

                                                                                      Number of     Numeric or                  Number        Zero
    Variable                                                      Label             Observations    Character     Levels       Missing      Values

                                                                                                                                                  
    chosen_cac_ind_gender                                                               201,676     Numeric           2              0           0
                                                          Value        1   49.5%         99,765                                                   
                                                          Value        2   50.5%        101,911                                                   
                                                                                                                                                  
    chosen_cac_ind_last                                                                 201,676     Character        50+             0            
                                                                                                                                                  
    chosen_cac_ind_mi                                                                   173,301     Character        26         28,375            
                                                                                                                                                  
    chosen_cac_ind_name                                                                 201,676     Character        50+             0            
                                                                                                                                                  
    chosen_cac_ind_number                                                               201,676     Numeric           5              0           0
                                                          Value        1   62.1%        125,323                                                   
                                                          Value        2   27.2%         54,906                                                   
                                                          Value        3    7.5%         15,118                                                   
                                                          Value        4    2.4%          4,895                                                   
                                                          Value        5    0.7%          1,434                                                   
                                                                                                                                                  
    chosen_first_x_of_x_flag                                                            201,676     Numeric           2              0       1,270
                                                                                                                                                  
    chosen_match_level                                                                  201,676     Numeric           3              0           0
                                                          Value        1   87.1%        175,650                                                   
                                                          Value        2   10.9%         21,944                                                   
                                                          Value        3    2.0%          4,082                                                   

                                                                Mean        Median       Minimum       Maximum    Variable
    Variable                                                   Value         Value         Value         Value     Format 

                                                                                                                          
    chosen_cac_ind_gender                                     1.5053        2.0000        1.0000        2.0000      8     
                                                                                                                          
                                                                                                                          
                                                                                                                          
    chosen_cac_ind_last                                                                                             $20   
                                                                                                                          
    chosen_cac_ind_mi                                                                                               $1    
                                                                                                                          
    chosen_cac_ind_name                                                                                             $14   
                                                                                                                          
    chosen_cac_ind_number                                     1.5234        1.0000        1.0000        5.0000      8     
                                                                                                                          
                                                                                                                          
                                                                                                                          
                                                                                                                          
                                                                                                                          
                                                                                                                          
    chosen_first_x_of_x_flag                                  0.9937        1.0000        0.0000        1.0000      8     
                                                                                                                          
    chosen_match_level                                        1.1493        1.0000        1.0000        3.0000      8     
                                                                                                                          
                                                                                                                          
                                                                                                                          

                                                             Prepared by CAC Group, Inc.
                                                                    Prepared for                                                                    11
                                                                 Data Quality Report
                                                           Library:WORK  Member:scored__UT
                                                              Total Observations: 201676

                                                                                      Number of     Numeric or                  Number        Zero
    Variable                                                      Label             Observations    Character     Levels       Missing      Values

                                                                                                                                                  
    chosen_spedis_score                                                                 201,676      Numeric         50+             0     175,704
                                                                                                                                                  
    last_name_match                                                                     201,676      Numeric          1              0           0
                                                          Value        1    100%        201,676                                                   
                                                                                                                                                  

                                                                Mean        Median       Minimum       Maximum    Variable
    Variable                                                   Value         Value         Value         Value     Format 

                                                                                                                          
    chosen_spedis_score                                       3.2029        0.0000        0.0000      550.0000       8    
                                                                                                                          
    last_name_match                                           1.0000        1.0000        1.0000        1.0000            
                                                                                                                          
                                                                                                                          





































                                                             Prepared by CAC Group, Inc.
