                                                                                             The WPS System                                                          11:40 Wednesday, July 29, 2015    1

                                                                                           The FREQ Procedure

                                                               Table of last_name_match by chosen_cac_ind_number
                                                                                                                                        
                                                                last_name_match|             chosen_cac_ind_number             |        
                                                                ---------------+-----------------------------------------------|        
                                                                   Frequency   |       |       |       |       |       |       |        
                                                                    Percent    |       |       |       |       |       |       |        
                                                                    Row Pct    |       |       |       |       |       |       |        
                                                                    Col Pct    |   .   |   1   |   2   |   3   |   4   |   5   | Total  
                                                                ---------------+-------+-------+-------+-------+-------+-------+------- 
                                                                              0| 295017|      0|      0|      0|      0|      0| 295017 
                                                                               |  43.11|   0.00|   0.00|   0.00|   0.00|   0.00|  43.11 
                                                                               | 100.00|   0.00|   0.00|   0.00|   0.00|   0.00|        
                                                                               |  54.37|   0.00|   0.00|   0.00|   0.00|   0.00|        
                                                                ---------------+-------+-------+-------+-------+-------+-------+------- 
                                                                              1| 247562| 100543|  30030|   8736|   2013|    387| 389271 
                                                                               |  36.18|  14.69|   4.39|   1.28|   0.29|   0.06|  56.89 
                                                                               |  63.60|  25.83|   7.71|   2.24|   0.52|   0.10|        
                                                                               |  45.63| 100.00| 100.00| 100.00| 100.00| 100.00|        
                                                                ---------------+-------+-------+-------+-------+-------+-------+------- 
                                                                          Total| 542579| 100543|  30030|   8736|   2013|    387| 684288 
                                                                               |  79.29|  14.69|   4.39|   1.28|   0.29|   0.06| 100.00 
                                                                                                                                        
                                                                                             The WPS System                                                          11:40 Wednesday, July 29, 2015    2

                                                                                           The FREQ Procedure

                                                                    Table of chosen_cac_ind_number by chosen_match_level
                                                                                                                                   
                                                                     chosen_cac_ind_number|      chosen_match_level       |        
                                                                     ---------------------+-------------------------------|        
                                                                           Frequency      |       |       |       |       |        
                                                                            Percent       |       |       |       |       |        
                                                                            Row Pct       |       |       |       |       |        
                                                                            Col Pct       |   .   |   1   |   2   |   3   | Total  
                                                                     ---------------------+-------+-------+-------+-------+------- 
                                                                                         .| 542579|      0|      0|      0| 542579 
                                                                                          |  79.29|   0.00|   0.00|   0.00|  79.29 
                                                                                          | 100.00|   0.00|   0.00|   0.00|        
                                                                                          | 100.00|   0.00|   0.00|   0.00|        
                                                                     ---------------------+-------+-------+-------+-------+------- 
                                                                                         1|      0|  85837|  13216|   1490| 100543 
                                                                                          |   0.00|  12.54|   1.93|   0.22|  14.69 
                                                                                          |   0.00|  85.37|  13.14|   1.48|        
                                                                                          |   0.00|  71.22|  70.67|  60.18|        
                                                                     ---------------------+-------+-------+-------+-------+------- 
                                                                                         2|      0|  25228|   4169|    633|  30030 
                                                                                          |   0.00|   3.69|   0.61|   0.09|   4.39 
                                                                                          |   0.00|  84.01|  13.88|   2.11|        
                                                                                          |   0.00|  20.93|  22.29|  25.57|        
                                                                     ---------------------+-------+-------+-------+-------+------- 
                                                                                         3|      0|   7473|   1008|    255|   8736 
                                                                                          |   0.00|   1.09|   0.15|   0.04|   1.28 
                                                                                          |   0.00|  85.54|  11.54|   2.92|        
                                                                                          |   0.00|   6.20|   5.39|  10.30|        
                                                                     ---------------------+-------+-------+-------+-------+------- 
                                                                                         4|      0|   1668|    265|     80|   2013 
                                                                                          |   0.00|   0.24|   0.04|   0.01|   0.29 
                                                                                          |   0.00|  82.86|  13.16|   3.97|        
                                                                                          |   0.00|   1.38|   1.42|   3.23|        
                                                                     ---------------------+-------+-------+-------+-------+------- 
                                                                                         5|      0|    326|     43|     18|    387 
                                                                                          |   0.00|   0.05|   0.01|   0.00|   0.06 
                                                                                          |   0.00|  84.24|  11.11|   4.65|        
                                                                                          |   0.00|   0.27|   0.23|   0.73|        
                                                                     ---------------------+-------+-------+-------+-------+------- 
                                                                                     Total| 542579| 120532|  18701|   2476| 684288 
                                                                                          |  79.29|  17.61|   2.73|   0.36| 100.00 
                                                                                                                                   
                                                                                             match_level 2                                                           11:40 Wednesday, July 29, 2015    3

                                                                                           The FREQ Procedure

                                                                                                                Cumulative    Cumulative
                                                                chosen_spedis_score    Frequency     Percent     Frequency      Percent 
                                                                ------------------------------------------------------------------------
                                                                 0                           36        0.19            36         0.19  
                                                                 2                            2        0.01            38         0.20  
                                                                 3                           44        0.24            82         0.44  
                                                                 4                           84        0.45           166         0.89  
                                                                 5                          975        5.21          1141         6.10  
                                                                 6                           64        0.34          1205         6.44  
                                                                 7                          710        3.80          1915        10.24  
                                                                 8                          227        1.21          2142        11.45  
                                                                 9                           12        0.06          2154        11.52  
                                                                10                          383        2.05          2537        13.57  
                                                                11                          682        3.65          3219        17.21  
                                                                12                          223        1.19          3442        18.41  
                                                                13                          166        0.89          3608        19.29  
                                                                14                          542        2.90          4150        22.19  
                                                                15                         2664       14.25          6814        36.44  
                                                                16                          339        1.81          7153        38.25  
                                                                17                         2317       12.39          9470        50.64  
                                                                18                           16        0.09          9486        50.72  
                                                                19                         1052        5.63         10538        56.35  
                                                                20                         1546        8.27         12084        64.62  
                                                                21                          503        2.69         12587        67.31  
                                                                22                          119        0.64         12706        67.94  
                                                                23                          284        1.52         12990        69.46  
                                                                24                          271        1.45         13261        70.91  
                                                                25                          548        2.93         13809        73.84  
                                                                26                          193        1.03         14002        74.87  
                                                                27                          489        2.61         14491        77.49  
                                                                28                         1513        8.09         16004        85.58  
                                                                29                          602        3.22         16606        88.80  
                                                                30                          689        3.68         17295        92.48  
                                                                31                           54        0.29         17349        92.77  
                                                                32                            4        0.02         17353        92.79  
                                                                33                          541        2.89         17894        95.68  
                                                                34                          807        4.32         18701       100.00  
                                                                                             match_level 3                                                           11:40 Wednesday, July 29, 2015    4

                                                                                           The FREQ Procedure

                                                                                                                Cumulative    Cumulative
                                                                chosen_spedis_score    Frequency     Percent     Frequency      Percent 
                                                                ------------------------------------------------------------------------
                                                                 35                          29        1.17            29         1.17  
                                                                 36                           2        0.08            31         1.25  
                                                                 37                         234        9.45           265        10.70  
                                                                 38                         235        9.49           500        20.19  
                                                                 39                         215        8.68           715        28.88  
                                                                 40                         209        8.44           924        37.32  
                                                                 41                          49        1.98           973        39.30  
                                                                 42                          35        1.41          1008        40.71  
                                                                 43                          22        0.89          1030        41.60  
                                                                 44                           1        0.04          1031        41.64  
                                                                 45                          24        0.97          1055        42.61  
                                                                 46                           6        0.24          1061        42.85  
                                                                 47                          34        1.37          1095        44.22  
                                                                 48                           2        0.08          1097        44.31  
                                                                 50                         452       18.26          1549        62.56  
                                                                 52                           2        0.08          1551        62.64  
                                                                 53                           3        0.12          1554        62.76  
                                                                 54                          35        1.41          1589        64.18  
                                                                 55                          18        0.73          1607        64.90  
                                                                 56                          12        0.48          1619        65.39  
                                                                 57                          28        1.13          1647        66.52  
                                                                 58                          50        2.02          1697        68.54  
                                                                 59                           1        0.04          1698        68.58  
                                                                 60                          75        3.03          1773        71.61  
                                                                 62                          73        2.95          1846        74.56  
                                                                 64                           4        0.16          1850        74.72  
                                                                 65                          23        0.93          1873        75.65  
                                                                 66                         163        6.58          2036        82.23  
                                                                 68                           7        0.28          2043        82.51  
                                                                 70                          26        1.05          2069        83.56  
                                                                 71                           2        0.08          2071        83.64  
                                                                 75                          69        2.79          2140        86.43  
                                                                 78                           3        0.12          2143        86.55  
                                                                 80                           7        0.28          2150        86.83  
                                                                 81                           1        0.04          2151        86.87  
                                                                 83                          74        2.99          2225        89.86  
                                                                 85                           2        0.08          2227        89.94  
                                                                 87                          34        1.37          2261        91.32  
                                                                 90                           5        0.20          2266        91.52  
                                                                 91                           7        0.28          2273        91.80  
                                                                 92                           1        0.04          2274        91.84  
                                                                 95                           2        0.08          2276        91.92  
                                                                 96                           1        0.04          2277        91.96  
                                                                100                          51        2.06          2328        94.02  
                                                                108                           8        0.32          2336        94.35  
                                                                110                           3        0.12          2339        94.47  
                                                                112                           4        0.16          2343        94.63  
                                                                116                           8        0.32          2351        94.95  
                                                                120                           1        0.04          2352        94.99  
                                                                125                           3        0.12          2355        95.11  
                                                                133                           3        0.12          2358        95.23  
                                                                137                           1        0.04          2359        95.27  
                                                                150                          18        0.73          2377        96.00  
                                                                166                           1        0.04          2378        96.04  
                                                                175                           1        0.04          2379        96.08  
                                                                183                           1        0.04          2380        96.12  
                                                                187                           1        0.04          2381        96.16  
                                                                200                          37        1.49          2418        97.66  
                                                                250                          28        1.13          2446        98.79  
                                                                300                          18        0.73          2464        99.52  
                                                                350                           4        0.16          2468        99.68  
                                                                400                           5        0.20          2473        99.88  
                                                                450                           3        0.12          2476       100.00  
                                                                                                                                                                     11:40 Wednesday, July 29, 2015    5

                                                                                           The FREQ Procedure

                                                               Table of last_name_match by chosen_cac_ind_number
                                                                                                                                        
                                                                last_name_match|             chosen_cac_ind_number             |        
                                                                ---------------+-----------------------------------------------|        
                                                                   Frequency   |       |       |       |       |       |       |        
                                                                    Percent    |       |       |       |       |       |       |        
                                                                    Row Pct    |       |       |       |       |       |       |        
                                                                    Col Pct    |   .   |   1   |   2   |   3   |   4   |   5   | Total  
                                                                ---------------+-------+-------+-------+-------+-------+-------+------- 
                                                                              0| 295017|      0|      0|      0|      0|      0| 295017 
                                                                               |  43.11|   0.00|   0.00|   0.00|   0.00|   0.00|  43.11 
                                                                               | 100.00|   0.00|   0.00|   0.00|   0.00|   0.00|        
                                                                               |  57.07|   0.00|   0.00|   0.00|   0.00|   0.00|        
                                                                ---------------+-------+-------+-------+-------+-------+-------+------- 
                                                                              1| 221936| 116365|  40977|   7804|   1839|    350| 389271 
                                                                               |  32.43|  17.01|   5.99|   1.14|   0.27|   0.05|  56.89 
                                                                               |  57.01|  29.89|  10.53|   2.00|   0.47|   0.09|        
                                                                               |  42.93| 100.00| 100.00| 100.00| 100.00| 100.00|        
                                                                ---------------+-------+-------+-------+-------+-------+-------+------- 
                                                                          Total| 516953| 116365|  40977|   7804|   1839|    350| 684288 
                                                                               |  75.55|  17.01|   5.99|   1.14|   0.27|   0.05| 100.00 
                                                                                                                                        
                                                                                                                                                                     11:40 Wednesday, July 29, 2015    6

                                                                                           The FREQ Procedure

                                                                    Table of chosen_cac_ind_number by chosen_match_level
                                                                                                                                   
                                                                     chosen_cac_ind_number|      chosen_match_level       |        
                                                                     ---------------------+-------------------------------|        
                                                                           Frequency      |       |       |       |       |        
                                                                            Percent       |       |       |       |       |        
                                                                            Row Pct       |       |       |       |       |        
                                                                            Col Pct       |   .   |   1   |   2   |   3   | Total  
                                                                     ---------------------+-------+-------+-------+-------+------- 
                                                                                         .| 516953|      0|      0|      0| 516953 
                                                                                          |  75.55|   0.00|   0.00|   0.00|  75.55 
                                                                                          | 100.00|   0.00|   0.00|   0.00|        
                                                                                          | 100.00|   0.00|   0.00|   0.00|        
                                                                     ---------------------+-------+-------+-------+-------+------- 
                                                                                         1|      0| 103222|  10721|   2422| 116365 
                                                                                          |   0.00|  15.08|   1.57|   0.35|  17.01 
                                                                                          |   0.00|  88.71|   9.21|   2.08|        
                                                                                          |   0.00|  69.83|  68.32|  63.37|        
                                                                     ---------------------+-------+-------+-------+-------+------- 
                                                                                         2|      0|  35805|   4072|   1100|  40977 
                                                                                          |   0.00|   5.23|   0.60|   0.16|   5.99 
                                                                                          |   0.00|  87.38|   9.94|   2.68|        
                                                                                          |   0.00|  24.22|  25.95|  28.78|        
                                                                     ---------------------+-------+-------+-------+-------+------- 
                                                                                         3|      0|   6857|    714|    233|   7804 
                                                                                          |   0.00|   1.00|   0.10|   0.03|   1.14 
                                                                                          |   0.00|  87.87|   9.15|   2.99|        
                                                                                          |   0.00|   4.64|   4.55|   6.10|        
                                                                     ---------------------+-------+-------+-------+-------+------- 
                                                                                         4|      0|   1627|    158|     54|   1839 
                                                                                          |   0.00|   0.24|   0.02|   0.01|   0.27 
                                                                                          |   0.00|  88.47|   8.59|   2.94|        
                                                                                          |   0.00|   1.10|   1.01|   1.41|        
                                                                     ---------------------+-------+-------+-------+-------+------- 
                                                                                         5|      0|    310|     27|     13|    350 
                                                                                          |   0.00|   0.05|   0.00|   0.00|   0.05 
                                                                                          |   0.00|  88.57|   7.71|   3.71|        
                                                                                          |   0.00|   0.21|   0.17|   0.34|        
                                                                     ---------------------+-------+-------+-------+-------+------- 
                                                                                     Total| 516953| 147821|  15692|   3822| 684288 
                                                                                          |  75.55|  21.60|   2.29|   0.56| 100.00 
                                                                                                                                   
                                                                                             match_level 2                                                           11:40 Wednesday, July 29, 2015    7

                                                                                           The FREQ Procedure

                                                                                                                Cumulative    Cumulative
                                                                chosen_spedis_score    Frequency     Percent     Frequency      Percent 
                                                                ------------------------------------------------------------------------
                                                                 0                           57        0.36            57         0.36  
                                                                 2                            4        0.03            61         0.39  
                                                                 3                          178        1.13           239         1.52  
                                                                 4                          183        1.17           422         2.69  
                                                                 5                          733        4.67          1155         7.36  
                                                                 6                          379        2.42          1534         9.78  
                                                                 7                          632        4.03          2166        13.80  
                                                                 8                          613        3.91          2779        17.71  
                                                                 9                            3        0.02          2782        17.73  
                                                                10                          439        2.80          3221        20.53  
                                                                11                          472        3.01          3693        23.53  
                                                                12                          367        2.34          4060        25.87  
                                                                13                          130        0.83          4190        26.70  
                                                                14                          762        4.86          4952        31.56  
                                                                15                          584        3.72          5536        35.28  
                                                                16                          678        4.32          6214        39.60  
                                                                17                          769        4.90          6983        44.50  
                                                                18                          109        0.69          7092        45.20  
                                                                19                          417        2.66          7509        47.85  
                                                                20                          706        4.50          8215        52.35  
                                                                21                          982        6.26          9197        58.61  
                                                                22                          393        2.50          9590        61.11  
                                                                23                          227        1.45          9817        62.56  
                                                                24                          140        0.89          9957        63.45  
                                                                25                         1082        6.90         11039        70.35  
                                                                26                          631        4.02         11670        74.37  
                                                                27                          190        1.21         11860        75.58  
                                                                28                          999        6.37         12859        81.95  
                                                                29                          502        3.20         13361        85.15  
                                                                30                          873        5.56         14234        90.71  
                                                                31                          168        1.07         14402        91.78  
                                                                32                            4        0.03         14406        91.80  
                                                                33                          627        4.00         15033        95.80  
                                                                34                          659        4.20         15692       100.00  
                                                                                             match_level 3                                                           11:40 Wednesday, July 29, 2015    8

                                                                                           The FREQ Procedure

                                                                                                                Cumulative    Cumulative
                                                                chosen_spedis_score    Frequency     Percent     Frequency      Percent 
                                                                ------------------------------------------------------------------------
                                                                 35                          55        1.44            55         1.44  
                                                                 36                           1        0.03            56         1.47  
                                                                 37                         284        7.43           340         8.90  
                                                                 38                         520       13.61           860        22.50  
                                                                 39                         256        6.70          1116        29.20  
                                                                 40                         239        6.25          1355        35.45  
                                                                 41                         119        3.11          1474        38.57  
                                                                 42                          63        1.65          1537        40.21  
                                                                 43                          14        0.37          1551        40.58  
                                                                 44                          82        2.15          1633        42.73  
                                                                 45                         308        8.06          1941        50.78  
                                                                 46                          45        1.18          1986        51.96  
                                                                 47                         349        9.13          2335        61.09  
                                                                 48                           2        0.05          2337        61.15  
                                                                 50                         576       15.07          2913        76.22  
                                                                 53                           4        0.10          2917        76.32  
                                                                 54                          13        0.34          2930        76.66  
                                                                 55                           8        0.21          2938        76.87  
                                                                 56                          21        0.55          2959        77.42  
                                                                 57                          20        0.52          2979        77.94  
                                                                 58                          48        1.26          3027        79.20  
                                                                 59                           1        0.03          3028        79.23  
                                                                 60                          69        1.81          3097        81.03  
                                                                 62                          63        1.65          3160        82.68  
                                                                 64                           7        0.18          3167        82.86  
                                                                 65                           7        0.18          3174        83.05  
                                                                 66                          87        2.28          3261        85.32  
                                                                 67                           2        0.05          3263        85.37  
                                                                 68                           6        0.16          3269        85.53  
                                                                 70                          45        1.18          3314        86.71  
                                                                 71                           2        0.05          3316        86.76  
                                                                 72                           1        0.03          3317        86.79  
                                                                 75                          93        2.43          3410        89.22  
                                                                 77                           1        0.03          3411        89.25  
                                                                 78                           2        0.05          3413        89.30  
                                                                 79                           1        0.03          3414        89.32  
                                                                 80                           5        0.13          3419        89.46  
                                                                 82                           1        0.03          3420        89.48  
                                                                 83                          62        1.62          3482        91.10  
                                                                 85                           2        0.05          3484        91.16  
                                                                 87                          14        0.37          3498        91.52  
                                                                 89                           1        0.03          3499        91.55  
                                                                 90                           8        0.21          3507        91.76  
                                                                 91                           2        0.05          3509        91.81  
                                                                 92                           1        0.03          3510        91.84  
                                                                 93                           1        0.03          3511        91.86  
                                                                 95                           1        0.03          3512        91.89  
                                                                100                          79        2.07          3591        93.96  
                                                                110                           1        0.03          3592        93.98  
                                                                112                          10        0.26          3602        94.24  
                                                                116                          10        0.26          3612        94.51  
                                                                125                          20        0.52          3632        95.03  
                                                                130                           1        0.03          3633        95.05  
                                                                133                           4        0.10          3637        95.16  
                                                                150                          43        1.13          3680        96.28  
                                                                162                           2        0.05          3682        96.34  
                                                                175                           3        0.08          3685        96.42  
                                                                183                           1        0.03          3686        96.44  
                                                                200                          42        1.10          3728        97.54  
                                                                250                          51        1.33          3779        98.87  
                                                                300                          34        0.89          3813        99.76  
                                                                350                           7        0.18          3820        99.95  
                                                                400                           1        0.03          3821        99.97  
                                                                450                           1        0.03          3822       100.00  
                                                                    Prepared for                                                                     9
                                                                 Data Quality Report
                                                           Library:WORK  Member:scored__OR
                                                              Total Observations: 309044

                                                                                                              Number of     Numeric or          
   Variable                                                                   Label                         Observations    Character     Levels

   CAC_HH_PID                                            Household Persistent ID                                309,044     Character        50+
                                                                                                                                                
   CAC_NAME_LAST                                         Household Name                                         309,044     Character        50+
                                                                                                                                                
   bridge_address1                                       Address Line 1 From Bridge                             309,044     Character        50+
                                                                                                                                                
   bridge_address2                                       Address Line 2 From Bridge                                   0     Character         0 
                                                                                                                                                
   bridge_city                                           Address City From Bridge                               309,044     Character        50+
                                                                                                                                                
   bridge_name_first                                     First Name From Bridge                                 309,044     Character        50+
                                                                                                                                                
   bridge_name_last                                      Last Name From Bridge                                  309,044     Character        50+
                                                                                                                                                
   bridge_name_last_exact                                                                                       309,044     Character        50+
                                                                                                                                                
   bridge_name_last_fuzzy1                                                                                      309,044     Character        50+
                                                                                                                                                
   bridge_state                                          Address State From Bridge                              309,044     Character         1 
                                                         Value OR    100%                                       309,044                         
                                                                                                                                                
   bridge_zip5                                           Address Zip 5 From Bridge                              309,044     Character        50+
                                                                                                                                                
   cac_bridge_md5email_id                                Unique ID To Append Email Addresses From Bridge        309,044     Character        50+

                                                             Number        Zero          Mean        Median       Minimum       Maximum    Variable
   Variable                                                 Missing      Values         Value         Value         Value         Value     Format 

   CAC_HH_PID                                                     0                                                                          $27   
                                                                                                                                                   
   CAC_NAME_LAST                                                  0                                                                                
                                                                                                                                                   
   bridge_address1                                                0                                                                          $50   
                                                                                                                                                   
   bridge_address2                                          309,044                                                                          $50   
                                                                                                                                                   
   bridge_city                                                    0                                                                          $30   
                                                                                                                                                   
   bridge_name_first                                              0                                                                          $25   
                                                                                                                                                   
   bridge_name_last                                               0                                                                          $25   
                                                                                                                                                   
   bridge_name_last_exact                                         0                                                                                
                                                                                                                                                   
   bridge_name_last_fuzzy1                                        0                                                                                
                                                                                                                                                   
   bridge_state                                                   0                                                                          $2    
                                                                                                                                                   
                                                                                                                                                   
   bridge_zip5                                                    0                                                                          $5    
                                                                                                                                                   
   cac_bridge_md5email_id                                         0                                                                          $50   

                                                             Prepared by CAC Group, Inc.
                                                                    Prepared for                                                                    10
                                                                 Data Quality Report
                                                           Library:WORK  Member:scored__OR
                                                              Total Observations: 309044

                                                                                      Number of     Numeric or                  Number        Zero
    Variable                                                      Label             Observations    Character     Levels       Missing      Values

                                                                                                                                                  
    chosen_cac_ind_gender                                                               309,044     Numeric           2              0           0
                                                          Value        1   45.9%        141,709                                                   
                                                          Value        2   54.1%        167,335                                                   
                                                                                                                                                  
    chosen_cac_ind_last                                                                 309,044     Character        50+             0            
                                                                                                                                                  
    chosen_cac_ind_mi                                                                   265,527     Character        26         43,517            
                                                                                                                                                  
    chosen_cac_ind_name                                                                 309,044     Character        50+             0            
                                                                                                                                                  
    chosen_cac_ind_number                                                               309,044     Numeric           5              0           0
                                                          Value        1   70.2%        216,908                                                   
                                                          Value        2   23.0%         71,007                                                   
                                                          Value        3    5.4%         16,540                                                   
                                                          Value        4    1.2%          3,852                                                   
                                                          Value        5    0.2%            737                                                   
                                                                                                                                                  
    chosen_first_x_of_x_flag                                                            309,044     Numeric           2              0       1,756
                                                                                                                                                  
    chosen_match_level                                                                  309,044     Numeric           3              0           0
                                                          Value        1   86.8%        268,353                                                   
                                                          Value        2   11.1%         34,393                                                   
                                                          Value        3    2.0%          6,298                                                   

                                                                Mean        Median       Minimum       Maximum    Variable
    Variable                                                   Value         Value         Value         Value     Format 

                                                                                                                          
    chosen_cac_ind_gender                                     1.5415        2.0000        1.0000        2.0000      8     
                                                                                                                          
                                                                                                                          
                                                                                                                          
    chosen_cac_ind_last                                                                                             $20   
                                                                                                                          
    chosen_cac_ind_mi                                                                                               $1    
                                                                                                                          
    chosen_cac_ind_name                                                                                             $14   
                                                                                                                          
    chosen_cac_ind_number                                     1.3837        1.0000        1.0000        5.0000      8     
                                                                                                                          
                                                                                                                          
                                                                                                                          
                                                                                                                          
                                                                                                                          
                                                                                                                          
    chosen_first_x_of_x_flag                                  0.9943        1.0000        0.0000        1.0000      8     
                                                                                                                          
    chosen_match_level                                        1.1520        1.0000        1.0000        3.0000      8     
                                                                                                                          
                                                                                                                          
                                                                                                                          

                                                             Prepared by CAC Group, Inc.
                                                                    Prepared for                                                                    11
                                                                 Data Quality Report
                                                           Library:WORK  Member:scored__OR
                                                              Total Observations: 309044

                                                                                      Number of     Numeric or                  Number        Zero
    Variable                                                      Label             Observations    Character     Levels       Missing      Values

                                                                                                                                                  
    chosen_spedis_score                                                                 309,044      Numeric         50+             0     268,446
                                                                                                                                                  
    last_name_match                                                                     309,044      Numeric          1              0           0
                                                          Value        1    100%        309,044                                                   
                                                                                                                                                  

                                                                Mean        Median       Minimum       Maximum    Variable
    Variable                                                   Value         Value         Value         Value     Format 

                                                                                                                          
    chosen_spedis_score                                       3.3445        0.0000        0.0000      450.0000       8    
                                                                                                                          
    last_name_match                                           1.0000        1.0000        1.0000        1.0000            
                                                                                                                          
                                                                                                                          





































                                                             Prepared by CAC Group, Inc.
