                                                                                             The WPS System                                                          11:34 Wednesday, July 29, 2015    1

                                                                                           The FREQ Procedure

                                                               Table of last_name_match by chosen_cac_ind_number
                                                                                                                                        
                                                                last_name_match|             chosen_cac_ind_number             |        
                                                                ---------------+-----------------------------------------------|        
                                                                   Frequency   |       |       |       |       |       |       |        
                                                                    Percent    |       |       |       |       |       |       |        
                                                                    Row Pct    |       |       |       |       |       |       |        
                                                                    Col Pct    |   .   |   1   |   2   |   3   |   4   |   5   | Total  
                                                                ---------------+-------+-------+-------+-------+-------+-------+------- 
                                                                              0| 515489|      0|      0|      0|      0|      0| 515489 
                                                                               |  39.31|   0.00|   0.00|   0.00|   0.00|   0.00|  39.31 
                                                                               | 100.00|   0.00|   0.00|   0.00|   0.00|   0.00|        
                                                                               |  50.84|   0.00|   0.00|   0.00|   0.00|   0.00|        
                                                                ---------------+-------+-------+-------+-------+-------+-------+------- 
                                                                              1| 498371| 207690|  65681|  19364|   4231|    636| 795973 
                                                                               |  38.00|  15.84|   5.01|   1.48|   0.32|   0.05|  60.69 
                                                                               |  62.61|  26.09|   8.25|   2.43|   0.53|   0.08|        
                                                                               |  49.16| 100.00| 100.00| 100.00| 100.00| 100.00|        
                                                                ---------------+-------+-------+-------+-------+-------+-------+------- 
                                                                          Total|1013860| 207690|  65681|  19364|   4231|    636|1311462 
                                                                               |  77.31|  15.84|   5.01|   1.48|   0.32|   0.05| 100.00 
                                                                                                                                        
                                                                                             The WPS System                                                          11:34 Wednesday, July 29, 2015    2

                                                                                           The FREQ Procedure

                                                                    Table of chosen_cac_ind_number by chosen_match_level
                                                                                                                                   
                                                                     chosen_cac_ind_number|      chosen_match_level       |        
                                                                     ---------------------+-------------------------------|        
                                                                           Frequency      |       |       |       |       |        
                                                                            Percent       |       |       |       |       |        
                                                                            Row Pct       |       |       |       |       |        
                                                                            Col Pct       |   .   |   1   |   2   |   3   | Total  
                                                                     ---------------------+-------+-------+-------+-------+------- 
                                                                                         .|1013860|      0|      0|      0|1013860 
                                                                                          |  77.31|   0.00|   0.00|   0.00|  77.31 
                                                                                          | 100.00|   0.00|   0.00|   0.00|        
                                                                                          | 100.00|   0.00|   0.00|   0.00|        
                                                                     ---------------------+-------+-------+-------+-------+------- 
                                                                                         1|      0| 179164|  25508|   3018| 207690 
                                                                                          |   0.00|  13.66|   1.95|   0.23|  15.84 
                                                                                          |   0.00|  86.27|  12.28|   1.45|        
                                                                                          |   0.00|  70.06|  69.36|  59.36|        
                                                                     ---------------------+-------+-------+-------+-------+------- 
                                                                                         2|      0|  55901|   8400|   1380|  65681 
                                                                                          |   0.00|   4.26|   0.64|   0.11|   5.01 
                                                                                          |   0.00|  85.11|  12.79|   2.10|        
                                                                                          |   0.00|  21.86|  22.84|  27.14|        
                                                                     ---------------------+-------+-------+-------+-------+------- 
                                                                                         3|      0|  16513|   2307|    544|  19364 
                                                                                          |   0.00|   1.26|   0.18|   0.04|   1.48 
                                                                                          |   0.00|  85.28|  11.91|   2.81|        
                                                                                          |   0.00|   6.46|   6.27|  10.70|        
                                                                     ---------------------+-------+-------+-------+-------+------- 
                                                                                         4|      0|   3622|    481|    128|   4231 
                                                                                          |   0.00|   0.28|   0.04|   0.01|   0.32 
                                                                                          |   0.00|  85.61|  11.37|   3.03|        
                                                                                          |   0.00|   1.42|   1.31|   2.52|        
                                                                     ---------------------+-------+-------+-------+-------+------- 
                                                                                         5|      0|    541|     81|     14|    636 
                                                                                          |   0.00|   0.04|   0.01|   0.00|   0.05 
                                                                                          |   0.00|  85.06|  12.74|   2.20|        
                                                                                          |   0.00|   0.21|   0.22|   0.28|        
                                                                     ---------------------+-------+-------+-------+-------+------- 
                                                                                     Total|1013860| 255741|  36777|   5084|1311462 
                                                                                          |  77.31|  19.50|   2.80|   0.39| 100.00 
                                                                                                                                   
                                                                                             match_level 2                                                           11:34 Wednesday, July 29, 2015    3

                                                                                           The FREQ Procedure

                                                                                                                Cumulative    Cumulative
                                                                chosen_spedis_score    Frequency     Percent     Frequency      Percent 
                                                                ------------------------------------------------------------------------
                                                                 0                           72        0.20            72         0.20  
                                                                 2                            9        0.02            81         0.22  
                                                                 3                          129        0.35           210         0.57  
                                                                 4                          240        0.65           450         1.22  
                                                                 5                         1823        4.96          2273         6.18  
                                                                 6                          172        0.47          2445         6.65  
                                                                 7                         1795        4.88          4240        11.53  
                                                                 8                          505        1.37          4745        12.90  
                                                                 9                           38        0.10          4783        13.01  
                                                                10                          733        1.99          5516        15.00  
                                                                11                         1422        3.87          6938        18.87  
                                                                12                          525        1.43          7463        20.29  
                                                                13                          272        0.74          7735        21.03  
                                                                14                         1001        2.72          8736        23.75  
                                                                15                         5756       15.65         14492        39.41  
                                                                16                          811        2.21         15303        41.61  
                                                                17                         3483        9.47         18786        51.08  
                                                                18                           47        0.13         18833        51.21  
                                                                19                         2108        5.73         20941        56.94  
                                                                20                         2758        7.50         23699        64.44  
                                                                21                          884        2.40         24583        66.84  
                                                                22                          231        0.63         24814        67.47  
                                                                23                          380        1.03         25194        68.50  
                                                                24                          644        1.75         25838        70.26  
                                                                25                         1149        3.12         26987        73.38  
                                                                26                          430        1.17         27417        74.55  
                                                                27                          784        2.13         28201        76.68  
                                                                28                         3326        9.04         31527        85.72  
                                                                29                         1158        3.15         32685        88.87  
                                                                30                         1439        3.91         34124        92.79  
                                                                31                          135        0.37         34259        93.15  
                                                                32                            2        0.01         34261        93.16  
                                                                33                         1147        3.12         35408        96.28  
                                                                34                         1369        3.72         36777       100.00  
                                                                                             match_level 3                                                           11:34 Wednesday, July 29, 2015    4

                                                                                           The FREQ Procedure

                                                                                                                Cumulative    Cumulative
                                                                chosen_spedis_score    Frequency     Percent     Frequency      Percent 
                                                                ------------------------------------------------------------------------
                                                                 35                          76        1.49            76         1.49  
                                                                 36                           2        0.04            78         1.53  
                                                                 37                         507        9.97           585        11.51  
                                                                 38                         413        8.12           998        19.63  
                                                                 39                         437        8.60          1435        28.23  
                                                                 40                         502        9.87          1937        38.10  
                                                                 41                          94        1.85          2031        39.95  
                                                                 42                          74        1.46          2105        41.40  
                                                                 43                          44        0.87          2149        42.27  
                                                                 44                           4        0.08          2153        42.35  
                                                                 45                          42        0.83          2195        43.17  
                                                                 46                          34        0.67          2229        43.84  
                                                                 47                          95        1.87          2324        45.71  
                                                                 48                           1        0.02          2325        45.73  
                                                                 49                           2        0.04          2327        45.77  
                                                                 50                        1024       20.14          3351        65.91  
                                                                 52                           5        0.10          3356        66.01  
                                                                 53                           9        0.18          3365        66.19  
                                                                 54                          81        1.59          3446        67.78  
                                                                 55                          25        0.49          3471        68.27  
                                                                 56                           7        0.14          3478        68.41  
                                                                 57                          63        1.24          3541        69.65  
                                                                 58                         117        2.30          3658        71.95  
                                                                 59                           2        0.04          3660        71.99  
                                                                 60                         176        3.46          3836        75.45  
                                                                 61                           2        0.04          3838        75.49  
                                                                 62                         143        2.81          3981        78.30  
                                                                 64                          15        0.30          3996        78.60  
                                                                 65                          38        0.75          4034        79.35  
                                                                 66                         272        5.35          4306        84.70  
                                                                 67                           1        0.02          4307        84.72  
                                                                 68                          10        0.20          4317        84.91  
                                                                 70                          49        0.96          4366        85.88  
                                                                 71                           9        0.18          4375        86.05  
                                                                 75                         141        2.77          4516        88.83  
                                                                 78                           5        0.10          4521        88.93  
                                                                 79                           2        0.04          4523        88.97  
                                                                 80                          11        0.22          4534        89.18  
                                                                 81                           2        0.04          4536        89.22  
                                                                 83                         151        2.97          4687        92.19  
                                                                 85                           3        0.06          4690        92.25  
                                                                 87                          27        0.53          4717        92.78  
                                                                 89                           1        0.02          4718        92.80  
                                                                 90                          13        0.26          4731        93.06  
                                                                 91                          15        0.30          4746        93.35  
                                                                 92                           2        0.04          4748        93.39  
                                                                 93                           1        0.02          4749        93.41  
                                                                 95                           4        0.08          4753        93.49  
                                                                100                          89        1.75          4842        95.24  
                                                                105                           1        0.02          4843        95.26  
                                                                106                           1        0.02          4844        95.28  
                                                                108                           8        0.16          4852        95.44  
                                                                110                           2        0.04          4854        95.48  
                                                                112                          13        0.26          4867        95.73  
                                                                116                          13        0.26          4880        95.99  
                                                                125                          10        0.20          4890        96.18  
                                                                130                           1        0.02          4891        96.20  
                                                                131                           1        0.02          4892        96.22  
                                                                133                           5        0.10          4897        96.32  
                                                                141                           1        0.02          4898        96.34  
                                                                150                          28        0.55          4926        96.89  
                                                                162                           1        0.02          4927        96.91  
                                                                175                           3        0.06          4930        96.97  
                                                                200                          57        1.12          4987        98.09  
                                                                225                           1        0.02          4988        98.11  
                                                                233                           1        0.02          4989        98.13  
                                                                250                          40        0.79          5029        98.92  
                                                                300                          28        0.55          5057        99.47  
                                                                350                          14        0.28          5071        99.74  
                                                                400                           8        0.16          5079        99.90  
                                                                450                           3        0.06          5082        99.96  
                                                                500                           1        0.02          5083        99.98  
                                                                700                           1        0.02          5084       100.00  
                                                                                                                                                                     11:34 Wednesday, July 29, 2015    5

                                                                                           The FREQ Procedure

                                                               Table of last_name_match by chosen_cac_ind_number
                                                                                                                                        
                                                                last_name_match|             chosen_cac_ind_number             |        
                                                                ---------------+-----------------------------------------------|        
                                                                   Frequency   |       |       |       |       |       |       |        
                                                                    Percent    |       |       |       |       |       |       |        
                                                                    Row Pct    |       |       |       |       |       |       |        
                                                                    Col Pct    |   .   |   1   |   2   |   3   |   4   |   5   | Total  
                                                                ---------------+-------+-------+-------+-------+-------+-------+------- 
                                                                              0| 515489|      0|      0|      0|      0|      0| 515489 
                                                                               |  39.31|   0.00|   0.00|   0.00|   0.00|   0.00|  39.31 
                                                                               | 100.00|   0.00|   0.00|   0.00|   0.00|   0.00|        
                                                                               |  53.26|   0.00|   0.00|   0.00|   0.00|   0.00|        
                                                                ---------------+-------+-------+-------+-------+-------+-------+------- 
                                                                              1| 452318| 235210|  86138|  17790|   3855|    662| 795973 
                                                                               |  34.49|  17.93|   6.57|   1.36|   0.29|   0.05|  60.69 
                                                                               |  56.83|  29.55|  10.82|   2.24|   0.48|   0.08|        
                                                                               |  46.74| 100.00| 100.00| 100.00| 100.00| 100.00|        
                                                                ---------------+-------+-------+-------+-------+-------+-------+------- 
                                                                          Total| 967807| 235210|  86138|  17790|   3855|    662|1311462 
                                                                               |  73.80|  17.93|   6.57|   1.36|   0.29|   0.05| 100.00 
                                                                                                                                        
                                                                                                                                                                     11:34 Wednesday, July 29, 2015    6

                                                                                           The FREQ Procedure

                                                                    Table of chosen_cac_ind_number by chosen_match_level
                                                                                                                                   
                                                                     chosen_cac_ind_number|      chosen_match_level       |        
                                                                     ---------------------+-------------------------------|        
                                                                           Frequency      |       |       |       |       |        
                                                                            Percent       |       |       |       |       |        
                                                                            Row Pct       |       |       |       |       |        
                                                                            Col Pct       |   .   |   1   |   2   |   3   | Total  
                                                                     ---------------------+-------+-------+-------+-------+------- 
                                                                                         .| 967807|      0|      0|      0| 967807 
                                                                                          |  73.80|   0.00|   0.00|   0.00|  73.80 
                                                                                          | 100.00|   0.00|   0.00|   0.00|        
                                                                                          | 100.00|   0.00|   0.00|   0.00|        
                                                                     ---------------------+-------+-------+-------+-------+------- 
                                                                                         1|      0| 208148|  21926|   5136| 235210 
                                                                                          |   0.00|  15.87|   1.67|   0.39|  17.93 
                                                                                          |   0.00|  88.49|   9.32|   2.18|        
                                                                                          |   0.00|  68.77|  67.46|  60.63|        
                                                                     ---------------------+-------+-------+-------+-------+------- 
                                                                                         2|      0|  74973|   8601|   2564|  86138 
                                                                                          |   0.00|   5.72|   0.66|   0.20|   6.57 
                                                                                          |   0.00|  87.04|   9.99|   2.98|        
                                                                                          |   0.00|  24.77|  26.46|  30.27|        
                                                                     ---------------------+-------+-------+-------+-------+------- 
                                                                                         3|      0|  15636|   1569|    585|  17790 
                                                                                          |   0.00|   1.19|   0.12|   0.04|   1.36 
                                                                                          |   0.00|  87.89|   8.82|   3.29|        
                                                                                          |   0.00|   5.17|   4.83|   6.91|        
                                                                     ---------------------+-------+-------+-------+-------+------- 
                                                                                         4|      0|   3368|    352|    135|   3855 
                                                                                          |   0.00|   0.26|   0.03|   0.01|   0.29 
                                                                                          |   0.00|  87.37|   9.13|   3.50|        
                                                                                          |   0.00|   1.11|   1.08|   1.59|        
                                                                     ---------------------+-------+-------+-------+-------+------- 
                                                                                         5|      0|    558|     53|     51|    662 
                                                                                          |   0.00|   0.04|   0.00|   0.00|   0.05 
                                                                                          |   0.00|  84.29|   8.01|   7.70|        
                                                                                          |   0.00|   0.18|   0.16|   0.60|        
                                                                     ---------------------+-------+-------+-------+-------+------- 
                                                                                     Total| 967807| 302683|  32501|   8471|1311462 
                                                                                          |  73.80|  23.08|   2.48|   0.65| 100.00 
                                                                                                                                   
                                                                                             match_level 2                                                           11:34 Wednesday, July 29, 2015    7

                                                                                           The FREQ Procedure

                                                                                                                Cumulative    Cumulative
                                                                chosen_spedis_score    Frequency     Percent     Frequency      Percent 
                                                                ------------------------------------------------------------------------
                                                                 0                          122        0.38           122         0.38  
                                                                 2                           20        0.06           142         0.44  
                                                                 3                          350        1.08           492         1.51  
                                                                 4                          364        1.12           856         2.63  
                                                                 5                         1390        4.28          2246         6.91  
                                                                 6                          734        2.26          2980         9.17  
                                                                 7                         1221        3.76          4201        12.93  
                                                                 8                         1287        3.96          5488        16.89  
                                                                 9                           15        0.05          5503        16.93  
                                                                10                          808        2.49          6311        19.42  
                                                                11                          772        2.38          7083        21.79  
                                                                12                          719        2.21          7802        24.01  
                                                                13                          164        0.50          7966        24.51  
                                                                14                         1636        5.03          9602        29.54  
                                                                15                         1229        3.78         10831        33.33  
                                                                16                         1319        4.06         12150        37.38  
                                                                17                         1658        5.10         13808        42.48  
                                                                18                          230        0.71         14038        43.19  
                                                                19                          749        2.30         14787        45.50  
                                                                20                         1574        4.84         16361        50.34  
                                                                21                         2474        7.61         18835        57.95  
                                                                22                          732        2.25         19567        60.20  
                                                                23                          357        1.10         19924        61.30  
                                                                24                          227        0.70         20151        62.00  
                                                                25                         2074        6.38         22225        68.38  
                                                                26                         1439        4.43         23664        72.81  
                                                                27                          303        0.93         23967        73.74  
                                                                28                         2410        7.42         26377        81.16  
                                                                29                         1297        3.99         27674        85.15  
                                                                30                         2171        6.68         29845        91.83  
                                                                31                          378        1.16         30223        92.99  
                                                                32                           18        0.06         30241        93.05  
                                                                33                         1167        3.59         31408        96.64  
                                                                34                         1093        3.36         32501       100.00  
                                                                                             match_level 3                                                           11:34 Wednesday, July 29, 2015    8

                                                                                           The FREQ Procedure

                                                                                                                Cumulative    Cumulative
                                                                chosen_spedis_score    Frequency     Percent     Frequency      Percent 
                                                                ------------------------------------------------------------------------
                                                                 35                         128        1.51           128         1.51  
                                                                 36                           1        0.01           129         1.52  
                                                                 37                         604        7.13           733         8.65  
                                                                 38                         896       10.58          1629        19.23  
                                                                 39                         705        8.32          2334        27.55  
                                                                 40                         585        6.91          2919        34.46  
                                                                 41                         286        3.38          3205        37.83  
                                                                 42                         144        1.70          3349        39.53  
                                                                 43                          46        0.54          3395        40.08  
                                                                 44                         156        1.84          3551        41.92  
                                                                 45                         541        6.39          4092        48.31  
                                                                 46                          95        1.12          4187        49.43  
                                                                 47                         850       10.03          5037        59.46  
                                                                 48                           3        0.04          5040        59.50  
                                                                 50                        1325       15.64          6365        75.14  
                                                                 52                           4        0.05          6369        75.19  
                                                                 53                          11        0.13          6380        75.32  
                                                                 54                          33        0.39          6413        75.71  
                                                                 55                          29        0.34          6442        76.05  
                                                                 56                          34        0.40          6476        76.45  
                                                                 57                          49        0.58          6525        77.03  
                                                                 58                         157        1.85          6682        78.88  
                                                                 59                           1        0.01          6683        78.89  
                                                                 60                         174        2.05          6857        80.95  
                                                                 62                         165        1.95          7022        82.89  
                                                                 63                           1        0.01          7023        82.91  
                                                                 64                          14        0.17          7037        83.07  
                                                                 65                          12        0.14          7049        83.21  
                                                                 66                         186        2.20          7235        85.41  
                                                                 67                           1        0.01          7236        85.42  
                                                                 68                          13        0.15          7249        85.57  
                                                                 70                          68        0.80          7317        86.38  
                                                                 71                           9        0.11          7326        86.48  
                                                                 75                         188        2.22          7514        88.70  
                                                                 78                           5        0.06          7519        88.76  
                                                                 80                          21        0.25          7540        89.01  
                                                                 81                           5        0.06          7545        89.07  
                                                                 83                         132        1.56          7677        90.63  
                                                                 85                           7        0.08          7684        90.71  
                                                                 87                          33        0.39          7717        91.10  
                                                                 89                           1        0.01          7718        91.11  
                                                                 90                          25        0.30          7743        91.41  
                                                                 91                           6        0.07          7749        91.48  
                                                                 93                           3        0.04          7752        91.51  
                                                                 95                           1        0.01          7753        91.52  
                                                                 96                           1        0.01          7754        91.54  
                                                                100                         163        1.92          7917        93.46  
                                                                106                           1        0.01          7918        93.47  
                                                                108                           7        0.08          7925        93.55  
                                                                112                          18        0.21          7943        93.77  
                                                                116                          23        0.27          7966        94.04  
                                                                118                           1        0.01          7967        94.05  
                                                                125                          62        0.73          8029        94.78  
                                                                133                           9        0.11          8038        94.89  
                                                                137                           6        0.07          8044        94.96  
                                                                141                           1        0.01          8045        94.97  
                                                                150                          73        0.86          8118        95.83  
                                                                166                           2        0.02          8120        95.86  
                                                                175                           7        0.08          8127        95.94  
                                                                193                           1        0.01          8128        95.95  
                                                                200                         109        1.29          8237        97.24  
                                                                233                           1        0.01          8238        97.25  
                                                                250                         113        1.33          8351        98.58  
                                                                300                         102        1.20          8453        99.79  
                                                                350                          12        0.14          8465        99.93  
                                                                400                           3        0.04          8468        99.96  
                                                                450                           2        0.02          8470        99.99  
                                                                500                           1        0.01          8471       100.00  
                                                                    Prepared for                                                                     9
                                                                 Data Quality Report
                                                           Library:WORK  Member:scored__IN
                                                              Total Observations: 641257

                                                                                                              Number of     Numeric or          
   Variable                                                                   Label                         Observations    Character     Levels

   CAC_HH_PID                                            Household Persistent ID                                641,257     Character        50+
                                                                                                                                                
   CAC_NAME_LAST                                         Household Name                                         641,257     Character        50+
                                                                                                                                                
   bridge_address1                                       Address Line 1 From Bridge                             641,257     Character        50+
                                                                                                                                                
   bridge_address2                                       Address Line 2 From Bridge                                   0     Character         0 
                                                                                                                                                
   bridge_city                                           Address City From Bridge                               641,257     Character        50+
                                                                                                                                                
   bridge_name_first                                     First Name From Bridge                                 641,257     Character        50+
                                                                                                                                                
   bridge_name_last                                      Last Name From Bridge                                  641,257     Character        50+
                                                                                                                                                
   bridge_name_last_exact                                                                                       641,257     Character        50+
                                                                                                                                                
   bridge_name_last_fuzzy1                                                                                      641,257     Character        50+
                                                                                                                                                
   bridge_state                                          Address State From Bridge                              641,257     Character         1 
                                                         Value IN    100%                                       641,257                         
                                                                                                                                                
   bridge_zip5                                           Address Zip 5 From Bridge                              641,257     Character        50+
                                                                                                                                                
   cac_bridge_md5email_id                                Unique ID To Append Email Addresses From Bridge        641,257     Character        50+

                                                             Number        Zero          Mean        Median       Minimum       Maximum    Variable
   Variable                                                 Missing      Values         Value         Value         Value         Value     Format 

   CAC_HH_PID                                                     0                                                                          $27   
                                                                                                                                                   
   CAC_NAME_LAST                                                  0                                                                                
                                                                                                                                                   
   bridge_address1                                                0                                                                          $50   
                                                                                                                                                   
   bridge_address2                                          641,257                                                                          $50   
                                                                                                                                                   
   bridge_city                                                    0                                                                          $30   
                                                                                                                                                   
   bridge_name_first                                              0                                                                          $25   
                                                                                                                                                   
   bridge_name_last                                               0                                                                          $25   
                                                                                                                                                   
   bridge_name_last_exact                                         0                                                                                
                                                                                                                                                   
   bridge_name_last_fuzzy1                                        0                                                                                
                                                                                                                                                   
   bridge_state                                                   0                                                                          $2    
                                                                                                                                                   
                                                                                                                                                   
   bridge_zip5                                                    0                                                                          $5    
                                                                                                                                                   
   cac_bridge_md5email_id                                         0                                                                          $50   

                                                             Prepared by CAC Group, Inc.
                                                                    Prepared for                                                                    10
                                                                 Data Quality Report
                                                           Library:WORK  Member:scored__IN
                                                              Total Observations: 641257

                                                                                      Number of     Numeric or                  Number        Zero
    Variable                                                      Label             Observations    Character     Levels       Missing      Values

                                                                                                                                                  
    chosen_cac_ind_gender                                                               641,257     Numeric           2              0           0
                                                          Value        1   46.4%        297,602                                                   
                                                          Value        2   53.6%        343,655                                                   
                                                                                                                                                  
    chosen_cac_ind_last                                                                 641,257     Character        50+             0            
                                                                                                                                                  
    chosen_cac_ind_mi                                                                   518,605     Character        26        122,652            
                                                                                                                                                  
    chosen_cac_ind_name                                                                 641,257     Character        50+             0            
                                                                                                                                                  
    chosen_cac_ind_number                                                               641,257     Numeric           5              0           0
                                                          Value        1   69.1%        442,900                                                   
                                                          Value        2   23.7%        151,819                                                   
                                                          Value        3    5.8%         37,154                                                   
                                                          Value        4    1.3%          8,086                                                   
                                                          Value        5    0.2%          1,298                                                   
                                                                                                                                                  
    chosen_first_x_of_x_flag                                                            641,257     Numeric           2              0       3,610
                                                                                                                                                  
    chosen_match_level                                                                  641,257     Numeric           3              0           0
                                                          Value        1   87.1%        558,424                                                   
                                                          Value        2   10.8%         69,278                                                   
                                                          Value        3    2.1%         13,555                                                   

                                                                Mean        Median       Minimum       Maximum    Variable
    Variable                                                   Value         Value         Value         Value     Format 

                                                                                                                          
    chosen_cac_ind_gender                                     1.5359        2.0000        1.0000        2.0000      8     
                                                                                                                          
                                                                                                                          
                                                                                                                          
    chosen_cac_ind_last                                                                                             $20   
                                                                                                                          
    chosen_cac_ind_mi                                                                                               $1    
                                                                                                                          
    chosen_cac_ind_name                                                                                             $14   
                                                                                                                          
    chosen_cac_ind_number                                     1.3986        1.0000        1.0000        5.0000      8     
                                                                                                                          
                                                                                                                          
                                                                                                                          
                                                                                                                          
                                                                                                                          
                                                                                                                          
    chosen_first_x_of_x_flag                                  0.9944        1.0000        0.0000        1.0000      8     
                                                                                                                          
    chosen_match_level                                        1.1503        1.0000        1.0000        3.0000      8     
                                                                                                                          
                                                                                                                          
                                                                                                                          

                                                             Prepared by CAC Group, Inc.
                                                                    Prepared for                                                                    11
                                                                 Data Quality Report
                                                           Library:WORK  Member:scored__IN
                                                              Total Observations: 641257

                                                                                      Number of     Numeric or                  Number        Zero
    Variable                                                      Label             Observations    Character     Levels       Missing      Values

                                                                                                                                                  
    chosen_spedis_score                                                                 641,257      Numeric         50+             0     558,618
                                                                                                                                                  
    last_name_match                                                                     641,257      Numeric          1              0           0
                                                          Value        1    100%        641,257                                                   
                                                                                                                                                  

                                                                Mean        Median       Minimum       Maximum    Variable
    Variable                                                   Value         Value         Value         Value     Format 

                                                                                                                          
    chosen_spedis_score                                       3.3248        0.0000        0.0000      700.0000       8    
                                                                                                                          
    last_name_match                                           1.0000        1.0000        1.0000        1.0000            
                                                                                                                          
                                                                                                                          





































                                                             Prepared by CAC Group, Inc.
