                                                                                             The WPS System                                                          11:38 Wednesday, July 29, 2015    1

                                                                                           The FREQ Procedure

                                                               Table of last_name_match by chosen_cac_ind_number
                                                                                                                                        
                                                                last_name_match|             chosen_cac_ind_number             |        
                                                                ---------------+-----------------------------------------------|        
                                                                   Frequency   |       |       |       |       |       |       |        
                                                                    Percent    |       |       |       |       |       |       |        
                                                                    Row Pct    |       |       |       |       |       |       |        
                                                                    Col Pct    |   .   |   1   |   2   |   3   |   4   |   5   | Total  
                                                                ---------------+-------+-------+-------+-------+-------+-------+------- 
                                                                              0| 492343|      0|      0|      0|      0|      0| 492343 
                                                                               |  39.69|   0.00|   0.00|   0.00|   0.00|   0.00|  39.69 
                                                                               | 100.00|   0.00|   0.00|   0.00|   0.00|   0.00|        
                                                                               |  51.18|   0.00|   0.00|   0.00|   0.00|   0.00|        
                                                                ---------------+-------+-------+-------+-------+-------+-------+------- 
                                                                              1| 469552| 190559|  61872|  19668|   5424|   1032| 748107 
                                                                               |  37.85|  15.36|   4.99|   1.59|   0.44|   0.08|  60.31 
                                                                               |  62.77|  25.47|   8.27|   2.63|   0.73|   0.14|        
                                                                               |  48.82| 100.00| 100.00| 100.00| 100.00| 100.00|        
                                                                ---------------+-------+-------+-------+-------+-------+-------+------- 
                                                                          Total| 961895| 190559|  61872|  19668|   5424|   1032|1240450 
                                                                               |  77.54|  15.36|   4.99|   1.59|   0.44|   0.08| 100.00 
                                                                                                                                        
                                                                                             The WPS System                                                          11:38 Wednesday, July 29, 2015    2

                                                                                           The FREQ Procedure

                                                                    Table of chosen_cac_ind_number by chosen_match_level
                                                                                                                                   
                                                                     chosen_cac_ind_number|      chosen_match_level       |        
                                                                     ---------------------+-------------------------------|        
                                                                           Frequency      |       |       |       |       |        
                                                                            Percent       |       |       |       |       |        
                                                                            Row Pct       |       |       |       |       |        
                                                                            Col Pct       |   .   |   1   |   2   |   3   | Total  
                                                                     ---------------------+-------+-------+-------+-------+------- 
                                                                                         .| 961895|      0|      0|      0| 961895 
                                                                                          |  77.54|   0.00|   0.00|   0.00|  77.54 
                                                                                          | 100.00|   0.00|   0.00|   0.00|        
                                                                                          | 100.00|   0.00|   0.00|   0.00|        
                                                                     ---------------------+-------+-------+-------+-------+------- 
                                                                                         1|      0| 167467|  20166|   2926| 190559 
                                                                                          |   0.00|  13.50|   1.63|   0.24|  15.36 
                                                                                          |   0.00|  87.88|  10.58|   1.54|        
                                                                                          |   0.00|  68.94|  65.61|  59.46|        
                                                                     ---------------------+-------+-------+-------+-------+------- 
                                                                                         2|      0|  53689|   6972|   1211|  61872 
                                                                                          |   0.00|   4.33|   0.56|   0.10|   4.99 
                                                                                          |   0.00|  86.77|  11.27|   1.96|        
                                                                                          |   0.00|  22.10|  22.68|  24.61|        
                                                                     ---------------------+-------+-------+-------+-------+------- 
                                                                                         3|      0|  16374|   2749|    545|  19668 
                                                                                          |   0.00|   1.32|   0.22|   0.04|   1.59 
                                                                                          |   0.00|  83.25|  13.98|   2.77|        
                                                                                          |   0.00|   6.74|   8.94|  11.07|        
                                                                     ---------------------+-------+-------+-------+-------+------- 
                                                                                         4|      0|   4520|    717|    187|   5424 
                                                                                          |   0.00|   0.36|   0.06|   0.02|   0.44 
                                                                                          |   0.00|  83.33|  13.22|   3.45|        
                                                                                          |   0.00|   1.86|   2.33|   3.80|        
                                                                     ---------------------+-------+-------+-------+-------+------- 
                                                                                         5|      0|    850|    130|     52|   1032 
                                                                                          |   0.00|   0.07|   0.01|   0.00|   0.08 
                                                                                          |   0.00|  82.36|  12.60|   5.04|        
                                                                                          |   0.00|   0.35|   0.42|   1.06|        
                                                                     ---------------------+-------+-------+-------+-------+------- 
                                                                                     Total| 961895| 242900|  30734|   4921|1240450 
                                                                                          |  77.54|  19.58|   2.48|   0.40| 100.00 
                                                                                                                                   
                                                                                             match_level 2                                                           11:38 Wednesday, July 29, 2015    3

                                                                                           The FREQ Procedure

                                                                                                                Cumulative    Cumulative
                                                                chosen_spedis_score    Frequency     Percent     Frequency      Percent 
                                                                ------------------------------------------------------------------------
                                                                 0                           81        0.26            81         0.26  
                                                                 2                           13        0.04            94         0.31  
                                                                 3                          161        0.52           255         0.83  
                                                                 4                          228        0.74           483         1.57  
                                                                 5                         1102        3.59          1585         5.16  
                                                                 6                          240        0.78          1825         5.94  
                                                                 7                         1303        4.24          3128        10.18  
                                                                 8                          557        1.81          3685        11.99  
                                                                 9                           67        0.22          3752        12.21  
                                                                10                          608        1.98          4360        14.19  
                                                                11                          846        2.75          5206        16.94  
                                                                12                          630        2.05          5836        18.99  
                                                                13                          175        0.57          6011        19.56  
                                                                14                          850        2.77          6861        22.32  
                                                                15                         3105       10.10          9966        32.43  
                                                                16                          837        2.72         10803        35.15  
                                                                17                         2548        8.29         13351        43.44  
                                                                18                           49        0.16         13400        43.60  
                                                                19                         2233        7.27         15633        50.87  
                                                                20                         2100        6.83         17733        57.70  
                                                                21                          838        2.73         18571        60.42  
                                                                22                          152        0.49         18723        60.92  
                                                                23                          628        2.04         19351        62.96  
                                                                24                          480        1.56         19831        64.52  
                                                                25                         1052        3.42         20883        67.95  
                                                                26                          543        1.77         21426        69.71  
                                                                27                          698        2.27         22124        71.99  
                                                                28                         3360       10.93         25484        82.92  
                                                                29                         1209        3.93         26693        86.85  
                                                                30                         1558        5.07         28251        91.92  
                                                                31                          197        0.64         28448        92.56  
                                                                32                           12        0.04         28460        92.60  
                                                                33                         1045        3.40         29505        96.00  
                                                                34                         1229        4.00         30734       100.00  
                                                                                             match_level 3                                                           11:38 Wednesday, July 29, 2015    4

                                                                                           The FREQ Procedure

                                                                                                                Cumulative    Cumulative
                                                                chosen_spedis_score    Frequency     Percent     Frequency      Percent 
                                                                ------------------------------------------------------------------------
                                                                 35                          79        1.61            79         1.61  
                                                                 36                           4        0.08            83         1.69  
                                                                 37                         445        9.04           528        10.73  
                                                                 38                         408        8.29           936        19.02  
                                                                 39                         475        9.65          1411        28.67  
                                                                 40                         323        6.56          1734        35.24  
                                                                 41                          96        1.95          1830        37.19  
                                                                 42                          60        1.22          1890        38.41  
                                                                 43                         124        2.52          2014        40.93  
                                                                 44                           3        0.06          2017        40.99  
                                                                 45                          36        0.73          2053        41.72  
                                                                 46                          41        0.83          2094        42.55  
                                                                 47                         121        2.46          2215        45.01  
                                                                 48                           1        0.02          2216        45.03  
                                                                 49                           2        0.04          2218        45.07  
                                                                 50                         938       19.06          3156        64.13  
                                                                 52                           3        0.06          3159        64.19  
                                                                 53                           4        0.08          3163        64.28  
                                                                 54                          56        1.14          3219        65.41  
                                                                 55                          22        0.45          3241        65.86  
                                                                 56                          18        0.37          3259        66.23  
                                                                 57                          86        1.75          3345        67.97  
                                                                 58                          84        1.71          3429        69.68  
                                                                 59                           1        0.02          3430        69.70  
                                                                 60                         149        3.03          3579        72.73  
                                                                 61                           1        0.02          3580        72.75  
                                                                 62                         161        3.27          3741        76.02  
                                                                 63                           4        0.08          3745        76.10  
                                                                 64                           6        0.12          3751        76.22  
                                                                 65                          45        0.91          3796        77.14  
                                                                 66                         277        5.63          4073        82.77  
                                                                 67                           6        0.12          4079        82.89  
                                                                 68                          16        0.33          4095        83.21  
                                                                 70                          38        0.77          4133        83.99  
                                                                 71                           8        0.16          4141        84.15  
                                                                 75                         143        2.91          4284        87.06  
                                                                 78                           4        0.08          4288        87.14  
                                                                 79                           1        0.02          4289        87.16  
                                                                 80                          17        0.35          4306        87.50  
                                                                 81                          10        0.20          4316        87.71  
                                                                 83                         119        2.42          4435        90.12  
                                                                 85                           3        0.06          4438        90.18  
                                                                 87                          46        0.93          4484        91.12  
                                                                 89                           1        0.02          4485        91.14  
                                                                 90                          11        0.22          4496        91.36  
                                                                 91                           9        0.18          4505        91.55  
                                                                 92                           1        0.02          4506        91.57  
                                                                 93                           3        0.06          4509        91.63  
                                                                 95                           1        0.02          4510        91.65  
                                                                100                         109        2.21          4619        93.86  
                                                                108                           8        0.16          4627        94.03  
                                                                110                           2        0.04          4629        94.07  
                                                                112                           9        0.18          4638        94.25  
                                                                116                          21        0.43          4659        94.68  
                                                                118                           2        0.04          4661        94.72  
                                                                125                          15        0.30          4676        95.02  
                                                                130                           1        0.02          4677        95.04  
                                                                133                          18        0.37          4695        95.41  
                                                                141                           1        0.02          4696        95.43  
                                                                150                          41        0.83          4737        96.26  
                                                                166                           2        0.04          4739        96.30  
                                                                175                           3        0.06          4742        96.36  
                                                                200                          48        0.98          4790        97.34  
                                                                250                          50        1.02          4840        98.35  
                                                                266                           1        0.02          4841        98.37  
                                                                300                          29        0.59          4870        98.96  
                                                                350                          30        0.61          4900        99.57  
                                                                400                          14        0.28          4914        99.86  
                                                                450                           6        0.12          4920        99.98  
                                                                500                           1        0.02          4921       100.00  
                                                                                                                                                                     11:38 Wednesday, July 29, 2015    5

                                                                                           The FREQ Procedure

                                                               Table of last_name_match by chosen_cac_ind_number
                                                                                                                                        
                                                                last_name_match|             chosen_cac_ind_number             |        
                                                                ---------------+-----------------------------------------------|        
                                                                   Frequency   |       |       |       |       |       |       |        
                                                                    Percent    |       |       |       |       |       |       |        
                                                                    Row Pct    |       |       |       |       |       |       |        
                                                                    Col Pct    |   .   |   1   |   2   |   3   |   4   |   5   | Total  
                                                                ---------------+-------+-------+-------+-------+-------+-------+------- 
                                                                              0| 492343|      0|      0|      0|      0|      0| 492343 
                                                                               |  39.69|   0.00|   0.00|   0.00|   0.00|   0.00|  39.69 
                                                                               | 100.00|   0.00|   0.00|   0.00|   0.00|   0.00|        
                                                                               |  53.05|   0.00|   0.00|   0.00|   0.00|   0.00|        
                                                                ---------------+-------+-------+-------+-------+-------+-------+------- 
                                                                              1| 435661| 216309|  71185|  19038|   4956|    958| 748107 
                                                                               |  35.12|  17.44|   5.74|   1.53|   0.40|   0.08|  60.31 
                                                                               |  58.24|  28.91|   9.52|   2.54|   0.66|   0.13|        
                                                                               |  46.95| 100.00| 100.00| 100.00| 100.00| 100.00|        
                                                                ---------------+-------+-------+-------+-------+-------+-------+------- 
                                                                          Total| 928004| 216309|  71185|  19038|   4956|    958|1240450 
                                                                               |  74.81|  17.44|   5.74|   1.53|   0.40|   0.08| 100.00 
                                                                                                                                        
                                                                                                                                                                     11:38 Wednesday, July 29, 2015    6

                                                                                           The FREQ Procedure

                                                                    Table of chosen_cac_ind_number by chosen_match_level
                                                                                                                                   
                                                                     chosen_cac_ind_number|      chosen_match_level       |        
                                                                     ---------------------+-------------------------------|        
                                                                           Frequency      |       |       |       |       |        
                                                                            Percent       |       |       |       |       |        
                                                                            Row Pct       |       |       |       |       |        
                                                                            Col Pct       |   .   |   1   |   2   |   3   | Total  
                                                                     ---------------------+-------+-------+-------+-------+------- 
                                                                                         .| 928004|      0|      0|      0| 928004 
                                                                                          |  74.81|   0.00|   0.00|   0.00|  74.81 
                                                                                          | 100.00|   0.00|   0.00|   0.00|        
                                                                                          | 100.00|   0.00|   0.00|   0.00|        
                                                                     ---------------------+-------+-------+-------+-------+------- 
                                                                                         1|      0| 190733|  21869|   3707| 216309 
                                                                                          |   0.00|  15.38|   1.76|   0.30|  17.44 
                                                                                          |   0.00|  88.18|  10.11|   1.71|        
                                                                                          |   0.00|  69.47|  68.82|  60.70|        
                                                                     ---------------------+-------+-------+-------+-------+------- 
                                                                                         2|      0|  62027|   7438|   1720|  71185 
                                                                                          |   0.00|   5.00|   0.60|   0.14|   5.74 
                                                                                          |   0.00|  87.13|  10.45|   2.42|        
                                                                                          |   0.00|  22.59|  23.41|  28.16|        
                                                                     ---------------------+-------+-------+-------+-------+------- 
                                                                                         3|      0|  16678|   1872|    488|  19038 
                                                                                          |   0.00|   1.34|   0.15|   0.04|   1.53 
                                                                                          |   0.00|  87.60|   9.83|   2.56|        
                                                                                          |   0.00|   6.07|   5.89|   7.99|        
                                                                     ---------------------+-------+-------+-------+-------+------- 
                                                                                         4|      0|   4299|    500|    157|   4956 
                                                                                          |   0.00|   0.35|   0.04|   0.01|   0.40 
                                                                                          |   0.00|  86.74|  10.09|   3.17|        
                                                                                          |   0.00|   1.57|   1.57|   2.57|        
                                                                     ---------------------+-------+-------+-------+-------+------- 
                                                                                         5|      0|    825|     98|     35|    958 
                                                                                          |   0.00|   0.07|   0.01|   0.00|   0.08 
                                                                                          |   0.00|  86.12|  10.23|   3.65|        
                                                                                          |   0.00|   0.30|   0.31|   0.57|        
                                                                     ---------------------+-------+-------+-------+-------+------- 
                                                                                     Total| 928004| 274562|  31777|   6107|1240450 
                                                                                          |  74.81|  22.13|   2.56|   0.49| 100.00 
                                                                                                                                   
                                                                                             match_level 2                                                           11:38 Wednesday, July 29, 2015    7

                                                                                           The FREQ Procedure

                                                                                                                Cumulative    Cumulative
                                                                chosen_spedis_score    Frequency     Percent     Frequency      Percent 
                                                                ------------------------------------------------------------------------
                                                                 0                          107        0.34           107         0.34  
                                                                 2                           13        0.04           120         0.38  
                                                                 3                          496        1.56           616         1.94  
                                                                 4                          425        1.34          1041         3.28  
                                                                 5                         1291        4.06          2332         7.34  
                                                                 6                          893        2.81          3225        10.15  
                                                                 7                         1462        4.60          4687        14.75  
                                                                 8                         1423        4.48          6110        19.23  
                                                                 9                           31        0.10          6141        19.33  
                                                                10                          844        2.66          6985        21.98  
                                                                11                         1186        3.73          8171        25.71  
                                                                12                         1113        3.50          9284        29.22  
                                                                13                          210        0.66          9494        29.88  
                                                                14                         1332        4.19         10826        34.07  
                                                                15                         1059        3.33         11885        37.40  
                                                                16                         1395        4.39         13280        41.79  
                                                                17                         1198        3.77         14478        45.56  
                                                                18                          156        0.49         14634        46.05  
                                                                19                          872        2.74         15506        48.80  
                                                                20                         1304        4.10         16810        52.90  
                                                                21                         1896        5.97         18706        58.87  
                                                                22                          532        1.67         19238        60.54  
                                                                23                          375        1.18         19613        61.72  
                                                                24                          244        0.77         19857        62.49  
                                                                25                         2069        6.51         21926        69.00  
                                                                26                         1340        4.22         23266        73.22  
                                                                27                          515        1.62         23781        74.84  
                                                                28                         2110        6.64         25891        81.48  
                                                                29                         1125        3.54         27016        85.02  
                                                                30                         2165        6.81         29181        91.83  
                                                                31                          473        1.49         29654        93.32  
                                                                32                           12        0.04         29666        93.36  
                                                                33                          999        3.14         30665        96.50  
                                                                34                         1112        3.50         31777       100.00  
                                                                                             match_level 3                                                           11:38 Wednesday, July 29, 2015    8

                                                                                           The FREQ Procedure

                                                                                                                Cumulative    Cumulative
                                                                chosen_spedis_score    Frequency     Percent     Frequency      Percent 
                                                                ------------------------------------------------------------------------
                                                                 35                          74        1.21            74         1.21  
                                                                 36                           4        0.07            78         1.28  
                                                                 37                         588        9.63           666        10.91  
                                                                 38                         652       10.68          1318        21.58  
                                                                 39                         161        2.64          1479        24.22  
                                                                 40                         397        6.50          1876        30.72  
                                                                 41                         231        3.78          2107        34.50  
                                                                 42                         100        1.64          2207        36.14  
                                                                 43                          41        0.67          2248        36.81  
                                                                 44                         110        1.80          2358        38.61  
                                                                 45                         246        4.03          2604        42.64  
                                                                 46                          94        1.54          2698        44.18  
                                                                 47                         493        8.07          3191        52.25  
                                                                 48                           6        0.10          3197        52.35  
                                                                 50                         943       15.44          4140        67.79  
                                                                 52                           4        0.07          4144        67.86  
                                                                 53                           7        0.11          4151        67.97  
                                                                 54                          32        0.52          4183        68.50  
                                                                 55                          23        0.38          4206        68.87  
                                                                 56                          22        0.36          4228        69.23  
                                                                 57                          52        0.85          4280        70.08  
                                                                 58                         119        1.95          4399        72.03  
                                                                 59                           3        0.05          4402        72.08  
                                                                 60                         171        2.80          4573        74.88  
                                                                 61                           1        0.02          4574        74.90  
                                                                 62                         205        3.36          4779        78.25  
                                                                 63                           3        0.05          4782        78.30  
                                                                 64                          21        0.34          4803        78.65  
                                                                 65                          17        0.28          4820        78.93  
                                                                 66                         165        2.70          4985        81.63  
                                                                 68                          14        0.23          4999        81.86  
                                                                 69                           1        0.02          5000        81.87  
                                                                 70                          70        1.15          5070        83.02  
                                                                 71                           3        0.05          5073        83.07  
                                                                 72                           1        0.02          5074        83.08  
                                                                 75                         209        3.42          5283        86.51  
                                                                 78                           2        0.03          5285        86.54  
                                                                 79                           1        0.02          5286        86.56  
                                                                 80                          36        0.59          5322        87.15  
                                                                 81                          10        0.16          5332        87.31  
                                                                 82                           2        0.03          5334        87.34  
                                                                 83                         103        1.69          5437        89.03  
                                                                 85                           6        0.10          5443        89.13  
                                                                 87                          43        0.70          5486        89.83  
                                                                 90                          15        0.25          5501        90.08  
                                                                 91                           7        0.11          5508        90.19  
                                                                 92                           1        0.02          5509        90.21  
                                                                 93                           2        0.03          5511        90.24  
                                                                 95                           1        0.02          5512        90.26  
                                                                100                         141        2.31          5653        92.57  
                                                                108                           2        0.03          5655        92.60  
                                                                110                           1        0.02          5656        92.62  
                                                                112                          16        0.26          5672        92.88  
                                                                115                           2        0.03          5674        92.91  
                                                                116                          26        0.43          5700        93.34  
                                                                118                           1        0.02          5701        93.35  
                                                                125                          36        0.59          5737        93.94  
                                                                131                           1        0.02          5738        93.96  
                                                                133                           9        0.15          5747        94.11  
                                                                137                           3        0.05          5750        94.15  
                                                                140                           1        0.02          5751        94.17  
                                                                150                          73        1.20          5824        95.37  
                                                                162                           1        0.02          5825        95.38  
                                                                166                           2        0.03          5827        95.42  
                                                                181                           1        0.02          5828        95.43  
                                                                183                           3        0.05          5831        95.48  
                                                                191                           1        0.02          5832        95.50  
                                                                200                          57        0.93          5889        96.43  
                                                                225                           1        0.02          5890        96.45  
                                                                250                         105        1.72          5995        98.17  
                                                                300                          82        1.34          6077        99.51  
                                                                350                          23        0.38          6100        99.89  
                                                                400                           6        0.10          6106        99.98  
                                                                700                           1        0.02          6107       100.00  
                                                                    Prepared for                                                                     9
                                                                 Data Quality Report
                                                           Library:WORK  Member:scored__MA
                                                              Total Observations: 591001

                                                                                                              Number of     Numeric or          
   Variable                                                                   Label                         Observations    Character     Levels

   CAC_HH_PID                                            Household Persistent ID                                591,001     Character        50+
                                                                                                                                                
   CAC_NAME_LAST                                         Household Name                                         591,001     Character        50+
                                                                                                                                                
   bridge_address1                                       Address Line 1 From Bridge                             591,001     Character        50+
                                                                                                                                                
   bridge_address2                                       Address Line 2 From Bridge                                   0     Character         0 
                                                                                                                                                
   bridge_city                                           Address City From Bridge                               591,001     Character        50+
                                                                                                                                                
   bridge_name_first                                     First Name From Bridge                                 591,001     Character        50+
                                                                                                                                                
   bridge_name_last                                      Last Name From Bridge                                  591,001     Character        50+
                                                                                                                                                
   bridge_name_last_exact                                                                                       591,001     Character        50+
                                                                                                                                                
   bridge_name_last_fuzzy1                                                                                      591,001     Character        50+
                                                                                                                                                
   bridge_state                                          Address State From Bridge                              591,001     Character         1 
                                                         Value MA    100%                                       591,001                         
                                                                                                                                                
   bridge_zip5                                           Address Zip 5 From Bridge                              591,001     Character        50+
                                                                                                                                                
   cac_bridge_md5email_id                                Unique ID To Append Email Addresses From Bridge        591,001     Character        50+

                                                             Number        Zero          Mean        Median       Minimum       Maximum    Variable
   Variable                                                 Missing      Values         Value         Value         Value         Value     Format 

   CAC_HH_PID                                                     0                                                                          $27   
                                                                                                                                                   
   CAC_NAME_LAST                                                  0                                                                                
                                                                                                                                                   
   bridge_address1                                                0                                                                          $50   
                                                                                                                                                   
   bridge_address2                                          591,001                                                                          $50   
                                                                                                                                                   
   bridge_city                                                    0                                                                          $30   
                                                                                                                                                   
   bridge_name_first                                              0                                                                          $25   
                                                                                                                                                   
   bridge_name_last                                               0                                                                          $25   
                                                                                                                                                   
   bridge_name_last_exact                                         0                                                                                
                                                                                                                                                   
   bridge_name_last_fuzzy1                                        0                                                                                
                                                                                                                                                   
   bridge_state                                                   0                                                                          $2    
                                                                                                                                                   
                                                                                                                                                   
   bridge_zip5                                                    0                                                                          $5    
                                                                                                                                                   
   cac_bridge_md5email_id                                         0                                                                          $50   

                                                             Prepared by CAC Group, Inc.
                                                                    Prepared for                                                                    10
                                                                 Data Quality Report
                                                           Library:WORK  Member:scored__MA
                                                              Total Observations: 591001

                                                                                      Number of     Numeric or                  Number        Zero
    Variable                                                      Label             Observations    Character     Levels       Missing      Values

                                                                                                                                                  
    chosen_cac_ind_gender                                                               591,001     Numeric           2              0           0
                                                          Value        1   47.1%        278,555                                                   
                                                          Value        2   52.9%        312,446                                                   
                                                                                                                                                  
    chosen_cac_ind_last                                                                 591,001     Character        50+             0            
                                                                                                                                                  
    chosen_cac_ind_mi                                                                   504,076     Character        26         86,925            
                                                                                                                                                  
    chosen_cac_ind_name                                                                 591,001     Character        50+             0            
                                                                                                                                                  
    chosen_cac_ind_number                                                               591,001     Numeric           5              0           0
                                                          Value        1   68.8%        406,868                                                   
                                                          Value        2   22.5%        133,057                                                   
                                                          Value        3    6.5%         38,706                                                   
                                                          Value        4    1.8%         10,380                                                   
                                                          Value        5    0.3%          1,990                                                   
                                                                                                                                                  
    chosen_first_x_of_x_flag                                                            591,001     Numeric           2              0       3,734
                                                                                                                                                  
    chosen_match_level                                                                  591,001     Numeric           3              0           0
                                                          Value        1   87.6%        517,462                                                   
                                                          Value        2   10.6%         62,511                                                   
                                                          Value        3    1.9%         11,028                                                   

                                                                Mean        Median       Minimum       Maximum    Variable
    Variable                                                   Value         Value         Value         Value     Format 

                                                                                                                          
    chosen_cac_ind_gender                                     1.5287        2.0000        1.0000        2.0000      8     
                                                                                                                          
                                                                                                                          
                                                                                                                          
    chosen_cac_ind_last                                                                                             $20   
                                                                                                                          
    chosen_cac_ind_mi                                                                                               $1    
                                                                                                                          
    chosen_cac_ind_name                                                                                             $14   
                                                                                                                          
    chosen_cac_ind_number                                     1.4223        1.0000        1.0000        5.0000      8     
                                                                                                                          
                                                                                                                          
                                                                                                                          
                                                                                                                          
                                                                                                                          
                                                                                                                          
    chosen_first_x_of_x_flag                                  0.9937        1.0000        0.0000        1.0000      8     
                                                                                                                          
    chosen_match_level                                        1.1431        1.0000        1.0000        3.0000      8     
                                                                                                                          
                                                                                                                          
                                                                                                                          

                                                             Prepared by CAC Group, Inc.
                                                                    Prepared for                                                                    11
                                                                 Data Quality Report
                                                           Library:WORK  Member:scored__MA
                                                              Total Observations: 591001

                                                                                      Number of     Numeric or                  Number        Zero
    Variable                                                      Label             Observations    Character     Levels       Missing      Values

                                                                                                                                                  
    chosen_spedis_score                                                                 591,001      Numeric         50+             0     517,650
                                                                                                                                                  
    last_name_match                                                                     591,001      Numeric          1              0           0
                                                          Value        1    100%        591,001                                                   
                                                                                                                                                  

                                                                Mean        Median       Minimum       Maximum    Variable
    Variable                                                   Value         Value         Value         Value     Format 

                                                                                                                          
    chosen_spedis_score                                       3.2220        0.0000        0.0000      700.0000       8    
                                                                                                                          
    last_name_match                                           1.0000        1.0000        1.0000        1.0000            
                                                                                                                          
                                                                                                                          





































                                                             Prepared by CAC Group, Inc.
