                                                                                             The WPS System                                                          11:37 Wednesday, July 29, 2015    1

                                                                                           The FREQ Procedure

                                                               Table of last_name_match by chosen_cac_ind_number
                                                                                                                                        
                                                                last_name_match|             chosen_cac_ind_number             |        
                                                                ---------------+-----------------------------------------------|        
                                                                   Frequency   |       |       |       |       |       |       |        
                                                                    Percent    |       |       |       |       |       |       |        
                                                                    Row Pct    |       |       |       |       |       |       |        
                                                                    Col Pct    |   .   |   1   |   2   |   3   |   4   |   5   | Total  
                                                                ---------------+-------+-------+-------+-------+-------+-------+------- 
                                                                              0| 495038|      0|      0|      0|      0|      0| 495038 
                                                                               |  39.79|   0.00|   0.00|   0.00|   0.00|   0.00|  39.79 
                                                                               | 100.00|   0.00|   0.00|   0.00|   0.00|   0.00|        
                                                                               |  50.94|   0.00|   0.00|   0.00|   0.00|   0.00|        
                                                                ---------------+-------+-------+-------+-------+-------+-------+------- 
                                                                              1| 476743| 196250|  55143|  16552|   3667|    705| 749060 
                                                                               |  38.32|  15.77|   4.43|   1.33|   0.29|   0.06|  60.21 
                                                                               |  63.65|  26.20|   7.36|   2.21|   0.49|   0.09|        
                                                                               |  49.06| 100.00| 100.00| 100.00| 100.00| 100.00|        
                                                                ---------------+-------+-------+-------+-------+-------+-------+------- 
                                                                          Total| 971781| 196250|  55143|  16552|   3667|    705|1244098 
                                                                               |  78.11|  15.77|   4.43|   1.33|   0.29|   0.06| 100.00 
                                                                                                                                        
                                                                                             The WPS System                                                          11:37 Wednesday, July 29, 2015    2

                                                                                           The FREQ Procedure

                                                                    Table of chosen_cac_ind_number by chosen_match_level
                                                                                                                                   
                                                                     chosen_cac_ind_number|      chosen_match_level       |        
                                                                     ---------------------+-------------------------------|        
                                                                           Frequency      |       |       |       |       |        
                                                                            Percent       |       |       |       |       |        
                                                                            Row Pct       |       |       |       |       |        
                                                                            Col Pct       |   .   |   1   |   2   |   3   | Total  
                                                                     ---------------------+-------+-------+-------+-------+------- 
                                                                                         .| 971781|      0|      0|      0| 971781 
                                                                                          |  78.11|   0.00|   0.00|   0.00|  78.11 
                                                                                          | 100.00|   0.00|   0.00|   0.00|        
                                                                                          | 100.00|   0.00|   0.00|   0.00|        
                                                                     ---------------------+-------+-------+-------+-------+------- 
                                                                                         1|      0| 167966|  25140|   3144| 196250 
                                                                                          |   0.00|  13.50|   2.02|   0.25|  15.77 
                                                                                          |   0.00|  85.59|  12.81|   1.60|        
                                                                                          |   0.00|  72.22|  72.45|  62.44|        
                                                                     ---------------------+-------+-------+-------+-------+------- 
                                                                                         2|      0|  46884|   7047|   1212|  55143 
                                                                                          |   0.00|   3.77|   0.57|   0.10|   4.43 
                                                                                          |   0.00|  85.02|  12.78|   2.20|        
                                                                                          |   0.00|  20.16|  20.31|  24.07|        
                                                                     ---------------------+-------+-------+-------+-------+------- 
                                                                                         3|      0|  14096|   1953|    503|  16552 
                                                                                          |   0.00|   1.13|   0.16|   0.04|   1.33 
                                                                                          |   0.00|  85.16|  11.80|   3.04|        
                                                                                          |   0.00|   6.06|   5.63|   9.99|        
                                                                     ---------------------+-------+-------+-------+-------+------- 
                                                                                         4|      0|   3056|    470|    141|   3667 
                                                                                          |   0.00|   0.25|   0.04|   0.01|   0.29 
                                                                                          |   0.00|  83.34|  12.82|   3.85|        
                                                                                          |   0.00|   1.31|   1.35|   2.80|        
                                                                     ---------------------+-------+-------+-------+-------+------- 
                                                                                         5|      0|    579|     91|     35|    705 
                                                                                          |   0.00|   0.05|   0.01|   0.00|   0.06 
                                                                                          |   0.00|  82.13|  12.91|   4.96|        
                                                                                          |   0.00|   0.25|   0.26|   0.70|        
                                                                     ---------------------+-------+-------+-------+-------+------- 
                                                                                     Total| 971781| 232581|  34701|   5035|1244098 
                                                                                          |  78.11|  18.69|   2.79|   0.40| 100.00 
                                                                                                                                   
                                                                                             match_level 2                                                           11:37 Wednesday, July 29, 2015    3

                                                                                           The FREQ Procedure

                                                                                                                Cumulative    Cumulative
                                                                chosen_spedis_score    Frequency     Percent     Frequency      Percent 
                                                                ------------------------------------------------------------------------
                                                                 0                           83        0.24            83         0.24  
                                                                 2                            9        0.03            92         0.27  
                                                                 3                           90        0.26           182         0.52  
                                                                 4                          192        0.55           374         1.08  
                                                                 5                         1593        4.59          1967         5.67  
                                                                 6                          193        0.56          2160         6.22  
                                                                 7                         1631        4.70          3791        10.92  
                                                                 8                          492        1.42          4283        12.34  
                                                                 9                           30        0.09          4313        12.43  
                                                                10                          851        2.45          5164        14.88  
                                                                11                         1295        3.73          6459        18.61  
                                                                12                          475        1.37          6934        19.98  
                                                                13                          232        0.67          7166        20.65  
                                                                14                         1050        3.03          8216        23.68  
                                                                15                         4731       13.63         12947        37.31  
                                                                16                          688        1.98         13635        39.29  
                                                                17                         3597       10.37         17232        49.66  
                                                                18                           40        0.12         17272        49.77  
                                                                19                         2009        5.79         19281        55.56  
                                                                20                         2638        7.60         21919        63.17  
                                                                21                          780        2.25         22699        65.41  
                                                                22                          228        0.66         22927        66.07  
                                                                23                          424        1.22         23351        67.29  
                                                                24                          668        1.93         24019        69.22  
                                                                25                         1034        2.98         25053        72.20  
                                                                26                          320        0.92         25373        73.12  
                                                                27                          726        2.09         26099        75.21  
                                                                28                         3316        9.56         29415        84.77  
                                                                29                         1126        3.24         30541        88.01  
                                                                30                         1370        3.95         31911        91.96  
                                                                31                          126        0.36         32037        92.32  
                                                                32                           11        0.03         32048        92.35  
                                                                33                         1165        3.36         33213        95.71  
                                                                34                         1488        4.29         34701       100.00  
                                                                                             match_level 3                                                           11:37 Wednesday, July 29, 2015    4

                                                                                           The FREQ Procedure

                                                                                                                Cumulative    Cumulative
                                                                chosen_spedis_score    Frequency     Percent     Frequency      Percent 
                                                                ------------------------------------------------------------------------
                                                                 35                          80        1.59            80         1.59  
                                                                 36                           3        0.06            83         1.65  
                                                                 37                         448        8.90           531        10.55  
                                                                 38                         445        8.84           976        19.38  
                                                                 39                         458        9.10          1434        28.48  
                                                                 40                         505       10.03          1939        38.51  
                                                                 41                         119        2.36          2058        40.87  
                                                                 42                          81        1.61          2139        42.48  
                                                                 43                          39        0.77          2178        43.26  
                                                                 45                          26        0.52          2204        43.77  
                                                                 46                          65        1.29          2269        45.06  
                                                                 47                         109        2.16          2378        47.23  
                                                                 48                           2        0.04          2380        47.27  
                                                                 50                        1019       20.24          3399        67.51  
                                                                 52                           2        0.04          3401        67.55  
                                                                 53                           1        0.02          3402        67.57  
                                                                 54                          98        1.95          3500        69.51  
                                                                 55                          16        0.32          3516        69.83  
                                                                 56                          14        0.28          3530        70.11  
                                                                 57                          83        1.65          3613        71.76  
                                                                 58                          85        1.69          3698        73.45  
                                                                 60                         193        3.83          3891        77.28  
                                                                 62                          98        1.95          3989        79.23  
                                                                 64                          12        0.24          4001        79.46  
                                                                 65                          35        0.70          4036        80.16  
                                                                 66                         282        5.60          4318        85.76  
                                                                 67                           4        0.08          4322        85.84  
                                                                 68                          13        0.26          4335        86.10  
                                                                 70                          49        0.97          4384        87.07  
                                                                 71                           9        0.18          4393        87.25  
                                                                 72                           1        0.02          4394        87.27  
                                                                 75                         159        3.16          4553        90.43  
                                                                 78                           2        0.04          4555        90.47  
                                                                 79                           2        0.04          4557        90.51  
                                                                 80                          16        0.32          4573        90.82  
                                                                 81                           5        0.10          4578        90.92  
                                                                 83                          95        1.89          4673        92.81  
                                                                 85                           1        0.02          4674        92.83  
                                                                 87                          22        0.44          4696        93.27  
                                                                 90                           5        0.10          4701        93.37  
                                                                 91                           9        0.18          4710        93.55  
                                                                 92                           3        0.06          4713        93.60  
                                                                 93                           2        0.04          4715        93.64  
                                                                 95                           2        0.04          4717        93.68  
                                                                100                          81        1.61          4798        95.29  
                                                                103                           1        0.02          4799        95.31  
                                                                108                           4        0.08          4803        95.39  
                                                                112                           9        0.18          4812        95.57  
                                                                114                           1        0.02          4813        95.59  
                                                                116                          13        0.26          4826        95.85  
                                                                120                           3        0.06          4829        95.91  
                                                                125                          20        0.40          4849        96.31  
                                                                130                           1        0.02          4850        96.33  
                                                                133                           8        0.16          4858        96.48  
                                                                137                           3        0.06          4861        96.54  
                                                                150                          38        0.75          4899        97.30  
                                                                166                           1        0.02          4900        97.32  
                                                                200                          46        0.91          4946        98.23  
                                                                250                          29        0.58          4975        98.81  
                                                                300                          32        0.64          5007        99.44  
                                                                350                          18        0.36          5025        99.80  
                                                                400                           5        0.10          5030        99.90  
                                                                450                           3        0.06          5033        99.96  
                                                                500                           1        0.02          5034        99.98  
                                                                550                           1        0.02          5035       100.00  
                                                                                                                                                                     11:37 Wednesday, July 29, 2015    5

                                                                                           The FREQ Procedure

                                                               Table of last_name_match by chosen_cac_ind_number
                                                                                                                                        
                                                                last_name_match|             chosen_cac_ind_number             |        
                                                                ---------------+-----------------------------------------------|        
                                                                   Frequency   |       |       |       |       |       |       |        
                                                                    Percent    |       |       |       |       |       |       |        
                                                                    Row Pct    |       |       |       |       |       |       |        
                                                                    Col Pct    |   .   |   1   |   2   |   3   |   4   |   5   | Total  
                                                                ---------------+-------+-------+-------+-------+-------+-------+------- 
                                                                              0| 495038|      0|      0|      0|      0|      0| 495038 
                                                                               |  39.79|   0.00|   0.00|   0.00|   0.00|   0.00|  39.79 
                                                                               | 100.00|   0.00|   0.00|   0.00|   0.00|   0.00|        
                                                                               |  54.34|   0.00|   0.00|   0.00|   0.00|   0.00|        
                                                                ---------------+-------+-------+-------+-------+-------+-------+------- 
                                                                              1| 416044| 216245|  95884|  16581|   3720|    586| 749060 
                                                                               |  33.44|  17.38|   7.71|   1.33|   0.30|   0.05|  60.21 
                                                                               |  55.54|  28.87|  12.80|   2.21|   0.50|   0.08|        
                                                                               |  45.66| 100.00| 100.00| 100.00| 100.00| 100.00|        
                                                                ---------------+-------+-------+-------+-------+-------+-------+------- 
                                                                          Total| 911082| 216245|  95884|  16581|   3720|    586|1244098 
                                                                               |  73.23|  17.38|   7.71|   1.33|   0.30|   0.05| 100.00 
                                                                                                                                        
                                                                                                                                                                     11:37 Wednesday, July 29, 2015    6

                                                                                           The FREQ Procedure

                                                                    Table of chosen_cac_ind_number by chosen_match_level
                                                                                                                                   
                                                                     chosen_cac_ind_number|      chosen_match_level       |        
                                                                     ---------------------+-------------------------------|        
                                                                           Frequency      |       |       |       |       |        
                                                                            Percent       |       |       |       |       |        
                                                                            Row Pct       |       |       |       |       |        
                                                                            Col Pct       |   .   |   1   |   2   |   3   | Total  
                                                                     ---------------------+-------+-------+-------+-------+------- 
                                                                                         .| 911082|      0|      0|      0| 911082 
                                                                                          |  73.23|   0.00|   0.00|   0.00|  73.23 
                                                                                          | 100.00|   0.00|   0.00|   0.00|        
                                                                                          | 100.00|   0.00|   0.00|   0.00|        
                                                                     ---------------------+-------+-------+-------+-------+------- 
                                                                                         1|      0| 191672|  20003|   4570| 216245 
                                                                                          |   0.00|  15.41|   1.61|   0.37|  17.38 
                                                                                          |   0.00|  88.64|   9.25|   2.11|        
                                                                                          |   0.00|  65.22|  63.94|  58.37|        
                                                                     ---------------------+-------+-------+-------+-------+------- 
                                                                                         2|      0|  83902|   9434|   2548|  95884 
                                                                                          |   0.00|   6.74|   0.76|   0.20|   7.71 
                                                                                          |   0.00|  87.50|   9.84|   2.66|        
                                                                                          |   0.00|  28.55|  30.16|  32.55|        
                                                                     ---------------------+-------+-------+-------+-------+------- 
                                                                                         3|      0|  14601|   1441|    539|  16581 
                                                                                          |   0.00|   1.17|   0.12|   0.04|   1.33 
                                                                                          |   0.00|  88.06|   8.69|   3.25|        
                                                                                          |   0.00|   4.97|   4.61|   6.88|        
                                                                     ---------------------+-------+-------+-------+-------+------- 
                                                                                         4|      0|   3237|    343|    140|   3720 
                                                                                          |   0.00|   0.26|   0.03|   0.01|   0.30 
                                                                                          |   0.00|  87.02|   9.22|   3.76|        
                                                                                          |   0.00|   1.10|   1.10|   1.79|        
                                                                     ---------------------+-------+-------+-------+-------+------- 
                                                                                         5|      0|    493|     61|     32|    586 
                                                                                          |   0.00|   0.04|   0.00|   0.00|   0.05 
                                                                                          |   0.00|  84.13|  10.41|   5.46|        
                                                                                          |   0.00|   0.17|   0.20|   0.41|        
                                                                     ---------------------+-------+-------+-------+-------+------- 
                                                                                     Total| 911082| 293905|  31282|   7829|1244098 
                                                                                          |  73.23|  23.62|   2.51|   0.63| 100.00 
                                                                                                                                   
                                                                                             match_level 2                                                           11:37 Wednesday, July 29, 2015    7

                                                                                           The FREQ Procedure

                                                                                                                Cumulative    Cumulative
                                                                chosen_spedis_score    Frequency     Percent     Frequency      Percent 
                                                                ------------------------------------------------------------------------
                                                                 0                          106        0.34           106         0.34  
                                                                 2                           24        0.08           130         0.42  
                                                                 3                          394        1.26           524         1.68  
                                                                 4                          358        1.14           882         2.82  
                                                                 5                         1506        4.81          2388         7.63  
                                                                 6                          665        2.13          3053         9.76  
                                                                 7                         1239        3.96          4292        13.72  
                                                                 8                         1375        4.40          5667        18.12  
                                                                 9                           12        0.04          5679        18.15  
                                                                10                          753        2.41          6432        20.56  
                                                                11                          879        2.81          7311        23.37  
                                                                12                          775        2.48          8086        25.85  
                                                                13                          174        0.56          8260        26.40  
                                                                14                         1540        4.92          9800        31.33  
                                                                15                         1286        4.11         11086        35.44  
                                                                16                         1526        4.88         12612        40.32  
                                                                17                         1507        4.82         14119        45.13  
                                                                18                          234        0.75         14353        45.88  
                                                                19                          808        2.58         15161        48.47  
                                                                20                         1276        4.08         16437        52.54  
                                                                21                         2270        7.26         18707        59.80  
                                                                22                          724        2.31         19431        62.12  
                                                                23                          365        1.17         19796        63.28  
                                                                24                          207        0.66         20003        63.94  
                                                                25                         1912        6.11         21915        70.06  
                                                                26                         1498        4.79         23413        74.84  
                                                                27                          328        1.05         23741        75.89  
                                                                28                         2006        6.41         25747        82.31  
                                                                29                         1020        3.26         26767        85.57  
                                                                30                         1956        6.25         28723        91.82  
                                                                31                          334        1.07         29057        92.89  
                                                                32                            9        0.03         29066        92.92  
                                                                33                         1099        3.51         30165        96.43  
                                                                34                         1117        3.57         31282       100.00  
                                                                                             match_level 3                                                           11:37 Wednesday, July 29, 2015    8

                                                                                           The FREQ Procedure

                                                                                                                Cumulative    Cumulative
                                                                chosen_spedis_score    Frequency     Percent     Frequency      Percent 
                                                                ------------------------------------------------------------------------
                                                                 35                         118        1.51           118         1.51  
                                                                 36                           1        0.01           119         1.52  
                                                                 37                         553        7.06           672         8.58  
                                                                 38                         854       10.91          1526        19.49  
                                                                 39                         613        7.83          2139        27.32  
                                                                 40                         436        5.57          2575        32.89  
                                                                 41                         240        3.07          2815        35.96  
                                                                 42                         112        1.43          2927        37.39  
                                                                 43                          42        0.54          2969        37.92  
                                                                 44                         187        2.39          3156        40.31  
                                                                 45                         560        7.15          3716        47.46  
                                                                 46                         100        1.28          3816        48.74  
                                                                 47                        1056       13.49          4872        62.23  
                                                                 48                           3        0.04          4875        62.27  
                                                                 50                        1208       15.43          6083        77.70  
                                                                 52                           6        0.08          6089        77.77  
                                                                 53                           8        0.10          6097        77.88  
                                                                 54                          41        0.52          6138        78.40  
                                                                 55                          24        0.31          6162        78.71  
                                                                 56                          27        0.34          6189        79.05  
                                                                 57                          66        0.84          6255        79.90  
                                                                 58                         145        1.85          6400        81.75  
                                                                 59                           2        0.03          6402        81.77  
                                                                 60                         136        1.74          6538        83.51  
                                                                 61                           3        0.04          6541        83.55  
                                                                 62                         117        1.49          6658        85.04  
                                                                 63                           2        0.03          6660        85.07  
                                                                 64                          11        0.14          6671        85.21  
                                                                 65                          12        0.15          6683        85.36  
                                                                 66                         133        1.70          6816        87.06  
                                                                 67                           3        0.04          6819        87.10  
                                                                 68                          13        0.17          6832        87.27  
                                                                 69                           1        0.01          6833        87.28  
                                                                 70                          70        0.89          6903        88.17  
                                                                 71                           1        0.01          6904        88.18  
                                                                 72                           2        0.03          6906        88.21  
                                                                 75                         129        1.65          7035        89.86  
                                                                 78                           3        0.04          7038        89.90  
                                                                 80                          24        0.31          7062        90.20  
                                                                 81                           4        0.05          7066        90.25  
                                                                 82                           1        0.01          7067        90.27  
                                                                 83                         105        1.34          7172        91.61  
                                                                 85                           1        0.01          7173        91.62  
                                                                 86                           1        0.01          7174        91.63  
                                                                 87                          27        0.34          7201        91.98  
                                                                 90                          10        0.13          7211        92.11  
                                                                 91                           5        0.06          7216        92.17  
                                                                 93                           1        0.01          7217        92.18  
                                                                100                         122        1.56          7339        93.74  
                                                                106                           3        0.04          7342        93.78  
                                                                107                           1        0.01          7343        93.79  
                                                                108                           2        0.03          7345        93.82  
                                                                110                           3        0.04          7348        93.86  
                                                                112                          10        0.13          7358        93.98  
                                                                116                          19        0.24          7377        94.23  
                                                                120                           1        0.01          7378        94.24  
                                                                125                          78        1.00          7456        95.24  
                                                                130                           1        0.01          7457        95.25  
                                                                133                           2        0.03          7459        95.27  
                                                                137                           1        0.01          7460        95.29  
                                                                150                          94        1.20          7554        96.49  
                                                                175                           7        0.09          7561        96.58  
                                                                183                           1        0.01          7562        96.59  
                                                                200                          91        1.16          7653        97.75  
                                                                250                         106        1.35          7759        99.11  
                                                                300                          58        0.74          7817        99.85  
                                                                350                           7        0.09          7824        99.94  
                                                                400                           4        0.05          7828        99.99  
                                                                500                           1        0.01          7829       100.00  
                                                                    Prepared for                                                                     9
                                                                 Data Quality Report
                                                           Library:WORK  Member:scored__MO
                                                              Total Observations: 605333

                                                                                                              Number of     Numeric or          
   Variable                                                                   Label                         Observations    Character     Levels

   CAC_HH_PID                                            Household Persistent ID                                605,333     Character        50+
                                                                                                                                                
   CAC_NAME_LAST                                         Household Name                                         605,333     Character        50+
                                                                                                                                                
   bridge_address1                                       Address Line 1 From Bridge                             605,333     Character        50+
                                                                                                                                                
   bridge_address2                                       Address Line 2 From Bridge                                   0     Character         0 
                                                                                                                                                
   bridge_city                                           Address City From Bridge                               605,333     Character        50+
                                                                                                                                                
   bridge_name_first                                     First Name From Bridge                                 605,333     Character        50+
                                                                                                                                                
   bridge_name_last                                      Last Name From Bridge                                  605,333     Character        50+
                                                                                                                                                
   bridge_name_last_exact                                                                                       605,333     Character        50+
                                                                                                                                                
   bridge_name_last_fuzzy1                                                                                      605,333     Character        50+
                                                                                                                                                
   bridge_state                                          Address State From Bridge                              605,333     Character         1 
                                                         Value MO    100%                                       605,333                         
                                                                                                                                                
   bridge_zip5                                           Address Zip 5 From Bridge                              605,333     Character        50+
                                                                                                                                                
   cac_bridge_md5email_id                                Unique ID To Append Email Addresses From Bridge        605,333     Character        50+

                                                             Number        Zero          Mean        Median       Minimum       Maximum    Variable
   Variable                                                 Missing      Values         Value         Value         Value         Value     Format 

   CAC_HH_PID                                                     0                                                                          $27   
                                                                                                                                                   
   CAC_NAME_LAST                                                  0                                                                                
                                                                                                                                                   
   bridge_address1                                                0                                                                          $50   
                                                                                                                                                   
   bridge_address2                                          605,333                                                                          $50   
                                                                                                                                                   
   bridge_city                                                    0                                                                          $30   
                                                                                                                                                   
   bridge_name_first                                              0                                                                          $25   
                                                                                                                                                   
   bridge_name_last                                               0                                                                          $25   
                                                                                                                                                   
   bridge_name_last_exact                                         0                                                                                
                                                                                                                                                   
   bridge_name_last_fuzzy1                                        0                                                                                
                                                                                                                                                   
   bridge_state                                                   0                                                                          $2    
                                                                                                                                                   
                                                                                                                                                   
   bridge_zip5                                                    0                                                                          $5    
                                                                                                                                                   
   cac_bridge_md5email_id                                         0                                                                          $50   

                                                             Prepared by CAC Group, Inc.
                                                                    Prepared for                                                                    10
                                                                 Data Quality Report
                                                           Library:WORK  Member:scored__MO
                                                              Total Observations: 605333

                                                                                      Number of     Numeric or                  Number        Zero
    Variable                                                      Label             Observations    Character     Levels       Missing      Values

                                                                                                                                                  
    chosen_cac_ind_gender                                                               605,333     Numeric           2              0           0
                                                          Value        1   45.0%        272,317                                                   
                                                          Value        2   55.0%        333,016                                                   
                                                                                                                                                  
    chosen_cac_ind_last                                                                 605,333     Character        50+             0            
                                                                                                                                                  
    chosen_cac_ind_mi                                                                   506,690     Character        26         98,643            
                                                                                                                                                  
    chosen_cac_ind_name                                                                 605,333     Character        50+             0            
                                                                                                                                                  
    chosen_cac_ind_number                                                               605,333     Numeric           5              0           0
                                                          Value        1   68.1%        412,495                                                   
                                                          Value        2   24.9%        151,027                                                   
                                                          Value        3    5.5%         33,133                                                   
                                                          Value        4    1.2%          7,387                                                   
                                                          Value        5    0.2%          1,291                                                   
                                                                                                                                                  
    chosen_first_x_of_x_flag                                                            605,333     Numeric           2              0       3,645
                                                                                                                                                  
    chosen_match_level                                                                  605,333     Numeric           3              0           0
                                                          Value        1   87.0%        526,486                                                   
                                                          Value        2   10.9%         65,983                                                   
                                                          Value        3    2.1%         12,864                                                   

                                                                Mean        Median       Minimum       Maximum    Variable
    Variable                                                   Value         Value         Value         Value     Format 

                                                                                                                          
    chosen_cac_ind_gender                                     1.5501        2.0000        1.0000        2.0000      8     
                                                                                                                          
                                                                                                                          
                                                                                                                          
    chosen_cac_ind_last                                                                                             $20   
                                                                                                                          
    chosen_cac_ind_mi                                                                                               $1    
                                                                                                                          
    chosen_cac_ind_name                                                                                             $14   
                                                                                                                          
    chosen_cac_ind_number                                     1.4041        1.0000        1.0000        5.0000      8     
                                                                                                                          
                                                                                                                          
                                                                                                                          
                                                                                                                          
                                                                                                                          
                                                                                                                          
    chosen_first_x_of_x_flag                                  0.9940        1.0000        0.0000        1.0000      8     
                                                                                                                          
    chosen_match_level                                        1.1515        1.0000        1.0000        3.0000      8     
                                                                                                                          
                                                                                                                          
                                                                                                                          

                                                             Prepared by CAC Group, Inc.
                                                                    Prepared for                                                                    11
                                                                 Data Quality Report
                                                           Library:WORK  Member:scored__MO
                                                              Total Observations: 605333

                                                                                      Number of     Numeric or                  Number        Zero
    Variable                                                      Label             Observations    Character     Levels       Missing      Values

                                                                                                                                                  
    chosen_spedis_score                                                                 605,333      Numeric         50+             0     526,675
                                                                                                                                                  
    last_name_match                                                                     605,333      Numeric          1              0           0
                                                          Value        1    100%        605,333                                                   
                                                                                                                                                  

                                                                Mean        Median       Minimum       Maximum    Variable
    Variable                                                   Value         Value         Value         Value     Format 

                                                                                                                          
    chosen_spedis_score                                       3.3133        0.0000        0.0000      550.0000       8    
                                                                                                                          
    last_name_match                                           1.0000        1.0000        1.0000        1.0000            
                                                                                                                          
                                                                                                                          





































                                                             Prepared by CAC Group, Inc.
