                                                                                             The WPS System                                                          11:29 Wednesday, July 29, 2015    1

                                                                                           The FREQ Procedure

                                                               Table of last_name_match by chosen_cac_ind_number
                                                                                                                                        
                                                                last_name_match|             chosen_cac_ind_number             |        
                                                                ---------------+-----------------------------------------------|        
                                                                   Frequency   |       |       |       |       |       |       |        
                                                                    Percent    |       |       |       |       |       |       |        
                                                                    Row Pct    |       |       |       |       |       |       |        
                                                                    Col Pct    |   .   |   1   |   2   |   3   |   4   |   5   | Total  
                                                                ---------------+-------+-------+-------+-------+-------+-------+------- 
                                                                              0| 913128|      0|      0|      0|      0|      0| 913128 
                                                                               |  35.97|   0.00|   0.00|   0.00|   0.00|   0.00|  35.97 
                                                                               | 100.00|   0.00|   0.00|   0.00|   0.00|   0.00|        
                                                                               |  46.46|   0.00|   0.00|   0.00|   0.00|   0.00|        
                                                                ---------------+-------+-------+-------+-------+-------+-------+------- 
                                                                              1|1052321| 369093| 164463|  32399|   6429|    991|1625696 
                                                                               |  41.45|  14.54|   6.48|   1.28|   0.25|   0.04|  64.03 
                                                                               |  64.73|  22.70|  10.12|   1.99|   0.40|   0.06|        
                                                                               |  53.54| 100.00| 100.00| 100.00| 100.00| 100.00|        
                                                                ---------------+-------+-------+-------+-------+-------+-------+------- 
                                                                          Total|1965449| 369093| 164463|  32399|   6429|    991|2538824 
                                                                               |  77.42|  14.54|   6.48|   1.28|   0.25|   0.04| 100.00 
                                                                                                                                        
                                                                                             The WPS System                                                          11:29 Wednesday, July 29, 2015    2

                                                                                           The FREQ Procedure

                                                                    Table of chosen_cac_ind_number by chosen_match_level
                                                                                                                                   
                                                                     chosen_cac_ind_number|      chosen_match_level       |        
                                                                     ---------------------+-------------------------------|        
                                                                           Frequency      |       |       |       |       |        
                                                                            Percent       |       |       |       |       |        
                                                                            Row Pct       |       |       |       |       |        
                                                                            Col Pct       |   .   |   1   |   2   |   3   | Total  
                                                                     ---------------------+-------+-------+-------+-------+------- 
                                                                                         .|1965449|      0|      0|      0|1965449 
                                                                                          |  77.42|   0.00|   0.00|   0.00|  77.42 
                                                                                          | 100.00|   0.00|   0.00|   0.00|        
                                                                                          | 100.00|   0.00|   0.00|   0.00|        
                                                                     ---------------------+-------+-------+-------+-------+------- 
                                                                                         1|      0| 326882|  36823|   5388| 369093 
                                                                                          |   0.00|  12.88|   1.45|   0.21|  14.54 
                                                                                          |   0.00|  88.56|   9.98|   1.46|        
                                                                                          |   0.00|  64.76|  62.65|  54.72|        
                                                                     ---------------------+-------+-------+-------+-------+------- 
                                                                                         2|      0| 144198|  17148|   3117| 164463 
                                                                                          |   0.00|   5.68|   0.68|   0.12|   6.48 
                                                                                          |   0.00|  87.68|  10.43|   1.90|        
                                                                                          |   0.00|  28.57|  29.18|  31.65|        
                                                                     ---------------------+-------+-------+-------+-------+------- 
                                                                                         3|      0|  27534|   3840|   1025|  32399 
                                                                                          |   0.00|   1.08|   0.15|   0.04|   1.28 
                                                                                          |   0.00|  84.98|  11.85|   3.16|        
                                                                                          |   0.00|   5.45|   6.53|  10.41|        
                                                                     ---------------------+-------+-------+-------+-------+------- 
                                                                                         4|      0|   5333|    821|    275|   6429 
                                                                                          |   0.00|   0.21|   0.03|   0.01|   0.25 
                                                                                          |   0.00|  82.95|  12.77|   4.28|        
                                                                                          |   0.00|   1.06|   1.40|   2.79|        
                                                                     ---------------------+-------+-------+-------+-------+------- 
                                                                                         5|      0|    809|    140|     42|    991 
                                                                                          |   0.00|   0.03|   0.01|   0.00|   0.04 
                                                                                          |   0.00|  81.63|  14.13|   4.24|        
                                                                                          |   0.00|   0.16|   0.24|   0.43|        
                                                                     ---------------------+-------+-------+-------+-------+------- 
                                                                                     Total|1965449| 504756|  58772|   9847|2538824 
                                                                                          |  77.42|  19.88|   2.31|   0.39| 100.00 
                                                                                                                                   
                                                                                             match_level 2                                                           11:29 Wednesday, July 29, 2015    3

                                                                                           The FREQ Procedure

                                                                                                                Cumulative    Cumulative
                                                                chosen_spedis_score    Frequency     Percent     Frequency      Percent 
                                                                ------------------------------------------------------------------------
                                                                 0                          160        0.27           160         0.27  
                                                                 2                           34        0.06           194         0.33  
                                                                 3                          243        0.41           437         0.74  
                                                                 4                          551        0.94           988         1.68  
                                                                 5                         2321        3.95          3309         5.63  
                                                                 6                          461        0.78          3770         6.41  
                                                                 7                         2806        4.77          6576        11.19  
                                                                 8                         1016        1.73          7592        12.92  
                                                                 9                          132        0.22          7724        13.14  
                                                                10                         1419        2.41          9143        15.56  
                                                                11                         1590        2.71         10733        18.26  
                                                                12                         1093        1.86         11826        20.12  
                                                                13                          369        0.63         12195        20.75  
                                                                14                         1511        2.57         13706        23.32  
                                                                15                         6470       11.01         20176        34.33  
                                                                16                         1671        2.84         21847        37.17  
                                                                17                         5068        8.62         26915        45.80  
                                                                18                           86        0.15         27001        45.94  
                                                                19                         3400        5.79         30401        51.73  
                                                                20                         4423        7.53         34824        59.25  
                                                                21                         1297        2.21         36121        61.46  
                                                                22                          387        0.66         36508        62.12  
                                                                23                         1173        2.00         37681        64.11  
                                                                24                          974        1.66         38655        65.77  
                                                                25                         2260        3.85         40915        69.62  
                                                                26                          667        1.13         41582        70.75  
                                                                27                         1757        2.99         43339        73.74  
                                                                28                         6270       10.67         49609        84.41  
                                                                29                         2118        3.60         51727        88.01  
                                                                30                         2584        4.40         54311        92.41  
                                                                31                          263        0.45         54574        92.86  
                                                                32                           12        0.02         54586        92.88  
                                                                33                         2047        3.48         56633        96.36  
                                                                34                         2139        3.64         58772       100.00  
                                                                                             match_level 3                                                           11:29 Wednesday, July 29, 2015    4

                                                                                           The FREQ Procedure

                                                                                                                Cumulative    Cumulative
                                                                chosen_spedis_score    Frequency     Percent     Frequency      Percent 
                                                                ------------------------------------------------------------------------
                                                                 35                         134        1.36           134         1.36  
                                                                 36                           5        0.05           139         1.41  
                                                                 37                         889        9.03          1028        10.44  
                                                                 38                         795        8.07          1823        18.51  
                                                                 39                         707        7.18          2530        25.69  
                                                                 40                         881        8.95          3411        34.64  
                                                                 41                         243        2.47          3654        37.11  
                                                                 42                         148        1.50          3802        38.61  
                                                                 43                         180        1.83          3982        40.44  
                                                                 44                          12        0.12          3994        40.56  
                                                                 45                         106        1.08          4100        41.64  
                                                                 46                          85        0.86          4185        42.50  
                                                                 47                         199        2.02          4384        44.52  
                                                                 48                           9        0.09          4393        44.61  
                                                                 49                           3        0.03          4396        44.64  
                                                                 50                        1906       19.36          6302        64.00  
                                                                 52                           2        0.02          6304        64.02  
                                                                 53                           9        0.09          6313        64.11  
                                                                 54                         183        1.86          6496        65.97  
                                                                 55                          56        0.57          6552        66.54  
                                                                 56                          46        0.47          6598        67.01  
                                                                 57                         125        1.27          6723        68.27  
                                                                 58                         205        2.08          6928        70.36  
                                                                 59                           5        0.05          6933        70.41  
                                                                 60                         327        3.32          7260        73.73  
                                                                 61                           3        0.03          7263        73.76  
                                                                 62                         279        2.83          7542        76.59  
                                                                 63                           1        0.01          7543        76.60  
                                                                 64                          28        0.28          7571        76.89  
                                                                 65                         116        1.18          7687        78.06  
                                                                 66                         530        5.38          8217        83.45  
                                                                 67                           1        0.01          8218        83.46  
                                                                 68                          46        0.47          8264        83.92  
                                                                 70                          88        0.89          8352        84.82  
                                                                 71                          16        0.16          8368        84.98  
                                                                 75                         282        2.86          8650        87.84  
                                                                 78                           5        0.05          8655        87.89  
                                                                 79                           1        0.01          8656        87.90  
                                                                 80                          39        0.40          8695        88.30  
                                                                 81                          11        0.11          8706        88.41  
                                                                 82                           3        0.03          8709        88.44  
                                                                 83                         212        2.15          8921        90.60  
                                                                 84                           1        0.01          8922        90.61  
                                                                 85                           6        0.06          8928        90.67  
                                                                 87                          76        0.77          9004        91.44  
                                                                 89                           2        0.02          9006        91.46  
                                                                 90                          11        0.11          9017        91.57  
                                                                 91                          23        0.23          9040        91.80  
                                                                 92                           1        0.01          9041        91.81  
                                                                 93                           2        0.02          9043        91.84  
                                                                 95                           3        0.03          9046        91.87  
                                                                100                         204        2.07          9250        93.94  
                                                                104                           1        0.01          9251        93.95  
                                                                106                           2        0.02          9253        93.97  
                                                                107                           1        0.01          9254        93.98  
                                                                108                          21        0.21          9275        94.19  
                                                                110                           4        0.04          9279        94.23  
                                                                112                          13        0.13          9292        94.36  
                                                                116                          25        0.25          9317        94.62  
                                                                118                           1        0.01          9318        94.63  
                                                                120                           1        0.01          9319        94.64  
                                                                125                          27        0.27          9346        94.91  
                                                                130                           3        0.03          9349        94.94  
                                                                133                           8        0.08          9357        95.02  
                                                                137                           4        0.04          9361        95.06  
                                                                141                           2        0.02          9363        95.08  
                                                                145                           1        0.01          9364        95.09  
                                                                150                          79        0.80          9443        95.90  
                                                                158                           1        0.01          9444        95.91  
                                                                166                           4        0.04          9448        95.95  
                                                                170                           1        0.01          9449        95.96  
                                                                175                           7        0.07          9456        96.03  
                                                                183                           1        0.01          9457        96.04  
                                                                200                         124        1.26          9581        97.30  
                                                                225                           1        0.01          9582        97.31  
                                                                250                          89        0.90          9671        98.21  
                                                                300                          83        0.84          9754        99.06  
                                                                350                          50        0.51          9804        99.56  
                                                                400                          39        0.40          9843        99.96  
                                                                450                           4        0.04          9847       100.00  
                                                                                                                                                                     11:29 Wednesday, July 29, 2015    5

                                                                                           The FREQ Procedure

                                                               Table of last_name_match by chosen_cac_ind_number
                                                                                                                                        
                                                                last_name_match|             chosen_cac_ind_number             |        
                                                                ---------------+-----------------------------------------------|        
                                                                   Frequency   |       |       |       |       |       |       |        
                                                                    Percent    |       |       |       |       |       |       |        
                                                                    Row Pct    |       |       |       |       |       |       |        
                                                                    Col Pct    |   .   |   1   |   2   |   3   |   4   |   5   | Total  
                                                                ---------------+-------+-------+-------+-------+-------+-------+------- 
                                                                              0| 913128|      0|      0|      0|      0|      0| 913128 
                                                                               |  35.97|   0.00|   0.00|   0.00|   0.00|   0.00|  35.97 
                                                                               | 100.00|   0.00|   0.00|   0.00|   0.00|   0.00|        
                                                                               |  49.61|   0.00|   0.00|   0.00|   0.00|   0.00|        
                                                                ---------------+-------+-------+-------+-------+-------+-------+------- 
                                                                              1| 927315| 523698| 135588|  32222|   5965|    908|1625696 
                                                                               |  36.53|  20.63|   5.34|   1.27|   0.23|   0.04|  64.03 
                                                                               |  57.04|  32.21|   8.34|   1.98|   0.37|   0.06|        
                                                                               |  50.39| 100.00| 100.00| 100.00| 100.00| 100.00|        
                                                                ---------------+-------+-------+-------+-------+-------+-------+------- 
                                                                          Total|1840443| 523698| 135588|  32222|   5965|    908|2538824 
                                                                               |  72.49|  20.63|   5.34|   1.27|   0.23|   0.04| 100.00 
                                                                                                                                        
                                                                                                                                                                     11:29 Wednesday, July 29, 2015    6

                                                                                           The FREQ Procedure

                                                                    Table of chosen_cac_ind_number by chosen_match_level
                                                                                                                                   
                                                                     chosen_cac_ind_number|      chosen_match_level       |        
                                                                     ---------------------+-------------------------------|        
                                                                           Frequency      |       |       |       |       |        
                                                                            Percent       |       |       |       |       |        
                                                                            Row Pct       |       |       |       |       |        
                                                                            Col Pct       |   .   |   1   |   2   |   3   | Total  
                                                                     ---------------------+-------+-------+-------+-------+------- 
                                                                                         .|1840443|      0|      0|      0|1840443 
                                                                                          |  72.49|   0.00|   0.00|   0.00|  72.49 
                                                                                          | 100.00|   0.00|   0.00|   0.00|        
                                                                                          | 100.00|   0.00|   0.00|   0.00|        
                                                                     ---------------------+-------+-------+-------+-------+------- 
                                                                                         1|      0| 463812|  50432|   9454| 523698 
                                                                                          |   0.00|  18.27|   1.99|   0.37|  20.63 
                                                                                          |   0.00|  88.56|   9.63|   1.81|        
                                                                                          |   0.00|  75.15|  75.33|  66.41|        
                                                                     ---------------------+-------+-------+-------+-------+------- 
                                                                                         2|      0| 118941|  13151|   3496| 135588 
                                                                                          |   0.00|   4.68|   0.52|   0.14|   5.34 
                                                                                          |   0.00|  87.72|   9.70|   2.58|        
                                                                                          |   0.00|  19.27|  19.64|  24.56|        
                                                                     ---------------------+-------+-------+-------+-------+------- 
                                                                                         3|      0|  28473|   2724|   1025|  32222 
                                                                                          |   0.00|   1.12|   0.11|   0.04|   1.27 
                                                                                          |   0.00|  88.37|   8.45|   3.18|        
                                                                                          |   0.00|   4.61|   4.07|   7.20|        
                                                                     ---------------------+-------+-------+-------+-------+------- 
                                                                                         4|      0|   5223|    525|    217|   5965 
                                                                                          |   0.00|   0.21|   0.02|   0.01|   0.23 
                                                                                          |   0.00|  87.56|   8.80|   3.64|        
                                                                                          |   0.00|   0.85|   0.78|   1.52|        
                                                                     ---------------------+-------+-------+-------+-------+------- 
                                                                                         5|      0|    748|    117|     43|    908 
                                                                                          |   0.00|   0.03|   0.00|   0.00|   0.04 
                                                                                          |   0.00|  82.38|  12.89|   4.74|        
                                                                                          |   0.00|   0.12|   0.17|   0.30|        
                                                                     ---------------------+-------+-------+-------+-------+------- 
                                                                                     Total|1840443| 617197|  66949|  14235|2538824 
                                                                                          |  72.49|  24.31|   2.64|   0.56| 100.00 
                                                                                                                                   
                                                                                             match_level 2                                                           11:29 Wednesday, July 29, 2015    7

                                                                                           The FREQ Procedure

                                                                                                                Cumulative    Cumulative
                                                                chosen_spedis_score    Frequency     Percent     Frequency      Percent 
                                                                ------------------------------------------------------------------------
                                                                 0                          265        0.40           265         0.40  
                                                                 2                           29        0.04           294         0.44  
                                                                 3                         1317        1.97          1611         2.41  
                                                                 4                          953        1.42          2564         3.83  
                                                                 5                         3431        5.12          5995         8.95  
                                                                 6                         2320        3.47          8315        12.42  
                                                                 7                         2905        4.34         11220        16.76  
                                                                 8                         2802        4.19         14022        20.94  
                                                                 9                           38        0.06         14060        21.00  
                                                                10                         1659        2.48         15719        23.48  
                                                                11                         2178        3.25         17897        26.73  
                                                                12                         1981        2.96         19878        29.69  
                                                                13                          532        0.79         20410        30.49  
                                                                14                         2954        4.41         23364        34.90  
                                                                15                         3523        5.26         26887        40.16  
                                                                16                         2950        4.41         29837        44.57  
                                                                17                         2825        4.22         32662        48.79  
                                                                18                          353        0.53         33015        49.31  
                                                                19                         1878        2.81         34893        52.12  
                                                                20                         2902        4.33         37795        56.45  
                                                                21                         4256        6.36         42051        62.81  
                                                                22                         1324        1.98         43375        64.79  
                                                                23                          618        0.92         43993        65.71  
                                                                24                          462        0.69         44455        66.40  
                                                                25                         4383        6.55         48838        72.95  
                                                                26                         2350        3.51         51188        76.46  
                                                                27                          686        1.02         51874        77.48  
                                                                28                         3772        5.63         55646        83.12  
                                                                29                         2083        3.11         57729        86.23  
                                                                30                         4052        6.05         61781        92.28  
                                                                31                          782        1.17         62563        93.45  
                                                                32                           21        0.03         62584        93.48  
                                                                33                         2053        3.07         64637        96.55  
                                                                34                         2312        3.45         66949       100.00  
                                                                                             match_level 3                                                           11:29 Wednesday, July 29, 2015    8

                                                                                           The FREQ Procedure

                                                                                                                Cumulative    Cumulative
                                                                chosen_spedis_score    Frequency     Percent     Frequency      Percent 
                                                                ------------------------------------------------------------------------
                                                                 35                         177        1.24           177         1.24  
                                                                 36                           2        0.01           179         1.26  
                                                                 37                        1254        8.81          1433        10.07  
                                                                 38                        1489       10.46          2922        20.53  
                                                                 39                         538        3.78          3460        24.31  
                                                                 40                         837        5.88          4297        30.19  
                                                                 41                         468        3.29          4765        33.47  
                                                                 42                         259        1.82          5024        35.29  
                                                                 43                         120        0.84          5144        36.14  
                                                                 44                         381        2.68          5525        38.81  
                                                                 45                         668        4.69          6193        43.51  
                                                                 46                         234        1.64          6427        45.15  
                                                                 47                        1410        9.91          7837        55.05  
                                                                 48                           8        0.06          7845        55.11  
                                                                 50                        2327       16.35         10172        71.46  
                                                                 52                           9        0.06         10181        71.52  
                                                                 53                          12        0.08         10193        71.61  
                                                                 54                          80        0.56         10273        72.17  
                                                                 55                          55        0.39         10328        72.55  
                                                                 56                          55        0.39         10383        72.94  
                                                                 57                         131        0.92         10514        73.86  
                                                                 58                         231        1.62         10745        75.48  
                                                                 59                           4        0.03         10749        75.51  
                                                                 60                         260        1.83         11009        77.34  
                                                                 61                           4        0.03         11013        77.37  
                                                                 62                         415        2.92         11428        80.28  
                                                                 63                           1        0.01         11429        80.29  
                                                                 64                          34        0.24         11463        80.53  
                                                                 65                          23        0.16         11486        80.69  
                                                                 66                         336        2.36         11822        83.05  
                                                                 67                           5        0.04         11827        83.08  
                                                                 68                          29        0.20         11856        83.29  
                                                                 69                           1        0.01         11857        83.29  
                                                                 70                         137        0.96         11994        84.26  
                                                                 71                          26        0.18         12020        84.44  
                                                                 72                           2        0.01         12022        84.45  
                                                                 75                         380        2.67         12402        87.12  
                                                                 77                           1        0.01         12403        87.13  
                                                                 78                           3        0.02         12406        87.15  
                                                                 79                           2        0.01         12408        87.17  
                                                                 80                          42        0.30         12450        87.46  
                                                                 81                           4        0.03         12454        87.49  
                                                                 82                           5        0.04         12459        87.52  
                                                                 83                         286        2.01         12745        89.53  
                                                                 85                           4        0.03         12749        89.56  
                                                                 87                          72        0.51         12821        90.07  
                                                                 89                           1        0.01         12822        90.07  
                                                                 90                          20        0.14         12842        90.21  
                                                                 91                          15        0.11         12857        90.32  
                                                                 92                           4        0.03         12861        90.35  
                                                                 93                           4        0.03         12865        90.38  
                                                                 95                           3        0.02         12868        90.40  
                                                                100                         281        1.97         13149        92.37  
                                                                106                           2        0.01         13151        92.38  
                                                                108                          13        0.09         13164        92.48  
                                                                110                           2        0.01         13166        92.49  
                                                                112                          34        0.24         13200        92.73  
                                                                114                           1        0.01         13201        92.74  
                                                                116                          36        0.25         13237        92.99  
                                                                118                           2        0.01         13239        93.00  
                                                                120                           5        0.04         13244        93.04  
                                                                125                          99        0.70         13343        93.73  
                                                                130                           1        0.01         13344        93.74  
                                                                133                          15        0.11         13359        93.85  
                                                                137                          10        0.07         13369        93.92  
                                                                140                           1        0.01         13370        93.92  
                                                                150                         181        1.27         13551        95.19  
                                                                162                           1        0.01         13552        95.20  
                                                                166                           3        0.02         13555        95.22  
                                                                175                          13        0.09         13568        95.31  
                                                                183                           2        0.01         13570        95.33  
                                                                187                           1        0.01         13571        95.34  
                                                                191                           1        0.01         13572        95.34  
                                                                200                         183        1.29         13755        96.63  
                                                                216                           1        0.01         13756        96.64  
                                                                250                         252        1.77         14008        98.41  
                                                                300                         181        1.27         14189        99.68  
                                                                350                          33        0.23         14222        99.91  
                                                                400                          10        0.07         14232        99.98  
                                                                450                           2        0.01         14234        99.99  
                                                                500                           1        0.01         14235       100.00  
                                                                    Prepared for                                                                     9
                                                                 Data Quality Report
                                                           Library:WORK  Member:scored__PA
                                                             Total Observations: 1271756

                                                                                                              Number of     Numeric or          
   Variable                                                                   Label                         Observations    Character     Levels

   CAC_HH_PID                                            Household Persistent ID                              1,271,756     Character        50+
                                                                                                                                                
   CAC_NAME_LAST                                         Household Name                                       1,271,756     Character        50+
                                                                                                                                                
   bridge_address1                                       Address Line 1 From Bridge                           1,271,756     Character        50+
                                                                                                                                                
   bridge_address2                                       Address Line 2 From Bridge                                   0     Character         0 
                                                                                                                                                
   bridge_city                                           Address City From Bridge                             1,271,756     Character        50+
                                                                                                                                                
   bridge_name_first                                     First Name From Bridge                               1,271,756     Character        50+
                                                                                                                                                
   bridge_name_last                                      Last Name From Bridge                                1,271,756     Character        50+
                                                                                                                                                
   bridge_name_last_exact                                                                                     1,271,756     Character        50+
                                                                                                                                                
   bridge_name_last_fuzzy1                                                                                    1,271,756     Character        50+
                                                                                                                                                
   bridge_state                                          Address State From Bridge                            1,271,756     Character         1 
                                                         Value PA    100%                                     1,271,756                         
                                                                                                                                                
   bridge_zip5                                           Address Zip 5 From Bridge                            1,271,756     Character        50+
                                                                                                                                                
   cac_bridge_md5email_id                                Unique ID To Append Email Addresses From Bridge      1,271,756     Character        50+

                                                             Number        Zero          Mean        Median       Minimum       Maximum    Variable
   Variable                                                 Missing      Values         Value         Value         Value         Value     Format 

   CAC_HH_PID                                                     0                                                                          $27   
                                                                                                                                                   
   CAC_NAME_LAST                                                  0                                                                                
                                                                                                                                                   
   bridge_address1                                                0                                                                          $50   
                                                                                                                                                   
   bridge_address2                                        1,271,756                                                                          $50   
                                                                                                                                                   
   bridge_city                                                    0                                                                          $30   
                                                                                                                                                   
   bridge_name_first                                              0                                                                          $25   
                                                                                                                                                   
   bridge_name_last                                               0                                                                          $25   
                                                                                                                                                   
   bridge_name_last_exact                                         0                                                                                
                                                                                                                                                   
   bridge_name_last_fuzzy1                                        0                                                                                
                                                                                                                                                   
   bridge_state                                                   0                                                                          $2    
                                                                                                                                                   
                                                                                                                                                   
   bridge_zip5                                                    0                                                                          $5    
                                                                                                                                                   
   cac_bridge_md5email_id                                         0                                                                          $50   

                                                             Prepared by CAC Group, Inc.
                                                                    Prepared for                                                                    10
                                                                 Data Quality Report
                                                           Library:WORK  Member:scored__PA
                                                             Total Observations: 1271756

                                                                                      Number of     Numeric or                  Number        Zero
    Variable                                                      Label             Observations    Character     Levels       Missing      Values

                                                                                                                                                  
    chosen_cac_ind_gender                                                             1,271,756     Numeric           2              0           0
                                                          Value        1   45.1%        573,375                                                   
                                                          Value        2   54.9%        698,381                                                   
                                                                                                                                                  
    chosen_cac_ind_last                                                               1,271,756     Character        50+             0            
                                                                                                                                                  
    chosen_cac_ind_mi                                                                 1,040,916     Character        26        230,840            
                                                                                                                                                  
    chosen_cac_ind_name                                                               1,271,756     Character        50+             0            
                                                                                                                                                  
    chosen_cac_ind_number                                                             1,271,756     Numeric           5              0           0
                                                          Value        1   70.2%        892,791                                                   
                                                          Value        2   23.6%        300,051                                                   
                                                          Value        3    5.1%         64,621                                                   
                                                          Value        4    1.0%         12,394                                                   
                                                          Value        5    0.1%          1,899                                                   
                                                                                                                                                  
    chosen_first_x_of_x_flag                                                          1,271,756     Numeric           2              0       6,928
                                                                                                                                                  
    chosen_match_level                                                                1,271,756     Numeric           3              0           0
                                                          Value        1   88.2%      1,121,953                                                   
                                                          Value        2    9.9%        125,721                                                   
                                                          Value        3    1.9%         24,082                                                   

                                                                Mean        Median       Minimum       Maximum    Variable
    Variable                                                   Value         Value         Value         Value     Format 

                                                                                                                          
    chosen_cac_ind_gender                                     1.5491        2.0000        1.0000        2.0000      8     
                                                                                                                          
                                                                                                                          
                                                                                                                          
    chosen_cac_ind_last                                                                                             $20   
                                                                                                                          
    chosen_cac_ind_mi                                                                                               $1    
                                                                                                                          
    chosen_cac_ind_name                                                                                             $14   
                                                                                                                          
    chosen_cac_ind_number                                     1.3728        1.0000        1.0000        5.0000      8     
                                                                                                                          
                                                                                                                          
                                                                                                                          
                                                                                                                          
                                                                                                                          
                                                                                                                          
    chosen_first_x_of_x_flag                                  0.9946        1.0000        0.0000        1.0000      8     
                                                                                                                          
    chosen_match_level                                        1.1367        1.0000        1.0000        3.0000      8     
                                                                                                                          
                                                                                                                          
                                                                                                                          

                                                             Prepared by CAC Group, Inc.
                                                                    Prepared for                                                                    11
                                                                 Data Quality Report
                                                           Library:WORK  Member:scored__PA
                                                             Total Observations: 1271756

                                                                                      Number of     Numeric or                  Number        Zero
    Variable                                                      Label             Observations    Character     Levels       Missing      Values

                                                                                                                                                  
    chosen_spedis_score                                                               1,271,756      Numeric         50+             0     1122378
                                                                                                                                                  
    last_name_match                                                                   1,271,756      Numeric          1              0           0
                                                          Value        1    100%      1,271,756                                                   
                                                                                                                                                  

                                                                Mean        Median       Minimum       Maximum    Variable
    Variable                                                   Value         Value         Value         Value     Format 

                                                                                                                          
    chosen_spedis_score                                       3.0440        0.0000        0.0000      500.0000       8    
                                                                                                                          
    last_name_match                                           1.0000        1.0000        1.0000        1.0000            
                                                                                                                          
                                                                                                                          





































                                                             Prepared by CAC Group, Inc.
