                                                                                             The WPS System                                                          11:57 Wednesday, July 29, 2015    1

                                                                                           The FREQ Procedure

                                                               Table of last_name_match by chosen_cac_ind_number
                                                                                                                                        
                                                                last_name_match|             chosen_cac_ind_number             |        
                                                                ---------------+-----------------------------------------------|        
                                                                   Frequency   |       |       |       |       |       |       |        
                                                                    Percent    |       |       |       |       |       |       |        
                                                                    Row Pct    |       |       |       |       |       |       |        
                                                                    Col Pct    |   .   |   1   |   2   |   3   |   4   |   5   | Total  
                                                                ---------------+-------+-------+-------+-------+-------+-------+------- 
                                                                              0| 439401|      0|      0|      0|      0|      0| 439401 
                                                                               |  42.72|   0.00|   0.00|   0.00|   0.00|   0.00|  42.72 
                                                                               | 100.00|   0.00|   0.00|   0.00|   0.00|   0.00|        
                                                                               |  54.61|   0.00|   0.00|   0.00|   0.00|   0.00|        
                                                                ---------------+-------+-------+-------+-------+-------+-------+------- 
                                                                              1| 365243| 161893|  44428|  13553|   3469|    682| 589268 
                                                                               |  35.51|  15.74|   4.32|   1.32|   0.34|   0.07|  57.28 
                                                                               |  61.98|  27.47|   7.54|   2.30|   0.59|   0.12|        
                                                                               |  45.39| 100.00| 100.00| 100.00| 100.00| 100.00|        
                                                                ---------------+-------+-------+-------+-------+-------+-------+------- 
                                                                          Total| 804644| 161893|  44428|  13553|   3469|    682|1028669 
                                                                               |  78.22|  15.74|   4.32|   1.32|   0.34|   0.07| 100.00 
                                                                                                                                        
                                                                                             The WPS System                                                          11:57 Wednesday, July 29, 2015    2

                                                                                           The FREQ Procedure

                                                                    Table of chosen_cac_ind_number by chosen_match_level
                                                                                                                                   
                                                                     chosen_cac_ind_number|      chosen_match_level       |        
                                                                     ---------------------+-------------------------------|        
                                                                           Frequency      |       |       |       |       |        
                                                                            Percent       |       |       |       |       |        
                                                                            Row Pct       |       |       |       |       |        
                                                                            Col Pct       |   .   |   1   |   2   |   3   | Total  
                                                                     ---------------------+-------+-------+-------+-------+------- 
                                                                                         .| 804644|      0|      0|      0| 804644 
                                                                                          |  78.22|   0.00|   0.00|   0.00|  78.22 
                                                                                          | 100.00|   0.00|   0.00|   0.00|        
                                                                                          | 100.00|   0.00|   0.00|   0.00|        
                                                                     ---------------------+-------+-------+-------+-------+------- 
                                                                                         1|      0| 139503|  20151|   2239| 161893 
                                                                                          |   0.00|  13.56|   1.96|   0.22|  15.74 
                                                                                          |   0.00|  86.17|  12.45|   1.38|        
                                                                                          |   0.00|  72.54|  71.83|  61.14|        
                                                                     ---------------------+-------+-------+-------+-------+------- 
                                                                                         2|      0|  37729|   5764|    935|  44428 
                                                                                          |   0.00|   3.67|   0.56|   0.09|   4.32 
                                                                                          |   0.00|  84.92|  12.97|   2.10|        
                                                                                          |   0.00|  19.62|  20.55|  25.53|        
                                                                     ---------------------+-------+-------+-------+-------+------- 
                                                                                         3|      0|  11572|   1623|    358|  13553 
                                                                                          |   0.00|   1.12|   0.16|   0.03|   1.32 
                                                                                          |   0.00|  85.38|  11.98|   2.64|        
                                                                                          |   0.00|   6.02|   5.79|   9.78|        
                                                                     ---------------------+-------+-------+-------+-------+------- 
                                                                                         4|      0|   2922|    438|    109|   3469 
                                                                                          |   0.00|   0.28|   0.04|   0.01|   0.34 
                                                                                          |   0.00|  84.23|  12.63|   3.14|        
                                                                                          |   0.00|   1.52|   1.56|   2.98|        
                                                                     ---------------------+-------+-------+-------+-------+------- 
                                                                                         5|      0|    583|     78|     21|    682 
                                                                                          |   0.00|   0.06|   0.01|   0.00|   0.07 
                                                                                          |   0.00|  85.48|  11.44|   3.08|        
                                                                                          |   0.00|   0.30|   0.28|   0.57|        
                                                                     ---------------------+-------+-------+-------+-------+------- 
                                                                                     Total| 804644| 192309|  28054|   3662|1028669 
                                                                                          |  78.22|  18.69|   2.73|   0.36| 100.00 
                                                                                                                                   
                                                                                             match_level 2                                                           11:57 Wednesday, July 29, 2015    3

                                                                                           The FREQ Procedure

                                                                                                                Cumulative    Cumulative
                                                                chosen_spedis_score    Frequency     Percent     Frequency      Percent 
                                                                ------------------------------------------------------------------------
                                                                 0                           69        0.25            69         0.25  
                                                                 2                            6        0.02            75         0.27  
                                                                 3                           71        0.25           146         0.52  
                                                                 4                          161        0.57           307         1.09  
                                                                 5                         1401        4.99          1708         6.09  
                                                                 6                          118        0.42          1826         6.51  
                                                                 7                         1235        4.40          3061        10.91  
                                                                 8                          359        1.28          3420        12.19  
                                                                 9                           21        0.07          3441        12.27  
                                                                10                          601        2.14          4042        14.41  
                                                                11                          994        3.54          5036        17.95  
                                                                12                          421        1.50          5457        19.45  
                                                                13                          242        0.86          5699        20.31  
                                                                14                          766        2.73          6465        23.04  
                                                                15                         3789       13.51         10254        36.55  
                                                                16                          607        2.16         10861        38.71  
                                                                17                         3050       10.87         13911        49.59  
                                                                18                           28        0.10         13939        49.69  
                                                                19                         1776        6.33         15715        56.02  
                                                                20                         2319        8.27         18034        64.28  
                                                                21                          779        2.78         18813        67.06  
                                                                22                          185        0.66         18998        67.72  
                                                                23                          370        1.32         19368        69.04  
                                                                24                          393        1.40         19761        70.44  
                                                                25                          965        3.44         20726        73.88  
                                                                26                          290        1.03         21016        74.91  
                                                                27                          686        2.45         21702        77.36  
                                                                28                         2457        8.76         24159        86.12  
                                                                29                          820        2.92         24979        89.04  
                                                                30                         1002        3.57         25981        92.61  
                                                                31                           77        0.27         26058        92.89  
                                                                32                            4        0.01         26062        92.90  
                                                                33                          885        3.15         26947        96.05  
                                                                34                         1107        3.95         28054       100.00  
                                                                                             match_level 3                                                           11:57 Wednesday, July 29, 2015    4

                                                                                           The FREQ Procedure

                                                                                                                Cumulative    Cumulative
                                                                chosen_spedis_score    Frequency     Percent     Frequency      Percent 
                                                                ------------------------------------------------------------------------
                                                                 35                          35        0.96            35         0.96  
                                                                 36                           4        0.11            39         1.06  
                                                                 37                         367       10.02           406        11.09  
                                                                 38                         336        9.18           742        20.26  
                                                                 39                         351        9.58          1093        29.85  
                                                                 40                         297        8.11          1390        37.96  
                                                                 41                          73        1.99          1463        39.95  
                                                                 42                          51        1.39          1514        41.34  
                                                                 43                          43        1.17          1557        42.52  
                                                                 44                           2        0.05          1559        42.57  
                                                                 45                          29        0.79          1588        43.36  
                                                                 46                          37        1.01          1625        44.37  
                                                                 47                          67        1.83          1692        46.20  
                                                                 48                           2        0.05          1694        46.26  
                                                                 49                           3        0.08          1697        46.34  
                                                                 50                         680       18.57          2377        64.91  
                                                                 52                           2        0.05          2379        64.96  
                                                                 53                           2        0.05          2381        65.02  
                                                                 54                          47        1.28          2428        66.30  
                                                                 55                          24        0.66          2452        66.96  
                                                                 56                          19        0.52          2471        67.48  
                                                                 57                          55        1.50          2526        68.98  
                                                                 58                          61        1.67          2587        70.64  
                                                                 59                           1        0.03          2588        70.67  
                                                                 60                         130        3.55          2718        74.22  
                                                                 62                         123        3.36          2841        77.58  
                                                                 64                          11        0.30          2852        77.88  
                                                                 65                          32        0.87          2884        78.75  
                                                                 66                         183        5.00          3067        83.75  
                                                                 67                           3        0.08          3070        83.83  
                                                                 68                           5        0.14          3075        83.97  
                                                                 70                          44        1.20          3119        85.17  
                                                                 71                           2        0.05          3121        85.23  
                                                                 75                         105        2.87          3226        88.09  
                                                                 80                          14        0.38          3240        88.48  
                                                                 81                           2        0.05          3242        88.53  
                                                                 82                           1        0.03          3243        88.56  
                                                                 83                          76        2.08          3319        90.63  
                                                                 85                           4        0.11          3323        90.74  
                                                                 87                          34        0.93          3357        91.67  
                                                                 90                           7        0.19          3364        91.86  
                                                                 91                           5        0.14          3369        92.00  
                                                                 93                           3        0.08          3372        92.08  
                                                                 95                           2        0.05          3374        92.14  
                                                                100                          72        1.97          3446        94.10  
                                                                105                           2        0.05          3448        94.16  
                                                                106                           1        0.03          3449        94.18  
                                                                108                           5        0.14          3454        94.32  
                                                                110                           3        0.08          3457        94.40  
                                                                112                           9        0.25          3466        94.65  
                                                                116                          10        0.27          3476        94.92  
                                                                118                           1        0.03          3477        94.95  
                                                                125                           8        0.22          3485        95.17  
                                                                130                           1        0.03          3486        95.19  
                                                                133                          13        0.35          3499        95.55  
                                                                140                           2        0.05          3501        95.60  
                                                                141                           1        0.03          3502        95.63  
                                                                143                           1        0.03          3503        95.66  
                                                                150                          25        0.68          3528        96.34  
                                                                162                           1        0.03          3529        96.37  
                                                                175                           2        0.05          3531        96.42  
                                                                200                          42        1.15          3573        97.57  
                                                                250                          29        0.79          3602        98.36  
                                                                300                          28        0.76          3630        99.13  
                                                                325                           1        0.03          3631        99.15  
                                                                350                          19        0.52          3650        99.67  
                                                                400                          11        0.30          3661        99.97  
                                                                450                           1        0.03          3662       100.00  
                                                                                                                                                                     11:57 Wednesday, July 29, 2015    5

                                                                                           The FREQ Procedure

                                                               Table of last_name_match by chosen_cac_ind_number
                                                                                                                                        
                                                                last_name_match|             chosen_cac_ind_number             |        
                                                                ---------------+-----------------------------------------------|        
                                                                   Frequency   |       |       |       |       |       |       |        
                                                                    Percent    |       |       |       |       |       |       |        
                                                                    Row Pct    |       |       |       |       |       |       |        
                                                                    Col Pct    |   .   |   1   |   2   |   3   |   4   |   5   | Total  
                                                                ---------------+-------+-------+-------+-------+-------+-------+------- 
                                                                              0| 439401|      0|      0|      0|      0|      0| 439401 
                                                                               |  42.72|   0.00|   0.00|   0.00|   0.00|   0.00|  42.72 
                                                                               | 100.00|   0.00|   0.00|   0.00|   0.00|   0.00|        
                                                                               |  56.11|   0.00|   0.00|   0.00|   0.00|   0.00|        
                                                                ---------------+-------+-------+-------+-------+-------+-------+------- 
                                                                              1| 343768| 162313|  66999|  12486|   3093|    609| 589268 
                                                                               |  33.42|  15.78|   6.51|   1.21|   0.30|   0.06|  57.28 
                                                                               |  58.34|  27.54|  11.37|   2.12|   0.52|   0.10|        
                                                                               |  43.89| 100.00| 100.00| 100.00| 100.00| 100.00|        
                                                                ---------------+-------+-------+-------+-------+-------+-------+------- 
                                                                          Total| 783169| 162313|  66999|  12486|   3093|    609|1028669 
                                                                               |  76.13|  15.78|   6.51|   1.21|   0.30|   0.06| 100.00 
                                                                                                                                        
                                                                                                                                                                     11:57 Wednesday, July 29, 2015    6

                                                                                           The FREQ Procedure

                                                                    Table of chosen_cac_ind_number by chosen_match_level
                                                                                                                                   
                                                                     chosen_cac_ind_number|      chosen_match_level       |        
                                                                     ---------------------+-------------------------------|        
                                                                           Frequency      |       |       |       |       |        
                                                                            Percent       |       |       |       |       |        
                                                                            Row Pct       |       |       |       |       |        
                                                                            Col Pct       |   .   |   1   |   2   |   3   | Total  
                                                                     ---------------------+-------+-------+-------+-------+------- 
                                                                                         .| 783169|      0|      0|      0| 783169 
                                                                                          |  76.13|   0.00|   0.00|   0.00|  76.13 
                                                                                          | 100.00|   0.00|   0.00|   0.00|        
                                                                                          | 100.00|   0.00|   0.00|   0.00|        
                                                                     ---------------------+-------+-------+-------+-------+------- 
                                                                                         1|      0| 143770|  15396|   3147| 162313 
                                                                                          |   0.00|  13.98|   1.50|   0.31|  15.78 
                                                                                          |   0.00|  88.58|   9.49|   1.94|        
                                                                                          |   0.00|  66.28|  65.81|  60.64|        
                                                                     ---------------------+-------+-------+-------+-------+------- 
                                                                                         2|      0|  58944|   6483|   1572|  66999 
                                                                                          |   0.00|   5.73|   0.63|   0.15|   6.51 
                                                                                          |   0.00|  87.98|   9.68|   2.35|        
                                                                                          |   0.00|  27.17|  27.71|  30.29|        
                                                                     ---------------------+-------+-------+-------+-------+------- 
                                                                                         3|      0|  10992|   1154|    340|  12486 
                                                                                          |   0.00|   1.07|   0.11|   0.03|   1.21 
                                                                                          |   0.00|  88.03|   9.24|   2.72|        
                                                                                          |   0.00|   5.07|   4.93|   6.55|        
                                                                     ---------------------+-------+-------+-------+-------+------- 
                                                                                         4|      0|   2701|    288|    104|   3093 
                                                                                          |   0.00|   0.26|   0.03|   0.01|   0.30 
                                                                                          |   0.00|  87.33|   9.31|   3.36|        
                                                                                          |   0.00|   1.25|   1.23|   2.00|        
                                                                     ---------------------+-------+-------+-------+-------+------- 
                                                                                         5|      0|    507|     75|     27|    609 
                                                                                          |   0.00|   0.05|   0.01|   0.00|   0.06 
                                                                                          |   0.00|  83.25|  12.32|   4.43|        
                                                                                          |   0.00|   0.23|   0.32|   0.52|        
                                                                     ---------------------+-------+-------+-------+-------+------- 
                                                                                     Total| 783169| 216914|  23396|   5190|1028669 
                                                                                          |  76.13|  21.09|   2.27|   0.50| 100.00 
                                                                                                                                   
                                                                                             match_level 2                                                           11:57 Wednesday, July 29, 2015    7

                                                                                           The FREQ Procedure

                                                                                                                Cumulative    Cumulative
                                                                chosen_spedis_score    Frequency     Percent     Frequency      Percent 
                                                                ------------------------------------------------------------------------
                                                                 0                           76        0.32            76         0.32  
                                                                 2                            7        0.03            83         0.35  
                                                                 3                          264        1.13           347         1.48  
                                                                 4                          278        1.19           625         2.67  
                                                                 5                         1212        5.18          1837         7.85  
                                                                 6                          523        2.24          2360        10.09  
                                                                 7                         1052        4.50          3412        14.58  
                                                                 8                          999        4.27          4411        18.85  
                                                                 9                            8        0.03          4419        18.89  
                                                                10                          610        2.61          5029        21.50  
                                                                11                          687        2.94          5716        24.43  
                                                                12                          597        2.55          6313        26.98  
                                                                13                          201        0.86          6514        27.84  
                                                                14                         1138        4.86          7652        32.71  
                                                                15                         1036        4.43          8688        37.13  
                                                                16                          975        4.17          9663        41.30  
                                                                17                         1161        4.96         10824        46.26  
                                                                18                          141        0.60         10965        46.87  
                                                                19                          579        2.47         11544        49.34  
                                                                20                          995        4.25         12539        53.59  
                                                                21                         1427        6.10         13966        59.69  
                                                                22                          526        2.25         14492        61.94  
                                                                23                          269        1.15         14761        63.09  
                                                                24                          207        0.88         14968        63.98  
                                                                25                         1497        6.40         16465        70.38  
                                                                26                         1049        4.48         17514        74.86  
                                                                27                          293        1.25         17807        76.11  
                                                                28                         1440        6.15         19247        82.27  
                                                                29                          792        3.39         20039        85.65  
                                                                30                         1428        6.10         21467        91.76  
                                                                31                          271        1.16         21738        92.91  
                                                                32                            8        0.03         21746        92.95  
                                                                33                          812        3.47         22558        96.42  
                                                                34                          838        3.58         23396       100.00  
                                                                                             match_level 3                                                           11:57 Wednesday, July 29, 2015    8

                                                                                           The FREQ Procedure

                                                                                                                Cumulative    Cumulative
                                                                chosen_spedis_score    Frequency     Percent     Frequency      Percent 
                                                                ------------------------------------------------------------------------
                                                                 35                          80        1.54            80         1.54  
                                                                 37                         438        8.44           518         9.98  
                                                                 38                         650       12.52          1168        22.50  
                                                                 39                         293        5.65          1461        28.15  
                                                                 40                         381        7.34          1842        35.49  
                                                                 41                         188        3.62          2030        39.11  
                                                                 42                          69        1.33          2099        40.44  
                                                                 43                          33        0.64          2132        41.08  
                                                                 44                         110        2.12          2242        43.20  
                                                                 45                         284        5.47          2526        48.67  
                                                                 46                          66        1.27          2592        49.94  
                                                                 47                         539       10.39          3131        60.33  
                                                                 48                           2        0.04          3133        60.37  
                                                                 50                         761       14.66          3894        75.03  
                                                                 52                           4        0.08          3898        75.11  
                                                                 53                           1        0.02          3899        75.13  
                                                                 54                          22        0.42          3921        75.55  
                                                                 55                          14        0.27          3935        75.82  
                                                                 56                          30        0.58          3965        76.40  
                                                                 57                          42        0.81          4007        77.21  
                                                                 58                          70        1.35          4077        78.55  
                                                                 60                         102        1.97          4179        80.52  
                                                                 62                         117        2.25          4296        82.77  
                                                                 64                           1        0.02          4297        82.79  
                                                                 65                           9        0.17          4306        82.97  
                                                                 66                         114        2.20          4420        85.16  
                                                                 67                           1        0.02          4421        85.18  
                                                                 68                           8        0.15          4429        85.34  
                                                                 69                           1        0.02          4430        85.36  
                                                                 70                          42        0.81          4472        86.17  
                                                                 71                           1        0.02          4473        86.18  
                                                                 72                           1        0.02          4474        86.20  
                                                                 75                         111        2.14          4585        88.34  
                                                                 77                           3        0.06          4588        88.40  
                                                                 78                           1        0.02          4589        88.42  
                                                                 79                           2        0.04          4591        88.46  
                                                                 80                          22        0.42          4613        88.88  
                                                                 81                           5        0.10          4618        88.98  
                                                                 83                          87        1.68          4705        90.66  
                                                                 85                           3        0.06          4708        90.71  
                                                                 87                          28        0.54          4736        91.25  
                                                                 90                          15        0.29          4751        91.54  
                                                                 91                           4        0.08          4755        91.62  
                                                                100                         113        2.18          4868        93.80  
                                                                104                           1        0.02          4869        93.82  
                                                                106                           1        0.02          4870        93.83  
                                                                107                           1        0.02          4871        93.85  
                                                                108                           3        0.06          4874        93.91  
                                                                110                           1        0.02          4875        93.93  
                                                                112                          11        0.21          4886        94.14  
                                                                116                          16        0.31          4902        94.45  
                                                                125                          18        0.35          4920        94.80  
                                                                133                           5        0.10          4925        94.89  
                                                                150                          58        1.12          4983        96.01  
                                                                166                           1        0.02          4984        96.03  
                                                                175                           5        0.10          4989        96.13  
                                                                187                           1        0.02          4990        96.15  
                                                                200                          75        1.45          5065        97.59  
                                                                225                           1        0.02          5066        97.61  
                                                                250                          74        1.43          5140        99.04  
                                                                300                          33        0.64          5173        99.67  
                                                                350                          11        0.21          5184        99.88  
                                                                400                           4        0.08          5188        99.96  
                                                                500                           2        0.04          5190       100.00  
                                                                    Prepared for                                                                     9
                                                                 Data Quality Report
                                                           Library:WORK  Member:scored__CO
                                                              Total Observations: 469525

                                                                                                              Number of     Numeric or          
   Variable                                                                   Label                         Observations    Character     Levels

   CAC_HH_PID                                            Household Persistent ID                                469,525     Character        50+
                                                                                                                                                
   CAC_NAME_LAST                                         Household Name                                         469,525     Character        50+
                                                                                                                                                
   bridge_address1                                       Address Line 1 From Bridge                             469,525     Character        50+
                                                                                                                                                
   bridge_address2                                       Address Line 2 From Bridge                                   0     Character         0 
                                                                                                                                                
   bridge_city                                           Address City From Bridge                               469,525     Character        50+
                                                                                                                                                
   bridge_name_first                                     First Name From Bridge                                 469,525     Character        50+
                                                                                                                                                
   bridge_name_last                                      Last Name From Bridge                                  469,525     Character        50+
                                                                                                                                                
   bridge_name_last_exact                                                                                       469,525     Character        50+
                                                                                                                                                
   bridge_name_last_fuzzy1                                                                                      469,525     Character        50+
                                                                                                                                                
   bridge_state                                          Address State From Bridge                              469,525     Character         1 
                                                         Value CO    100%                                       469,525                         
                                                                                                                                                
   bridge_zip5                                           Address Zip 5 From Bridge                              469,525     Character        50+
                                                                                                                                                
   cac_bridge_md5email_id                                Unique ID To Append Email Addresses From Bridge        469,525     Character        50+

                                                             Number        Zero          Mean        Median       Minimum       Maximum    Variable
   Variable                                                 Missing      Values         Value         Value         Value         Value     Format 

   CAC_HH_PID                                                     0                                                                          $27   
                                                                                                                                                   
   CAC_NAME_LAST                                                  0                                                                                
                                                                                                                                                   
   bridge_address1                                                0                                                                          $50   
                                                                                                                                                   
   bridge_address2                                          469,525                                                                          $50   
                                                                                                                                                   
   bridge_city                                                    0                                                                          $30   
                                                                                                                                                   
   bridge_name_first                                              0                                                                          $25   
                                                                                                                                                   
   bridge_name_last                                               0                                                                          $25   
                                                                                                                                                   
   bridge_name_last_exact                                         0                                                                                
                                                                                                                                                   
   bridge_name_last_fuzzy1                                        0                                                                                
                                                                                                                                                   
   bridge_state                                                   0                                                                          $2    
                                                                                                                                                   
                                                                                                                                                   
   bridge_zip5                                                    0                                                                          $5    
                                                                                                                                                   
   cac_bridge_md5email_id                                         0                                                                          $50   

                                                             Prepared by CAC Group, Inc.
                                                                    Prepared for                                                                    10
                                                                 Data Quality Report
                                                           Library:WORK  Member:scored__CO
                                                              Total Observations: 469525

                                                                                      Number of     Numeric or                  Number        Zero
    Variable                                                      Label             Observations    Character     Levels       Missing      Values

                                                                                                                                                  
    chosen_cac_ind_gender                                                               469,525     Numeric           2              0           0
                                                          Value        1   47.7%        224,025                                                   
                                                          Value        2   52.3%        245,500                                                   
                                                                                                                                                  
    chosen_cac_ind_last                                                                 469,525     Character        50+             0            
                                                                                                                                                  
    chosen_cac_ind_mi                                                                   422,827     Character        26         46,698            
                                                                                                                                                  
    chosen_cac_ind_name                                                                 469,525     Character        50+             0            
                                                                                                                                                  
    chosen_cac_ind_number                                                               469,525     Numeric           5              0           0
                                                          Value        1   69.0%        324,206                                                   
                                                          Value        2   23.7%        111,427                                                   
                                                          Value        3    5.5%         26,039                                                   
                                                          Value        4    1.4%          6,562                                                   
                                                          Value        5    0.3%          1,291                                                   
                                                                                                                                                  
    chosen_first_x_of_x_flag                                                            469,525     Numeric           2              0       2,848
                                                                                                                                                  
    chosen_match_level                                                                  469,525     Numeric           3              0           0
                                                          Value        1   87.2%        409,223                                                   
                                                          Value        2   11.0%         51,450                                                   
                                                          Value        3    1.9%          8,852                                                   

                                                                Mean        Median       Minimum       Maximum    Variable
    Variable                                                   Value         Value         Value         Value     Format 

                                                                                                                          
    chosen_cac_ind_gender                                     1.5229        2.0000        1.0000        2.0000      8     
                                                                                                                          
                                                                                                                          
                                                                                                                          
    chosen_cac_ind_last                                                                                             $20   
                                                                                                                          
    chosen_cac_ind_mi                                                                                               $1    
                                                                                                                          
    chosen_cac_ind_name                                                                                             $14   
                                                                                                                          
    chosen_cac_ind_number                                     1.4012        1.0000        1.0000        5.0000      8     
                                                                                                                          
                                                                                                                          
                                                                                                                          
                                                                                                                          
                                                                                                                          
                                                                                                                          
    chosen_first_x_of_x_flag                                  0.9939        1.0000        0.0000        1.0000      8     
                                                                                                                          
    chosen_match_level                                        1.1473        1.0000        1.0000        3.0000      8     
                                                                                                                          
                                                                                                                          
                                                                                                                          

                                                             Prepared by CAC Group, Inc.
                                                                    Prepared for                                                                    11
                                                                 Data Quality Report
                                                           Library:WORK  Member:scored__CO
                                                              Total Observations: 469525

                                                                                      Number of     Numeric or                  Number        Zero
    Variable                                                      Label             Observations    Character     Levels       Missing      Values

                                                                                                                                                  
    chosen_spedis_score                                                                 469,525      Numeric         50+             0     409,368
                                                                                                                                                  
    last_name_match                                                                     469,525      Numeric          1              0           0
                                                          Value        1    100%        469,525                                                   
                                                                                                                                                  

                                                                Mean        Median       Minimum       Maximum    Variable
    Variable                                                   Value         Value         Value         Value     Format 

                                                                                                                          
    chosen_spedis_score                                       3.2064        0.0000        0.0000      500.0000       8    
                                                                                                                          
    last_name_match                                           1.0000        1.0000        1.0000        1.0000            
                                                                                                                          
                                                                                                                          





































                                                             Prepared by CAC Group, Inc.
