                                                                                             The WPS System                                                          11:46 Wednesday, July 29, 2015    1

                                                                                           The FREQ Procedure

                                                               Table of last_name_match by chosen_cac_ind_number
                                                                                                                                        
                                                                last_name_match|             chosen_cac_ind_number             |        
                                                                ---------------+-----------------------------------------------|        
                                                                   Frequency   |       |       |       |       |       |       |        
                                                                    Percent    |       |       |       |       |       |       |        
                                                                    Row Pct    |       |       |       |       |       |       |        
                                                                    Col Pct    |   .   |   1   |   2   |   3   |   4   |   5   | Total  
                                                                ---------------+-------+-------+-------+-------+-------+-------+------- 
                                                                              0| 836019|      0|      0|      0|      0|      0| 836019 
                                                                               |  36.91|   0.00|   0.00|   0.00|   0.00|   0.00|  36.91 
                                                                               | 100.00|   0.00|   0.00|   0.00|   0.00|   0.00|        
                                                                               |  48.14|   0.00|   0.00|   0.00|   0.00|   0.00|        
                                                                ---------------+-------+-------+-------+-------+-------+-------+------- 
                                                                              1| 900757| 362624| 119301|  35665|   8985|   1590|1428922 
                                                                               |  39.77|  16.01|   5.27|   1.57|   0.40|   0.07|  63.09 
                                                                               |  63.04|  25.38|   8.35|   2.50|   0.63|   0.11|        
                                                                               |  51.86| 100.00| 100.00| 100.00| 100.00| 100.00|        
                                                                ---------------+-------+-------+-------+-------+-------+-------+------- 
                                                                          Total|1736776| 362624| 119301|  35665|   8985|   1590|2264941 
                                                                               |  76.68|  16.01|   5.27|   1.57|   0.40|   0.07| 100.00 
                                                                                                                                        
                                                                                             The WPS System                                                          11:46 Wednesday, July 29, 2015    2

                                                                                           The FREQ Procedure

                                                                    Table of chosen_cac_ind_number by chosen_match_level
                                                                                                                                   
                                                                     chosen_cac_ind_number|      chosen_match_level       |        
                                                                     ---------------------+-------------------------------|        
                                                                           Frequency      |       |       |       |       |        
                                                                            Percent       |       |       |       |       |        
                                                                            Row Pct       |       |       |       |       |        
                                                                            Col Pct       |   .   |   1   |   2   |   3   | Total  
                                                                     ---------------------+-------+-------+-------+-------+------- 
                                                                                         .|1736776|      0|      0|      0|1736776 
                                                                                          |  76.68|   0.00|   0.00|   0.00|  76.68 
                                                                                          | 100.00|   0.00|   0.00|   0.00|        
                                                                                          | 100.00|   0.00|   0.00|   0.00|        
                                                                     ---------------------+-------+-------+-------+-------+------- 
                                                                                         1|      0| 314823|  42722|   5079| 362624 
                                                                                          |   0.00|  13.90|   1.89|   0.22|  16.01 
                                                                                          |   0.00|  86.82|  11.78|   1.40|        
                                                                                          |   0.00|  69.02|  67.76|  56.55|        
                                                                     ---------------------+-------+-------+-------+-------+------- 
                                                                                         2|      0| 102316|  14505|   2480| 119301 
                                                                                          |   0.00|   4.52|   0.64|   0.11|   5.27 
                                                                                          |   0.00|  85.76|  12.16|   2.08|        
                                                                                          |   0.00|  22.43|  23.00|  27.61|        
                                                                     ---------------------+-------+-------+-------+-------+------- 
                                                                                         3|      0|  30132|   4493|   1040|  35665 
                                                                                          |   0.00|   1.33|   0.20|   0.05|   1.57 
                                                                                          |   0.00|  84.49|  12.60|   2.92|        
                                                                                          |   0.00|   6.61|   7.13|  11.58|        
                                                                     ---------------------+-------+-------+-------+-------+------- 
                                                                                         4|      0|   7523|   1146|    316|   8985 
                                                                                          |   0.00|   0.33|   0.05|   0.01|   0.40 
                                                                                          |   0.00|  83.73|  12.75|   3.52|        
                                                                                          |   0.00|   1.65|   1.82|   3.52|        
                                                                     ---------------------+-------+-------+-------+-------+------- 
                                                                                         5|      0|   1337|    186|     67|   1590 
                                                                                          |   0.00|   0.06|   0.01|   0.00|   0.07 
                                                                                          |   0.00|  84.09|  11.70|   4.21|        
                                                                                          |   0.00|   0.29|   0.29|   0.75|        
                                                                     ---------------------+-------+-------+-------+-------+------- 
                                                                                     Total|1736776| 456131|  63052|   8982|2264941 
                                                                                          |  76.68|  20.14|   2.78|   0.40| 100.00 
                                                                                                                                   
                                                                                             match_level 2                                                           11:46 Wednesday, July 29, 2015    3

                                                                                           The FREQ Procedure

                                                                                                                Cumulative    Cumulative
                                                                chosen_spedis_score    Frequency     Percent     Frequency      Percent 
                                                                ------------------------------------------------------------------------
                                                                 0                          150        0.24           150         0.24  
                                                                 2                           35        0.06           185         0.29  
                                                                 3                          240        0.38           425         0.67  
                                                                 4                          428        0.68           853         1.35  
                                                                 5                         2939        4.66          3792         6.01  
                                                                 6                          405        0.64          4197         6.66  
                                                                 7                         2685        4.26          6882        10.91  
                                                                 8                          950        1.51          7832        12.42  
                                                                 9                           78        0.12          7910        12.55  
                                                                10                         1345        2.13          9255        14.68  
                                                                11                         2017        3.20         11272        17.88  
                                                                12                         1076        1.71         12348        19.58  
                                                                13                          438        0.69         12786        20.28  
                                                                14                         1654        2.62         14440        22.90  
                                                                15                         8644       13.71         23084        36.61  
                                                                16                         1502        2.38         24586        38.99  
                                                                17                         6266        9.94         30852        48.93  
                                                                18                          120        0.19         30972        49.12  
                                                                19                         3704        5.87         34676        55.00  
                                                                20                         5302        8.41         39978        63.40  
                                                                21                         1546        2.45         41524        65.86  
                                                                22                          376        0.60         41900        66.45  
                                                                23                          823        1.31         42723        67.76  
                                                                24                          803        1.27         43526        69.03  
                                                                25                         2118        3.36         45644        72.39  
                                                                26                          709        1.12         46353        73.52  
                                                                27                         1756        2.79         48109        76.30  
                                                                28                         5931        9.41         54040        85.71  
                                                                29                         1927        3.06         55967        88.76  
                                                                30                         2571        4.08         58538        92.84  
                                                                31                          262        0.42         58800        93.26  
                                                                32                           19        0.03         58819        93.29  
                                                                33                         1786        2.83         60605        96.12  
                                                                34                         2447        3.88         63052       100.00  
                                                                                             match_level 3                                                           11:46 Wednesday, July 29, 2015    4

                                                                                           The FREQ Procedure

                                                                                                                Cumulative    Cumulative
                                                                chosen_spedis_score    Frequency     Percent     Frequency      Percent 
                                                                ------------------------------------------------------------------------
                                                                 35                         141        1.57           141         1.57  
                                                                 36                           5        0.06           146         1.63  
                                                                 37                         771        8.58           917        10.21  
                                                                 38                         866        9.64          1783        19.85  
                                                                 39                         655        7.29          2438        27.14  
                                                                 40                         751        8.36          3189        35.50  
                                                                 41                         185        2.06          3374        37.56  
                                                                 42                         192        2.14          3566        39.70  
                                                                 43                          76        0.85          3642        40.55  
                                                                 44                           7        0.08          3649        40.63  
                                                                 45                          61        0.68          3710        41.30  
                                                                 46                          78        0.87          3788        42.17  
                                                                 47                         198        2.20          3986        44.38  
                                                                 48                           4        0.04          3990        44.42  
                                                                 49                           2        0.02          3992        44.44  
                                                                 50                        1835       20.43          5827        64.87  
                                                                 52                           6        0.07          5833        64.94  
                                                                 53                          10        0.11          5843        65.05  
                                                                 54                         141        1.57          5984        66.62  
                                                                 55                          59        0.66          6043        67.28  
                                                                 56                          26        0.29          6069        67.57  
                                                                 57                         149        1.66          6218        69.23  
                                                                 58                         186        2.07          6404        71.30  
                                                                 60                         265        2.95          6669        74.25  
                                                                 61                           1        0.01          6670        74.26  
                                                                 62                         261        2.91          6931        77.17  
                                                                 64                          27        0.30          6958        77.47  
                                                                 65                          91        1.01          7049        78.48  
                                                                 66                         471        5.24          7520        83.72  
                                                                 67                           6        0.07          7526        83.79  
                                                                 68                          28        0.31          7554        84.10  
                                                                 70                         101        1.12          7655        85.23  
                                                                 71                           5        0.06          7660        85.28  
                                                                 72                           1        0.01          7661        85.29  
                                                                 75                         281        3.13          7942        88.42  
                                                                 77                           1        0.01          7943        88.43  
                                                                 78                           6        0.07          7949        88.50  
                                                                 79                           2        0.02          7951        88.52  
                                                                 80                          37        0.41          7988        88.93  
                                                                 81                           8        0.09          7996        89.02  
                                                                 82                           2        0.02          7998        89.04  
                                                                 83                         204        2.27          8202        91.32  
                                                                 84                           1        0.01          8203        91.33  
                                                                 85                           7        0.08          8210        91.41  
                                                                 87                          53        0.59          8263        92.00  
                                                                 89                           1        0.01          8264        92.01  
                                                                 90                          21        0.23          8285        92.24  
                                                                 91                          13        0.14          8298        92.38  
                                                                 92                           1        0.01          8299        92.40  
                                                                 93                           1        0.01          8300        92.41  
                                                                 95                           6        0.07          8306        92.47  
                                                                100                         181        2.02          8487        94.49  
                                                                105                           1        0.01          8488        94.50  
                                                                106                           1        0.01          8489        94.51  
                                                                108                          18        0.20          8507        94.71  
                                                                110                           1        0.01          8508        94.72  
                                                                112                          11        0.12          8519        94.85  
                                                                116                          27        0.30          8546        95.15  
                                                                125                          41        0.46          8587        95.60  
                                                                130                           1        0.01          8588        95.61  
                                                                131                           2        0.02          8590        95.64  
                                                                133                          10        0.11          8600        95.75  
                                                                137                           1        0.01          8601        95.76  
                                                                141                           1        0.01          8602        95.77  
                                                                150                          70        0.78          8672        96.55  
                                                                158                           2        0.02          8674        96.57  
                                                                166                           2        0.02          8676        96.59  
                                                                175                           5        0.06          8681        96.65  
                                                                187                           1        0.01          8682        96.66  
                                                                200                          98        1.09          8780        97.75  
                                                                208                           1        0.01          8781        97.76  
                                                                225                           1        0.01          8782        97.77  
                                                                250                          79        0.88          8861        98.65  
                                                                300                          61        0.68          8922        99.33  
                                                                350                          29        0.32          8951        99.65  
                                                                400                          26        0.29          8977        99.94  
                                                                450                           5        0.06          8982       100.00  
                                                                                                                                                                     11:46 Wednesday, July 29, 2015    5

                                                                                           The FREQ Procedure

                                                               Table of last_name_match by chosen_cac_ind_number
                                                                                                                                        
                                                                last_name_match|             chosen_cac_ind_number             |        
                                                                ---------------+-----------------------------------------------|        
                                                                   Frequency   |       |       |       |       |       |       |        
                                                                    Percent    |       |       |       |       |       |       |        
                                                                    Row Pct    |       |       |       |       |       |       |        
                                                                    Col Pct    |   .   |   1   |   2   |   3   |   4   |   5   | Total  
                                                                ---------------+-------+-------+-------+-------+-------+-------+------- 
                                                                              0| 836019|      0|      0|      0|      0|      0| 836019 
                                                                               |  36.91|   0.00|   0.00|   0.00|   0.00|   0.00|  36.91 
                                                                               | 100.00|   0.00|   0.00|   0.00|   0.00|   0.00|        
                                                                               |  50.72|   0.00|   0.00|   0.00|   0.00|   0.00|        
                                                                ---------------+-------+-------+-------+-------+-------+-------+------- 
                                                                              1| 812313| 420004| 153080|  33830|   8136|   1559|1428922 
                                                                               |  35.86|  18.54|   6.76|   1.49|   0.36|   0.07|  63.09 
                                                                               |  56.85|  29.39|  10.71|   2.37|   0.57|   0.11|        
                                                                               |  49.28| 100.00| 100.00| 100.00| 100.00| 100.00|        
                                                                ---------------+-------+-------+-------+-------+-------+-------+------- 
                                                                          Total|1648332| 420004| 153080|  33830|   8136|   1559|2264941 
                                                                               |  72.78|  18.54|   6.76|   1.49|   0.36|   0.07| 100.00 
                                                                                                                                        
                                                                                                                                                                     11:46 Wednesday, July 29, 2015    6

                                                                                           The FREQ Procedure

                                                                    Table of chosen_cac_ind_number by chosen_match_level
                                                                                                                                   
                                                                     chosen_cac_ind_number|      chosen_match_level       |        
                                                                     ---------------------+-------------------------------|        
                                                                           Frequency      |       |       |       |       |        
                                                                            Percent       |       |       |       |       |        
                                                                            Row Pct       |       |       |       |       |        
                                                                            Col Pct       |   .   |   1   |   2   |   3   | Total  
                                                                     ---------------------+-------+-------+-------+-------+------- 
                                                                                         .|1648332|      0|      0|      0|1648332 
                                                                                          |  72.78|   0.00|   0.00|   0.00|  72.78 
                                                                                          | 100.00|   0.00|   0.00|   0.00|        
                                                                                          | 100.00|   0.00|   0.00|   0.00|        
                                                                     ---------------------+-------+-------+-------+-------+------- 
                                                                                         1|      0| 371048|  41514|   7442| 420004 
                                                                                          |   0.00|  16.38|   1.83|   0.33|  18.54 
                                                                                          |   0.00|  88.34|   9.88|   1.77|        
                                                                                          |   0.00|  68.36|  67.77|  59.35|        
                                                                     ---------------------+-------+-------+-------+-------+------- 
                                                                                         2|      0| 133420|  15966|   3694| 153080 
                                                                                          |   0.00|   5.89|   0.70|   0.16|   6.76 
                                                                                          |   0.00|  87.16|  10.43|   2.41|        
                                                                                          |   0.00|  24.58|  26.06|  29.46|        
                                                                     ---------------------+-------+-------+-------+-------+------- 
                                                                                         3|      0|  29924|   2884|   1022|  33830 
                                                                                          |   0.00|   1.32|   0.13|   0.05|   1.49 
                                                                                          |   0.00|  88.45|   8.52|   3.02|        
                                                                                          |   0.00|   5.51|   4.71|   8.15|        
                                                                     ---------------------+-------+-------+-------+-------+------- 
                                                                                         4|      0|   7101|    730|    305|   8136 
                                                                                          |   0.00|   0.31|   0.03|   0.01|   0.36 
                                                                                          |   0.00|  87.28|   8.97|   3.75|        
                                                                                          |   0.00|   1.31|   1.19|   2.43|        
                                                                     ---------------------+-------+-------+-------+-------+------- 
                                                                                         5|      0|   1320|    163|     76|   1559 
                                                                                          |   0.00|   0.06|   0.01|   0.00|   0.07 
                                                                                          |   0.00|  84.67|  10.46|   4.87|        
                                                                                          |   0.00|   0.24|   0.27|   0.61|        
                                                                     ---------------------+-------+-------+-------+-------+------- 
                                                                                     Total|1648332| 542813|  61257|  12539|2264941 
                                                                                          |  72.78|  23.97|   2.70|   0.55| 100.00 
                                                                                                                                   
                                                                                             match_level 2                                                           11:46 Wednesday, July 29, 2015    7

                                                                                           The FREQ Procedure

                                                                                                                Cumulative    Cumulative
                                                                chosen_spedis_score    Frequency     Percent     Frequency      Percent 
                                                                ------------------------------------------------------------------------
                                                                 0                          244        0.40           244         0.40  
                                                                 2                           43        0.07           287         0.47  
                                                                 3                          985        1.61          1272         2.08  
                                                                 4                          678        1.11          1950         3.18  
                                                                 5                         2715        4.43          4665         7.62  
                                                                 6                         1630        2.66          6295        10.28  
                                                                 7                         2707        4.42          9002        14.70  
                                                                 8                         2632        4.30         11634        18.99  
                                                                 9                           42        0.07         11676        19.06  
                                                                10                         1368        2.23         13044        21.29  
                                                                11                         1786        2.92         14830        24.21  
                                                                12                         1531        2.50         16361        26.71  
                                                                13                          654        1.07         17015        27.78  
                                                                14                         2933        4.79         19948        32.56  
                                                                15                         2989        4.88         22937        37.44  
                                                                16                         2617        4.27         25554        41.72  
                                                                17                         2832        4.62         28386        46.34  
                                                                18                          308        0.50         28694        46.84  
                                                                19                         1514        2.47         30208        49.31  
                                                                20                         2668        4.36         32876        53.67  
                                                                21                         4058        6.62         36934        60.29  
                                                                22                         1421        2.32         38355        62.61  
                                                                23                          688        1.12         39043        63.74  
                                                                24                          411        0.67         39454        64.41  
                                                                25                         3902        6.37         43356        70.78  
                                                                26                         2408        3.93         45764        74.71  
                                                                27                          634        1.03         46398        75.74  
                                                                28                         3634        5.93         50032        81.68  
                                                                29                         1963        3.20         51995        84.88  
                                                                30                         3762        6.14         55757        91.02  
                                                                31                          705        1.15         56462        92.17  
                                                                32                           32        0.05         56494        92.22  
                                                                33                         2138        3.49         58632        95.71  
                                                                34                         2625        4.29         61257       100.00  
                                                                                             match_level 3                                                           11:46 Wednesday, July 29, 2015    8

                                                                                           The FREQ Procedure

                                                                                                                Cumulative    Cumulative
                                                                chosen_spedis_score    Frequency     Percent     Frequency      Percent 
                                                                ------------------------------------------------------------------------
                                                                 35                         161        1.28           161         1.28  
                                                                 36                           1        0.01           162         1.29  
                                                                 37                        1046        8.34          1208         9.63  
                                                                 38                        1425       11.36          2633        21.00  
                                                                 39                         706        5.63          3339        26.63  
                                                                 40                         771        6.15          4110        32.78  
                                                                 41                         445        3.55          4555        36.33  
                                                                 42                         223        1.78          4778        38.11  
                                                                 43                          88        0.70          4866        38.81  
                                                                 44                         382        3.05          5248        41.85  
                                                                 45                         593        4.73          5841        46.58  
                                                                 46                         212        1.69          6053        48.27  
                                                                 47                        1172        9.35          7225        57.62  
                                                                 48                           8        0.06          7233        57.68  
                                                                 50                        1974       15.74          9207        73.43  
                                                                 52                           7        0.06          9214        73.48  
                                                                 53                           7        0.06          9221        73.54  
                                                                 54                          77        0.61          9298        74.15  
                                                                 55                          37        0.30          9335        74.45  
                                                                 56                          51        0.41          9386        74.85  
                                                                 57                         130        1.04          9516        75.89  
                                                                 58                         209        1.67          9725        77.56  
                                                                 59                          11        0.09          9736        77.65  
                                                                 60                         211        1.68          9947        79.33  
                                                                 61                           5        0.04          9952        79.37  
                                                                 62                         237        1.89         10189        81.26  
                                                                 64                          28        0.22         10217        81.48  
                                                                 65                          14        0.11         10231        81.59  
                                                                 66                         268        2.14         10499        83.73  
                                                                 67                           1        0.01         10500        83.74  
                                                                 68                          26        0.21         10526        83.95  
                                                                 69                           2        0.02         10528        83.96  
                                                                 70                         120        0.96         10648        84.92  
                                                                 71                          12        0.10         10660        85.01  
                                                                 72                           2        0.02         10662        85.03  
                                                                 75                         271        2.16         10933        87.19  
                                                                 77                           2        0.02         10935        87.21  
                                                                 78                           1        0.01         10936        87.22  
                                                                 79                           3        0.02         10939        87.24  
                                                                 80                          39        0.31         10978        87.55  
                                                                 81                          13        0.10         10991        87.65  
                                                                 82                           5        0.04         10996        87.69  
                                                                 83                         205        1.63         11201        89.33  
                                                                 84                           1        0.01         11202        89.34  
                                                                 85                           6        0.05         11208        89.39  
                                                                 87                          49        0.39         11257        89.78  
                                                                 89                           3        0.02         11260        89.80  
                                                                 90                          29        0.23         11289        90.03  
                                                                 91                          23        0.18         11312        90.21  
                                                                 92                           2        0.02         11314        90.23  
                                                                 93                           7        0.06         11321        90.29  
                                                                 95                           3        0.02         11324        90.31  
                                                                100                         235        1.87         11559        92.18  
                                                                105                           1        0.01         11560        92.19  
                                                                106                           1        0.01         11561        92.20  
                                                                108                           6        0.05         11567        92.25  
                                                                110                           8        0.06         11575        92.31  
                                                                112                          13        0.10         11588        92.42  
                                                                115                           1        0.01         11589        92.42  
                                                                116                          44        0.35         11633        92.77  
                                                                118                           2        0.02         11635        92.79  
                                                                120                           1        0.01         11636        92.80  
                                                                125                         111        0.89         11747        93.68  
                                                                131                           1        0.01         11748        93.69  
                                                                133                          11        0.09         11759        93.78  
                                                                137                           3        0.02         11762        93.80  
                                                                140                           1        0.01         11763        93.81  
                                                                141                           1        0.01         11764        93.82  
                                                                143                           1        0.01         11765        93.83  
                                                                150                         176        1.40         11941        95.23  
                                                                158                           1        0.01         11942        95.24  
                                                                162                           2        0.02         11944        95.25  
                                                                166                           1        0.01         11945        95.26  
                                                                168                           1        0.01         11946        95.27  
                                                                175                          16        0.13         11962        95.40  
                                                                183                           1        0.01         11963        95.41  
                                                                200                         154        1.23         12117        96.63  
                                                                216                           1        0.01         12118        96.64  
                                                                225                           1        0.01         12119        96.65  
                                                                250                         200        1.60         12319        98.25  
                                                                300                         166        1.32         12485        99.57  
                                                                350                          39        0.31         12524        99.88  
                                                                400                          11        0.09         12535        99.97  
                                                                450                           2        0.02         12537        99.98  
                                                                550                           2        0.02         12539       100.00  
                                                                    Prepared for                                                                     9
                                                                 Data Quality Report
                                                           Library:WORK  Member:scored__MI
                                                             Total Observations: 1144774

                                                                                                              Number of     Numeric or          
   Variable                                                                   Label                         Observations    Character     Levels

   CAC_HH_PID                                            Household Persistent ID                              1,144,774     Character        50+
                                                                                                                                                
   CAC_NAME_LAST                                         Household Name                                       1,144,774     Character        50+
                                                                                                                                                
   bridge_address1                                       Address Line 1 From Bridge                           1,144,774     Character        50+
                                                                                                                                                
   bridge_address2                                       Address Line 2 From Bridge                                   0     Character         0 
                                                                                                                                                
   bridge_city                                           Address City From Bridge                             1,144,774     Character        50+
                                                                                                                                                
   bridge_name_first                                     First Name From Bridge                               1,144,774     Character        50+
                                                                                                                                                
   bridge_name_last                                      Last Name From Bridge                                1,144,774     Character        50+
                                                                                                                                                
   bridge_name_last_exact                                                                                     1,144,774     Character        50+
                                                                                                                                                
   bridge_name_last_fuzzy1                                                                                    1,144,774     Character        50+
                                                                                                                                                
   bridge_state                                          Address State From Bridge                            1,144,774     Character         1 
                                                         Value MI    100%                                     1,144,774                         
                                                                                                                                                
   bridge_zip5                                           Address Zip 5 From Bridge                            1,144,774     Character        50+
                                                                                                                                                
   cac_bridge_md5email_id                                Unique ID To Append Email Addresses From Bridge      1,144,774     Character        50+

                                                             Number        Zero          Mean        Median       Minimum       Maximum    Variable
   Variable                                                 Missing      Values         Value         Value         Value         Value     Format 

   CAC_HH_PID                                                     0                                                                          $27   
                                                                                                                                                   
   CAC_NAME_LAST                                                  0                                                                                
                                                                                                                                                   
   bridge_address1                                                0                                                                          $50   
                                                                                                                                                   
   bridge_address2                                        1,144,774                                                                          $50   
                                                                                                                                                   
   bridge_city                                                    0                                                                          $30   
                                                                                                                                                   
   bridge_name_first                                              0                                                                          $25   
                                                                                                                                                   
   bridge_name_last                                               0                                                                          $25   
                                                                                                                                                   
   bridge_name_last_exact                                         0                                                                                
                                                                                                                                                   
   bridge_name_last_fuzzy1                                        0                                                                                
                                                                                                                                                   
   bridge_state                                                   0                                                                          $2    
                                                                                                                                                   
                                                                                                                                                   
   bridge_zip5                                                    0                                                                          $5    
                                                                                                                                                   
   cac_bridge_md5email_id                                         0                                                                          $50   

                                                             Prepared by CAC Group, Inc.
                                                                    Prepared for                                                                    10
                                                                 Data Quality Report
                                                           Library:WORK  Member:scored__MI
                                                             Total Observations: 1144774

                                                                                      Number of     Numeric or                  Number        Zero
    Variable                                                      Label             Observations    Character     Levels       Missing      Values

                                                                                                                                                  
    chosen_cac_ind_gender                                                             1,144,774     Numeric           2              0           0
                                                          Value        1   46.1%        528,165                                                   
                                                          Value        2   53.9%        616,609                                                   
                                                                                                                                                  
    chosen_cac_ind_last                                                               1,144,774     Character        50+             0            
                                                                                                                                                  
    chosen_cac_ind_mi                                                                 1,059,429     Character        26         85,345            
                                                                                                                                                  
    chosen_cac_ind_name                                                               1,144,774     Character        50+             0            
                                                                                                                                                  
    chosen_cac_ind_number                                                             1,144,774     Numeric           5              0           0
                                                          Value        1   68.4%        782,628                                                   
                                                          Value        2   23.8%        272,381                                                   
                                                          Value        3    6.1%         69,495                                                   
                                                          Value        4    1.5%         17,121                                                   
                                                          Value        5    0.3%          3,149                                                   
                                                                                                                                                  
    chosen_first_x_of_x_flag                                                          1,144,774     Numeric           2              0       6,851
                                                                                                                                                  
    chosen_match_level                                                                1,144,774     Numeric           3              0           0
                                                          Value        1   87.3%        998,944                                                   
                                                          Value        2   10.9%        124,309                                                   
                                                          Value        3    1.9%         21,521                                                   

                                                                Mean        Median       Minimum       Maximum    Variable
    Variable                                                   Value         Value         Value         Value     Format 

                                                                                                                          
    chosen_cac_ind_gender                                     1.5386        2.0000        1.0000        2.0000      8     
                                                                                                                          
                                                                                                                          
                                                                                                                          
    chosen_cac_ind_last                                                                                             $20   
                                                                                                                          
    chosen_cac_ind_mi                                                                                               $1    
                                                                                                                          
    chosen_cac_ind_name                                                                                             $14   
                                                                                                                          
    chosen_cac_ind_number                                     1.4152        1.0000        1.0000        5.0000      8     
                                                                                                                          
                                                                                                                          
                                                                                                                          
                                                                                                                          
                                                                                                                          
                                                                                                                          
    chosen_first_x_of_x_flag                                  0.9940        1.0000        0.0000        1.0000      8     
                                                                                                                          
    chosen_match_level                                        1.1462        1.0000        1.0000        3.0000      8     
                                                                                                                          
                                                                                                                          
                                                                                                                          

                                                             Prepared by CAC Group, Inc.
                                                                    Prepared for                                                                    11
                                                                 Data Quality Report
                                                           Library:WORK  Member:scored__MI
                                                             Total Observations: 1144774

                                                                                      Number of     Numeric or                  Number        Zero
    Variable                                                      Label             Observations    Character     Levels       Missing      Values

                                                                                                                                                  
    chosen_spedis_score                                                               1,144,774      Numeric         50+             0     999,338
                                                                                                                                                  
    last_name_match                                                                   1,144,774      Numeric          1              0           0
                                                          Value        1    100%      1,144,774                                                   
                                                                                                                                                  

                                                                Mean        Median       Minimum       Maximum    Variable
    Variable                                                   Value         Value         Value         Value     Format 

                                                                                                                          
    chosen_spedis_score                                       3.2186        0.0000        0.0000      550.0000       8    
                                                                                                                          
    last_name_match                                           1.0000        1.0000        1.0000        1.0000            
                                                                                                                          
                                                                                                                          





































                                                             Prepared by CAC Group, Inc.
