                                                                                             The WPS System                                                          11:52 Wednesday, July 29, 2015    1

                                                                                           The FREQ Procedure

                                                               Table of last_name_match by chosen_cac_ind_number
                                                                                                                                        
                                                                last_name_match|             chosen_cac_ind_number             |        
                                                                ---------------+-----------------------------------------------|        
                                                                   Frequency   |       |       |       |       |       |       |        
                                                                    Percent    |       |       |       |       |       |       |        
                                                                    Row Pct    |       |       |       |       |       |       |        
                                                                    Col Pct    |   .   |   1   |   2   |   3   |   4   |   5   | Total  
                                                                ---------------+-------+-------+-------+-------+-------+-------+------- 
                                                                              0| 516681|      0|      0|      0|      0|      0| 516681 
                                                                               |  37.90|   0.00|   0.00|   0.00|   0.00|   0.00|  37.90 
                                                                               | 100.00|   0.00|   0.00|   0.00|   0.00|   0.00|        
                                                                               |  48.37|   0.00|   0.00|   0.00|   0.00|   0.00|        
                                                                ---------------+-------+-------+-------+-------+-------+-------+------- 
                                                                              1| 551443| 204591|  65201|  19947|   4606|    720| 846508 
                                                                               |  40.45|  15.01|   4.78|   1.46|   0.34|   0.05|  62.10 
                                                                               |  65.14|  24.17|   7.70|   2.36|   0.54|   0.09|        
                                                                               |  51.63| 100.00| 100.00| 100.00| 100.00| 100.00|        
                                                                ---------------+-------+-------+-------+-------+-------+-------+------- 
                                                                          Total|1068124| 204591|  65201|  19947|   4606|    720|1363189 
                                                                               |  78.35|  15.01|   4.78|   1.46|   0.34|   0.05| 100.00 
                                                                                                                                        
                                                                                             The WPS System                                                          11:52 Wednesday, July 29, 2015    2

                                                                                           The FREQ Procedure

                                                                    Table of chosen_cac_ind_number by chosen_match_level
                                                                                                                                   
                                                                     chosen_cac_ind_number|      chosen_match_level       |        
                                                                     ---------------------+-------------------------------|        
                                                                           Frequency      |       |       |       |       |        
                                                                            Percent       |       |       |       |       |        
                                                                            Row Pct       |       |       |       |       |        
                                                                            Col Pct       |   .   |   1   |   2   |   3   | Total  
                                                                     ---------------------+-------+-------+-------+-------+------- 
                                                                                         .|1068124|      0|      0|      0|1068124 
                                                                                          |  78.35|   0.00|   0.00|   0.00|  78.35 
                                                                                          | 100.00|   0.00|   0.00|   0.00|        
                                                                                          | 100.00|   0.00|   0.00|   0.00|        
                                                                     ---------------------+-------+-------+-------+-------+------- 
                                                                                         1|      0| 179469|  21727|   3395| 204591 
                                                                                          |   0.00|  13.17|   1.59|   0.25|  15.01 
                                                                                          |   0.00|  87.72|  10.62|   1.66|        
                                                                                          |   0.00|  69.54|  69.20|  60.63|        
                                                                     ---------------------+-------+-------+-------+-------+------- 
                                                                                         2|      0|  56668|   7051|   1482|  65201 
                                                                                          |   0.00|   4.16|   0.52|   0.11|   4.78 
                                                                                          |   0.00|  86.91|  10.81|   2.27|        
                                                                                          |   0.00|  21.96|  22.46|  26.46|        
                                                                     ---------------------+-------+-------+-------+-------+------- 
                                                                                         3|      0|  17321|   2083|    543|  19947 
                                                                                          |   0.00|   1.27|   0.15|   0.04|   1.46 
                                                                                          |   0.00|  86.84|  10.44|   2.72|        
                                                                                          |   0.00|   6.71|   6.63|   9.70|        
                                                                     ---------------------+-------+-------+-------+-------+------- 
                                                                                         4|      0|   3984|    470|    152|   4606 
                                                                                          |   0.00|   0.29|   0.03|   0.01|   0.34 
                                                                                          |   0.00|  86.50|  10.20|   3.30|        
                                                                                          |   0.00|   1.54|   1.50|   2.71|        
                                                                     ---------------------+-------+-------+-------+-------+------- 
                                                                                         5|      0|    624|     68|     28|    720 
                                                                                          |   0.00|   0.05|   0.00|   0.00|   0.05 
                                                                                          |   0.00|  86.67|   9.44|   3.89|        
                                                                                          |   0.00|   0.24|   0.22|   0.50|        
                                                                     ---------------------+-------+-------+-------+-------+------- 
                                                                                     Total|1068124| 258066|  31399|   5600|1363189 
                                                                                          |  78.35|  18.93|   2.30|   0.41| 100.00 
                                                                                                                                   
                                                                                             match_level 2                                                           11:52 Wednesday, July 29, 2015    3

                                                                                           The FREQ Procedure

                                                                                                                Cumulative    Cumulative
                                                                chosen_spedis_score    Frequency     Percent     Frequency      Percent 
                                                                ------------------------------------------------------------------------
                                                                 0                           83        0.26            83         0.26  
                                                                 2                           18        0.06           101         0.32  
                                                                 3                          135        0.43           236         0.75  
                                                                 4                          280        0.89           516         1.64  
                                                                 5                         1368        4.36          1884         6.00  
                                                                 6                          261        0.83          2145         6.83  
                                                                 7                         1821        5.80          3966        12.63  
                                                                 8                          563        1.79          4529        14.42  
                                                                 9                           50        0.16          4579        14.58  
                                                                10                          864        2.75          5443        17.33  
                                                                11                         1453        4.63          6896        21.96  
                                                                12                          565        1.80          7461        23.76  
                                                                13                          231        0.74          7692        24.50  
                                                                14                         1271        4.05          8963        28.55  
                                                                15                         3945       12.56         12908        41.11  
                                                                16                          848        2.70         13756        43.81  
                                                                17                         2463        7.84         16219        51.65  
                                                                18                           44        0.14         16263        51.79  
                                                                19                         1976        6.29         18239        58.09  
                                                                20                         2460        7.83         20699        65.92  
                                                                21                          714        2.27         21413        68.20  
                                                                22                          328        1.04         21741        69.24  
                                                                23                          365        1.16         22106        70.40  
                                                                24                          558        1.78         22664        72.18  
                                                                25                         1022        3.25         23686        75.44  
                                                                26                          278        0.89         23964        76.32  
                                                                27                          372        1.18         24336        77.51  
                                                                28                         2589        8.25         26925        85.75  
                                                                29                          936        2.98         27861        88.73  
                                                                30                         1199        3.82         29060        92.55  
                                                                31                          154        0.49         29214        93.04  
                                                                32                            9        0.03         29223        93.07  
                                                                33                         1099        3.50         30322        96.57  
                                                                34                         1077        3.43         31399       100.00  
                                                                                             match_level 3                                                           11:52 Wednesday, July 29, 2015    4

                                                                                           The FREQ Procedure

                                                                                                                Cumulative    Cumulative
                                                                chosen_spedis_score    Frequency     Percent     Frequency      Percent 
                                                                ------------------------------------------------------------------------
                                                                 35                          88        1.57            88         1.57  
                                                                 36                           3        0.05            91         1.63  
                                                                 37                         378        6.75           469         8.38  
                                                                 38                         394        7.04           863        15.41  
                                                                 39                         530        9.46          1393        24.88  
                                                                 40                         579       10.34          1972        35.21  
                                                                 41                          96        1.71          2068        36.93  
                                                                 42                         116        2.07          2184        39.00  
                                                                 43                          31        0.55          2215        39.55  
                                                                 44                           3        0.05          2218        39.61  
                                                                 45                          46        0.82          2264        40.43  
                                                                 46                          73        1.30          2337        41.73  
                                                                 47                         117        2.09          2454        43.82  
                                                                 48                          11        0.20          2465        44.02  
                                                                 50                        1289       23.02          3754        67.04  
                                                                 51                           1        0.02          3755        67.05  
                                                                 52                           2        0.04          3757        67.09  
                                                                 53                           3        0.05          3760        67.14  
                                                                 54                         102        1.82          3862        68.96  
                                                                 55                          29        0.52          3891        69.48  
                                                                 56                           5        0.09          3896        69.57  
                                                                 57                         110        1.96          4006        71.54  
                                                                 58                         106        1.89          4112        73.43  
                                                                 59                           2        0.04          4114        73.46  
                                                                 60                         234        4.18          4348        77.64  
                                                                 61                           1        0.02          4349        77.66  
                                                                 62                         137        2.45          4486        80.11  
                                                                 64                          25        0.45          4511        80.55  
                                                                 65                          36        0.64          4547        81.20  
                                                                 66                         253        4.52          4800        85.71  
                                                                 67                           1        0.02          4801        85.73  
                                                                 68                           8        0.14          4809        85.88  
                                                                 70                          53        0.95          4862        86.82  
                                                                 71                           8        0.14          4870        86.96  
                                                                 75                         134        2.39          5004        89.36  
                                                                 78                           3        0.05          5007        89.41  
                                                                 79                           1        0.02          5008        89.43  
                                                                 80                          14        0.25          5022        89.68  
                                                                 81                           5        0.09          5027        89.77  
                                                                 82                           1        0.02          5028        89.79  
                                                                 83                         106        1.89          5134        91.68  
                                                                 85                           4        0.07          5138        91.75  
                                                                 87                          28        0.50          5166        92.25  
                                                                 89                           1        0.02          5167        92.27  
                                                                 90                          12        0.21          5179        92.48  
                                                                 91                          17        0.30          5196        92.79  
                                                                 92                           1        0.02          5197        92.80  
                                                                 93                           2        0.04          5199        92.84  
                                                                 95                           4        0.07          5203        92.91  
                                                                100                         115        2.05          5318        94.96  
                                                                104                           1        0.02          5319        94.98  
                                                                108                          10        0.18          5329        95.16  
                                                                110                           3        0.05          5332        95.21  
                                                                112                          13        0.23          5345        95.45  
                                                                116                          17        0.30          5362        95.75  
                                                                118                           2        0.04          5364        95.79  
                                                                120                           2        0.04          5366        95.82  
                                                                125                          10        0.18          5376        96.00  
                                                                130                           1        0.02          5377        96.02  
                                                                133                           8        0.14          5385        96.16  
                                                                137                           3        0.05          5388        96.21  
                                                                140                           1        0.02          5389        96.23  
                                                                141                           1        0.02          5390        96.25  
                                                                145                           1        0.02          5391        96.27  
                                                                150                          28        0.50          5419        96.77  
                                                                158                           1        0.02          5420        96.79  
                                                                166                           2        0.04          5422        96.82  
                                                                175                           1        0.02          5423        96.84  
                                                                183                           3        0.05          5426        96.89  
                                                                187                           2        0.04          5428        96.93  
                                                                200                          58        1.04          5486        97.96  
                                                                233                           2        0.04          5488        98.00  
                                                                250                          47        0.84          5535        98.84  
                                                                283                           1        0.02          5536        98.86  
                                                                300                          34        0.61          5570        99.46  
                                                                350                           9        0.16          5579        99.63  
                                                                400                          16        0.29          5595        99.91  
                                                                450                           3        0.05          5598        99.96  
                                                                550                           1        0.02          5599        99.98  
                                                                700                           1        0.02          5600       100.00  
                                                                                                                                                                     11:52 Wednesday, July 29, 2015    5

                                                                                           The FREQ Procedure

                                                               Table of last_name_match by chosen_cac_ind_number
                                                                                                                                        
                                                                last_name_match|             chosen_cac_ind_number             |        
                                                                ---------------+-----------------------------------------------|        
                                                                   Frequency   |       |       |       |       |       |       |        
                                                                    Percent    |       |       |       |       |       |       |        
                                                                    Row Pct    |       |       |       |       |       |       |        
                                                                    Col Pct    |   .   |   1   |   2   |   3   |   4   |   5   | Total  
                                                                ---------------+-------+-------+-------+-------+-------+-------+------- 
                                                                              0| 516681|      0|      0|      0|      0|      0| 516681 
                                                                               |  37.90|   0.00|   0.00|   0.00|   0.00|   0.00|  37.90 
                                                                               | 100.00|   0.00|   0.00|   0.00|   0.00|   0.00|        
                                                                               |  52.22|   0.00|   0.00|   0.00|   0.00|   0.00|        
                                                                ---------------+-------+-------+-------+-------+-------+-------+------- 
                                                                              1| 472656| 254917|  94720|  19257|   4197|    761| 846508 
                                                                               |  34.67|  18.70|   6.95|   1.41|   0.31|   0.06|  62.10 
                                                                               |  55.84|  30.11|  11.19|   2.27|   0.50|   0.09|        
                                                                               |  47.78| 100.00| 100.00| 100.00| 100.00| 100.00|        
                                                                ---------------+-------+-------+-------+-------+-------+-------+------- 
                                                                          Total| 989337| 254917|  94720|  19257|   4197|    761|1363189 
                                                                               |  72.58|  18.70|   6.95|   1.41|   0.31|   0.06| 100.00 
                                                                                                                                        
                                                                                                                                                                     11:52 Wednesday, July 29, 2015    6

                                                                                           The FREQ Procedure

                                                                    Table of chosen_cac_ind_number by chosen_match_level
                                                                                                                                   
                                                                     chosen_cac_ind_number|      chosen_match_level       |        
                                                                     ---------------------+-------------------------------|        
                                                                           Frequency      |       |       |       |       |        
                                                                            Percent       |       |       |       |       |        
                                                                            Row Pct       |       |       |       |       |        
                                                                            Col Pct       |   .   |   1   |   2   |   3   | Total  
                                                                     ---------------------+-------+-------+-------+-------+------- 
                                                                                         .| 989337|      0|      0|      0| 989337 
                                                                                          |  72.58|   0.00|   0.00|   0.00|  72.58 
                                                                                          | 100.00|   0.00|   0.00|   0.00|        
                                                                                          | 100.00|   0.00|   0.00|   0.00|        
                                                                     ---------------------+-------+-------+-------+-------+------- 
                                                                                         1|      0| 230015|  20294|   4608| 254917 
                                                                                          |   0.00|  16.87|   1.49|   0.34|  18.70 
                                                                                          |   0.00|  90.23|   7.96|   1.81|        
                                                                                          |   0.00|  68.53|  66.55|  59.85|        
                                                                     ---------------------+-------+-------+-------+-------+------- 
                                                                                         2|      0|  84123|   8294|   2303|  94720 
                                                                                          |   0.00|   6.17|   0.61|   0.17|   6.95 
                                                                                          |   0.00|  88.81|   8.76|   2.43|        
                                                                                          |   0.00|  25.06|  27.20|  29.91|        
                                                                     ---------------------+-------+-------+-------+-------+------- 
                                                                                         3|      0|  17168|   1477|    612|  19257 
                                                                                          |   0.00|   1.26|   0.11|   0.04|   1.41 
                                                                                          |   0.00|  89.15|   7.67|   3.18|        
                                                                                          |   0.00|   5.11|   4.84|   7.95|        
                                                                     ---------------------+-------+-------+-------+-------+------- 
                                                                                         4|      0|   3697|    348|    152|   4197 
                                                                                          |   0.00|   0.27|   0.03|   0.01|   0.31 
                                                                                          |   0.00|  88.09|   8.29|   3.62|        
                                                                                          |   0.00|   1.10|   1.14|   1.97|        
                                                                     ---------------------+-------+-------+-------+-------+------- 
                                                                                         5|      0|    655|     82|     24|    761 
                                                                                          |   0.00|   0.05|   0.01|   0.00|   0.06 
                                                                                          |   0.00|  86.07|  10.78|   3.15|        
                                                                                          |   0.00|   0.20|   0.27|   0.31|        
                                                                     ---------------------+-------+-------+-------+-------+------- 
                                                                                     Total| 989337| 335658|  30495|   7699|1363189 
                                                                                          |  72.58|  24.62|   2.24|   0.56| 100.00 
                                                                                                                                   
                                                                                             match_level 2                                                           11:52 Wednesday, July 29, 2015    7

                                                                                           The FREQ Procedure

                                                                                                                Cumulative    Cumulative
                                                                chosen_spedis_score    Frequency     Percent     Frequency      Percent 
                                                                ------------------------------------------------------------------------
                                                                 0                          152        0.50           152         0.50  
                                                                 2                           26        0.09           178         0.58  
                                                                 3                          459        1.51           637         2.09  
                                                                 4                          395        1.30          1032         3.38  
                                                                 5                         1625        5.33          2657         8.71  
                                                                 6                          667        2.19          3324        10.90  
                                                                 7                         1452        4.76          4776        15.66  
                                                                 8                         1634        5.36          6410        21.02  
                                                                 9                           18        0.06          6428        21.08  
                                                                10                          897        2.94          7325        24.02  
                                                                11                          798        2.62          8123        26.64  
                                                                12                          804        2.64          8927        29.27  
                                                                13                          171        0.56          9098        29.83  
                                                                14                         1847        6.06         10945        35.89  
                                                                15                          776        2.54         11721        38.44  
                                                                16                         1793        5.88         13514        44.32  
                                                                17                         1567        5.14         15081        49.45  
                                                                18                          245        0.80         15326        50.26  
                                                                19                          832        2.73         16158        52.99  
                                                                20                         1304        4.28         17462        57.26  
                                                                21                         2338        7.67         19800        64.93  
                                                                22                          800        2.62         20600        67.55  
                                                                23                          371        1.22         20971        68.77  
                                                                24                          213        0.70         21184        69.47  
                                                                25                         1520        4.98         22704        74.45  
                                                                26                         1164        3.82         23868        78.27  
                                                                27                          282        0.92         24150        79.19  
                                                                28                         1561        5.12         25711        84.31  
                                                                29                          934        3.06         26645        87.37  
                                                                30                         1534        5.03         28179        92.41  
                                                                31                          258        0.85         28437        93.25  
                                                                32                           17        0.06         28454        93.31  
                                                                33                         1136        3.73         29590        97.03  
                                                                34                          905        2.97         30495       100.00  
                                                                                             match_level 3                                                           11:52 Wednesday, July 29, 2015    8

                                                                                           The FREQ Procedure

                                                                                                                Cumulative    Cumulative
                                                                chosen_spedis_score    Frequency     Percent     Frequency      Percent 
                                                                ------------------------------------------------------------------------
                                                                 35                          93        1.21            93         1.21  
                                                                 36                           1        0.01            94         1.22  
                                                                 37                         509        6.61           603         7.83  
                                                                 38                         725        9.42          1328        17.25  
                                                                 39                         433        5.62          1761        22.87  
                                                                 40                         496        6.44          2257        29.32  
                                                                 41                         245        3.18          2502        32.50  
                                                                 42                         126        1.64          2628        34.13  
                                                                 43                          49        0.64          2677        34.77  
                                                                 44                         120        1.56          2797        36.33  
                                                                 45                         456        5.92          3253        42.25  
                                                                 46                         119        1.55          3372        43.80  
                                                                 47                        1089       14.14          4461        57.94  
                                                                 48                           7        0.09          4468        58.03  
                                                                 49                           1        0.01          4469        58.05  
                                                                 50                        1240       16.11          5709        74.15  
                                                                 52                           7        0.09          5716        74.24  
                                                                 53                           4        0.05          5720        74.30  
                                                                 54                          45        0.58          5765        74.88  
                                                                 55                          28        0.36          5793        75.24  
                                                                 56                          27        0.35          5820        75.59  
                                                                 57                          88        1.14          5908        76.74  
                                                                 58                         123        1.60          6031        78.33  
                                                                 59                           4        0.05          6035        78.39  
                                                                 60                         149        1.94          6184        80.32  
                                                                 61                           2        0.03          6186        80.35  
                                                                 62                         164        2.13          6350        82.48  
                                                                 64                          12        0.16          6362        82.63  
                                                                 65                           8        0.10          6370        82.74  
                                                                 66                         156        2.03          6526        84.76  
                                                                 67                           3        0.04          6529        84.80  
                                                                 68                          25        0.32          6554        85.13  
                                                                 69                           1        0.01          6555        85.14  
                                                                 70                          79        1.03          6634        86.17  
                                                                 71                           2        0.03          6636        86.19  
                                                                 75                         146        1.90          6782        88.09  
                                                                 78                           3        0.04          6785        88.13  
                                                                 79                           2        0.03          6787        88.15  
                                                                 80                          28        0.36          6815        88.52  
                                                                 81                          11        0.14          6826        88.66  
                                                                 83                         146        1.90          6972        90.56  
                                                                 85                           6        0.08          6978        90.64  
                                                                 87                          37        0.48          7015        91.12  
                                                                 88                           1        0.01          7016        91.13  
                                                                 89                           1        0.01          7017        91.14  
                                                                 90                          23        0.30          7040        91.44  
                                                                 91                          12        0.16          7052        91.60  
                                                                 92                           1        0.01          7053        91.61  
                                                                 93                           1        0.01          7054        91.62  
                                                                 95                           1        0.01          7055        91.64  
                                                                 96                           1        0.01          7056        91.65  
                                                                100                         157        2.04          7213        93.69  
                                                                104                           1        0.01          7214        93.70  
                                                                105                           1        0.01          7215        93.71  
                                                                106                           1        0.01          7216        93.73  
                                                                108                           6        0.08          7222        93.80  
                                                                110                           6        0.08          7228        93.88  
                                                                112                          19        0.25          7247        94.13  
                                                                115                           1        0.01          7248        94.14  
                                                                116                          18        0.23          7266        94.38  
                                                                118                           1        0.01          7267        94.39  
                                                                120                           2        0.03          7269        94.41  
                                                                125                          52        0.68          7321        95.09  
                                                                130                           1        0.01          7322        95.10  
                                                                133                           6        0.08          7328        95.18  
                                                                137                           4        0.05          7332        95.23  
                                                                140                           1        0.01          7333        95.25  
                                                                150                          77        1.00          7410        96.25  
                                                                158                           3        0.04          7413        96.29  
                                                                166                           1        0.01          7414        96.30  
                                                                175                          10        0.13          7424        96.43  
                                                                200                          87        1.13          7511        97.56  
                                                                216                           1        0.01          7512        97.57  
                                                                250                          99        1.29          7611        98.86  
                                                                275                           1        0.01          7612        98.87  
                                                                300                          63        0.82          7675        99.69  
                                                                350                          15        0.19          7690        99.88  
                                                                400                           6        0.08          7696        99.96  
                                                                450                           2        0.03          7698        99.99  
                                                                500                           1        0.01          7699       100.00  
                                                                    Prepared for                                                                     9
                                                                 Data Quality Report
                                                           Library:WORK  Member:scored__TN
                                                              Total Observations: 668917

                                                                                                              Number of     Numeric or          
   Variable                                                                   Label                         Observations    Character     Levels

   CAC_HH_PID                                            Household Persistent ID                                668,917     Character        50+
                                                                                                                                                
   CAC_NAME_LAST                                         Household Name                                         668,917     Character        50+
                                                                                                                                                
   bridge_address1                                       Address Line 1 From Bridge                             668,917     Character        50+
                                                                                                                                                
   bridge_address2                                       Address Line 2 From Bridge                                   0     Character         0 
                                                                                                                                                
   bridge_city                                           Address City From Bridge                               668,917     Character        50+
                                                                                                                                                
   bridge_name_first                                     First Name From Bridge                                 668,917     Character        50+
                                                                                                                                                
   bridge_name_last                                      Last Name From Bridge                                  668,917     Character        50+
                                                                                                                                                
   bridge_name_last_exact                                                                                       668,917     Character        50+
                                                                                                                                                
   bridge_name_last_fuzzy1                                                                                      668,917     Character        50+
                                                                                                                                                
   bridge_state                                          Address State From Bridge                              668,917     Character         1 
                                                         Value TN    100%                                       668,917                         
                                                                                                                                                
   bridge_zip5                                           Address Zip 5 From Bridge                              668,917     Character        50+
                                                                                                                                                
   cac_bridge_md5email_id                                Unique ID To Append Email Addresses From Bridge        668,917     Character        50+

                                                             Number        Zero          Mean        Median       Minimum       Maximum    Variable
   Variable                                                 Missing      Values         Value         Value         Value         Value     Format 

   CAC_HH_PID                                                     0                                                                          $27   
                                                                                                                                                   
   CAC_NAME_LAST                                                  0                                                                                
                                                                                                                                                   
   bridge_address1                                                0                                                                          $50   
                                                                                                                                                   
   bridge_address2                                          668,917                                                                          $50   
                                                                                                                                                   
   bridge_city                                                    0                                                                          $30   
                                                                                                                                                   
   bridge_name_first                                              0                                                                          $25   
                                                                                                                                                   
   bridge_name_last                                               0                                                                          $25   
                                                                                                                                                   
   bridge_name_last_exact                                         0                                                                                
                                                                                                                                                   
   bridge_name_last_fuzzy1                                        0                                                                                
                                                                                                                                                   
   bridge_state                                                   0                                                                          $2    
                                                                                                                                                   
                                                                                                                                                   
   bridge_zip5                                                    0                                                                          $5    
                                                                                                                                                   
   cac_bridge_md5email_id                                         0                                                                          $50   

                                                             Prepared by CAC Group, Inc.
                                                                    Prepared for                                                                    10
                                                                 Data Quality Report
                                                           Library:WORK  Member:scored__TN
                                                              Total Observations: 668917

                                                                                      Number of     Numeric or                  Number        Zero
    Variable                                                      Label             Observations    Character     Levels       Missing      Values

                                                                                                                                                  
    chosen_cac_ind_gender                                                               668,917     Numeric           2              0           0
                                                          Value        1   44.1%        295,065                                                   
                                                          Value        2   55.9%        373,852                                                   
                                                                                                                                                  
    chosen_cac_ind_last                                                                 668,917     Character        50+             0            
                                                                                                                                                  
    chosen_cac_ind_mi                                                                   531,032     Character        26        137,885            
                                                                                                                                                  
    chosen_cac_ind_name                                                                 668,917     Character        50+             0            
                                                                                                                                                  
    chosen_cac_ind_number                                                               668,917     Numeric           5              0           0
                                                          Value        1   68.7%        459,508                                                   
                                                          Value        2   23.9%        159,921                                                   
                                                          Value        3    5.9%         39,204                                                   
                                                          Value        4    1.3%          8,803                                                   
                                                          Value        5    0.2%          1,481                                                   
                                                                                                                                                  
    chosen_first_x_of_x_flag                                                            668,917     Numeric           2              0       3,701
                                                                                                                                                  
    chosen_match_level                                                                  668,917     Numeric           3              0           0
                                                          Value        1   88.8%        593,724                                                   
                                                          Value        2    9.3%         61,894                                                   
                                                          Value        3    2.0%         13,299                                                   

                                                                Mean        Median       Minimum       Maximum    Variable
    Variable                                                   Value         Value         Value         Value     Format 

                                                                                                                          
    chosen_cac_ind_gender                                     1.5589        2.0000        1.0000        2.0000      8     
                                                                                                                          
                                                                                                                          
                                                                                                                          
    chosen_cac_ind_last                                                                                             $20   
                                                                                                                          
    chosen_cac_ind_mi                                                                                               $1    
                                                                                                                          
    chosen_cac_ind_name                                                                                             $14   
                                                                                                                          
    chosen_cac_ind_number                                     1.4046        1.0000        1.0000        5.0000      8     
                                                                                                                          
                                                                                                                          
                                                                                                                          
                                                                                                                          
                                                                                                                          
                                                                                                                          
    chosen_first_x_of_x_flag                                  0.9945        1.0000        0.0000        1.0000      8     
                                                                                                                          
    chosen_match_level                                        1.1323        1.0000        1.0000        3.0000      8     
                                                                                                                          
                                                                                                                          
                                                                                                                          

                                                             Prepared by CAC Group, Inc.
                                                                    Prepared for                                                                    11
                                                                 Data Quality Report
                                                           Library:WORK  Member:scored__TN
                                                              Total Observations: 668917

                                                                                      Number of     Numeric or                  Number        Zero
    Variable                                                      Label             Observations    Character     Levels       Missing      Values

                                                                                                                                                  
    chosen_spedis_score                                                                 668,917      Numeric         50+             0     593,959
                                                                                                                                                  
    last_name_match                                                                     668,917      Numeric          1              0           0
                                                          Value        1    100%        668,917                                                   
                                                                                                                                                  

                                                                Mean        Median       Minimum       Maximum    Variable
    Variable                                                   Value         Value         Value         Value     Format 

                                                                                                                          
    chosen_spedis_score                                       2.8758        0.0000        0.0000      700.0000       8    
                                                                                                                          
    last_name_match                                           1.0000        1.0000        1.0000        1.0000            
                                                                                                                          
                                                                                                                          





































                                                             Prepared by CAC Group, Inc.
