                                                                                             The WPS System                                                          12:02 Wednesday, July 29, 2015    1

                                                                                           The FREQ Procedure

                                                               Table of last_name_match by chosen_cac_ind_number
                                                                                                                                        
                                                                last_name_match|             chosen_cac_ind_number             |        
                                                                ---------------+-----------------------------------------------|        
                                                                   Frequency   |       |       |       |       |       |       |        
                                                                    Percent    |       |       |       |       |       |       |        
                                                                    Row Pct    |       |       |       |       |       |       |        
                                                                    Col Pct    |   .   |   1   |   2   |   3   |   4   |   5   | Total  
                                                                ---------------+-------+-------+-------+-------+-------+-------+------- 
                                                                              0|  87812|      0|      0|      0|      0|      0|  87812 
                                                                               |  37.15|   0.00|   0.00|   0.00|   0.00|   0.00|  37.15 
                                                                               | 100.00|   0.00|   0.00|   0.00|   0.00|   0.00|        
                                                                               |  48.17|   0.00|   0.00|   0.00|   0.00|   0.00|        
                                                                ---------------+-------+-------+-------+-------+-------+-------+------- 
                                                                              1|  94467|  35191|  15466|   2812|    520|     79| 148535 
                                                                               |  39.97|  14.89|   6.54|   1.19|   0.22|   0.03|  62.85 
                                                                               |  63.60|  23.69|  10.41|   1.89|   0.35|   0.05|        
                                                                               |  51.83| 100.00| 100.00| 100.00| 100.00| 100.00|        
                                                                ---------------+-------+-------+-------+-------+-------+-------+------- 
                                                                          Total| 182279|  35191|  15466|   2812|    520|     79| 236347 
                                                                               |  77.12|  14.89|   6.54|   1.19|   0.22|   0.03| 100.00 
                                                                                                                                        
                                                                                             The WPS System                                                          12:02 Wednesday, July 29, 2015    2

                                                                                           The FREQ Procedure

                                                                    Table of chosen_cac_ind_number by chosen_match_level
                                                                                                                                   
                                                                     chosen_cac_ind_number|      chosen_match_level       |        
                                                                     ---------------------+-------------------------------|        
                                                                           Frequency      |       |       |       |       |        
                                                                            Percent       |       |       |       |       |        
                                                                            Row Pct       |       |       |       |       |        
                                                                            Col Pct       |   .   |   1   |   2   |   3   | Total  
                                                                     ---------------------+-------+-------+-------+-------+------- 
                                                                                         .| 182279|      0|      0|      0| 182279 
                                                                                          |  77.12|   0.00|   0.00|   0.00|  77.12 
                                                                                          | 100.00|   0.00|   0.00|   0.00|        
                                                                                          | 100.00|   0.00|   0.00|   0.00|        
                                                                     ---------------------+-------+-------+-------+-------+------- 
                                                                                         1|      0|  30642|   4098|    451|  35191 
                                                                                          |   0.00|  12.96|   1.73|   0.19|  14.89 
                                                                                          |   0.00|  87.07|  11.65|   1.28|        
                                                                                          |   0.00|  65.38|  64.33|  54.27|        
                                                                     ---------------------+-------+-------+-------+-------+------- 
                                                                                         2|      0|  13404|   1796|    266|  15466 
                                                                                          |   0.00|   5.67|   0.76|   0.11|   6.54 
                                                                                          |   0.00|  86.67|  11.61|   1.72|        
                                                                                          |   0.00|  28.60|  28.19|  32.01|        
                                                                     ---------------------+-------+-------+-------+-------+------- 
                                                                                         3|      0|   2335|    384|     93|   2812 
                                                                                          |   0.00|   0.99|   0.16|   0.04|   1.19 
                                                                                          |   0.00|  83.04|  13.66|   3.31|        
                                                                                          |   0.00|   4.98|   6.03|  11.19|        
                                                                     ---------------------+-------+-------+-------+-------+------- 
                                                                                         4|      0|    427|     75|     18|    520 
                                                                                          |   0.00|   0.18|   0.03|   0.01|   0.22 
                                                                                          |   0.00|  82.12|  14.42|   3.46|        
                                                                                          |   0.00|   0.91|   1.18|   2.17|        
                                                                     ---------------------+-------+-------+-------+-------+------- 
                                                                                         5|      0|     59|     17|      3|     79 
                                                                                          |   0.00|   0.02|   0.01|   0.00|   0.03 
                                                                                          |   0.00|  74.68|  21.52|   3.80|        
                                                                                          |   0.00|   0.13|   0.27|   0.36|        
                                                                     ---------------------+-------+-------+-------+-------+------- 
                                                                                     Total| 182279|  46867|   6370|    831| 236347 
                                                                                          |  77.12|  19.83|   2.70|   0.35| 100.00 
                                                                                                                                   
                                                                                             match_level 2                                                           12:02 Wednesday, July 29, 2015    3

                                                                                           The FREQ Procedure

                                                                                                                Cumulative    Cumulative
                                                                chosen_spedis_score    Frequency     Percent     Frequency      Percent 
                                                                ------------------------------------------------------------------------
                                                                 0                            9        0.14             9         0.14  
                                                                 2                            3        0.05            12         0.19  
                                                                 3                           23        0.36            35         0.55  
                                                                 4                           44        0.69            79         1.24  
                                                                 5                          276        4.33           355         5.57  
                                                                 6                           26        0.41           381         5.98  
                                                                 7                          270        4.24           651        10.22  
                                                                 8                           86        1.35           737        11.57  
                                                                 9                           12        0.19           749        11.76  
                                                                10                          101        1.59           850        13.34  
                                                                11                          159        2.50          1009        15.84  
                                                                12                           86        1.35          1095        17.19  
                                                                13                           37        0.58          1132        17.77  
                                                                14                          139        2.18          1271        19.95  
                                                                15                          688       10.80          1959        30.75  
                                                                16                          109        1.71          2068        32.46  
                                                                17                          610        9.58          2678        42.04  
                                                                18                            5        0.08          2683        42.12  
                                                                19                          453        7.11          3136        49.23  
                                                                20                          464        7.28          3600        56.51  
                                                                21                          146        2.29          3746        58.81  
                                                                22                           21        0.33          3767        59.14  
                                                                23                          133        2.09          3900        61.22  
                                                                24                           88        1.38          3988        62.61  
                                                                25                          174        2.73          4162        65.34  
                                                                26                           93        1.46          4255        66.80  
                                                                27                          181        2.84          4436        69.64  
                                                                28                          791       12.42          5227        82.06  
                                                                29                          279        4.38          5506        86.44  
                                                                30                          291        4.57          5797        91.00  
                                                                31                           32        0.50          5829        91.51  
                                                                33                          211        3.31          6040        94.82  
                                                                34                          330        5.18          6370       100.00  
                                                                                             match_level 3                                                           12:02 Wednesday, July 29, 2015    4

                                                                                           The FREQ Procedure

                                                                                                                Cumulative    Cumulative
                                                                chosen_spedis_score    Frequency     Percent     Frequency      Percent 
                                                                ------------------------------------------------------------------------
                                                                 35                          14        1.68            14         1.68  
                                                                 37                          95       11.43           109        13.12  
                                                                 38                          93       11.19           202        24.31  
                                                                 39                          82        9.87           284        34.18  
                                                                 40                          71        8.54           355        42.72  
                                                                 41                          12        1.44           367        44.16  
                                                                 42                           6        0.72           373        44.89  
                                                                 43                          29        3.49           402        48.38  
                                                                 44                           1        0.12           403        48.50  
                                                                 45                           4        0.48           407        48.98  
                                                                 46                           4        0.48           411        49.46  
                                                                 47                          16        1.93           427        51.38  
                                                                 50                         139       16.73           566        68.11  
                                                                 54                          13        1.56           579        69.68  
                                                                 55                           3        0.36           582        70.04  
                                                                 56                           1        0.12           583        70.16  
                                                                 57                           2        0.24           585        70.40  
                                                                 58                          12        1.44           597        71.84  
                                                                 59                           1        0.12           598        71.96  
                                                                 60                          26        3.13           624        75.09  
                                                                 62                          26        3.13           650        78.22  
                                                                 64                           2        0.24           652        78.46  
                                                                 65                          13        1.56           665        80.02  
                                                                 66                          36        4.33           701        84.36  
                                                                 67                           1        0.12           702        84.48  
                                                                 70                           7        0.84           709        85.32  
                                                                 75                          20        2.41           729        87.73  
                                                                 80                           3        0.36           732        88.09  
                                                                 81                           2        0.24           734        88.33  
                                                                 83                          18        2.17           752        90.49  
                                                                 87                          10        1.20           762        91.70  
                                                                 91                           4        0.48           766        92.18  
                                                                100                          12        1.44           778        93.62  
                                                                108                           2        0.24           780        93.86  
                                                                110                           1        0.12           781        93.98  
                                                                112                           3        0.36           784        94.34  
                                                                116                           3        0.36           787        94.71  
                                                                125                           3        0.36           790        95.07  
                                                                150                           8        0.96           798        96.03  
                                                                200                           6        0.72           804        96.75  
                                                                250                           9        1.08           813        97.83  
                                                                300                          10        1.20           823        99.04  
                                                                350                           6        0.72           829        99.76  
                                                                400                           2        0.24           831       100.00  
                                                                                                                                                                     12:02 Wednesday, July 29, 2015    5

                                                                                           The FREQ Procedure

                                                               Table of last_name_match by chosen_cac_ind_number
                                                                                                                                        
                                                                last_name_match|             chosen_cac_ind_number             |        
                                                                ---------------+-----------------------------------------------|        
                                                                   Frequency   |       |       |       |       |       |       |        
                                                                    Percent    |       |       |       |       |       |       |        
                                                                    Row Pct    |       |       |       |       |       |       |        
                                                                    Col Pct    |   .   |   1   |   2   |   3   |   4   |   5   | Total  
                                                                ---------------+-------+-------+-------+-------+-------+-------+------- 
                                                                              0|  87812|      0|      0|      0|      0|      0|  87812 
                                                                               |  37.15|   0.00|   0.00|   0.00|   0.00|   0.00|  37.15 
                                                                               | 100.00|   0.00|   0.00|   0.00|   0.00|   0.00|        
                                                                               |  50.85|   0.00|   0.00|   0.00|   0.00|   0.00|        
                                                                ---------------+-------+-------+-------+-------+-------+-------+------- 
                                                                              1|  84869|  47470|  13032|   2585|    503|     76| 148535 
                                                                               |  35.91|  20.08|   5.51|   1.09|   0.21|   0.03|  62.85 
                                                                               |  57.14|  31.96|   8.77|   1.74|   0.34|   0.05|        
                                                                               |  49.15| 100.00| 100.00| 100.00| 100.00| 100.00|        
                                                                ---------------+-------+-------+-------+-------+-------+-------+------- 
                                                                          Total| 172681|  47470|  13032|   2585|    503|     76| 236347 
                                                                               |  73.06|  20.08|   5.51|   1.09|   0.21|   0.03| 100.00 
                                                                                                                                        
                                                                                                                                                                     12:02 Wednesday, July 29, 2015    6

                                                                                           The FREQ Procedure

                                                                    Table of chosen_cac_ind_number by chosen_match_level
                                                                                                                                   
                                                                     chosen_cac_ind_number|      chosen_match_level       |        
                                                                     ---------------------+-------------------------------|        
                                                                           Frequency      |       |       |       |       |        
                                                                            Percent       |       |       |       |       |        
                                                                            Row Pct       |       |       |       |       |        
                                                                            Col Pct       |   .   |   1   |   2   |   3   | Total  
                                                                     ---------------------+-------+-------+-------+-------+------- 
                                                                                         .| 172681|      0|      0|      0| 172681 
                                                                                          |  73.06|   0.00|   0.00|   0.00|  73.06 
                                                                                          | 100.00|   0.00|   0.00|   0.00|        
                                                                                          | 100.00|   0.00|   0.00|   0.00|        
                                                                     ---------------------+-------+-------+-------+-------+------- 
                                                                                         1|      0|  41613|   5057|    800|  47470 
                                                                                          |   0.00|  17.61|   2.14|   0.34|  20.08 
                                                                                          |   0.00|  87.66|  10.65|   1.69|        
                                                                                          |   0.00|  74.57|  76.34|  64.72|        
                                                                     ---------------------+-------+-------+-------+-------+------- 
                                                                                         2|      0|  11433|   1262|    337|  13032 
                                                                                          |   0.00|   4.84|   0.53|   0.14|   5.51 
                                                                                          |   0.00|  87.73|   9.68|   2.59|        
                                                                                          |   0.00|  20.49|  19.05|  27.27|        
                                                                     ---------------------+-------+-------+-------+-------+------- 
                                                                                         3|      0|   2259|    249|     77|   2585 
                                                                                          |   0.00|   0.96|   0.11|   0.03|   1.09 
                                                                                          |   0.00|  87.39|   9.63|   2.98|        
                                                                                          |   0.00|   4.05|   3.76|   6.23|        
                                                                     ---------------------+-------+-------+-------+-------+------- 
                                                                                         4|      0|    435|     51|     17|    503 
                                                                                          |   0.00|   0.18|   0.02|   0.01|   0.21 
                                                                                          |   0.00|  86.48|  10.14|   3.38|        
                                                                                          |   0.00|   0.78|   0.77|   1.38|        
                                                                     ---------------------+-------+-------+-------+-------+------- 
                                                                                         5|      0|     66|      5|      5|     76 
                                                                                          |   0.00|   0.03|   0.00|   0.00|   0.03 
                                                                                          |   0.00|  86.84|   6.58|   6.58|        
                                                                                          |   0.00|   0.12|   0.08|   0.40|        
                                                                     ---------------------+-------+-------+-------+-------+------- 
                                                                                     Total| 172681|  55806|   6624|   1236| 236347 
                                                                                          |  73.06|  23.61|   2.80|   0.52| 100.00 
                                                                                                                                   
                                                                                             match_level 2                                                           12:02 Wednesday, July 29, 2015    7

                                                                                           The FREQ Procedure

                                                                                                                Cumulative    Cumulative
                                                                chosen_spedis_score    Frequency     Percent     Frequency      Percent 
                                                                ------------------------------------------------------------------------
                                                                 0                           15        0.23            15         0.23  
                                                                 2                            2        0.03            17         0.26  
                                                                 3                           75        1.13            92         1.39  
                                                                 4                           64        0.97           156         2.36  
                                                                 5                          255        3.85           411         6.20  
                                                                 6                          188        2.84           599         9.04  
                                                                 7                          241        3.64           840        12.68  
                                                                 8                          298        4.50          1138        17.18  
                                                                 9                            3        0.05          1141        17.23  
                                                                10                          147        2.22          1288        19.44  
                                                                11                          187        2.82          1475        22.27  
                                                                12                          164        2.48          1639        24.74  
                                                                13                           53        0.80          1692        25.54  
                                                                14                          258        3.89          1950        29.44  
                                                                15                          280        4.23          2230        33.67  
                                                                16                          212        3.20          2442        36.87  
                                                                17                          276        4.17          2718        41.03  
                                                                18                           30        0.45          2748        41.49  
                                                                19                          149        2.25          2897        43.73  
                                                                20                          657        9.92          3554        53.65  
                                                                21                          422        6.37          3976        60.02  
                                                                22                          110        1.66          4086        61.68  
                                                                23                           92        1.39          4178        63.07  
                                                                24                           59        0.89          4237        63.96  
                                                                25                          412        6.22          4649        70.18  
                                                                26                          313        4.73          4962        74.91  
                                                                27                           53        0.80          5015        75.71  
                                                                28                          443        6.69          5458        82.40  
                                                                29                          197        2.97          5655        85.37  
                                                                30                          402        6.07          6057        91.44  
                                                                31                           91        1.37          6148        92.81  
                                                                32                            2        0.03          6150        92.84  
                                                                33                          191        2.88          6341        95.73  
                                                                34                          283        4.27          6624       100.00  
                                                                                             match_level 3                                                           12:02 Wednesday, July 29, 2015    8

                                                                                           The FREQ Procedure

                                                                                                                Cumulative    Cumulative
                                                                chosen_spedis_score    Frequency     Percent     Frequency      Percent 
                                                                ------------------------------------------------------------------------
                                                                 35                          13        1.05            13         1.05  
                                                                 37                         119        9.63           132        10.68  
                                                                 38                         144       11.65           276        22.33  
                                                                 39                          35        2.83           311        25.16  
                                                                 40                          88        7.12           399        32.28  
                                                                 41                          40        3.24           439        35.52  
                                                                 42                           8        0.65           447        36.17  
                                                                 43                           5        0.40           452        36.57  
                                                                 44                          50        4.05           502        40.61  
                                                                 45                          59        4.77           561        45.39  
                                                                 46                          18        1.46           579        46.84  
                                                                 47                         134       10.84           713        57.69  
                                                                 50                         174       14.08           887        71.76  
                                                                 54                           6        0.49           893        72.25  
                                                                 55                           3        0.24           896        72.49  
                                                                 56                           8        0.65           904        73.14  
                                                                 57                          10        0.81           914        73.95  
                                                                 58                          25        2.02           939        75.97  
                                                                 59                           1        0.08           940        76.05  
                                                                 60                          24        1.94           964        77.99  
                                                                 62                          39        3.16          1003        81.15  
                                                                 64                           1        0.08          1004        81.23  
                                                                 65                           1        0.08          1005        81.31  
                                                                 66                          19        1.54          1024        82.85  
                                                                 70                           9        0.73          1033        83.58  
                                                                 71                           3        0.24          1036        83.82  
                                                                 75                          38        3.07          1074        86.89  
                                                                 78                           1        0.08          1075        86.97  
                                                                 80                           2        0.16          1077        87.14  
                                                                 81                           1        0.08          1078        87.22  
                                                                 83                          20        1.62          1098        88.83  
                                                                 85                           1        0.08          1099        88.92  
                                                                 87                           3        0.24          1102        89.16  
                                                                 90                           2        0.16          1104        89.32  
                                                                 91                           1        0.08          1105        89.40  
                                                                100                          31        2.51          1136        91.91  
                                                                108                           3        0.24          1139        92.15  
                                                                112                           2        0.16          1141        92.31  
                                                                116                           4        0.32          1145        92.64  
                                                                125                           8        0.65          1153        93.28  
                                                                130                           1        0.08          1154        93.37  
                                                                150                           8        0.65          1162        94.01  
                                                                162                           2        0.16          1164        94.17  
                                                                200                          22        1.78          1186        95.95  
                                                                250                          23        1.86          1209        97.82  
                                                                300                          18        1.46          1227        99.27  
                                                                350                           6        0.49          1233        99.76  
                                                                400                           1        0.08          1234        99.84  
                                                                500                           2        0.16          1236       100.00  
                                                                    Prepared for                                                                     9
                                                                 Data Quality Report
                                                           Library:WORK  Member:scored__NH
                                                              Total Observations: 117734

                                                                                                              Number of     Numeric or          
   Variable                                                                   Label                         Observations    Character     Levels

   CAC_HH_PID                                            Household Persistent ID                                117,734     Character        50+
                                                                                                                                                
   CAC_NAME_LAST                                         Household Name                                         117,734     Character        50+
                                                                                                                                                
   bridge_address1                                       Address Line 1 From Bridge                             117,734     Character        50+
                                                                                                                                                
   bridge_address2                                       Address Line 2 From Bridge                                   0     Character         0 
                                                                                                                                                
   bridge_city                                           Address City From Bridge                               117,734     Character        50+
                                                                                                                                                
   bridge_name_first                                     First Name From Bridge                                 117,734     Character        50+
                                                                                                                                                
   bridge_name_last                                      Last Name From Bridge                                  117,734     Character        50+
                                                                                                                                                
   bridge_name_last_exact                                                                                       117,734     Character        50+
                                                                                                                                                
   bridge_name_last_fuzzy1                                                                                      117,734     Character        50+
                                                                                                                                                
   bridge_state                                          Address State From Bridge                              117,734     Character         1 
                                                         Value NH    100%                                       117,734                         
                                                                                                                                                
   bridge_zip5                                           Address Zip 5 From Bridge                              117,734     Character        50+
                                                                                                                                                
   cac_bridge_md5email_id                                Unique ID To Append Email Addresses From Bridge        117,734     Character        50+

                                                             Number        Zero          Mean        Median       Minimum       Maximum    Variable
   Variable                                                 Missing      Values         Value         Value         Value         Value     Format 

   CAC_HH_PID                                                     0                                                                          $27   
                                                                                                                                                   
   CAC_NAME_LAST                                                  0                                                                                
                                                                                                                                                   
   bridge_address1                                                0                                                                          $50   
                                                                                                                                                   
   bridge_address2                                          117,734                                                                          $50   
                                                                                                                                                   
   bridge_city                                                    0                                                                          $30   
                                                                                                                                                   
   bridge_name_first                                              0                                                                          $25   
                                                                                                                                                   
   bridge_name_last                                               0                                                                          $25   
                                                                                                                                                   
   bridge_name_last_exact                                         0                                                                                
                                                                                                                                                   
   bridge_name_last_fuzzy1                                        0                                                                                
                                                                                                                                                   
   bridge_state                                                   0                                                                          $2    
                                                                                                                                                   
                                                                                                                                                   
   bridge_zip5                                                    0                                                                          $5    
                                                                                                                                                   
   cac_bridge_md5email_id                                         0                                                                          $50   

                                                             Prepared by CAC Group, Inc.
                                                                    Prepared for                                                                    10
                                                                 Data Quality Report
                                                           Library:WORK  Member:scored__NH
                                                              Total Observations: 117734

                                                                                      Number of     Numeric or                  Number        Zero
    Variable                                                      Label             Observations    Character     Levels       Missing      Values

                                                                                                                                                  
    chosen_cac_ind_gender                                                               117,734     Numeric           2              0           0
                                                          Value        1   45.9%         54,068                                                   
                                                          Value        2   54.1%         63,666                                                   
                                                                                                                                                  
    chosen_cac_ind_last                                                                 117,734     Character        50+             0            
                                                                                                                                                  
    chosen_cac_ind_mi                                                                   103,619     Character        26         14,115            
                                                                                                                                                  
    chosen_cac_ind_name                                                                 117,734     Character        50+             0            
                                                                                                                                                  
    chosen_cac_ind_number                                                               117,734     Numeric           5              0           0
                                                          Value        1   70.2%         82,661                                                   
                                                          Value        2   24.2%         28,498                                                   
                                                          Value        3    4.6%          5,397                                                   
                                                          Value        4    0.9%          1,023                                                   
                                                          Value        5    0.1%            155                                                   
                                                                                                                                                  
    chosen_first_x_of_x_flag                                                            117,734     Numeric           2              0         651
                                                                                                                                                  
    chosen_match_level                                                                  117,734     Numeric           3              0           0
                                                          Value        1   87.2%        102,673                                                   
                                                          Value        2   11.0%         12,994                                                   
                                                          Value        3    1.8%          2,067                                                   

                                                                Mean        Median       Minimum       Maximum    Variable
    Variable                                                   Value         Value         Value         Value     Format 

                                                                                                                          
    chosen_cac_ind_gender                                     1.5408        2.0000        1.0000        2.0000      8     
                                                                                                                          
                                                                                                                          
                                                                                                                          
    chosen_cac_ind_last                                                                                             $20   
                                                                                                                          
    chosen_cac_ind_mi                                                                                               $1    
                                                                                                                          
    chosen_cac_ind_name                                                                                             $14   
                                                                                                                          
    chosen_cac_ind_number                                     1.3651        1.0000        1.0000        5.0000      8     
                                                                                                                          
                                                                                                                          
                                                                                                                          
                                                                                                                          
                                                                                                                          
                                                                                                                          
    chosen_first_x_of_x_flag                                  0.9945        1.0000        0.0000        1.0000      8     
                                                                                                                          
    chosen_match_level                                        1.1455        1.0000        1.0000        3.0000      8     
                                                                                                                          
                                                                                                                          
                                                                                                                          

                                                             Prepared by CAC Group, Inc.
                                                                    Prepared for                                                                    11
                                                                 Data Quality Report
                                                           Library:WORK  Member:scored__NH
                                                              Total Observations: 117734

                                                                                      Number of     Numeric or                  Number        Zero
    Variable                                                      Label             Observations    Character     Levels       Missing      Values

                                                                                                                                                  
    chosen_spedis_score                                                                 117,734      Numeric         50+             0     102,697
                                                                                                                                                  
    last_name_match                                                                     117,734      Numeric          1              0           0
                                                          Value        1    100%        117,734                                                   
                                                                                                                                                  

                                                                Mean        Median       Minimum       Maximum    Variable
    Variable                                                   Value         Value         Value         Value     Format 

                                                                                                                          
    chosen_spedis_score                                       3.2922        0.0000        0.0000      500.0000       8    
                                                                                                                          
    last_name_match                                           1.0000        1.0000        1.0000        1.0000            
                                                                                                                          
                                                                                                                          





































                                                             Prepared by CAC Group, Inc.
