                                                                                             The WPS System                                                          11:36 Wednesday, July 29, 2015    1

                                                                                           The FREQ Procedure

                                                               Table of last_name_match by chosen_cac_ind_number
                                                                                                                                        
                                                                last_name_match|             chosen_cac_ind_number             |        
                                                                ---------------+-----------------------------------------------|        
                                                                   Frequency   |       |       |       |       |       |       |        
                                                                    Percent    |       |       |       |       |       |       |        
                                                                    Row Pct    |       |       |       |       |       |       |        
                                                                    Col Pct    |   .   |   1   |   2   |   3   |   4   |   5   | Total  
                                                                ---------------+-------+-------+-------+-------+-------+-------+------- 
                                                                              0| 437853|      0|      0|      0|      0|      0| 437853 
                                                                               |  39.22|   0.00|   0.00|   0.00|   0.00|   0.00|  39.22 
                                                                               | 100.00|   0.00|   0.00|   0.00|   0.00|   0.00|        
                                                                               |  50.97|   0.00|   0.00|   0.00|   0.00|   0.00|        
                                                                ---------------+-------+-------+-------+-------+-------+-------+------- 
                                                                              1| 421252| 182585|  54692|  15873|   3515|    560| 678477 
                                                                               |  37.74|  16.36|   4.90|   1.42|   0.31|   0.05|  60.78 
                                                                               |  62.09|  26.91|   8.06|   2.34|   0.52|   0.08|        
                                                                               |  49.03| 100.00| 100.00| 100.00| 100.00| 100.00|        
                                                                ---------------+-------+-------+-------+-------+-------+-------+------- 
                                                                          Total| 859105| 182585|  54692|  15873|   3515|    560|1116330 
                                                                               |  76.96|  16.36|   4.90|   1.42|   0.31|   0.05| 100.00 
                                                                                                                                        
                                                                                             The WPS System                                                          11:36 Wednesday, July 29, 2015    2

                                                                                           The FREQ Procedure

                                                                    Table of chosen_cac_ind_number by chosen_match_level
                                                                                                                                   
                                                                     chosen_cac_ind_number|      chosen_match_level       |        
                                                                     ---------------------+-------------------------------|        
                                                                           Frequency      |       |       |       |       |        
                                                                            Percent       |       |       |       |       |        
                                                                            Row Pct       |       |       |       |       |        
                                                                            Col Pct       |   .   |   1   |   2   |   3   | Total  
                                                                     ---------------------+-------+-------+-------+-------+------- 
                                                                                         .| 859105|      0|      0|      0| 859105 
                                                                                          |  76.96|   0.00|   0.00|   0.00|  76.96 
                                                                                          | 100.00|   0.00|   0.00|   0.00|        
                                                                                          | 100.00|   0.00|   0.00|   0.00|        
                                                                     ---------------------+-------+-------+-------+-------+------- 
                                                                                         1|      0| 155684|  24536|   2365| 182585 
                                                                                          |   0.00|  13.95|   2.20|   0.21|  16.36 
                                                                                          |   0.00|  85.27|  13.44|   1.30|        
                                                                                          |   0.00|  71.25|  70.77|  58.29|        
                                                                     ---------------------+-------+-------+-------+-------+------- 
                                                                                         2|      0|  46161|   7457|   1074|  54692 
                                                                                          |   0.00|   4.14|   0.67|   0.10|   4.90 
                                                                                          |   0.00|  84.40|  13.63|   1.96|        
                                                                                          |   0.00|  21.13|  21.51|  26.47|        
                                                                     ---------------------+-------+-------+-------+-------+------- 
                                                                                         3|      0|  13275|   2147|    451|  15873 
                                                                                          |   0.00|   1.19|   0.19|   0.04|   1.42 
                                                                                          |   0.00|  83.63|  13.53|   2.84|        
                                                                                          |   0.00|   6.08|   6.19|  11.12|        
                                                                     ---------------------+-------+-------+-------+-------+------- 
                                                                                         4|      0|   2909|    457|    149|   3515 
                                                                                          |   0.00|   0.26|   0.04|   0.01|   0.31 
                                                                                          |   0.00|  82.76|  13.00|   4.24|        
                                                                                          |   0.00|   1.33|   1.32|   3.67|        
                                                                     ---------------------+-------+-------+-------+-------+------- 
                                                                                         5|      0|    469|     73|     18|    560 
                                                                                          |   0.00|   0.04|   0.01|   0.00|   0.05 
                                                                                          |   0.00|  83.75|  13.04|   3.21|        
                                                                                          |   0.00|   0.21|   0.21|   0.44|        
                                                                     ---------------------+-------+-------+-------+-------+------- 
                                                                                     Total| 859105| 218498|  34670|   4057|1116330 
                                                                                          |  76.96|  19.57|   3.11|   0.36| 100.00 
                                                                                                                                   
                                                                                             match_level 2                                                           11:36 Wednesday, July 29, 2015    3

                                                                                           The FREQ Procedure

                                                                                                                Cumulative    Cumulative
                                                                chosen_spedis_score    Frequency     Percent     Frequency      Percent 
                                                                ------------------------------------------------------------------------
                                                                 0                           49        0.14            49         0.14  
                                                                 2                            9        0.03            58         0.17  
                                                                 3                           92        0.27           150         0.43  
                                                                 4                          139        0.40           289         0.83  
                                                                 5                         1900        5.48          2189         6.31  
                                                                 6                          149        0.43          2338         6.74  
                                                                 7                         1344        3.88          3682        10.62  
                                                                 8                          425        1.23          4107        11.85  
                                                                 9                           30        0.09          4137        11.93  
                                                                10                          534        1.54          4671        13.47  
                                                                11                         1048        3.02          5719        16.50  
                                                                12                          392        1.13          6111        17.63  
                                                                13                          218        0.63          6329        18.25  
                                                                14                          654        1.89          6983        20.14  
                                                                15                         5438       15.69         12421        35.83  
                                                                16                          567        1.64         12988        37.46  
                                                                17                         3811       10.99         16799        48.45  
                                                                18                           31        0.09         16830        48.54  
                                                                19                         1739        5.02         18569        53.56  
                                                                20                         2989        8.62         21558        62.18  
                                                                21                          923        2.66         22481        64.84  
                                                                22                          225        0.65         22706        65.49  
                                                                23                          406        1.17         23112        66.66  
                                                                24                          514        1.48         23626        68.15  
                                                                25                         1162        3.35         24788        71.50  
                                                                26                          308        0.89         25096        72.39  
                                                                27                         1168        3.37         26264        75.75  
                                                                28                         3589       10.35         29853        86.11  
                                                                29                         1001        2.89         30854        88.99  
                                                                30                         1220        3.52         32074        92.51  
                                                                31                           90        0.26         32164        92.77  
                                                                32                            5        0.01         32169        92.79  
                                                                33                          823        2.37         32992        95.16  
                                                                34                         1678        4.84         34670       100.00  
                                                                                             match_level 3                                                           11:36 Wednesday, July 29, 2015    4

                                                                                           The FREQ Procedure

                                                                                                                Cumulative    Cumulative
                                                                chosen_spedis_score    Frequency     Percent     Frequency      Percent 
                                                                ------------------------------------------------------------------------
                                                                 35                          44        1.08            44         1.08  
                                                                 37                         406       10.01           450        11.09  
                                                                 38                         434       10.70           884        21.79  
                                                                 39                         405        9.98          1289        31.77  
                                                                 40                         349        8.60          1638        40.37  
                                                                 41                          67        1.65          1705        42.03  
                                                                 42                          38        0.94          1743        42.96  
                                                                 43                          54        1.33          1797        44.29  
                                                                 45                          26        0.64          1823        44.93  
                                                                 46                          21        0.52          1844        45.45  
                                                                 47                          52        1.28          1896        46.73  
                                                                 48                           2        0.05          1898        46.78  
                                                                 49                           1        0.02          1899        46.81  
                                                                 50                         814       20.06          2713        66.87  
                                                                 52                           1        0.02          2714        66.90  
                                                                 53                           1        0.02          2715        66.92  
                                                                 54                          56        1.38          2771        68.30  
                                                                 55                          21        0.52          2792        68.82  
                                                                 56                          12        0.30          2804        69.12  
                                                                 57                          35        0.86          2839        69.98  
                                                                 58                          81        2.00          2920        71.97  
                                                                 60                         131        3.23          3051        75.20  
                                                                 61                           1        0.02          3052        75.23  
                                                                 62                         131        3.23          3183        78.46  
                                                                 64                          10        0.25          3193        78.70  
                                                                 65                          36        0.89          3229        79.59  
                                                                 66                         214        5.27          3443        84.87  
                                                                 67                           1        0.02          3444        84.89  
                                                                 68                           9        0.22          3453        85.11  
                                                                 69                           1        0.02          3454        85.14  
                                                                 70                          29        0.71          3483        85.85  
                                                                 71                           2        0.05          3485        85.90  
                                                                 75                         138        3.40          3623        89.30  
                                                                 78                           2        0.05          3625        89.35  
                                                                 79                           2        0.05          3627        89.40  
                                                                 80                           8        0.20          3635        89.60  
                                                                 81                           3        0.07          3638        89.67  
                                                                 83                          95        2.34          3733        92.01  
                                                                 87                          19        0.47          3752        92.48  
                                                                 90                          10        0.25          3762        92.73  
                                                                 91                           9        0.22          3771        92.95  
                                                                 92                           2        0.05          3773        93.00  
                                                                 93                           3        0.07          3776        93.07  
                                                                 95                           1        0.02          3777        93.10  
                                                                100                          70        1.73          3847        94.82  
                                                                105                           1        0.02          3848        94.85  
                                                                106                           1        0.02          3849        94.87  
                                                                108                          12        0.30          3861        95.17  
                                                                112                           2        0.05          3863        95.22  
                                                                116                          11        0.27          3874        95.49  
                                                                118                           2        0.05          3876        95.54  
                                                                125                          11        0.27          3887        95.81  
                                                                130                           1        0.02          3888        95.83  
                                                                133                           6        0.15          3894        95.98  
                                                                137                           2        0.05          3896        96.03  
                                                                143                           1        0.02          3897        96.06  
                                                                150                          39        0.96          3936        97.02  
                                                                166                           2        0.05          3938        97.07  
                                                                175                           2        0.05          3940        97.12  
                                                                200                          51        1.26          3991        98.37  
                                                                212                           1        0.02          3992        98.40  
                                                                250                          28        0.69          4020        99.09  
                                                                300                          18        0.44          4038        99.53  
                                                                350                          12        0.30          4050        99.83  
                                                                400                           6        0.15          4056        99.98  
                                                                450                           1        0.02          4057       100.00  
                                                                                                                                                                     11:36 Wednesday, July 29, 2015    5

                                                                                           The FREQ Procedure

                                                               Table of last_name_match by chosen_cac_ind_number
                                                                                                                                        
                                                                last_name_match|             chosen_cac_ind_number             |        
                                                                ---------------+-----------------------------------------------|        
                                                                   Frequency   |       |       |       |       |       |       |        
                                                                    Percent    |       |       |       |       |       |       |        
                                                                    Row Pct    |       |       |       |       |       |       |        
                                                                    Col Pct    |   .   |   1   |   2   |   3   |   4   |   5   | Total  
                                                                ---------------+-------+-------+-------+-------+-------+-------+------- 
                                                                              0| 437853|      0|      0|      0|      0|      0| 437853 
                                                                               |  39.22|   0.00|   0.00|   0.00|   0.00|   0.00|  39.22 
                                                                               | 100.00|   0.00|   0.00|   0.00|   0.00|   0.00|        
                                                                               |  52.86|   0.00|   0.00|   0.00|   0.00|   0.00|        
                                                                ---------------+-------+-------+-------+-------+-------+-------+------- 
                                                                              1| 390471| 193255|  77791|  13554|   2891|    515| 678477 
                                                                               |  34.98|  17.31|   6.97|   1.21|   0.26|   0.05|  60.78 
                                                                               |  57.55|  28.48|  11.47|   2.00|   0.43|   0.08|        
                                                                               |  47.14| 100.00| 100.00| 100.00| 100.00| 100.00|        
                                                                ---------------+-------+-------+-------+-------+-------+-------+------- 
                                                                          Total| 828324| 193255|  77791|  13554|   2891|    515|1116330 
                                                                               |  74.20|  17.31|   6.97|   1.21|   0.26|   0.05| 100.00 
                                                                                                                                        
                                                                                                                                                                     11:36 Wednesday, July 29, 2015    6

                                                                                           The FREQ Procedure

                                                                    Table of chosen_cac_ind_number by chosen_match_level
                                                                                                                                   
                                                                     chosen_cac_ind_number|      chosen_match_level       |        
                                                                     ---------------------+-------------------------------|        
                                                                           Frequency      |       |       |       |       |        
                                                                            Percent       |       |       |       |       |        
                                                                            Row Pct       |       |       |       |       |        
                                                                            Col Pct       |   .   |   1   |   2   |   3   | Total  
                                                                     ---------------------+-------+-------+-------+-------+------- 
                                                                                         .| 828324|      0|      0|      0| 828324 
                                                                                          |  74.20|   0.00|   0.00|   0.00|  74.20 
                                                                                          | 100.00|   0.00|   0.00|   0.00|        
                                                                                          | 100.00|   0.00|   0.00|   0.00|        
                                                                     ---------------------+-------+-------+-------+-------+------- 
                                                                                         1|      0| 168750|  20457|   4048| 193255 
                                                                                          |   0.00|  15.12|   1.83|   0.36|  17.31 
                                                                                          |   0.00|  87.32|  10.59|   2.09|        
                                                                                          |   0.00|  67.37|  66.16|  61.23|        
                                                                     ---------------------+-------+-------+-------+-------+------- 
                                                                                         2|      0|  66939|   8841|   2011|  77791 
                                                                                          |   0.00|   6.00|   0.79|   0.18|   6.97 
                                                                                          |   0.00|  86.05|  11.37|   2.59|        
                                                                                          |   0.00|  26.73|  28.59|  30.42|        
                                                                     ---------------------+-------+-------+-------+-------+------- 
                                                                                         3|      0|  11826|   1298|    430|  13554 
                                                                                          |   0.00|   1.06|   0.12|   0.04|   1.21 
                                                                                          |   0.00|  87.25|   9.58|   3.17|        
                                                                                          |   0.00|   4.72|   4.20|   6.50|        
                                                                     ---------------------+-------+-------+-------+-------+------- 
                                                                                         4|      0|   2511|    279|    101|   2891 
                                                                                          |   0.00|   0.22|   0.02|   0.01|   0.26 
                                                                                          |   0.00|  86.86|   9.65|   3.49|        
                                                                                          |   0.00|   1.00|   0.90|   1.53|        
                                                                     ---------------------+-------+-------+-------+-------+------- 
                                                                                         5|      0|    447|     47|     21|    515 
                                                                                          |   0.00|   0.04|   0.00|   0.00|   0.05 
                                                                                          |   0.00|  86.80|   9.13|   4.08|        
                                                                                          |   0.00|   0.18|   0.15|   0.32|        
                                                                     ---------------------+-------+-------+-------+-------+------- 
                                                                                     Total| 828324| 250473|  30922|   6611|1116330 
                                                                                          |  74.20|  22.44|   2.77|   0.59| 100.00 
                                                                                                                                   
                                                                                             match_level 2                                                           11:36 Wednesday, July 29, 2015    7

                                                                                           The FREQ Procedure

                                                                                                                Cumulative    Cumulative
                                                                chosen_spedis_score    Frequency     Percent     Frequency      Percent 
                                                                ------------------------------------------------------------------------
                                                                 0                           79        0.26            79         0.26  
                                                                 2                            5        0.02            84         0.27  
                                                                 3                          289        0.93           373         1.21  
                                                                 4                          248        0.80           621         2.01  
                                                                 5                         1146        3.71          1767         5.71  
                                                                 6                          671        2.17          2438         7.88  
                                                                 7                         1062        3.43          3500        11.32  
                                                                 8                         1091        3.53          4591        14.85  
                                                                 9                           11        0.04          4602        14.88  
                                                                10                          604        1.95          5206        16.84  
                                                                11                          805        2.60          6011        19.44  
                                                                12                          551        1.78          6562        21.22  
                                                                13                          204        0.66          6766        21.88  
                                                                14                         1424        4.61          8190        26.49  
                                                                15                         2006        6.49         10196        32.97  
                                                                16                         1052        3.40         11248        36.38  
                                                                17                         1675        5.42         12923        41.79  
                                                                18                           97        0.31         13020        42.11  
                                                                19                          848        2.74         13868        44.85  
                                                                20                         1281        4.14         15149        48.99  
                                                                21                         1927        6.23         17076        55.22  
                                                                22                          726        2.35         17802        57.57  
                                                                23                          298        0.96         18100        58.53  
                                                                24                          223        0.72         18323        59.26  
                                                                25                         2871        9.28         21194        68.54  
                                                                26                         1375        4.45         22569        72.99  
                                                                27                          358        1.16         22927        74.14  
                                                                28                         2026        6.55         24953        80.70  
                                                                29                          966        3.12         25919        83.82  
                                                                30                         1795        5.80         27714        89.63  
                                                                31                          299        0.97         28013        90.59  
                                                                32                            7        0.02         28020        90.62  
                                                                33                         1177        3.81         29197        94.42  
                                                                34                         1725        5.58         30922       100.00  
                                                                                             match_level 3                                                           11:36 Wednesday, July 29, 2015    8

                                                                                           The FREQ Procedure

                                                                                                                Cumulative    Cumulative
                                                                chosen_spedis_score    Frequency     Percent     Frequency      Percent 
                                                                ------------------------------------------------------------------------
                                                                 35                          78        1.18            78         1.18  
                                                                 37                         569        8.61           647         9.79  
                                                                 38                         853       12.90          1500        22.69  
                                                                 39                         457        6.91          1957        29.60  
                                                                 40                         405        6.13          2362        35.73  
                                                                 41                         210        3.18          2572        38.90  
                                                                 42                          68        1.03          2640        39.93  
                                                                 43                          48        0.73          2688        40.66  
                                                                 44                         209        3.16          2897        43.82  
                                                                 45                         504        7.62          3401        51.44  
                                                                 46                          90        1.36          3491        52.81  
                                                                 47                         527        7.97          4018        60.78  
                                                                 48                           2        0.03          4020        60.81  
                                                                 50                         987       14.93          5007        75.74  
                                                                 52                           3        0.05          5010        75.78  
                                                                 53                           2        0.03          5012        75.81  
                                                                 54                          23        0.35          5035        76.16  
                                                                 55                          15        0.23          5050        76.39  
                                                                 56                          34        0.51          5084        76.90  
                                                                 57                          41        0.62          5125        77.52  
                                                                 58                          94        1.42          5219        78.94  
                                                                 59                           2        0.03          5221        78.97  
                                                                 60                          95        1.44          5316        80.41  
                                                                 62                         132        2.00          5448        82.41  
                                                                 64                          11        0.17          5459        82.57  
                                                                 65                           9        0.14          5468        82.71  
                                                                 66                         160        2.42          5628        85.13  
                                                                 67                           1        0.02          5629        85.15  
                                                                 68                           6        0.09          5635        85.24  
                                                                 70                          50        0.76          5685        85.99  
                                                                 71                           3        0.05          5688        86.04  
                                                                 75                         157        2.37          5845        88.41  
                                                                 78                           4        0.06          5849        88.47  
                                                                 80                          22        0.33          5871        88.81  
                                                                 81                           4        0.06          5875        88.87  
                                                                 82                           1        0.02          5876        88.88  
                                                                 83                         100        1.51          5976        90.39  
                                                                 85                           2        0.03          5978        90.43  
                                                                 87                          22        0.33          6000        90.76  
                                                                 90                          11        0.17          6011        90.92  
                                                                 91                           8        0.12          6019        91.05  
                                                                 92                           2        0.03          6021        91.08  
                                                                 93                           2        0.03          6023        91.11  
                                                                 95                           1        0.02          6024        91.12  
                                                                100                         128        1.94          6152        93.06  
                                                                105                           1        0.02          6153        93.07  
                                                                106                           1        0.02          6154        93.09  
                                                                108                           1        0.02          6155        93.10  
                                                                110                           1        0.02          6156        93.12  
                                                                112                           9        0.14          6165        93.25  
                                                                116                          11        0.17          6176        93.42  
                                                                118                           1        0.02          6177        93.44  
                                                                120                           1        0.02          6178        93.45  
                                                                125                          57        0.86          6235        94.31  
                                                                130                           2        0.03          6237        94.34  
                                                                131                           1        0.02          6238        94.36  
                                                                133                           5        0.08          6243        94.43  
                                                                137                           4        0.06          6247        94.49  
                                                                150                          80        1.21          6327        95.70  
                                                                158                           1        0.02          6328        95.72  
                                                                175                           4        0.06          6332        95.78  
                                                                183                           2        0.03          6334        95.81  
                                                                187                           1        0.02          6335        95.83  
                                                                200                          80        1.21          6415        97.04  
                                                                250                         121        1.83          6536        98.87  
                                                                300                          59        0.89          6595        99.76  
                                                                350                           8        0.12          6603        99.88  
                                                                400                           4        0.06          6607        99.94  
                                                                450                           1        0.02          6608        99.95  
                                                                500                           2        0.03          6610        99.98  
                                                                650                           1        0.02          6611       100.00  
                                                                    Prepared for                                                                     9
                                                                 Data Quality Report
                                                           Library:WORK  Member:scored__WI
                                                              Total Observations: 545231

                                                                                                              Number of     Numeric or          
   Variable                                                                   Label                         Observations    Character     Levels

   CAC_HH_PID                                            Household Persistent ID                                545,231     Character        50+
                                                                                                                                                
   CAC_NAME_LAST                                         Household Name                                         545,231     Character        50+
                                                                                                                                                
   bridge_address1                                       Address Line 1 From Bridge                             545,231     Character        50+
                                                                                                                                                
   bridge_address2                                       Address Line 2 From Bridge                                   0     Character         0 
                                                                                                                                                
   bridge_city                                           Address City From Bridge                               545,231     Character        50+
                                                                                                                                                
   bridge_name_first                                     First Name From Bridge                                 545,231     Character        50+
                                                                                                                                                
   bridge_name_last                                      Last Name From Bridge                                  545,231     Character        50+
                                                                                                                                                
   bridge_name_last_exact                                                                                       545,231     Character        50+
                                                                                                                                                
   bridge_name_last_fuzzy1                                                                                      545,231     Character        50+
                                                                                                                                                
   bridge_state                                          Address State From Bridge                              545,231     Character         1 
                                                         Value WI    100%                                       545,231                         
                                                                                                                                                
   bridge_zip5                                           Address Zip 5 From Bridge                              545,231     Character        50+
                                                                                                                                                
   cac_bridge_md5email_id                                Unique ID To Append Email Addresses From Bridge        545,231     Character        50+

                                                             Number        Zero          Mean        Median       Minimum       Maximum    Variable
   Variable                                                 Missing      Values         Value         Value         Value         Value     Format 

   CAC_HH_PID                                                     0                                                                          $27   
                                                                                                                                                   
   CAC_NAME_LAST                                                  0                                                                                
                                                                                                                                                   
   bridge_address1                                                0                                                                          $50   
                                                                                                                                                   
   bridge_address2                                          545,231                                                                          $50   
                                                                                                                                                   
   bridge_city                                                    0                                                                          $30   
                                                                                                                                                   
   bridge_name_first                                              0                                                                          $25   
                                                                                                                                                   
   bridge_name_last                                               0                                                                          $25   
                                                                                                                                                   
   bridge_name_last_exact                                         0                                                                                
                                                                                                                                                   
   bridge_name_last_fuzzy1                                        0                                                                                
                                                                                                                                                   
   bridge_state                                                   0                                                                          $2    
                                                                                                                                                   
                                                                                                                                                   
   bridge_zip5                                                    0                                                                          $5    
                                                                                                                                                   
   cac_bridge_md5email_id                                         0                                                                          $50   

                                                             Prepared by CAC Group, Inc.
                                                                    Prepared for                                                                    10
                                                                 Data Quality Report
                                                           Library:WORK  Member:scored__WI
                                                              Total Observations: 545231

                                                                                      Number of     Numeric or                  Number        Zero
    Variable                                                      Label             Observations    Character     Levels       Missing      Values

                                                                                                                                                  
    chosen_cac_ind_gender                                                               545,231     Numeric           2              0           0
                                                          Value        1   47.2%        257,225                                                   
                                                          Value        2   52.8%        288,006                                                   
                                                                                                                                                  
    chosen_cac_ind_last                                                                 545,231     Character        50+             0            
                                                                                                                                                  
    chosen_cac_ind_mi                                                                   486,030     Character        26         59,201            
                                                                                                                                                  
    chosen_cac_ind_name                                                                 545,231     Character        50+             0            
                                                                                                                                                  
    chosen_cac_ind_number                                                               545,231     Numeric           5              0           0
                                                          Value        1   68.9%        375,840                                                   
                                                          Value        2   24.3%        132,483                                                   
                                                          Value        3    5.4%         29,427                                                   
                                                          Value        4    1.2%          6,406                                                   
                                                          Value        5    0.2%          1,075                                                   
                                                                                                                                                  
    chosen_first_x_of_x_flag                                                            545,231     Numeric           2              0       3,345
                                                                                                                                                  
    chosen_match_level                                                                  545,231     Numeric           3              0           0
                                                          Value        1   86.0%        468,971                                                   
                                                          Value        2   12.0%         65,592                                                   
                                                          Value        3    2.0%         10,668                                                   

                                                                Mean        Median       Minimum       Maximum    Variable
    Variable                                                   Value         Value         Value         Value     Format 

                                                                                                                          
    chosen_cac_ind_gender                                     1.5282        2.0000        1.0000        2.0000      8     
                                                                                                                          
                                                                                                                          
                                                                                                                          
    chosen_cac_ind_last                                                                                             $20   
                                                                                                                          
    chosen_cac_ind_mi                                                                                               $1    
                                                                                                                          
    chosen_cac_ind_name                                                                                             $14   
                                                                                                                          
    chosen_cac_ind_number                                     1.3941        1.0000        1.0000        5.0000      8     
                                                                                                                          
                                                                                                                          
                                                                                                                          
                                                                                                                          
                                                                                                                          
                                                                                                                          
    chosen_first_x_of_x_flag                                  0.9939        1.0000        0.0000        1.0000      8     
                                                                                                                          
    chosen_match_level                                        1.1594        1.0000        1.0000        3.0000      8     
                                                                                                                          
                                                                                                                          
                                                                                                                          

                                                             Prepared by CAC Group, Inc.
                                                                    Prepared for                                                                    11
                                                                 Data Quality Report
                                                           Library:WORK  Member:scored__WI
                                                              Total Observations: 545231

                                                                                      Number of     Numeric or                  Number        Zero
    Variable                                                      Label             Observations    Character     Levels       Missing      Values

                                                                                                                                                  
    chosen_spedis_score                                                                 545,231      Numeric         50+             0     469,099
                                                                                                                                                  
    last_name_match                                                                     545,231      Numeric          1              0           0
                                                          Value        1    100%        545,231                                                   
                                                                                                                                                  

                                                                Mean        Median       Minimum       Maximum    Variable
    Variable                                                   Value         Value         Value         Value     Format 

                                                                                                                          
    chosen_spedis_score                                       3.5276        0.0000        0.0000      650.0000       8    
                                                                                                                          
    last_name_match                                           1.0000        1.0000        1.0000        1.0000            
                                                                                                                          
                                                                                                                          





































                                                             Prepared by CAC Group, Inc.
