                                                                                             The WPS System                                                          11:41 Wednesday, July 29, 2015    1

                                                                                           The FREQ Procedure

                                                               Table of last_name_match by chosen_cac_ind_number
                                                                                                                                        
                                                                last_name_match|             chosen_cac_ind_number             |        
                                                                ---------------+-----------------------------------------------|        
                                                                   Frequency   |       |       |       |       |       |       |        
                                                                    Percent    |       |       |       |       |       |       |        
                                                                    Row Pct    |       |       |       |       |       |       |        
                                                                    Col Pct    |   .   |   1   |   2   |   3   |   4   |   5   | Total  
                                                                ---------------+-------+-------+-------+-------+-------+-------+------- 
                                                                              0| 110496|      0|      0|      0|      0|      0| 110496 
                                                                               |  42.38|   0.00|   0.00|   0.00|   0.00|   0.00|  42.38 
                                                                               | 100.00|   0.00|   0.00|   0.00|   0.00|   0.00|        
                                                                               |  53.62|   0.00|   0.00|   0.00|   0.00|   0.00|        
                                                                ---------------+-------+-------+-------+-------+-------+-------+------- 
                                                                              1|  95559|  39155|  10742|   3661|    928|    201| 150246 
                                                                               |  36.65|  15.02|   4.12|   1.40|   0.36|   0.08|  57.62 
                                                                               |  63.60|  26.06|   7.15|   2.44|   0.62|   0.13|        
                                                                               |  46.38| 100.00| 100.00| 100.00| 100.00| 100.00|        
                                                                ---------------+-------+-------+-------+-------+-------+-------+------- 
                                                                          Total| 206055|  39155|  10742|   3661|    928|    201| 260742 
                                                                               |  79.03|  15.02|   4.12|   1.40|   0.36|   0.08| 100.00 
                                                                                                                                        
                                                                                             The WPS System                                                          11:41 Wednesday, July 29, 2015    2

                                                                                           The FREQ Procedure

                                                                    Table of chosen_cac_ind_number by chosen_match_level
                                                                                                                                   
                                                                     chosen_cac_ind_number|      chosen_match_level       |        
                                                                     ---------------------+-------------------------------|        
                                                                           Frequency      |       |       |       |       |        
                                                                            Percent       |       |       |       |       |        
                                                                            Row Pct       |       |       |       |       |        
                                                                            Col Pct       |   .   |   1   |   2   |   3   | Total  
                                                                     ---------------------+-------+-------+-------+-------+------- 
                                                                                         .| 206055|      0|      0|      0| 206055 
                                                                                          |  79.03|   0.00|   0.00|   0.00|  79.03 
                                                                                          | 100.00|   0.00|   0.00|   0.00|        
                                                                                          | 100.00|   0.00|   0.00|   0.00|        
                                                                     ---------------------+-------+-------+-------+-------+------- 
                                                                                         1|      0|  33005|   5555|    595|  39155 
                                                                                          |   0.00|  12.66|   2.13|   0.23|  15.02 
                                                                                          |   0.00|  84.29|  14.19|   1.52|        
                                                                                          |   0.00|  71.75|  71.94|  61.66|        
                                                                     ---------------------+-------+-------+-------+-------+------- 
                                                                                         2|      0|   8946|   1570|    226|  10742 
                                                                                          |   0.00|   3.43|   0.60|   0.09|   4.12 
                                                                                          |   0.00|  83.28|  14.62|   2.10|        
                                                                                          |   0.00|  19.45|  20.33|  23.42|        
                                                                     ---------------------+-------+-------+-------+-------+------- 
                                                                                         3|      0|   3084|    465|    112|   3661 
                                                                                          |   0.00|   1.18|   0.18|   0.04|   1.40 
                                                                                          |   0.00|  84.24|  12.70|   3.06|        
                                                                                          |   0.00|   6.70|   6.02|  11.61|        
                                                                     ---------------------+-------+-------+-------+-------+------- 
                                                                                         4|      0|    796|    106|     26|    928 
                                                                                          |   0.00|   0.31|   0.04|   0.01|   0.36 
                                                                                          |   0.00|  85.78|  11.42|   2.80|        
                                                                                          |   0.00|   1.73|   1.37|   2.69|        
                                                                     ---------------------+-------+-------+-------+-------+------- 
                                                                                         5|      0|    169|     26|      6|    201 
                                                                                          |   0.00|   0.06|   0.01|   0.00|   0.08 
                                                                                          |   0.00|  84.08|  12.94|   2.99|        
                                                                                          |   0.00|   0.37|   0.34|   0.62|        
                                                                     ---------------------+-------+-------+-------+-------+------- 
                                                                                     Total| 206055|  46000|   7722|    965| 260742 
                                                                                          |  79.03|  17.64|   2.96|   0.37| 100.00 
                                                                                                                                   
                                                                                             match_level 2                                                           11:41 Wednesday, July 29, 2015    3

                                                                                           The FREQ Procedure

                                                                                                                Cumulative    Cumulative
                                                                chosen_spedis_score    Frequency     Percent     Frequency      Percent 
                                                                ------------------------------------------------------------------------
                                                                 0                           11        0.14            11         0.14  
                                                                 2                            2        0.03            13         0.17  
                                                                 3                            9        0.12            22         0.28  
                                                                 4                           46        0.60            68         0.88  
                                                                 5                          416        5.39           484         6.27  
                                                                 6                           25        0.32           509         6.59  
                                                                 7                          291        3.77           800        10.36  
                                                                 8                           96        1.24           896        11.60  
                                                                 9                            4        0.05           900        11.66  
                                                                10                          168        2.18          1068        13.83  
                                                                11                          250        3.24          1318        17.07  
                                                                12                          100        1.30          1418        18.36  
                                                                13                           69        0.89          1487        19.26  
                                                                14                          206        2.67          1693        21.92  
                                                                15                         1175       15.22          2868        37.14  
                                                                16                          127        1.64          2995        38.79  
                                                                17                          951       12.32          3946        51.10  
                                                                18                            9        0.12          3955        51.22  
                                                                19                          356        4.61          4311        55.83  
                                                                20                          654        8.47          4965        64.30  
                                                                21                          224        2.90          5189        67.20  
                                                                22                           48        0.62          5237        67.82  
                                                                23                          113        1.46          5350        69.28  
                                                                24                          141        1.83          5491        71.11  
                                                                25                          222        2.87          5713        73.98  
                                                                26                           94        1.22          5807        75.20  
                                                                27                          255        3.30          6062        78.50  
                                                                28                          630        8.16          6692        86.66  
                                                                29                          267        3.46          6959        90.12  
                                                                30                          229        2.97          7188        93.08  
                                                                31                           24        0.31          7212        93.40  
                                                                33                          183        2.37          7395        95.77  
                                                                34                          327        4.23          7722       100.00  
                                                                                             match_level 3                                                           11:41 Wednesday, July 29, 2015    4

                                                                                           The FREQ Procedure

                                                                                                                Cumulative    Cumulative
                                                                chosen_spedis_score    Frequency     Percent     Frequency      Percent 
                                                                ------------------------------------------------------------------------
                                                                 35                          15        1.55            15         1.55  
                                                                 37                          86        8.91           101        10.47  
                                                                 38                          87        9.02           188        19.48  
                                                                 39                          94        9.74           282        29.22  
                                                                 40                          78        8.08           360        37.31  
                                                                 41                          21        2.18           381        39.48  
                                                                 42                          14        1.45           395        40.93  
                                                                 43                           2        0.21           397        41.14  
                                                                 44                           1        0.10           398        41.24  
                                                                 45                           6        0.62           404        41.87  
                                                                 46                           8        0.83           412        42.69  
                                                                 47                          15        1.55           427        44.25  
                                                                 50                         192       19.90           619        64.15  
                                                                 54                          12        1.24           631        65.39  
                                                                 55                           7        0.73           638        66.11  
                                                                 56                           2        0.21           640        66.32  
                                                                 57                          15        1.55           655        67.88  
                                                                 58                          15        1.55           670        69.43  
                                                                 60                          43        4.46           713        73.89  
                                                                 62                          24        2.49           737        76.37  
                                                                 65                           9        0.93           746        77.31  
                                                                 66                          56        5.80           802        83.11  
                                                                 70                          13        1.35           815        84.46  
                                                                 71                           2        0.21           817        84.66  
                                                                 75                          33        3.42           850        88.08  
                                                                 80                           5        0.52           855        88.60  
                                                                 81                           1        0.10           856        88.70  
                                                                 83                          24        2.49           880        91.19  
                                                                 87                           8        0.83           888        92.02  
                                                                 90                           2        0.21           890        92.23  
                                                                 91                           1        0.10           891        92.33  
                                                                 93                           1        0.10           892        92.44  
                                                                100                          23        2.38           915        94.82  
                                                                108                           3        0.31           918        95.13  
                                                                110                           4        0.41           922        95.54  
                                                                112                           1        0.10           923        95.65  
                                                                116                           4        0.41           927        96.06  
                                                                125                           5        0.52           932        96.58  
                                                                133                           2        0.21           934        96.79  
                                                                137                           1        0.10           935        96.89  
                                                                150                           3        0.31           938        97.20  
                                                                162                           1        0.10           939        97.31  
                                                                166                           1        0.10           940        97.41  
                                                                183                           1        0.10           941        97.51  
                                                                200                          12        1.24           953        98.76  
                                                                250                           7        0.73           960        99.48  
                                                                300                           4        0.41           964        99.90  
                                                                350                           1        0.10           965       100.00  
                                                                                                                                                                     11:41 Wednesday, July 29, 2015    5

                                                                                           The FREQ Procedure

                                                               Table of last_name_match by chosen_cac_ind_number
                                                                                                                                        
                                                                last_name_match|             chosen_cac_ind_number             |        
                                                                ---------------+-----------------------------------------------|        
                                                                   Frequency   |       |       |       |       |       |       |        
                                                                    Percent    |       |       |       |       |       |       |        
                                                                    Row Pct    |       |       |       |       |       |       |        
                                                                    Col Pct    |   .   |   1   |   2   |   3   |   4   |   5   | Total  
                                                                ---------------+-------+-------+-------+-------+-------+-------+------- 
                                                                              0| 110496|      0|      0|      0|      0|      0| 110496 
                                                                               |  42.38|   0.00|   0.00|   0.00|   0.00|   0.00|  42.38 
                                                                               | 100.00|   0.00|   0.00|   0.00|   0.00|   0.00|        
                                                                               |  55.83|   0.00|   0.00|   0.00|   0.00|   0.00|        
                                                                ---------------+-------+-------+-------+-------+-------+-------+------- 
                                                                              1|  87423|  39240|  19336|   3251|    822|    174| 150246 
                                                                               |  33.53|  15.05|   7.42|   1.25|   0.32|   0.07|  57.62 
                                                                               |  58.19|  26.12|  12.87|   2.16|   0.55|   0.12|        
                                                                               |  44.17| 100.00| 100.00| 100.00| 100.00| 100.00|        
                                                                ---------------+-------+-------+-------+-------+-------+-------+------- 
                                                                          Total| 197919|  39240|  19336|   3251|    822|    174| 260742 
                                                                               |  75.91|  15.05|   7.42|   1.25|   0.32|   0.07| 100.00 
                                                                                                                                        
                                                                                                                                                                     11:41 Wednesday, July 29, 2015    6

                                                                                           The FREQ Procedure

                                                                    Table of chosen_cac_ind_number by chosen_match_level
                                                                                                                                   
                                                                     chosen_cac_ind_number|      chosen_match_level       |        
                                                                     ---------------------+-------------------------------|        
                                                                           Frequency      |       |       |       |       |        
                                                                            Percent       |       |       |       |       |        
                                                                            Row Pct       |       |       |       |       |        
                                                                            Col Pct       |   .   |   1   |   2   |   3   | Total  
                                                                     ---------------------+-------+-------+-------+-------+------- 
                                                                                         .| 197919|      0|      0|      0| 197919 
                                                                                          |  75.91|   0.00|   0.00|   0.00|  75.91 
                                                                                          | 100.00|   0.00|   0.00|   0.00|        
                                                                                          | 100.00|   0.00|   0.00|   0.00|        
                                                                     ---------------------+-------+-------+-------+-------+------- 
                                                                                         1|      0|  34628|   3688|    924|  39240 
                                                                                          |   0.00|  13.28|   1.41|   0.35|  15.05 
                                                                                          |   0.00|  88.25|   9.40|   2.35|        
                                                                                          |   0.00|  62.79|  60.52|  58.59|        
                                                                     ---------------------+-------+-------+-------+-------+------- 
                                                                                         2|      0|  16806|   2013|    517|  19336 
                                                                                          |   0.00|   6.45|   0.77|   0.20|   7.42 
                                                                                          |   0.00|  86.92|  10.41|   2.67|        
                                                                                          |   0.00|  30.47|  33.03|  32.78|        
                                                                     ---------------------+-------+-------+-------+-------+------- 
                                                                                         3|      0|   2859|    293|     99|   3251 
                                                                                          |   0.00|   1.10|   0.11|   0.04|   1.25 
                                                                                          |   0.00|  87.94|   9.01|   3.05|        
                                                                                          |   0.00|   5.18|   4.81|   6.28|        
                                                                     ---------------------+-------+-------+-------+-------+------- 
                                                                                         4|      0|    708|     90|     24|    822 
                                                                                          |   0.00|   0.27|   0.03|   0.01|   0.32 
                                                                                          |   0.00|  86.13|  10.95|   2.92|        
                                                                                          |   0.00|   1.28|   1.48|   1.52|        
                                                                     ---------------------+-------+-------+-------+-------+------- 
                                                                                         5|      0|    151|     10|     13|    174 
                                                                                          |   0.00|   0.06|   0.00|   0.00|   0.07 
                                                                                          |   0.00|  86.78|   5.75|   7.47|        
                                                                                          |   0.00|   0.27|   0.16|   0.82|        
                                                                     ---------------------+-------+-------+-------+-------+------- 
                                                                                     Total| 197919|  55152|   6094|   1577| 260742 
                                                                                          |  75.91|  21.15|   2.34|   0.60| 100.00 
                                                                                                                                   
                                                                                             match_level 2                                                           11:41 Wednesday, July 29, 2015    7

                                                                                           The FREQ Procedure

                                                                                                                Cumulative    Cumulative
                                                                chosen_spedis_score    Frequency     Percent     Frequency      Percent 
                                                                ------------------------------------------------------------------------
                                                                 0                           18        0.30            18         0.30  
                                                                 2                            5        0.08            23         0.38  
                                                                 3                           62        1.02            85         1.39  
                                                                 4                           68        1.12           153         2.51  
                                                                 5                          314        5.15           467         7.66  
                                                                 6                          141        2.31           608         9.98  
                                                                 7                          258        4.23           866        14.21  
                                                                 8                          246        4.04          1112        18.25  
                                                                10                          168        2.76          1280        21.00  
                                                                11                          143        2.35          1423        23.35  
                                                                12                          155        2.54          1578        25.89  
                                                                13                           51        0.84          1629        26.73  
                                                                14                          318        5.22          1947        31.95  
                                                                15                          263        4.32          2210        36.27  
                                                                16                          298        4.89          2508        41.16  
                                                                17                          372        6.10          2880        47.26  
                                                                18                           48        0.79          2928        48.05  
                                                                19                          145        2.38          3073        50.43  
                                                                20                          287        4.71          3360        55.14  
                                                                21                          391        6.42          3751        61.55  
                                                                22                          109        1.79          3860        63.34  
                                                                23                           80        1.31          3940        64.65  
                                                                24                           52        0.85          3992        65.51  
                                                                25                          389        6.38          4381        71.89  
                                                                26                          234        3.84          4615        75.73  
                                                                27                           82        1.35          4697        77.08  
                                                                28                          364        5.97          5061        83.05  
                                                                29                          190        3.12          5251        86.17  
                                                                30                          320        5.25          5571        91.42  
                                                                31                           54        0.89          5625        92.30  
                                                                32                            5        0.08          5630        92.39  
                                                                33                          251        4.12          5881        96.50  
                                                                34                          213        3.50          6094       100.00  
                                                                                             match_level 3                                                           11:41 Wednesday, July 29, 2015    8

                                                                                           The FREQ Procedure

                                                                                                                Cumulative    Cumulative
                                                                chosen_spedis_score    Frequency     Percent     Frequency      Percent 
                                                                ------------------------------------------------------------------------
                                                                 35                          14        0.89            14         0.89  
                                                                 37                         115        7.29           129         8.18  
                                                                 38                         215       13.63           344        21.81  
                                                                 39                         143        9.07           487        30.88  
                                                                 40                          99        6.28           586        37.16  
                                                                 41                          47        2.98           633        40.14  
                                                                 42                          18        1.14           651        41.28  
                                                                 43                           7        0.44           658        41.72  
                                                                 44                          35        2.22           693        43.94  
                                                                 45                         149        9.45           842        53.39  
                                                                 46                          17        1.08           859        54.47  
                                                                 47                         143        9.07          1002        63.54  
                                                                 50                         234       14.84          1236        78.38  
                                                                 52                           1        0.06          1237        78.44  
                                                                 53                           1        0.06          1238        78.50  
                                                                 54                           4        0.25          1242        78.76  
                                                                 55                           5        0.32          1247        79.07  
                                                                 56                           6        0.38          1253        79.45  
                                                                 57                          11        0.70          1264        80.15  
                                                                 58                          16        1.01          1280        81.17  
                                                                 60                          20        1.27          1300        82.44  
                                                                 62                          33        2.09          1333        84.53  
                                                                 64                           3        0.19          1336        84.72  
                                                                 65                           1        0.06          1337        84.78  
                                                                 66                          38        2.41          1375        87.19  
                                                                 68                           4        0.25          1379        87.44  
                                                                 70                          14        0.89          1393        88.33  
                                                                 75                          43        2.73          1436        91.06  
                                                                 78                           1        0.06          1437        91.12  
                                                                 80                           4        0.25          1441        91.38  
                                                                 83                          26        1.65          1467        93.02  
                                                                 87                           3        0.19          1470        93.21  
                                                                 90                           2        0.13          1472        93.34  
                                                                 91                           2        0.13          1474        93.47  
                                                                 93                           1        0.06          1475        93.53  
                                                                100                          39        2.47          1514        96.01  
                                                                105                           1        0.06          1515        96.07  
                                                                112                           2        0.13          1517        96.20  
                                                                116                           2        0.13          1519        96.32  
                                                                118                           1        0.06          1520        96.39  
                                                                125                          11        0.70          1531        97.08  
                                                                150                          15        0.95          1546        98.03  
                                                                200                          12        0.76          1558        98.80  
                                                                250                           7        0.44          1565        99.24  
                                                                300                           9        0.57          1574        99.81  
                                                                350                           2        0.13          1576        99.94  
                                                                450                           1        0.06          1577       100.00  
                                                                    Prepared for                                                                     9
                                                                 Data Quality Report
                                                           Library:WORK  Member:scored__ID
                                                              Total Observations: 117510

                                                                                                              Number of     Numeric or          
   Variable                                                                   Label                         Observations    Character     Levels

   CAC_HH_PID                                            Household Persistent ID                                117,510     Character        50+
                                                                                                                                                
   CAC_NAME_LAST                                         Household Name                                         117,510     Character        50+
                                                                                                                                                
   bridge_address1                                       Address Line 1 From Bridge                             117,510     Character        50+
                                                                                                                                                
   bridge_address2                                       Address Line 2 From Bridge                                   0     Character         0 
                                                                                                                                                
   bridge_city                                           Address City From Bridge                               117,510     Character        50+
                                                                                                                                                
   bridge_name_first                                     First Name From Bridge                                 117,510     Character        50+
                                                                                                                                                
   bridge_name_last                                      Last Name From Bridge                                  117,510     Character        50+
                                                                                                                                                
   bridge_name_last_exact                                                                                       117,510     Character        50+
                                                                                                                                                
   bridge_name_last_fuzzy1                                                                                      117,510     Character        50+
                                                                                                                                                
   bridge_state                                          Address State From Bridge                              117,510     Character         1 
                                                         Value ID    100%                                       117,510                         
                                                                                                                                                
   bridge_zip5                                           Address Zip 5 From Bridge                              117,510     Character        50+
                                                                                                                                                
   cac_bridge_md5email_id                                Unique ID To Append Email Addresses From Bridge        117,510     Character        50+

                                                             Number        Zero          Mean        Median       Minimum       Maximum    Variable
   Variable                                                 Missing      Values         Value         Value         Value         Value     Format 

   CAC_HH_PID                                                     0                                                                          $27   
                                                                                                                                                   
   CAC_NAME_LAST                                                  0                                                                                
                                                                                                                                                   
   bridge_address1                                                0                                                                          $50   
                                                                                                                                                   
   bridge_address2                                          117,510                                                                          $50   
                                                                                                                                                   
   bridge_city                                                    0                                                                          $30   
                                                                                                                                                   
   bridge_name_first                                              0                                                                          $25   
                                                                                                                                                   
   bridge_name_last                                               0                                                                          $25   
                                                                                                                                                   
   bridge_name_last_exact                                         0                                                                                
                                                                                                                                                   
   bridge_name_last_fuzzy1                                        0                                                                                
                                                                                                                                                   
   bridge_state                                                   0                                                                          $2    
                                                                                                                                                   
                                                                                                                                                   
   bridge_zip5                                                    0                                                                          $5    
                                                                                                                                                   
   cac_bridge_md5email_id                                         0                                                                          $50   

                                                             Prepared by CAC Group, Inc.
                                                                    Prepared for                                                                    10
                                                                 Data Quality Report
                                                           Library:WORK  Member:scored__ID
                                                              Total Observations: 117510

                                                                                      Number of     Numeric or                  Number        Zero
    Variable                                                      Label             Observations    Character     Levels       Missing      Values

                                                                                                                                                  
    chosen_cac_ind_gender                                                               117,510     Numeric           2              0           0
                                                          Value        1   46.5%         54,687                                                   
                                                          Value        2   53.5%         62,823                                                   
                                                                                                                                                  
    chosen_cac_ind_last                                                                 117,510     Character        50+             0            
                                                                                                                                                  
    chosen_cac_ind_mi                                                                    98,541     Character        26         18,969            
                                                                                                                                                  
    chosen_cac_ind_name                                                                 117,510     Character        50+             0            
                                                                                                                                                  
    chosen_cac_ind_number                                                               117,510     Numeric           5              0           0
                                                          Value        1   66.7%         78,395                                                   
                                                          Value        2   25.6%         30,078                                                   
                                                          Value        3    5.9%          6,912                                                   
                                                          Value        4    1.5%          1,750                                                   
                                                          Value        5    0.3%            375                                                   
                                                                                                                                                  
    chosen_first_x_of_x_flag                                                            117,510     Numeric           2              0         724
                                                                                                                                                  
    chosen_match_level                                                                  117,510     Numeric           3              0           0
                                                          Value        1   86.1%        101,152                                                   
                                                          Value        2   11.8%         13,816                                                   
                                                          Value        3    2.2%          2,542                                                   

                                                                Mean        Median       Minimum       Maximum    Variable
    Variable                                                   Value         Value         Value         Value     Format 

                                                                                                                          
    chosen_cac_ind_gender                                     1.5346        2.0000        1.0000        2.0000      8     
                                                                                                                          
                                                                                                                          
                                                                                                                          
    chosen_cac_ind_last                                                                                             $20   
                                                                                                                          
    chosen_cac_ind_mi                                                                                               $1    
                                                                                                                          
    chosen_cac_ind_name                                                                                             $14   
                                                                                                                          
    chosen_cac_ind_number                                     1.4310        1.0000        1.0000        5.0000      8     
                                                                                                                          
                                                                                                                          
                                                                                                                          
                                                                                                                          
                                                                                                                          
                                                                                                                          
    chosen_first_x_of_x_flag                                  0.9938        1.0000        0.0000        1.0000      8     
                                                                                                                          
    chosen_match_level                                        1.1608        1.0000        1.0000        3.0000      8     
                                                                                                                          
                                                                                                                          
                                                                                                                          

                                                             Prepared by CAC Group, Inc.
                                                                    Prepared for                                                                    11
                                                                 Data Quality Report
                                                           Library:WORK  Member:scored__ID
                                                              Total Observations: 117510

                                                                                      Number of     Numeric or                  Number        Zero
    Variable                                                      Label             Observations    Character     Levels       Missing      Values

                                                                                                                                                  
    chosen_spedis_score                                                                 117,510      Numeric         50+             0     101,181
                                                                                                                                                  
    last_name_match                                                                     117,510      Numeric          1              0           0
                                                          Value        1    100%        117,510                                                   
                                                                                                                                                  

                                                                Mean        Median       Minimum       Maximum    Variable
    Variable                                                   Value         Value         Value         Value     Format 

                                                                                                                          
    chosen_spedis_score                                       3.4400        0.0000        0.0000      450.0000       8    
                                                                                                                          
    last_name_match                                           1.0000        1.0000        1.0000        1.0000            
                                                                                                                          
                                                                                                                          





































                                                             Prepared by CAC Group, Inc.
