                                                                                             The WPS System                                                          11:43 Wednesday, July 29, 2015    1

                                                                                           The FREQ Procedure

                                                               Table of last_name_match by chosen_cac_ind_number
                                                                                                                                        
                                                                last_name_match|             chosen_cac_ind_number             |        
                                                                ---------------+-----------------------------------------------|        
                                                                   Frequency   |       |       |       |       |       |       |        
                                                                    Percent    |       |       |       |       |       |       |        
                                                                    Row Pct    |       |       |       |       |       |       |        
                                                                    Col Pct    |   .   |   1   |   2   |   3   |   4   |   5   | Total  
                                                                ---------------+-------+-------+-------+-------+-------+-------+------- 
                                                                              0| 255021|      0|      0|      0|      0|      0| 255021 
                                                                               |  46.22|   0.00|   0.00|   0.00|   0.00|   0.00|  46.22 
                                                                               | 100.00|   0.00|   0.00|   0.00|   0.00|   0.00|        
                                                                               |  57.21|   0.00|   0.00|   0.00|   0.00|   0.00|        
                                                                ---------------+-------+-------+-------+-------+-------+-------+------- 
                                                                              1| 190775|  79586|  19534|   5368|   1172|    246| 296681 
                                                                               |  34.58|  14.43|   3.54|   0.97|   0.21|   0.04|  53.78 
                                                                               |  64.30|  26.83|   6.58|   1.81|   0.40|   0.08|        
                                                                               |  42.79| 100.00| 100.00| 100.00| 100.00| 100.00|        
                                                                ---------------+-------+-------+-------+-------+-------+-------+------- 
                                                                          Total| 445796|  79586|  19534|   5368|   1172|    246| 551702 
                                                                               |  80.80|  14.43|   3.54|   0.97|   0.21|   0.04| 100.00 
                                                                                                                                        
                                                                                             The WPS System                                                          11:43 Wednesday, July 29, 2015    2

                                                                                           The FREQ Procedure

                                                                    Table of chosen_cac_ind_number by chosen_match_level
                                                                                                                                   
                                                                     chosen_cac_ind_number|      chosen_match_level       |        
                                                                     ---------------------+-------------------------------|        
                                                                           Frequency      |       |       |       |       |        
                                                                            Percent       |       |       |       |       |        
                                                                            Row Pct       |       |       |       |       |        
                                                                            Col Pct       |   .   |   1   |   2   |   3   | Total  
                                                                     ---------------------+-------+-------+-------+-------+------- 
                                                                                         .| 445796|      0|      0|      0| 445796 
                                                                                          |  80.80|   0.00|   0.00|   0.00|  80.80 
                                                                                          | 100.00|   0.00|   0.00|   0.00|        
                                                                                          | 100.00|   0.00|   0.00|   0.00|        
                                                                     ---------------------+-------+-------+-------+-------+------- 
                                                                                         1|      0|  70127|   8090|   1369|  79586 
                                                                                          |   0.00|  12.71|   1.47|   0.25|  14.43 
                                                                                          |   0.00|  88.11|  10.17|   1.72|        
                                                                                          |   0.00|  75.60|  73.29|  64.85|        
                                                                     ---------------------+-------+-------+-------+-------+------- 
                                                                                         2|      0|  16814|   2210|    510|  19534 
                                                                                          |   0.00|   3.05|   0.40|   0.09|   3.54 
                                                                                          |   0.00|  86.08|  11.31|   2.61|        
                                                                                          |   0.00|  18.13|  20.02|  24.16|        
                                                                     ---------------------+-------+-------+-------+-------+------- 
                                                                                         3|      0|   4622|    568|    178|   5368 
                                                                                          |   0.00|   0.84|   0.10|   0.03|   0.97 
                                                                                          |   0.00|  86.10|  10.58|   3.32|        
                                                                                          |   0.00|   4.98|   5.15|   8.43|        
                                                                     ---------------------+-------+-------+-------+-------+------- 
                                                                                         4|      0|    997|    133|     42|   1172 
                                                                                          |   0.00|   0.18|   0.02|   0.01|   0.21 
                                                                                          |   0.00|  85.07|  11.35|   3.58|        
                                                                                          |   0.00|   1.07|   1.20|   1.99|        
                                                                     ---------------------+-------+-------+-------+-------+------- 
                                                                                         5|      0|    197|     37|     12|    246 
                                                                                          |   0.00|   0.04|   0.01|   0.00|   0.04 
                                                                                          |   0.00|  80.08|  15.04|   4.88|        
                                                                                          |   0.00|   0.21|   0.34|   0.57|        
                                                                     ---------------------+-------+-------+-------+-------+------- 
                                                                                     Total| 445796|  92757|  11038|   2111| 551702 
                                                                                          |  80.80|  16.81|   2.00|   0.38| 100.00 
                                                                                                                                   
                                                                                             match_level 2                                                           11:43 Wednesday, July 29, 2015    3

                                                                                           The FREQ Procedure

                                                                                                                Cumulative    Cumulative
                                                                chosen_spedis_score    Frequency     Percent     Frequency      Percent 
                                                                ------------------------------------------------------------------------
                                                                 0                           33        0.30            33         0.30  
                                                                 2                            2        0.02            35         0.32  
                                                                 3                           49        0.44            84         0.76  
                                                                 4                           97        0.88           181         1.64  
                                                                 5                          525        4.76           706         6.40  
                                                                 6                           39        0.35           745         6.75  
                                                                 7                          453        4.10          1198        10.85  
                                                                 8                          212        1.92          1410        12.77  
                                                                 9                            9        0.08          1419        12.86  
                                                                10                          268        2.43          1687        15.28  
                                                                11                          370        3.35          2057        18.64  
                                                                12                          227        2.06          2284        20.69  
                                                                13                           77        0.70          2361        21.39  
                                                                14                          301        2.73          2662        24.12  
                                                                15                         1191       10.79          3853        34.91  
                                                                16                          324        2.94          4177        37.84  
                                                                17                         1078        9.77          5255        47.61  
                                                                18                           21        0.19          5276        47.80  
                                                                19                          657        5.95          5933        53.75  
                                                                20                          863        7.82          6796        61.57  
                                                                21                          259        2.35          7055        63.92  
                                                                22                           76        0.69          7131        64.60  
                                                                23                          199        1.80          7330        66.41  
                                                                24                          147        1.33          7477        67.74  
                                                                25                          467        4.23          7944        71.97  
                                                                26                          135        1.22          8079        73.19  
                                                                27                          246        2.23          8325        75.42  
                                                                28                          951        8.62          9276        84.04  
                                                                29                          405        3.67          9681        87.71  
                                                                30                          463        4.19         10144        91.90  
                                                                31                           63        0.57         10207        92.47  
                                                                32                            2        0.02         10209        92.49  
                                                                33                          366        3.32         10575        95.81  
                                                                34                          463        4.19         11038       100.00  
                                                                                             match_level 3                                                           11:43 Wednesday, July 29, 2015    4

                                                                                           The FREQ Procedure

                                                                                                                Cumulative    Cumulative
                                                                chosen_spedis_score    Frequency     Percent     Frequency      Percent 
                                                                ------------------------------------------------------------------------
                                                                 35                          34        1.61            34         1.61  
                                                                 37                         177        8.38           211        10.00  
                                                                 38                         179        8.48           390        18.47  
                                                                 39                         163        7.72           553        26.20  
                                                                 40                         187        8.86           740        35.05  
                                                                 41                          49        2.32           789        37.38  
                                                                 42                          28        1.33           817        38.70  
                                                                 43                          21        0.99           838        39.70  
                                                                 44                           1        0.05           839        39.74  
                                                                 45                          19        0.90           858        40.64  
                                                                 46                          15        0.71           873        41.35  
                                                                 47                          33        1.56           906        42.92  
                                                                 50                         422       19.99          1328        62.91  
                                                                 52                           1        0.05          1329        62.96  
                                                                 53                           2        0.09          1331        63.05  
                                                                 54                          13        0.62          1344        63.67  
                                                                 55                           7        0.33          1351        64.00  
                                                                 56                           7        0.33          1358        64.33  
                                                                 57                          47        2.23          1405        66.56  
                                                                 58                          52        2.46          1457        69.02  
                                                                 60                          66        3.13          1523        72.15  
                                                                 62                          84        3.98          1607        76.13  
                                                                 64                           4        0.19          1611        76.31  
                                                                 65                          14        0.66          1625        76.98  
                                                                 66                         109        5.16          1734        82.14  
                                                                 67                           1        0.05          1735        82.19  
                                                                 68                           6        0.28          1741        82.47  
                                                                 70                          33        1.56          1774        84.04  
                                                                 71                           3        0.14          1777        84.18  
                                                                 75                          73        3.46          1850        87.64  
                                                                 79                           1        0.05          1851        87.68  
                                                                 80                          11        0.52          1862        88.20  
                                                                 81                           3        0.14          1865        88.35  
                                                                 83                          51        2.42          1916        90.76  
                                                                 85                           2        0.09          1918        90.86  
                                                                 87                          15        0.71          1933        91.57  
                                                                 90                           6        0.28          1939        91.85  
                                                                 91                           4        0.19          1943        92.04  
                                                                 92                           1        0.05          1944        92.09  
                                                                 93                           1        0.05          1945        92.14  
                                                                100                          50        2.37          1995        94.50  
                                                                106                           1        0.05          1996        94.55  
                                                                108                           3        0.14          1999        94.69  
                                                                112                           4        0.19          2003        94.88  
                                                                116                          12        0.57          2015        95.45  
                                                                121                           1        0.05          2016        95.50  
                                                                125                          10        0.47          2026        95.97  
                                                                133                           9        0.43          2035        96.40  
                                                                141                           1        0.05          2036        96.45  
                                                                150                          15        0.71          2051        97.16  
                                                                166                           1        0.05          2052        97.21  
                                                                200                          18        0.85          2070        98.06  
                                                                225                           1        0.05          2071        98.11  
                                                                250                          14        0.66          2085        98.77  
                                                                300                          18        0.85          2103        99.62  
                                                                350                           4        0.19          2107        99.81  
                                                                400                           3        0.14          2110        99.95  
                                                                450                           1        0.05          2111       100.00  
                                                                                                                                                                     11:43 Wednesday, July 29, 2015    5

                                                                                           The FREQ Procedure

                                                               Table of last_name_match by chosen_cac_ind_number
                                                                                                                                        
                                                                last_name_match|             chosen_cac_ind_number             |        
                                                                ---------------+-----------------------------------------------|        
                                                                   Frequency   |       |       |       |       |       |       |        
                                                                    Percent    |       |       |       |       |       |       |        
                                                                    Row Pct    |       |       |       |       |       |       |        
                                                                    Col Pct    |   .   |   1   |   2   |   3   |   4   |   5   | Total  
                                                                ---------------+-------+-------+-------+-------+-------+-------+------- 
                                                                              0| 255021|      0|      0|      0|      0|      0| 255021 
                                                                               |  46.22|   0.00|   0.00|   0.00|   0.00|   0.00|  46.22 
                                                                               | 100.00|   0.00|   0.00|   0.00|   0.00|   0.00|        
                                                                               |  58.66|   0.00|   0.00|   0.00|   0.00|   0.00|        
                                                                ---------------+-------+-------+-------+-------+-------+-------+------- 
                                                                              1| 179711|  83746|  26339|   5445|   1235|    205| 296681 
                                                                               |  32.57|  15.18|   4.77|   0.99|   0.22|   0.04|  53.78 
                                                                               |  60.57|  28.23|   8.88|   1.84|   0.42|   0.07|        
                                                                               |  41.34| 100.00| 100.00| 100.00| 100.00| 100.00|        
                                                                ---------------+-------+-------+-------+-------+-------+-------+------- 
                                                                          Total| 434732|  83746|  26339|   5445|   1235|    205| 551702 
                                                                               |  78.80|  15.18|   4.77|   0.99|   0.22|   0.04| 100.00 
                                                                                                                                        
                                                                                                                                                                     11:43 Wednesday, July 29, 2015    6

                                                                                           The FREQ Procedure

                                                                    Table of chosen_cac_ind_number by chosen_match_level
                                                                                                                                   
                                                                     chosen_cac_ind_number|      chosen_match_level       |        
                                                                     ---------------------+-------------------------------|        
                                                                           Frequency      |       |       |       |       |        
                                                                            Percent       |       |       |       |       |        
                                                                            Row Pct       |       |       |       |       |        
                                                                            Col Pct       |   .   |   1   |   2   |   3   | Total  
                                                                     ---------------------+-------+-------+-------+-------+------- 
                                                                                         .| 434732|      0|      0|      0| 434732 
                                                                                          |  78.80|   0.00|   0.00|   0.00|  78.80 
                                                                                          | 100.00|   0.00|   0.00|   0.00|        
                                                                                          | 100.00|   0.00|   0.00|   0.00|        
                                                                     ---------------------+-------+-------+-------+-------+------- 
                                                                                         1|      0|  75370|   6709|   1667|  83746 
                                                                                          |   0.00|  13.66|   1.22|   0.30|  15.18 
                                                                                          |   0.00|  90.00|   8.01|   1.99|        
                                                                                          |   0.00|  72.06|  68.61|  64.04|        
                                                                     ---------------------+-------+-------+-------+-------+------- 
                                                                                         2|      0|  23163|   2461|    715|  26339 
                                                                                          |   0.00|   4.20|   0.45|   0.13|   4.77 
                                                                                          |   0.00|  87.94|   9.34|   2.71|        
                                                                                          |   0.00|  22.15|  25.17|  27.47|        
                                                                     ---------------------+-------+-------+-------+-------+------- 
                                                                                         3|      0|   4829|    444|    172|   5445 
                                                                                          |   0.00|   0.88|   0.08|   0.03|   0.99 
                                                                                          |   0.00|  88.69|   8.15|   3.16|        
                                                                                          |   0.00|   4.62|   4.54|   6.61|        
                                                                     ---------------------+-------+-------+-------+-------+------- 
                                                                                         4|      0|   1059|    135|     41|   1235 
                                                                                          |   0.00|   0.19|   0.02|   0.01|   0.22 
                                                                                          |   0.00|  85.75|  10.93|   3.32|        
                                                                                          |   0.00|   1.01|   1.38|   1.58|        
                                                                     ---------------------+-------+-------+-------+-------+------- 
                                                                                         5|      0|    167|     30|      8|    205 
                                                                                          |   0.00|   0.03|   0.01|   0.00|   0.04 
                                                                                          |   0.00|  81.46|  14.63|   3.90|        
                                                                                          |   0.00|   0.16|   0.31|   0.31|        
                                                                     ---------------------+-------+-------+-------+-------+------- 
                                                                                     Total| 434732| 104588|   9779|   2603| 551702 
                                                                                          |  78.80|  18.96|   1.77|   0.47| 100.00 
                                                                                                                                   
                                                                                             match_level 2                                                           11:43 Wednesday, July 29, 2015    7

                                                                                           The FREQ Procedure

                                                                                                                Cumulative    Cumulative
                                                                chosen_spedis_score    Frequency     Percent     Frequency      Percent 
                                                                ------------------------------------------------------------------------
                                                                 0                           49        0.50            49         0.50  
                                                                 2                            3        0.03            52         0.53  
                                                                 3                          153        1.56           205         2.10  
                                                                 4                          105        1.07           310         3.17  
                                                                 5                          433        4.43           743         7.60  
                                                                 6                          301        3.08          1044        10.68  
                                                                 7                          451        4.61          1495        15.29  
                                                                 8                          394        4.03          1889        19.32  
                                                                 9                            8        0.08          1897        19.40  
                                                                10                          277        2.83          2174        22.23  
                                                                11                          296        3.03          2470        25.26  
                                                                12                          336        3.44          2806        28.69  
                                                                13                           72        0.74          2878        29.43  
                                                                14                          448        4.58          3326        34.01  
                                                                15                          351        3.59          3677        37.60  
                                                                16                          450        4.60          4127        42.20  
                                                                17                          456        4.66          4583        46.87  
                                                                18                           62        0.63          4645        47.50  
                                                                19                          251        2.57          4896        50.07  
                                                                20                          470        4.81          5366        54.87  
                                                                21                          552        5.64          5918        60.52  
                                                                22                          211        2.16          6129        62.68  
                                                                23                          137        1.40          6266        64.08  
                                                                24                           95        0.97          6361        65.05  
                                                                25                          613        6.27          6974        71.32  
                                                                26                          361        3.69          7335        75.01  
                                                                27                          134        1.37          7469        76.38  
                                                                28                          519        5.31          7988        81.69  
                                                                29                          291        2.98          8279        84.66  
                                                                30                          584        5.97          8863        90.63  
                                                                31                          101        1.03          8964        91.67  
                                                                32                            4        0.04          8968        91.71  
                                                                33                          452        4.62          9420        96.33  
                                                                34                          359        3.67          9779       100.00  
                                                                                             match_level 3                                                           11:43 Wednesday, July 29, 2015    8

                                                                                           The FREQ Procedure

                                                                                                                Cumulative    Cumulative
                                                                chosen_spedis_score    Frequency     Percent     Frequency      Percent 
                                                                ------------------------------------------------------------------------
                                                                 35                          32        1.23            32         1.23  
                                                                 36                           1        0.04            33         1.27  
                                                                 37                         208        7.99           241         9.26  
                                                                 38                         268       10.30           509        19.55  
                                                                 39                         119        4.57           628        24.13  
                                                                 40                         208        7.99           836        32.12  
                                                                 41                          79        3.03           915        35.15  
                                                                 42                          55        2.11           970        37.26  
                                                                 43                          17        0.65           987        37.92  
                                                                 44                          49        1.88          1036        39.80  
                                                                 45                         143        5.49          1179        45.29  
                                                                 46                          35        1.34          1214        46.64  
                                                                 47                         216        8.30          1430        54.94  
                                                                 48                           2        0.08          1432        55.01  
                                                                 50                         403       15.48          1835        70.50  
                                                                 52                           1        0.04          1836        70.53  
                                                                 53                           4        0.15          1840        70.69  
                                                                 54                          14        0.54          1854        71.23  
                                                                 55                           8        0.31          1862        71.53  
                                                                 56                          12        0.46          1874        71.99  
                                                                 57                          23        0.88          1897        72.88  
                                                                 58                          49        1.88          1946        74.76  
                                                                 60                          74        2.84          2020        77.60  
                                                                 61                           3        0.12          2023        77.72  
                                                                 62                          86        3.30          2109        81.02  
                                                                 64                           7        0.27          2116        81.29  
                                                                 65                           1        0.04          2117        81.33  
                                                                 66                          56        2.15          2173        83.48  
                                                                 67                           3        0.12          2176        83.60  
                                                                 68                           5        0.19          2181        83.79  
                                                                 70                          31        1.19          2212        84.98  
                                                                 71                           4        0.15          2216        85.13  
                                                                 75                          92        3.53          2308        88.67  
                                                                 78                           1        0.04          2309        88.71  
                                                                 80                          16        0.61          2325        89.32  
                                                                 81                           4        0.15          2329        89.47  
                                                                 82                           1        0.04          2330        89.51  
                                                                 83                          48        1.84          2378        91.36  
                                                                 85                           2        0.08          2380        91.43  
                                                                 87                           7        0.27          2387        91.70  
                                                                 90                           8        0.31          2395        92.01  
                                                                 91                           3        0.12          2398        92.12  
                                                                 92                           1        0.04          2399        92.16  
                                                                 93                           2        0.08          2401        92.24  
                                                                100                          54        2.07          2455        94.31  
                                                                105                           1        0.04          2456        94.35  
                                                                112                           5        0.19          2461        94.54  
                                                                116                          10        0.38          2471        94.93  
                                                                125                          23        0.88          2494        95.81  
                                                                130                           1        0.04          2495        95.85  
                                                                133                           4        0.15          2499        96.00  
                                                                135                           1        0.04          2500        96.04  
                                                                137                           1        0.04          2501        96.08  
                                                                141                           1        0.04          2502        96.12  
                                                                150                          29        1.11          2531        97.23  
                                                                175                           4        0.15          2535        97.39  
                                                                183                           1        0.04          2536        97.43  
                                                                187                           1        0.04          2537        97.46  
                                                                200                          26        1.00          2563        98.46  
                                                                250                          16        0.61          2579        99.08  
                                                                275                           1        0.04          2580        99.12  
                                                                300                          19        0.73          2599        99.85  
                                                                350                           3        0.12          2602        99.96  
                                                                450                           1        0.04          2603       100.00  
                                                                    Prepared for                                                                     9
                                                                 Data Quality Report
                                                           Library:WORK  Member:scored__NV
                                                              Total Observations: 222876

                                                                                                              Number of     Numeric or          
   Variable                                                                   Label                         Observations    Character     Levels

   CAC_HH_PID                                            Household Persistent ID                                222,876     Character        50+
                                                                                                                                                
   CAC_NAME_LAST                                         Household Name                                         222,876     Character        50+
                                                                                                                                                
   bridge_address1                                       Address Line 1 From Bridge                             222,876     Character        50+
                                                                                                                                                
   bridge_address2                                       Address Line 2 From Bridge                                   0     Character         0 
                                                                                                                                                
   bridge_city                                           Address City From Bridge                               222,876     Character        50+
                                                                                                                                                
   bridge_name_first                                     First Name From Bridge                                 222,876     Character        50+
                                                                                                                                                
   bridge_name_last                                      Last Name From Bridge                                  222,876     Character        50+
                                                                                                                                                
   bridge_name_last_exact                                                                                       222,876     Character        50+
                                                                                                                                                
   bridge_name_last_fuzzy1                                                                                      222,876     Character        50+
                                                                                                                                                
   bridge_state                                          Address State From Bridge                              222,876     Character         1 
                                                         Value NV    100%                                       222,876                         
                                                                                                                                                
   bridge_zip5                                           Address Zip 5 From Bridge                              222,876     Character        50+
                                                                                                                                                
   cac_bridge_md5email_id                                Unique ID To Append Email Addresses From Bridge        222,876     Character        50+

                                                             Number        Zero          Mean        Median       Minimum       Maximum    Variable
   Variable                                                 Missing      Values         Value         Value         Value         Value     Format 

   CAC_HH_PID                                                     0                                                                          $27   
                                                                                                                                                   
   CAC_NAME_LAST                                                  0                                                                                
                                                                                                                                                   
   bridge_address1                                                0                                                                          $50   
                                                                                                                                                   
   bridge_address2                                          222,876                                                                          $50   
                                                                                                                                                   
   bridge_city                                                    0                                                                          $30   
                                                                                                                                                   
   bridge_name_first                                              0                                                                          $25   
                                                                                                                                                   
   bridge_name_last                                               0                                                                          $25   
                                                                                                                                                   
   bridge_name_last_exact                                         0                                                                                
                                                                                                                                                   
   bridge_name_last_fuzzy1                                        0                                                                                
                                                                                                                                                   
   bridge_state                                                   0                                                                          $2    
                                                                                                                                                   
                                                                                                                                                   
   bridge_zip5                                                    0                                                                          $5    
                                                                                                                                                   
   cac_bridge_md5email_id                                         0                                                                          $50   

                                                             Prepared by CAC Group, Inc.
                                                                    Prepared for                                                                    10
                                                                 Data Quality Report
                                                           Library:WORK  Member:scored__NV
                                                              Total Observations: 222876

                                                                                      Number of     Numeric or                  Number        Zero
    Variable                                                      Label             Observations    Character     Levels       Missing      Values

                                                                                                                                                  
    chosen_cac_ind_gender                                                               222,876     Numeric           2              0           0
                                                          Value        1   47.5%        105,906                                                   
                                                          Value        2   52.5%        116,970                                                   
                                                                                                                                                  
    chosen_cac_ind_last                                                                 222,876     Character        50+             0            
                                                                                                                                                  
    chosen_cac_ind_mi                                                                   188,948     Character        26         33,928            
                                                                                                                                                  
    chosen_cac_ind_name                                                                 222,876     Character        50+             0            
                                                                                                                                                  
    chosen_cac_ind_number                                                               222,876     Numeric           5              0           0
                                                          Value        1   73.3%        163,332                                                   
                                                          Value        2   20.6%         45,873                                                   
                                                          Value        3    4.9%         10,813                                                   
                                                          Value        4    1.1%          2,407                                                   
                                                          Value        5    0.2%            451                                                   
                                                                                                                                                  
    chosen_first_x_of_x_flag                                                            222,876     Numeric           2              0       1,268
                                                                                                                                                  
    chosen_match_level                                                                  222,876     Numeric           3              0           0
                                                          Value        1   88.5%        197,345                                                   
                                                          Value        2    9.3%         20,817                                                   
                                                          Value        3    2.1%          4,714                                                   

                                                                Mean        Median       Minimum       Maximum    Variable
    Variable                                                   Value         Value         Value         Value     Format 

                                                                                                                          
    chosen_cac_ind_gender                                     1.5248        2.0000        1.0000        2.0000      8     
                                                                                                                          
                                                                                                                          
                                                                                                                          
    chosen_cac_ind_last                                                                                             $20   
                                                                                                                          
    chosen_cac_ind_mi                                                                                               $1    
                                                                                                                          
    chosen_cac_ind_name                                                                                             $14   
                                                                                                                          
    chosen_cac_ind_number                                     1.3433        1.0000        1.0000        5.0000      8     
                                                                                                                          
                                                                                                                          
                                                                                                                          
                                                                                                                          
                                                                                                                          
                                                                                                                          
    chosen_first_x_of_x_flag                                  0.9943        1.0000        0.0000        1.0000      8     
                                                                                                                          
    chosen_match_level                                        1.1357        1.0000        1.0000        3.0000      8     
                                                                                                                          
                                                                                                                          
                                                                                                                          

                                                             Prepared by CAC Group, Inc.
                                                                    Prepared for                                                                    11
                                                                 Data Quality Report
                                                           Library:WORK  Member:scored__NV
                                                              Total Observations: 222876

                                                                                      Number of     Numeric or                  Number        Zero
    Variable                                                      Label             Observations    Character     Levels       Missing      Values

                                                                                                                                                  
    chosen_spedis_score                                                                 222,876      Numeric         50+             0     197,427
                                                                                                                                                  
    last_name_match                                                                     222,876      Numeric          1              0           0
                                                          Value        1    100%        222,876                                                   
                                                                                                                                                  

                                                                Mean        Median       Minimum       Maximum    Variable
    Variable                                                   Value         Value         Value         Value     Format 

                                                                                                                          
    chosen_spedis_score                                       3.0288        0.0000        0.0000      450.0000       8    
                                                                                                                          
    last_name_match                                           1.0000        1.0000        1.0000        1.0000            
                                                                                                                          
                                                                                                                          





































                                                             Prepared by CAC Group, Inc.
