                                                                                             The WPS System                                                          11:35 Wednesday, July 29, 2015    1

                                                                                           The FREQ Procedure

                                                               Table of last_name_match by chosen_cac_ind_number
                                                                                                                                        
                                                                last_name_match|             chosen_cac_ind_number             |        
                                                                ---------------+-----------------------------------------------|        
                                                                   Frequency   |       |       |       |       |       |       |        
                                                                    Percent    |       |       |       |       |       |       |        
                                                                    Row Pct    |       |       |       |       |       |       |        
                                                                    Col Pct    |   .   |   1   |   2   |   3   |   4   |   5   | Total  
                                                                ---------------+-------+-------+-------+-------+-------+-------+------- 
                                                                              0| 531462|      0|      0|      0|      0|      0| 531462 
                                                                               |  43.40|   0.00|   0.00|   0.00|   0.00|   0.00|  43.40 
                                                                               | 100.00|   0.00|   0.00|   0.00|   0.00|   0.00|        
                                                                               |  55.23|   0.00|   0.00|   0.00|   0.00|   0.00|        
                                                                ---------------+-------+-------+-------+-------+-------+-------+------- 
                                                                              1| 430736| 193690|  50483|  14324|   3257|    600| 693090 
                                                                               |  35.17|  15.82|   4.12|   1.17|   0.27|   0.05|  56.60 
                                                                               |  62.15|  27.95|   7.28|   2.07|   0.47|   0.09|        
                                                                               |  44.77| 100.00| 100.00| 100.00| 100.00| 100.00|        
                                                                ---------------+-------+-------+-------+-------+-------+-------+------- 
                                                                          Total| 962198| 193690|  50483|  14324|   3257|    600|1224552 
                                                                               |  78.58|  15.82|   4.12|   1.17|   0.27|   0.05| 100.00 
                                                                                                                                        
                                                                                             The WPS System                                                          11:35 Wednesday, July 29, 2015    2

                                                                                           The FREQ Procedure

                                                                    Table of chosen_cac_ind_number by chosen_match_level
                                                                                                                                   
                                                                     chosen_cac_ind_number|      chosen_match_level       |        
                                                                     ---------------------+-------------------------------|        
                                                                           Frequency      |       |       |       |       |        
                                                                            Percent       |       |       |       |       |        
                                                                            Row Pct       |       |       |       |       |        
                                                                            Col Pct       |   .   |   1   |   2   |   3   | Total  
                                                                     ---------------------+-------+-------+-------+-------+------- 
                                                                                         .| 962198|      0|      0|      0| 962198 
                                                                                          |  78.58|   0.00|   0.00|   0.00|  78.58 
                                                                                          | 100.00|   0.00|   0.00|   0.00|        
                                                                                          | 100.00|   0.00|   0.00|   0.00|        
                                                                     ---------------------+-------+-------+-------+-------+------- 
                                                                                         1|      0| 166272|  24142|   3276| 193690 
                                                                                          |   0.00|  13.58|   1.97|   0.27|  15.82 
                                                                                          |   0.00|  85.84|  12.46|   1.69|        
                                                                                          |   0.00|  74.22|  72.59|  64.74|        
                                                                     ---------------------+-------+-------+-------+-------+------- 
                                                                                         2|      0|  42504|   6814|   1165|  50483 
                                                                                          |   0.00|   3.47|   0.56|   0.10|   4.12 
                                                                                          |   0.00|  84.19|  13.50|   2.31|        
                                                                                          |   0.00|  18.97|  20.49|  23.02|        
                                                                     ---------------------+-------+-------+-------+-------+------- 
                                                                                         3|      0|  12082|   1774|    468|  14324 
                                                                                          |   0.00|   0.99|   0.14|   0.04|   1.17 
                                                                                          |   0.00|  84.35|  12.38|   3.27|        
                                                                                          |   0.00|   5.39|   5.33|   9.25|        
                                                                     ---------------------+-------+-------+-------+-------+------- 
                                                                                         4|      0|   2683|    451|    123|   3257 
                                                                                          |   0.00|   0.22|   0.04|   0.01|   0.27 
                                                                                          |   0.00|  82.38|  13.85|   3.78|        
                                                                                          |   0.00|   1.20|   1.36|   2.43|        
                                                                     ---------------------+-------+-------+-------+-------+------- 
                                                                                         5|      0|    497|     75|     28|    600 
                                                                                          |   0.00|   0.04|   0.01|   0.00|   0.05 
                                                                                          |   0.00|  82.83|  12.50|   4.67|        
                                                                                          |   0.00|   0.22|   0.23|   0.55|        
                                                                     ---------------------+-------+-------+-------+-------+------- 
                                                                                     Total| 962198| 224038|  33256|   5060|1224552 
                                                                                          |  78.58|  18.30|   2.72|   0.41| 100.00 
                                                                                                                                   
                                                                                             match_level 2                                                           11:35 Wednesday, July 29, 2015    3

                                                                                           The FREQ Procedure

                                                                                                                Cumulative    Cumulative
                                                                chosen_spedis_score    Frequency     Percent     Frequency      Percent 
                                                                ------------------------------------------------------------------------
                                                                 0                           85        0.26            85         0.26  
                                                                 1                            1        0.00            86         0.26  
                                                                 2                           10        0.03            96         0.29  
                                                                 3                          104        0.31           200         0.60  
                                                                 4                          174        0.52           374         1.12  
                                                                 5                         1641        4.93          2015         6.06  
                                                                 6                          156        0.47          2171         6.53  
                                                                 7                         1245        3.74          3416        10.27  
                                                                 8                          456        1.37          3872        11.64  
                                                                 9                           31        0.09          3903        11.74  
                                                                10                          640        1.92          4543        13.66  
                                                                11                         1101        3.31          5644        16.97  
                                                                12                          485        1.46          6129        18.43  
                                                                13                          270        0.81          6399        19.24  
                                                                14                          900        2.71          7299        21.95  
                                                                15                         4311       12.96         11610        34.91  
                                                                16                          736        2.21         12346        37.12  
                                                                17                         3968       11.93         16314        49.06  
                                                                18                           35        0.11         16349        49.16  
                                                                19                         1740        5.23         18089        54.39  
                                                                20                         2985        8.98         21074        63.37  
                                                                21                          922        2.77         21996        66.14  
                                                                22                          195        0.59         22191        66.73  
                                                                23                          512        1.54         22703        68.27  
                                                                24                          465        1.40         23168        69.67  
                                                                25                         1217        3.66         24385        73.33  
                                                                26                          340        1.02         24725        74.35  
                                                                27                         1017        3.06         25742        77.41  
                                                                28                         2712        8.15         28454        85.56  
                                                                29                         1019        3.06         29473        88.62  
                                                                30                         1129        3.39         30602        92.02  
                                                                31                          105        0.32         30707        92.34  
                                                                32                            4        0.01         30711        92.35  
                                                                33                         1083        3.26         31794        95.60  
                                                                34                         1462        4.40         33256       100.00  
                                                                                             match_level 3                                                           11:35 Wednesday, July 29, 2015    4

                                                                                           The FREQ Procedure

                                                                                                                Cumulative    Cumulative
                                                                chosen_spedis_score    Frequency     Percent     Frequency      Percent 
                                                                ------------------------------------------------------------------------
                                                                 35                          73        1.44            73         1.44  
                                                                 37                         616       12.17           689        13.62  
                                                                 38                         420        8.30          1109        21.92  
                                                                 39                         409        8.08          1518        30.00  
                                                                 40                         375        7.41          1893        37.41  
                                                                 41                         108        2.13          2001        39.55  
                                                                 42                          57        1.13          2058        40.67  
                                                                 43                          42        0.83          2100        41.50  
                                                                 44                           5        0.10          2105        41.60  
                                                                 45                          37        0.73          2142        42.33  
                                                                 46                          45        0.89          2187        43.22  
                                                                 47                          96        1.90          2283        45.12  
                                                                 48                           1        0.02          2284        45.14  
                                                                 49                           2        0.04          2286        45.18  
                                                                 50                         998       19.72          3284        64.90  
                                                                 52                           2        0.04          3286        64.94  
                                                                 53                           5        0.10          3291        65.04  
                                                                 54                          60        1.19          3351        66.23  
                                                                 55                          42        0.83          3393        67.06  
                                                                 56                          12        0.24          3405        67.29  
                                                                 57                          55        1.09          3460        68.38  
                                                                 58                          76        1.50          3536        69.88  
                                                                 59                           2        0.04          3538        69.92  
                                                                 60                         162        3.20          3700        73.12  
                                                                 61                           1        0.02          3701        73.14  
                                                                 62                         166        3.28          3867        76.42  
                                                                 64                          13        0.26          3880        76.68  
                                                                 65                          22        0.43          3902        77.11  
                                                                 66                         296        5.85          4198        82.96  
                                                                 67                           5        0.10          4203        83.06  
                                                                 68                          11        0.22          4214        83.28  
                                                                 69                           1        0.02          4215        83.30  
                                                                 70                          51        1.01          4266        84.31  
                                                                 71                           1        0.02          4267        84.33  
                                                                 75                         154        3.04          4421        87.37  
                                                                 78                           2        0.04          4423        87.41  
                                                                 79                           1        0.02          4424        87.43  
                                                                 80                          19        0.38          4443        87.81  
                                                                 81                           2        0.04          4445        87.85  
                                                                 82                           1        0.02          4446        87.87  
                                                                 83                         144        2.85          4590        90.71  
                                                                 85                           3        0.06          4593        90.77  
                                                                 87                          37        0.73          4630        91.50  
                                                                 89                           1        0.02          4631        91.52  
                                                                 90                           4        0.08          4635        91.60  
                                                                 91                           7        0.14          4642        91.74  
                                                                 93                           3        0.06          4645        91.80  
                                                                100                         113        2.23          4758        94.03  
                                                                106                           2        0.04          4760        94.07  
                                                                108                          13        0.26          4773        94.33  
                                                                110                           2        0.04          4775        94.37  
                                                                112                           7        0.14          4782        94.51  
                                                                115                           1        0.02          4783        94.53  
                                                                116                          16        0.32          4799        94.84  
                                                                125                          28        0.55          4827        95.40  
                                                                133                           5        0.10          4832        95.49  
                                                                137                           4        0.08          4836        95.57  
                                                                143                           2        0.04          4838        95.61  
                                                                150                          35        0.69          4873        96.30  
                                                                166                           3        0.06          4876        96.36  
                                                                175                           5        0.10          4881        96.46  
                                                                183                           1        0.02          4882        96.48  
                                                                200                          59        1.17          4941        97.65  
                                                                225                           1        0.02          4942        97.67  
                                                                250                          42        0.83          4984        98.50  
                                                                300                          53        1.05          5037        99.55  
                                                                350                          12        0.24          5049        99.78  
                                                                400                           9        0.18          5058        99.96  
                                                                450                           2        0.04          5060       100.00  
                                                                                                                                                                     11:35 Wednesday, July 29, 2015    5

                                                                                           The FREQ Procedure

                                                               Table of last_name_match by chosen_cac_ind_number
                                                                                                                                        
                                                                last_name_match|             chosen_cac_ind_number             |        
                                                                ---------------+-----------------------------------------------|        
                                                                   Frequency   |       |       |       |       |       |       |        
                                                                    Percent    |       |       |       |       |       |       |        
                                                                    Row Pct    |       |       |       |       |       |       |        
                                                                    Col Pct    |   .   |   1   |   2   |   3   |   4   |   5   | Total  
                                                                ---------------+-------+-------+-------+-------+-------+-------+------- 
                                                                              0| 531462|      0|      0|      0|      0|      0| 531462 
                                                                               |  43.40|   0.00|   0.00|   0.00|   0.00|   0.00|  43.40 
                                                                               | 100.00|   0.00|   0.00|   0.00|   0.00|   0.00|        
                                                                               |  56.53|   0.00|   0.00|   0.00|   0.00|   0.00|        
                                                                ---------------+-------+-------+-------+-------+-------+-------+------- 
                                                                              1| 408721| 191678|  75413|  13652|   3092|    534| 693090 
                                                                               |  33.38|  15.65|   6.16|   1.11|   0.25|   0.04|  56.60 
                                                                               |  58.97|  27.66|  10.88|   1.97|   0.45|   0.08|        
                                                                               |  43.47| 100.00| 100.00| 100.00| 100.00| 100.00|        
                                                                ---------------+-------+-------+-------+-------+-------+-------+------- 
                                                                          Total| 940183| 191678|  75413|  13652|   3092|    534|1224552 
                                                                               |  76.78|  15.65|   6.16|   1.11|   0.25|   0.04| 100.00 
                                                                                                                                        
                                                                                                                                                                     11:35 Wednesday, July 29, 2015    6

                                                                                           The FREQ Procedure

                                                                    Table of chosen_cac_ind_number by chosen_match_level
                                                                                                                                   
                                                                     chosen_cac_ind_number|      chosen_match_level       |        
                                                                     ---------------------+-------------------------------|        
                                                                           Frequency      |       |       |       |       |        
                                                                            Percent       |       |       |       |       |        
                                                                            Row Pct       |       |       |       |       |        
                                                                            Col Pct       |   .   |   1   |   2   |   3   | Total  
                                                                     ---------------------+-------+-------+-------+-------+------- 
                                                                                         .| 940183|      0|      0|      0| 940183 
                                                                                          |  76.78|   0.00|   0.00|   0.00|  76.78 
                                                                                          | 100.00|   0.00|   0.00|   0.00|        
                                                                                          | 100.00|   0.00|   0.00|   0.00|        
                                                                     ---------------------+-------+-------+-------+-------+------- 
                                                                                         1|      0| 170490|  17083|   4105| 191678 
                                                                                          |   0.00|  13.92|   1.40|   0.34|  15.65 
                                                                                          |   0.00|  88.95|   8.91|   2.14|        
                                                                                          |   0.00|  67.84|  64.92|  61.02|        
                                                                     ---------------------+-------+-------+-------+-------+------- 
                                                                                         2|      0|  65806|   7610|   1997|  75413 
                                                                                          |   0.00|   5.37|   0.62|   0.16|   6.16 
                                                                                          |   0.00|  87.26|  10.09|   2.65|        
                                                                                          |   0.00|  26.18|  28.92|  29.69|        
                                                                     ---------------------+-------+-------+-------+-------+------- 
                                                                                         3|      0|  11896|   1288|    468|  13652 
                                                                                          |   0.00|   0.97|   0.11|   0.04|   1.11 
                                                                                          |   0.00|  87.14|   9.43|   3.43|        
                                                                                          |   0.00|   4.73|   4.89|   6.96|        
                                                                     ---------------------+-------+-------+-------+-------+------- 
                                                                                         4|      0|   2679|    280|    133|   3092 
                                                                                          |   0.00|   0.22|   0.02|   0.01|   0.25 
                                                                                          |   0.00|  86.64|   9.06|   4.30|        
                                                                                          |   0.00|   1.07|   1.06|   1.98|        
                                                                     ---------------------+-------+-------+-------+-------+------- 
                                                                                         5|      0|    458|     52|     24|    534 
                                                                                          |   0.00|   0.04|   0.00|   0.00|   0.04 
                                                                                          |   0.00|  85.77|   9.74|   4.49|        
                                                                                          |   0.00|   0.18|   0.20|   0.36|        
                                                                     ---------------------+-------+-------+-------+-------+------- 
                                                                                     Total| 940183| 251329|  26313|   6727|1224552 
                                                                                          |  76.78|  20.52|   2.15|   0.55| 100.00 
                                                                                                                                   
                                                                                             match_level 2                                                           11:35 Wednesday, July 29, 2015    7

                                                                                           The FREQ Procedure

                                                                                                                Cumulative    Cumulative
                                                                chosen_spedis_score    Frequency     Percent     Frequency      Percent 
                                                                ------------------------------------------------------------------------
                                                                 0                          104        0.40           104         0.40  
                                                                 2                           14        0.05           118         0.45  
                                                                 3                          314        1.19           432         1.64  
                                                                 4                          301        1.14           733         2.79  
                                                                 5                         1293        4.91          2026         7.70  
                                                                 6                          641        2.44          2667        10.14  
                                                                 7                         1093        4.15          3760        14.29  
                                                                 8                         1058        4.02          4818        18.31  
                                                                 9                           18        0.07          4836        18.38  
                                                                10                          695        2.64          5531        21.02  
                                                                11                          678        2.58          6209        23.60  
                                                                12                          741        2.82          6950        26.41  
                                                                13                          181        0.69          7131        27.10  
                                                                14                         1309        4.97          8440        32.08  
                                                                15                          984        3.74          9424        35.81  
                                                                16                         1160        4.41         10584        40.22  
                                                                17                         1318        5.01         11902        45.23  
                                                                18                          204        0.78         12106        46.01  
                                                                19                          635        2.41         12741        48.42  
                                                                20                         1345        5.11         14086        53.53  
                                                                21                         1676        6.37         15762        59.90  
                                                                22                          593        2.25         16355        62.16  
                                                                23                          324        1.23         16679        63.39  
                                                                24                          239        0.91         16918        64.30  
                                                                25                         1857        7.06         18775        71.35  
                                                                26                         1096        4.17         19871        75.52  
                                                                27                          302        1.15         20173        76.67  
                                                                28                         1516        5.76         21689        82.43  
                                                                29                          807        3.07         22496        85.49  
                                                                30                         1440        5.47         23936        90.97  
                                                                31                          230        0.87         24166        91.84  
                                                                32                           11        0.04         24177        91.88  
                                                                33                         1017        3.87         25194        95.75  
                                                                34                         1119        4.25         26313       100.00  
                                                                                             match_level 3                                                           11:35 Wednesday, July 29, 2015    8

                                                                                           The FREQ Procedure

                                                                                                                Cumulative    Cumulative
                                                                chosen_spedis_score    Frequency     Percent     Frequency      Percent 
                                                                ------------------------------------------------------------------------
                                                                 35                          89        1.32            89         1.32  
                                                                 36                           1        0.01            90         1.34  
                                                                 37                         505        7.51           595         8.84  
                                                                 38                         808       12.01          1403        20.86  
                                                                 39                         385        5.72          1788        26.58  
                                                                 40                         443        6.59          2231        33.16  
                                                                 41                         208        3.09          2439        36.26  
                                                                 42                          83        1.23          2522        37.49  
                                                                 43                          29        0.43          2551        37.92  
                                                                 44                         135        2.01          2686        39.93  
                                                                 45                         446        6.63          3132        46.56  
                                                                 46                          84        1.25          3216        47.81  
                                                                 47                         632        9.39          3848        57.20  
                                                                 48                           9        0.13          3857        57.34  
                                                                 50                        1033       15.36          4890        72.69  
                                                                 52                           7        0.10          4897        72.80  
                                                                 53                           2        0.03          4899        72.83  
                                                                 54                          27        0.40          4926        73.23  
                                                                 55                          21        0.31          4947        73.54  
                                                                 56                          29        0.43          4976        73.97  
                                                                 57                          37        0.55          5013        74.52  
                                                                 58                         114        1.69          5127        76.22  
                                                                 59                           2        0.03          5129        76.24  
                                                                 60                         118        1.75          5247        78.00  
                                                                 61                           1        0.01          5248        78.01  
                                                                 62                         156        2.32          5404        80.33  
                                                                 63                           1        0.01          5405        80.35  
                                                                 64                          10        0.15          5415        80.50  
                                                                 65                           4        0.06          5419        80.56  
                                                                 66                         209        3.11          5628        83.66  
                                                                 67                           2        0.03          5630        83.69  
                                                                 68                          10        0.15          5640        83.84  
                                                                 70                          57        0.85          5697        84.69  
                                                                 71                           1        0.01          5698        84.70  
                                                                 72                           1        0.01          5699        84.72  
                                                                 75                         179        2.66          5878        87.38  
                                                                 78                           3        0.04          5881        87.42  
                                                                 80                          23        0.34          5904        87.77  
                                                                 81                           3        0.04          5907        87.81  
                                                                 82                           1        0.01          5908        87.83  
                                                                 83                         131        1.95          6039        89.77  
                                                                 87                          32        0.48          6071        90.25  
                                                                 90                          10        0.15          6081        90.40  
                                                                 91                           7        0.10          6088        90.50  
                                                                 93                           2        0.03          6090        90.53  
                                                                100                         154        2.29          6244        92.82  
                                                                106                           2        0.03          6246        92.85  
                                                                108                           3        0.04          6249        92.89  
                                                                110                           2        0.03          6251        92.92  
                                                                112                          17        0.25          6268        93.18  
                                                                116                          23        0.34          6291        93.52  
                                                                125                          73        1.09          6364        94.60  
                                                                131                           1        0.01          6365        94.62  
                                                                133                           5        0.07          6370        94.69  
                                                                137                           1        0.01          6371        94.71  
                                                                140                           1        0.01          6372        94.72  
                                                                141                           1        0.01          6373        94.74  
                                                                150                          80        1.19          6453        95.93  
                                                                175                           6        0.09          6459        96.02  
                                                                200                          90        1.34          6549        97.35  
                                                                250                          92        1.37          6641        98.72  
                                                                300                          67        1.00          6708        99.72  
                                                                350                          14        0.21          6722        99.93  
                                                                400                           3        0.04          6725        99.97  
                                                                500                           2        0.03          6727       100.00  
                                                                    Prepared for                                                                     9
                                                                 Data Quality Report
                                                           Library:WORK  Member:scored__WA
                                                              Total Observations: 546723

                                                                                                              Number of     Numeric or          
   Variable                                                                   Label                         Observations    Character     Levels

   CAC_HH_PID                                            Household Persistent ID                                546,723     Character        50+
                                                                                                                                                
   CAC_NAME_LAST                                         Household Name                                         546,723     Character        50+
                                                                                                                                                
   bridge_address1                                       Address Line 1 From Bridge                             546,723     Character        50+
                                                                                                                                                
   bridge_address2                                       Address Line 2 From Bridge                                   0     Character         0 
                                                                                                                                                
   bridge_city                                           Address City From Bridge                               546,723     Character        50+
                                                                                                                                                
   bridge_name_first                                     First Name From Bridge                                 546,723     Character        50+
                                                                                                                                                
   bridge_name_last                                      Last Name From Bridge                                  546,723     Character        50+
                                                                                                                                                
   bridge_name_last_exact                                                                                       546,723     Character        50+
                                                                                                                                                
   bridge_name_last_fuzzy1                                                                                      546,723     Character        50+
                                                                                                                                                
   bridge_state                                          Address State From Bridge                              546,723     Character         1 
                                                         Value WA    100%                                       546,723                         
                                                                                                                                                
   bridge_zip5                                           Address Zip 5 From Bridge                              546,723     Character        50+
                                                                                                                                                
   cac_bridge_md5email_id                                Unique ID To Append Email Addresses From Bridge        546,723     Character        50+

                                                             Number        Zero          Mean        Median       Minimum       Maximum    Variable
   Variable                                                 Missing      Values         Value         Value         Value         Value     Format 

   CAC_HH_PID                                                     0                                                                          $27   
                                                                                                                                                   
   CAC_NAME_LAST                                                  0                                                                                
                                                                                                                                                   
   bridge_address1                                                0                                                                          $50   
                                                                                                                                                   
   bridge_address2                                          546,723                                                                          $50   
                                                                                                                                                   
   bridge_city                                                    0                                                                          $30   
                                                                                                                                                   
   bridge_name_first                                              0                                                                          $25   
                                                                                                                                                   
   bridge_name_last                                               0                                                                          $25   
                                                                                                                                                   
   bridge_name_last_exact                                         0                                                                                
                                                                                                                                                   
   bridge_name_last_fuzzy1                                        0                                                                                
                                                                                                                                                   
   bridge_state                                                   0                                                                          $2    
                                                                                                                                                   
                                                                                                                                                   
   bridge_zip5                                                    0                                                                          $5    
                                                                                                                                                   
   cac_bridge_md5email_id                                         0                                                                          $50   

                                                             Prepared by CAC Group, Inc.
                                                                    Prepared for                                                                    10
                                                                 Data Quality Report
                                                           Library:WORK  Member:scored__WA
                                                              Total Observations: 546723

                                                                                      Number of     Numeric or                  Number        Zero
    Variable                                                      Label             Observations    Character     Levels       Missing      Values

                                                                                                                                                  
    chosen_cac_ind_gender                                                               546,723     Numeric           2              0           0
                                                          Value        1   48.0%        262,354                                                   
                                                          Value        2   52.0%        284,369                                                   
                                                                                                                                                  
    chosen_cac_ind_last                                                                 546,723     Character        50+             0            
                                                                                                                                                  
    chosen_cac_ind_mi                                                                   453,332     Character        26         93,391            
                                                                                                                                                  
    chosen_cac_ind_name                                                                 546,723     Character        50+             0            
                                                                                                                                                  
    chosen_cac_ind_number                                                               546,723     Numeric           5              0           0
                                                          Value        1   70.5%        385,368                                                   
                                                          Value        2   23.0%        125,896                                                   
                                                          Value        3    5.1%         27,976                                                   
                                                          Value        4    1.2%          6,349                                                   
                                                          Value        5    0.2%          1,134                                                   
                                                                                                                                                  
    chosen_first_x_of_x_flag                                                            546,723     Numeric           2              0       3,171
                                                                                                                                                  
    chosen_match_level                                                                  546,723     Numeric           3              0           0
                                                          Value        1   86.9%        475,367                                                   
                                                          Value        2   10.9%         59,569                                                   
                                                          Value        3    2.2%         11,787                                                   

                                                                Mean        Median       Minimum       Maximum    Variable
    Variable                                                   Value         Value         Value         Value     Format 

                                                                                                                          
    chosen_cac_ind_gender                                     1.5201        2.0000        1.0000        2.0000      8     
                                                                                                                          
                                                                                                                          
                                                                                                                          
    chosen_cac_ind_last                                                                                             $20   
                                                                                                                          
    chosen_cac_ind_mi                                                                                               $1    
                                                                                                                          
    chosen_cac_ind_name                                                                                             $14   
                                                                                                                          
    chosen_cac_ind_number                                     1.3757        1.0000        1.0000        5.0000      8     
                                                                                                                          
                                                                                                                          
                                                                                                                          
                                                                                                                          
                                                                                                                          
                                                                                                                          
    chosen_first_x_of_x_flag                                  0.9942        1.0000        0.0000        1.0000      8     
                                                                                                                          
    chosen_match_level                                        1.1521        1.0000        1.0000        3.0000      8     
                                                                                                                          
                                                                                                                          
                                                                                                                          

                                                             Prepared by CAC Group, Inc.
                                                                    Prepared for                                                                    11
                                                                 Data Quality Report
                                                           Library:WORK  Member:scored__WA
                                                              Total Observations: 546723

                                                                                      Number of     Numeric or                  Number        Zero
    Variable                                                      Label             Observations    Character     Levels       Missing      Values

                                                                                                                                                  
    chosen_spedis_score                                                                 546,723      Numeric         50+             0     475,556
                                                                                                                                                  
    last_name_match                                                                     546,723      Numeric          1              0           0
                                                          Value        1    100%        546,723                                                   
                                                                                                                                                  

                                                                Mean        Median       Minimum       Maximum    Variable
    Variable                                                   Value         Value         Value         Value     Format 

                                                                                                                          
    chosen_spedis_score                                       3.3930        0.0000        0.0000      500.0000       8    
                                                                                                                          
    last_name_match                                           1.0000        1.0000        1.0000        1.0000            
                                                                                                                          
                                                                                                                          





































                                                             Prepared by CAC Group, Inc.
