                                                                                             The WPS System                                                          11:39 Wednesday, July 29, 2015    1

                                                                                           The FREQ Procedure

                                                               Table of last_name_match by chosen_cac_ind_number
                                                                                                                                        
                                                                last_name_match|             chosen_cac_ind_number             |        
                                                                ---------------+-----------------------------------------------|        
                                                                   Frequency   |       |       |       |       |       |       |        
                                                                    Percent    |       |       |       |       |       |       |        
                                                                    Row Pct    |       |       |       |       |       |       |        
                                                                    Col Pct    |   .   |   1   |   2   |   3   |   4   |   5   | Total  
                                                                ---------------+-------+-------+-------+-------+-------+-------+------- 
                                                                              0| 302763|      0|      0|      0|      0|      0| 302763 
                                                                               |  41.35|   0.00|   0.00|   0.00|   0.00|   0.00|  41.35 
                                                                               | 100.00|   0.00|   0.00|   0.00|   0.00|   0.00|        
                                                                               |  52.21|   0.00|   0.00|   0.00|   0.00|   0.00|        
                                                                ---------------+-------+-------+-------+-------+-------+-------+------- 
                                                                              1| 277121| 105865|  34591|   9343|   2075|    371| 429366 
                                                                               |  37.85|  14.46|   4.72|   1.28|   0.28|   0.05|  58.65 
                                                                               |  64.54|  24.66|   8.06|   2.18|   0.48|   0.09|        
                                                                               |  47.79| 100.00| 100.00| 100.00| 100.00| 100.00|        
                                                                ---------------+-------+-------+-------+-------+-------+-------+------- 
                                                                          Total| 579884| 105865|  34591|   9343|   2075|    371| 732129 
                                                                               |  79.21|  14.46|   4.72|   1.28|   0.28|   0.05| 100.00 
                                                                                                                                        
                                                                                             The WPS System                                                          11:39 Wednesday, July 29, 2015    2

                                                                                           The FREQ Procedure

                                                                    Table of chosen_cac_ind_number by chosen_match_level
                                                                                                                                   
                                                                     chosen_cac_ind_number|      chosen_match_level       |        
                                                                     ---------------------+-------------------------------|        
                                                                           Frequency      |       |       |       |       |        
                                                                            Percent       |       |       |       |       |        
                                                                            Row Pct       |       |       |       |       |        
                                                                            Col Pct       |   .   |   1   |   2   |   3   | Total  
                                                                     ---------------------+-------+-------+-------+-------+------- 
                                                                                         .| 579884|      0|      0|      0| 579884 
                                                                                          |  79.21|   0.00|   0.00|   0.00|  79.21 
                                                                                          | 100.00|   0.00|   0.00|   0.00|        
                                                                                          | 100.00|   0.00|   0.00|   0.00|        
                                                                     ---------------------+-------+-------+-------+-------+------- 
                                                                                         1|      0|  91310|  12840|   1715| 105865 
                                                                                          |   0.00|  12.47|   1.75|   0.23|  14.46 
                                                                                          |   0.00|  86.25|  12.13|   1.62|        
                                                                                          |   0.00|  69.71|  69.58|  61.16|        
                                                                     ---------------------+-------+-------+-------+-------+------- 
                                                                                         2|      0|  29437|   4413|    741|  34591 
                                                                                          |   0.00|   4.02|   0.60|   0.10|   4.72 
                                                                                          |   0.00|  85.10|  12.76|   2.14|        
                                                                                          |   0.00|  22.47|  23.91|  26.43|        
                                                                     ---------------------+-------+-------+-------+-------+------- 
                                                                                         3|      0|   8171|    929|    243|   9343 
                                                                                          |   0.00|   1.12|   0.13|   0.03|   1.28 
                                                                                          |   0.00|  87.46|   9.94|   2.60|        
                                                                                          |   0.00|   6.24|   5.03|   8.67|        
                                                                     ---------------------+-------+-------+-------+-------+------- 
                                                                                         4|      0|   1766|    228|     81|   2075 
                                                                                          |   0.00|   0.24|   0.03|   0.01|   0.28 
                                                                                          |   0.00|  85.11|  10.99|   3.90|        
                                                                                          |   0.00|   1.35|   1.24|   2.89|        
                                                                     ---------------------+-------+-------+-------+-------+------- 
                                                                                         5|      0|    304|     43|     24|    371 
                                                                                          |   0.00|   0.04|   0.01|   0.00|   0.05 
                                                                                          |   0.00|  81.94|  11.59|   6.47|        
                                                                                          |   0.00|   0.23|   0.23|   0.86|        
                                                                     ---------------------+-------+-------+-------+-------+------- 
                                                                                     Total| 579884| 130988|  18453|   2804| 732129 
                                                                                          |  79.21|  17.89|   2.52|   0.38| 100.00 
                                                                                                                                   
                                                                                             match_level 2                                                           11:39 Wednesday, July 29, 2015    3

                                                                                           The FREQ Procedure

                                                                                                                Cumulative    Cumulative
                                                                chosen_spedis_score    Frequency     Percent     Frequency      Percent 
                                                                ------------------------------------------------------------------------
                                                                 0                           44        0.24            44         0.24  
                                                                 2                            3        0.02            47         0.25  
                                                                 3                           43        0.23            90         0.49  
                                                                 4                           95        0.51           185         1.00  
                                                                 5                          873        4.73          1058         5.73  
                                                                 6                           92        0.50          1150         6.23  
                                                                 7                         1012        5.48          2162        11.72  
                                                                 8                          292        1.58          2454        13.30  
                                                                 9                            6        0.03          2460        13.33  
                                                                10                          445        2.41          2905        15.74  
                                                                11                          782        4.24          3687        19.98  
                                                                12                          278        1.51          3965        21.49  
                                                                13                          145        0.79          4110        22.27  
                                                                14                          910        4.93          5020        27.20  
                                                                15                         2291       12.42          7311        39.62  
                                                                16                          398        2.16          7709        41.78  
                                                                17                         1892       10.25          9601        52.03  
                                                                18                           25        0.14          9626        52.16  
                                                                19                          978        5.30         10604        57.46  
                                                                20                         1401        7.59         12005        65.06  
                                                                21                          374        2.03         12379        67.08  
                                                                22                          152        0.82         12531        67.91  
                                                                23                          230        1.25         12761        69.15  
                                                                24                          317        1.72         13078        70.87  
                                                                25                          552        2.99         13630        73.86  
                                                                26                          247        1.34         13877        75.20  
                                                                27                          265        1.44         14142        76.64  
                                                                28                         1538        8.33         15680        84.97  
                                                                29                          681        3.69         16361        88.66  
                                                                30                          645        3.50         17006        92.16  
                                                                31                           71        0.38         17077        92.54  
                                                                32                            1        0.01         17078        92.55  
                                                                33                          605        3.28         17683        95.83  
                                                                34                          770        4.17         18453       100.00  
                                                                                             match_level 3                                                           11:39 Wednesday, July 29, 2015    4

                                                                                           The FREQ Procedure

                                                                                                                Cumulative    Cumulative
                                                                chosen_spedis_score    Frequency     Percent     Frequency      Percent 
                                                                ------------------------------------------------------------------------
                                                                 35                          41        1.46            41         1.46  
                                                                 36                           2        0.07            43         1.53  
                                                                 37                         206        7.35           249         8.88  
                                                                 38                         209        7.45           458        16.33  
                                                                 39                         261        9.31           719        25.64  
                                                                 40                         283       10.09          1002        35.73  
                                                                 41                          62        2.21          1064        37.95  
                                                                 42                          46        1.64          1110        39.59  
                                                                 43                          21        0.75          1131        40.34  
                                                                 44                           1        0.04          1132        40.37  
                                                                 45                          21        0.75          1153        41.12  
                                                                 46                          23        0.82          1176        41.94  
                                                                 47                          81        2.89          1257        44.83  
                                                                 50                         611       21.79          1868        66.62  
                                                                 52                           1        0.04          1869        66.65  
                                                                 53                           5        0.18          1874        66.83  
                                                                 54                          35        1.25          1909        68.08  
                                                                 55                          17        0.61          1926        68.69  
                                                                 56                           2        0.07          1928        68.76  
                                                                 57                          37        1.32          1965        70.08  
                                                                 58                          42        1.50          2007        71.58  
                                                                 60                         121        4.32          2128        75.89  
                                                                 62                          62        2.21          2190        78.10  
                                                                 64                           3        0.11          2193        78.21  
                                                                 65                          17        0.61          2210        78.82  
                                                                 66                         169        6.03          2379        84.84  
                                                                 67                           1        0.04          2380        84.88  
                                                                 68                           6        0.21          2386        85.09  
                                                                 70                          22        0.78          2408        85.88  
                                                                 71                           5        0.18          2413        86.06  
                                                                 75                          74        2.64          2487        88.69  
                                                                 80                           9        0.32          2496        89.02  
                                                                 81                           2        0.07          2498        89.09  
                                                                 83                          76        2.71          2574        91.80  
                                                                 85                           4        0.14          2578        91.94  
                                                                 87                          23        0.82          2601        92.76  
                                                                 90                           3        0.11          2604        92.87  
                                                                 91                           4        0.14          2608        93.01  
                                                                 92                           1        0.04          2609        93.05  
                                                                 93                           2        0.07          2611        93.12  
                                                                100                          52        1.85          2663        94.97  
                                                                108                           6        0.21          2669        95.19  
                                                                109                           1        0.04          2670        95.22  
                                                                110                           1        0.04          2671        95.26  
                                                                112                           1        0.04          2672        95.29  
                                                                115                           1        0.04          2673        95.33  
                                                                116                           6        0.21          2679        95.54  
                                                                120                           1        0.04          2680        95.58  
                                                                125                          11        0.39          2691        95.97  
                                                                133                           4        0.14          2695        96.11  
                                                                137                           1        0.04          2696        96.15  
                                                                150                          19        0.68          2715        96.83  
                                                                162                           1        0.04          2716        96.86  
                                                                175                           1        0.04          2717        96.90  
                                                                193                           1        0.04          2718        96.93  
                                                                200                          24        0.86          2742        97.79  
                                                                250                          31        1.11          2773        98.89  
                                                                300                          22        0.78          2795        99.68  
                                                                350                           4        0.14          2799        99.82  
                                                                400                           4        0.14          2803        99.96  
                                                                450                           1        0.04          2804       100.00  
                                                                                                                                                                     11:39 Wednesday, July 29, 2015    5

                                                                                           The FREQ Procedure

                                                               Table of last_name_match by chosen_cac_ind_number
                                                                                                                                        
                                                                last_name_match|             chosen_cac_ind_number             |        
                                                                ---------------+-----------------------------------------------|        
                                                                   Frequency   |       |       |       |       |       |       |        
                                                                    Percent    |       |       |       |       |       |       |        
                                                                    Row Pct    |       |       |       |       |       |       |        
                                                                    Col Pct    |   .   |   1   |   2   |   3   |   4   |   5   | Total  
                                                                ---------------+-------+-------+-------+-------+-------+-------+------- 
                                                                              0| 302763|      0|      0|      0|      0|      0| 302763 
                                                                               |  41.35|   0.00|   0.00|   0.00|   0.00|   0.00|  41.35 
                                                                               | 100.00|   0.00|   0.00|   0.00|   0.00|   0.00|        
                                                                               |  55.68|   0.00|   0.00|   0.00|   0.00|   0.00|        
                                                                ---------------+-------+-------+-------+-------+-------+-------+------- 
                                                                              1| 240987| 131355|  46162|   8585|   1929|    348| 429366 
                                                                               |  32.92|  17.94|   6.31|   1.17|   0.26|   0.05|  58.65 
                                                                               |  56.13|  30.59|  10.75|   2.00|   0.45|   0.08|        
                                                                               |  44.32| 100.00| 100.00| 100.00| 100.00| 100.00|        
                                                                ---------------+-------+-------+-------+-------+-------+-------+------- 
                                                                          Total| 543750| 131355|  46162|   8585|   1929|    348| 732129 
                                                                               |  74.27|  17.94|   6.31|   1.17|   0.26|   0.05| 100.00 
                                                                                                                                        
                                                                                                                                                                     11:39 Wednesday, July 29, 2015    6

                                                                                           The FREQ Procedure

                                                                    Table of chosen_cac_ind_number by chosen_match_level
                                                                                                                                   
                                                                     chosen_cac_ind_number|      chosen_match_level       |        
                                                                     ---------------------+-------------------------------|        
                                                                           Frequency      |       |       |       |       |        
                                                                            Percent       |       |       |       |       |        
                                                                            Row Pct       |       |       |       |       |        
                                                                            Col Pct       |   .   |   1   |   2   |   3   | Total  
                                                                     ---------------------+-------+-------+-------+-------+------- 
                                                                                         .| 543750|      0|      0|      0| 543750 
                                                                                          |  74.27|   0.00|   0.00|   0.00|  74.27 
                                                                                          | 100.00|   0.00|   0.00|   0.00|        
                                                                                          | 100.00|   0.00|   0.00|   0.00|        
                                                                     ---------------------+-------+-------+-------+-------+------- 
                                                                                         1|      0| 117435|  11293|   2627| 131355 
                                                                                          |   0.00|  16.04|   1.54|   0.36|  17.94 
                                                                                          |   0.00|  89.40|   8.60|   2.00|        
                                                                                          |   0.00|  69.95|  68.94|  63.78|        
                                                                     ---------------------+-------+-------+-------+-------+------- 
                                                                                         2|      0|  40862|   4128|   1172|  46162 
                                                                                          |   0.00|   5.58|   0.56|   0.16|   6.31 
                                                                                          |   0.00|  88.52|   8.94|   2.54|        
                                                                                          |   0.00|  24.34|  25.20|  28.45|        
                                                                     ---------------------+-------+-------+-------+-------+------- 
                                                                                         3|      0|   7589|    750|    246|   8585 
                                                                                          |   0.00|   1.04|   0.10|   0.03|   1.17 
                                                                                          |   0.00|  88.40|   8.74|   2.87|        
                                                                                          |   0.00|   4.52|   4.58|   5.97|        
                                                                     ---------------------+-------+-------+-------+-------+------- 
                                                                                         4|      0|   1691|    179|     59|   1929 
                                                                                          |   0.00|   0.23|   0.02|   0.01|   0.26 
                                                                                          |   0.00|  87.66|   9.28|   3.06|        
                                                                                          |   0.00|   1.01|   1.09|   1.43|        
                                                                     ---------------------+-------+-------+-------+-------+------- 
                                                                                         5|      0|    302|     31|     15|    348 
                                                                                          |   0.00|   0.04|   0.00|   0.00|   0.05 
                                                                                          |   0.00|  86.78|   8.91|   4.31|        
                                                                                          |   0.00|   0.18|   0.19|   0.36|        
                                                                     ---------------------+-------+-------+-------+-------+------- 
                                                                                     Total| 543750| 167879|  16381|   4119| 732129 
                                                                                          |  74.27|  22.93|   2.24|   0.56| 100.00 
                                                                                                                                   
                                                                                             match_level 2                                                           11:39 Wednesday, July 29, 2015    7

                                                                                           The FREQ Procedure

                                                                                                                Cumulative    Cumulative
                                                                chosen_spedis_score    Frequency     Percent     Frequency      Percent 
                                                                ------------------------------------------------------------------------
                                                                 0                           63        0.38            63         0.38  
                                                                 2                            4        0.02            67         0.41  
                                                                 3                          174        1.06           241         1.47  
                                                                 4                          183        1.12           424         2.59  
                                                                 5                          760        4.64          1184         7.23  
                                                                 6                          329        2.01          1513         9.24  
                                                                 7                          676        4.13          2189        13.36  
                                                                 8                          669        4.08          2858        17.45  
                                                                 9                            2        0.01          2860        17.46  
                                                                10                          482        2.94          3342        20.40  
                                                                11                          424        2.59          3766        22.99  
                                                                12                          399        2.44          4165        25.43  
                                                                13                           93        0.57          4258        25.99  
                                                                14                          900        5.49          5158        31.49  
                                                                15                          394        2.41          5552        33.89  
                                                                16                          846        5.16          6398        39.06  
                                                                17                          898        5.48          7296        44.54  
                                                                18                          109        0.67          7405        45.20  
                                                                19                          407        2.48          7812        47.69  
                                                                20                          732        4.47          8544        52.16  
                                                                21                         1299        7.93          9843        60.09  
                                                                22                          360        2.20         10203        62.29  
                                                                23                          222        1.36         10425        63.64  
                                                                24                          147        0.90         10572        64.54  
                                                                25                          829        5.06         11401        69.60  
                                                                26                          686        4.19         12087        73.79  
                                                                27                          199        1.21         12286        75.00  
                                                                28                         1153        7.04         13439        82.04  
                                                                29                          675        4.12         14114        86.16  
                                                                30                          994        6.07         15108        92.23  
                                                                31                          162        0.99         15270        93.22  
                                                                32                            3        0.02         15273        93.24  
                                                                33                          637        3.89         15910        97.12  
                                                                34                          471        2.88         16381       100.00  
                                                                                             match_level 3                                                           11:39 Wednesday, July 29, 2015    8

                                                                                           The FREQ Procedure

                                                                                                                Cumulative    Cumulative
                                                                chosen_spedis_score    Frequency     Percent     Frequency      Percent 
                                                                ------------------------------------------------------------------------
                                                                 35                          44        1.07            44         1.07  
                                                                 37                         256        6.22           300         7.28  
                                                                 38                         428       10.39           728        17.67  
                                                                 39                         249        6.05           977        23.72  
                                                                 40                         235        5.71          1212        29.42  
                                                                 41                         150        3.64          1362        33.07  
                                                                 42                          76        1.85          1438        34.91  
                                                                 43                          24        0.58          1462        35.49  
                                                                 44                          59        1.43          1521        36.93  
                                                                 45                         322        7.82          1843        44.74  
                                                                 46                          58        1.41          1901        46.15  
                                                                 47                         571       13.86          2472        60.01  
                                                                 48                           2        0.05          2474        60.06  
                                                                 50                         615       14.93          3089        74.99  
                                                                 53                           1        0.02          3090        75.02  
                                                                 54                          17        0.41          3107        75.43  
                                                                 55                          10        0.24          3117        75.67  
                                                                 56                          14        0.34          3131        76.01  
                                                                 57                          33        0.80          3164        76.81  
                                                                 58                          65        1.58          3229        78.39  
                                                                 59                           1        0.02          3230        78.42  
                                                                 60                          77        1.87          3307        80.29  
                                                                 61                           1        0.02          3308        80.31  
                                                                 62                          74        1.80          3382        82.11  
                                                                 64                           7        0.17          3389        82.28  
                                                                 65                           1        0.02          3390        82.30  
                                                                 66                         100        2.43          3490        84.73  
                                                                 67                           1        0.02          3491        84.75  
                                                                 68                           4        0.10          3495        84.85  
                                                                 70                          30        0.73          3525        85.58  
                                                                 71                           4        0.10          3529        85.68  
                                                                 72                           1        0.02          3530        85.70  
                                                                 75                          87        2.11          3617        87.81  
                                                                 78                           1        0.02          3618        87.84  
                                                                 79                           1        0.02          3619        87.86  
                                                                 80                          24        0.58          3643        88.44  
                                                                 83                          65        1.58          3708        90.02  
                                                                 85                           1        0.02          3709        90.05  
                                                                 87                          16        0.39          3725        90.43  
                                                                 90                           7        0.17          3732        90.60  
                                                                 91                           1        0.02          3733        90.63  
                                                                 93                           1        0.02          3734        90.65  
                                                                100                         102        2.48          3836        93.13  
                                                                105                           1        0.02          3837        93.15  
                                                                106                           1        0.02          3838        93.18  
                                                                108                           3        0.07          3841        93.25  
                                                                110                           2        0.05          3843        93.30  
                                                                112                           5        0.12          3848        93.42  
                                                                116                           8        0.19          3856        93.61  
                                                                125                          52        1.26          3908        94.88  
                                                                130                           1        0.02          3909        94.90  
                                                                133                           6        0.15          3915        95.05  
                                                                137                           1        0.02          3916        95.07  
                                                                150                          47        1.14          3963        96.21  
                                                                166                           1        0.02          3964        96.24  
                                                                175                           3        0.07          3967        96.31  
                                                                200                          45        1.09          4012        97.40  
                                                                250                          53        1.29          4065        98.69  
                                                                300                          44        1.07          4109        99.76  
                                                                350                           8        0.19          4117        99.95  
                                                                400                           1        0.02          4118        99.98  
                                                                650                           1        0.02          4119       100.00  
                                                                    Prepared for                                                                     9
                                                                 Data Quality Report
                                                           Library:WORK  Member:scored__OK
                                                              Total Observations: 340624

                                                                                                              Number of     Numeric or          
   Variable                                                                   Label                         Observations    Character     Levels

   CAC_HH_PID                                            Household Persistent ID                                340,624     Character        50+
                                                                                                                                                
   CAC_NAME_LAST                                         Household Name                                         340,624     Character        50+
                                                                                                                                                
   bridge_address1                                       Address Line 1 From Bridge                             340,624     Character        50+
                                                                                                                                                
   bridge_address2                                       Address Line 2 From Bridge                                   0     Character         0 
                                                                                                                                                
   bridge_city                                           Address City From Bridge                               340,624     Character        50+
                                                                                                                                                
   bridge_name_first                                     First Name From Bridge                                 340,624     Character        50+
                                                                                                                                                
   bridge_name_last                                      Last Name From Bridge                                  340,624     Character        50+
                                                                                                                                                
   bridge_name_last_exact                                                                                       340,624     Character        50+
                                                                                                                                                
   bridge_name_last_fuzzy1                                                                                      340,624     Character        50+
                                                                                                                                                
   bridge_state                                          Address State From Bridge                              340,624     Character         1 
                                                         Value OK    100%                                       340,624                         
                                                                                                                                                
   bridge_zip5                                           Address Zip 5 From Bridge                              340,624     Character        50+
                                                                                                                                                
   cac_bridge_md5email_id                                Unique ID To Append Email Addresses From Bridge        340,624     Character        50+

                                                             Number        Zero          Mean        Median       Minimum       Maximum    Variable
   Variable                                                 Missing      Values         Value         Value         Value         Value     Format 

   CAC_HH_PID                                                     0                                                                          $27   
                                                                                                                                                   
   CAC_NAME_LAST                                                  0                                                                                
                                                                                                                                                   
   bridge_address1                                                0                                                                          $50   
                                                                                                                                                   
   bridge_address2                                          340,624                                                                          $50   
                                                                                                                                                   
   bridge_city                                                    0                                                                          $30   
                                                                                                                                                   
   bridge_name_first                                              0                                                                          $25   
                                                                                                                                                   
   bridge_name_last                                               0                                                                          $25   
                                                                                                                                                   
   bridge_name_last_exact                                         0                                                                                
                                                                                                                                                   
   bridge_name_last_fuzzy1                                        0                                                                                
                                                                                                                                                   
   bridge_state                                                   0                                                                          $2    
                                                                                                                                                   
                                                                                                                                                   
   bridge_zip5                                                    0                                                                          $5    
                                                                                                                                                   
   cac_bridge_md5email_id                                         0                                                                          $50   

                                                             Prepared by CAC Group, Inc.
                                                                    Prepared for                                                                    10
                                                                 Data Quality Report
                                                           Library:WORK  Member:scored__OK
                                                              Total Observations: 340624

                                                                                      Number of     Numeric or                  Number        Zero
    Variable                                                      Label             Observations    Character     Levels       Missing      Values

                                                                                                                                                  
    chosen_cac_ind_gender                                                               340,624     Numeric           2              0           0
                                                          Value        1   44.7%        152,245                                                   
                                                          Value        2   55.3%        188,379                                                   
                                                                                                                                                  
    chosen_cac_ind_last                                                                 340,624     Character        50+             0            
                                                                                                                                                  
    chosen_cac_ind_mi                                                                   291,183     Character        26         49,441            
                                                                                                                                                  
    chosen_cac_ind_name                                                                 340,624     Character        50+             0            
                                                                                                                                                  
    chosen_cac_ind_number                                                               340,624     Numeric           5              0           0
                                                          Value        1   69.6%        237,220                                                   
                                                          Value        2   23.7%         80,753                                                   
                                                          Value        3    5.3%         17,928                                                   
                                                          Value        4    1.2%          4,004                                                   
                                                          Value        5    0.2%            719                                                   
                                                                                                                                                  
    chosen_first_x_of_x_flag                                                            340,624     Numeric           2              0       1,855
                                                                                                                                                  
    chosen_match_level                                                                  340,624     Numeric           3              0           0
                                                          Value        1   87.7%        298,867                                                   
                                                          Value        2   10.2%         34,834                                                   
                                                          Value        3    2.0%          6,923                                                   

                                                                Mean        Median       Minimum       Maximum    Variable
    Variable                                                   Value         Value         Value         Value     Format 

                                                                                                                          
    chosen_cac_ind_gender                                     1.5530        2.0000        1.0000        2.0000      8     
                                                                                                                          
                                                                                                                          
                                                                                                                          
    chosen_cac_ind_last                                                                                             $20   
                                                                                                                          
    chosen_cac_ind_mi                                                                                               $1    
                                                                                                                          
    chosen_cac_ind_name                                                                                             $14   
                                                                                                                          
    chosen_cac_ind_number                                     1.3860        1.0000        1.0000        5.0000      8     
                                                                                                                          
                                                                                                                          
                                                                                                                          
                                                                                                                          
                                                                                                                          
                                                                                                                          
    chosen_first_x_of_x_flag                                  0.9946        1.0000        0.0000        1.0000      8     
                                                                                                                          
    chosen_match_level                                        1.1429        1.0000        1.0000        3.0000      8     
                                                                                                                          
                                                                                                                          
                                                                                                                          

                                                             Prepared by CAC Group, Inc.
                                                                    Prepared for                                                                    11
                                                                 Data Quality Report
                                                           Library:WORK  Member:scored__OK
                                                              Total Observations: 340624

                                                                                      Number of     Numeric or                  Number        Zero
    Variable                                                      Label             Observations    Character     Levels       Missing      Values

                                                                                                                                                  
    chosen_spedis_score                                                                 340,624      Numeric         50+             0     298,974
                                                                                                                                                  
    last_name_match                                                                     340,624      Numeric          1              0           0
                                                          Value        1    100%        340,624                                                   
                                                                                                                                                  

                                                                Mean        Median       Minimum       Maximum    Variable
    Variable                                                   Value         Value         Value         Value     Format 

                                                                                                                          
    chosen_spedis_score                                       3.1521        0.0000        0.0000      650.0000       8    
                                                                                                                          
    last_name_match                                           1.0000        1.0000        1.0000        1.0000            
                                                                                                                          
                                                                                                                          





































                                                             Prepared by CAC Group, Inc.
