                                                                                             The WPS System                                                          11:32 Wednesday, July 29, 2015    1

                                                                                           The FREQ Procedure

                                                               Table of last_name_match by chosen_cac_ind_number
                                                                                                                                        
                                                                last_name_match|             chosen_cac_ind_number             |        
                                                                ---------------+-----------------------------------------------|        
                                                                   Frequency   |       |       |       |       |       |       |        
                                                                    Percent    |       |       |       |       |       |       |        
                                                                    Row Pct    |       |       |       |       |       |       |        
                                                                    Col Pct    |   .   |   1   |   2   |   3   |   4   |   5   | Total  
                                                                ---------------+-------+-------+-------+-------+-------+-------+------- 
                                                                              0| 889461|      0|      0|      0|      0|      0| 889461 
                                                                               |  42.15|   0.00|   0.00|   0.00|   0.00|   0.00|  42.15 
                                                                               | 100.00|   0.00|   0.00|   0.00|   0.00|   0.00|        
                                                                               |  52.58|   0.00|   0.00|   0.00|   0.00|   0.00|        
                                                                ---------------+-------+-------+-------+-------+-------+-------+------- 
                                                                              1| 802267| 288552|  93342|  28586|   6651|   1234|1220632 
                                                                               |  38.02|  13.67|   4.42|   1.35|   0.32|   0.06|  57.85 
                                                                               |  65.73|  23.64|   7.65|   2.34|   0.54|   0.10|        
                                                                               |  47.42| 100.00| 100.00| 100.00| 100.00| 100.00|        
                                                                ---------------+-------+-------+-------+-------+-------+-------+------- 
                                                                          Total|1691728| 288552|  93342|  28586|   6651|   1234|2110093 
                                                                               |  80.17|  13.67|   4.42|   1.35|   0.32|   0.06| 100.00 
                                                                                                                                        
                                                                                             The WPS System                                                          11:32 Wednesday, July 29, 2015    2

                                                                                           The FREQ Procedure

                                                                    Table of chosen_cac_ind_number by chosen_match_level
                                                                                                                                   
                                                                     chosen_cac_ind_number|      chosen_match_level       |        
                                                                     ---------------------+-------------------------------|        
                                                                           Frequency      |       |       |       |       |        
                                                                            Percent       |       |       |       |       |        
                                                                            Row Pct       |       |       |       |       |        
                                                                            Col Pct       |   .   |   1   |   2   |   3   | Total  
                                                                     ---------------------+-------+-------+-------+-------+------- 
                                                                                         .|1691728|      0|      0|      0|1691728 
                                                                                          |  80.17|   0.00|   0.00|   0.00|  80.17 
                                                                                          | 100.00|   0.00|   0.00|   0.00|        
                                                                                          | 100.00|   0.00|   0.00|   0.00|        
                                                                     ---------------------+-------+-------+-------+-------+------- 
                                                                                         1|      0| 255313|  28136|   5103| 288552 
                                                                                          |   0.00|  12.10|   1.33|   0.24|  13.67 
                                                                                          |   0.00|  88.48|   9.75|   1.77|        
                                                                                          |   0.00|  69.37|  67.24|  60.26|        
                                                                     ---------------------+-------+-------+-------+-------+------- 
                                                                                         2|      0|  81215|   9964|   2163|  93342 
                                                                                          |   0.00|   3.85|   0.47|   0.10|   4.42 
                                                                                          |   0.00|  87.01|  10.67|   2.32|        
                                                                                          |   0.00|  22.07|  23.81|  25.54|        
                                                                     ---------------------+-------+-------+-------+-------+------- 
                                                                                         3|      0|  24791|   2893|    902|  28586 
                                                                                          |   0.00|   1.17|   0.14|   0.04|   1.35 
                                                                                          |   0.00|  86.72|  10.12|   3.16|        
                                                                                          |   0.00|   6.74|   6.91|  10.65|        
                                                                     ---------------------+-------+-------+-------+-------+------- 
                                                                                         4|      0|   5682|    722|    247|   6651 
                                                                                          |   0.00|   0.27|   0.03|   0.01|   0.32 
                                                                                          |   0.00|  85.43|  10.86|   3.71|        
                                                                                          |   0.00|   1.54|   1.73|   2.92|        
                                                                     ---------------------+-------+-------+-------+-------+------- 
                                                                                         5|      0|   1051|    130|     53|   1234 
                                                                                          |   0.00|   0.05|   0.01|   0.00|   0.06 
                                                                                          |   0.00|  85.17|  10.53|   4.29|        
                                                                                          |   0.00|   0.29|   0.31|   0.63|        
                                                                     ---------------------+-------+-------+-------+-------+------- 
                                                                                     Total|1691728| 368052|  41845|   8468|2110093 
                                                                                          |  80.17|  17.44|   1.98|   0.40| 100.00 
                                                                                                                                   
                                                                                             match_level 2                                                           11:32 Wednesday, July 29, 2015    3

                                                                                           The FREQ Procedure

                                                                                                                Cumulative    Cumulative
                                                                chosen_spedis_score    Frequency     Percent     Frequency      Percent 
                                                                ------------------------------------------------------------------------
                                                                 0                          157        0.38           157         0.38  
                                                                 2                           28        0.07           185         0.44  
                                                                 3                          236        0.56           421         1.01  
                                                                 4                          406        0.97           827         1.98  
                                                                 5                         1973        4.72          2800         6.69  
                                                                 6                          387        0.92          3187         7.62  
                                                                 7                         2143        5.12          5330        12.74  
                                                                 8                          879        2.10          6209        14.84  
                                                                 9                           73        0.17          6282        15.01  
                                                                10                         1189        2.84          7471        17.85  
                                                                11                         1624        3.88          9095        21.73  
                                                                12                          976        2.33         10071        24.07  
                                                                13                          278        0.66         10349        24.73  
                                                                14                         1532        3.66         11881        28.39  
                                                                15                         4537       10.84         16418        39.24  
                                                                16                         1323        3.16         17741        42.40  
                                                                17                         3043        7.27         20784        49.67  
                                                                18                           98        0.23         20882        49.90  
                                                                19                         2821        6.74         23703        56.64  
                                                                20                         3177        7.59         26880        64.24  
                                                                21                         1040        2.49         27920        66.72  
                                                                22                          406        0.97         28326        67.69  
                                                                23                          498        1.19         28824        68.88  
                                                                24                          663        1.58         29487        70.47  
                                                                25                         1526        3.65         31013        74.11  
                                                                26                          474        1.13         31487        75.25  
                                                                27                          561        1.34         32048        76.59  
                                                                28                         3311        7.91         35359        84.50  
                                                                29                         1349        3.22         36708        87.72  
                                                                30                         1825        4.36         38533        92.09  
                                                                31                          251        0.60         38784        92.68  
                                                                32                           17        0.04         38801        92.73  
                                                                33                         1664        3.98         40465        96.70  
                                                                34                         1380        3.30         41845       100.00  
                                                                                             match_level 3                                                           11:32 Wednesday, July 29, 2015    4

                                                                                           The FREQ Procedure

                                                                                                                Cumulative    Cumulative
                                                                chosen_spedis_score    Frequency     Percent     Frequency      Percent 
                                                                ------------------------------------------------------------------------
                                                                 35                         149        1.76           149         1.76  
                                                                 36                           8        0.09           157         1.85  
                                                                 37                         670        7.91           827         9.77  
                                                                 38                         532        6.28          1359        16.05  
                                                                 39                         654        7.72          2013        23.77  
                                                                 40                         749        8.85          2762        32.62  
                                                                 41                         210        2.48          2972        35.10  
                                                                 42                         192        2.27          3164        37.36  
                                                                 43                          68        0.80          3232        38.17  
                                                                 44                          15        0.18          3247        38.34  
                                                                 45                          64        0.76          3311        39.10  
                                                                 46                         144        1.70          3455        40.80  
                                                                 47                         176        2.08          3631        42.88  
                                                                 48                          15        0.18          3646        43.06  
                                                                 49                           2        0.02          3648        43.08  
                                                                 50                        1808       21.35          5456        64.43  
                                                                 52                           8        0.09          5464        64.53  
                                                                 53                           8        0.09          5472        64.62  
                                                                 54                         126        1.49          5598        66.11  
                                                                 55                          37        0.44          5635        66.54  
                                                                 56                          28        0.33          5663        66.88  
                                                                 57                         191        2.26          5854        69.13  
                                                                 58                         226        2.67          6080        71.80  
                                                                 59                           5        0.06          6085        71.86  
                                                                 60                         322        3.80          6407        75.66  
                                                                 62                         238        2.81          6645        78.47  
                                                                 64                          41        0.48          6686        78.96  
                                                                 65                          47        0.56          6733        79.51  
                                                                 66                         422        4.98          7155        84.49  
                                                                 67                           4        0.05          7159        84.54  
                                                                 68                          15        0.18          7174        84.72  
                                                                 70                          94        1.11          7268        85.83  
                                                                 71                          21        0.25          7289        86.08  
                                                                 75                         215        2.54          7504        88.62  
                                                                 77                           1        0.01          7505        88.63  
                                                                 78                           6        0.07          7511        88.70  
                                                                 79                           1        0.01          7512        88.71  
                                                                 80                          42        0.50          7554        89.21  
                                                                 81                           5        0.06          7559        89.27  
                                                                 83                         214        2.53          7773        91.79  
                                                                 85                           8        0.09          7781        91.89  
                                                                 87                          56        0.66          7837        92.55  
                                                                 89                           1        0.01          7838        92.56  
                                                                 90                          11        0.13          7849        92.69  
                                                                 91                          19        0.22          7868        92.91  
                                                                 92                           3        0.04          7871        92.95  
                                                                 93                           2        0.02          7873        92.97  
                                                                 95                           3        0.04          7876        93.01  
                                                                100                         170        2.01          8046        95.02  
                                                                103                           1        0.01          8047        95.03  
                                                                104                           1        0.01          8048        95.04  
                                                                105                           2        0.02          8050        95.06  
                                                                106                           1        0.01          8051        95.08  
                                                                108                          19        0.22          8070        95.30  
                                                                110                           5        0.06          8075        95.36  
                                                                112                          13        0.15          8088        95.51  
                                                                116                          36        0.43          8124        95.94  
                                                                120                           1        0.01          8125        95.95  
                                                                125                          33        0.39          8158        96.34  
                                                                133                          28        0.33          8186        96.67  
                                                                135                           1        0.01          8187        96.68  
                                                                137                           5        0.06          8192        96.74  
                                                                140                           1        0.01          8193        96.75  
                                                                150                          60        0.71          8253        97.46  
                                                                158                           1        0.01          8254        97.47  
                                                                166                           6        0.07          8260        97.54  
                                                                175                           7        0.08          8267        97.63  
                                                                181                           1        0.01          8268        97.64  
                                                                187                           1        0.01          8269        97.65  
                                                                200                          61        0.72          8330        98.37  
                                                                212                           1        0.01          8331        98.38  
                                                                225                           3        0.04          8334        98.42  
                                                                250                          53        0.63          8387        99.04  
                                                                300                          47        0.56          8434        99.60  
                                                                350                          17        0.20          8451        99.80  
                                                                400                          10        0.12          8461        99.92  
                                                                450                           3        0.04          8464        99.95  
                                                                550                           3        0.04          8467        99.99  
                                                                600                           1        0.01          8468       100.00  
                                                                                                                                                                     11:32 Wednesday, July 29, 2015    5

                                                                                           The FREQ Procedure

                                                               Table of last_name_match by chosen_cac_ind_number
                                                                                                                                        
                                                                last_name_match|             chosen_cac_ind_number             |        
                                                                ---------------+-----------------------------------------------|        
                                                                   Frequency   |       |       |       |       |       |       |        
                                                                    Percent    |       |       |       |       |       |       |        
                                                                    Row Pct    |       |       |       |       |       |       |        
                                                                    Col Pct    |   .   |   1   |   2   |   3   |   4   |   5   | Total  
                                                                ---------------+-------+-------+-------+-------+-------+-------+------- 
                                                                              0| 889461|      0|      0|      0|      0|      0| 889461 
                                                                               |  42.15|   0.00|   0.00|   0.00|   0.00|   0.00|  42.15 
                                                                               | 100.00|   0.00|   0.00|   0.00|   0.00|   0.00|        
                                                                               |  55.62|   0.00|   0.00|   0.00|   0.00|   0.00|        
                                                                ---------------+-------+-------+-------+-------+-------+-------+------- 
                                                                              1| 709722| 353800| 122377|  27422|   6152|   1159|1220632 
                                                                               |  33.63|  16.77|   5.80|   1.30|   0.29|   0.05|  57.85 
                                                                               |  58.14|  28.98|  10.03|   2.25|   0.50|   0.09|        
                                                                               |  44.38| 100.00| 100.00| 100.00| 100.00| 100.00|        
                                                                ---------------+-------+-------+-------+-------+-------+-------+------- 
                                                                          Total|1599183| 353800| 122377|  27422|   6152|   1159|2110093 
                                                                               |  75.79|  16.77|   5.80|   1.30|   0.29|   0.05| 100.00 
                                                                                                                                        
                                                                                                                                                                     11:32 Wednesday, July 29, 2015    6

                                                                                           The FREQ Procedure

                                                                    Table of chosen_cac_ind_number by chosen_match_level
                                                                                                                                   
                                                                     chosen_cac_ind_number|      chosen_match_level       |        
                                                                     ---------------------+-------------------------------|        
                                                                           Frequency      |       |       |       |       |        
                                                                            Percent       |       |       |       |       |        
                                                                            Row Pct       |       |       |       |       |        
                                                                            Col Pct       |   .   |   1   |   2   |   3   | Total  
                                                                     ---------------------+-------+-------+-------+-------+------- 
                                                                                         .|1599183|      0|      0|      0|1599183 
                                                                                          |  75.79|   0.00|   0.00|   0.00|  75.79 
                                                                                          | 100.00|   0.00|   0.00|   0.00|        
                                                                                          | 100.00|   0.00|   0.00|   0.00|        
                                                                     ---------------------+-------+-------+-------+-------+------- 
                                                                                         1|      0| 319267|  28586|   5947| 353800 
                                                                                          |   0.00|  15.13|   1.35|   0.28|  16.77 
                                                                                          |   0.00|  90.24|   8.08|   1.68|        
                                                                                          |   0.00|  69.55|  68.01|  60.54|        
                                                                     ---------------------+-------+-------+-------+-------+------- 
                                                                                         2|      0| 109078|  10478|   2821| 122377 
                                                                                          |   0.00|   5.17|   0.50|   0.13|   5.80 
                                                                                          |   0.00|  89.13|   8.56|   2.31|        
                                                                                          |   0.00|  23.76|  24.93|  28.72|        
                                                                     ---------------------+-------+-------+-------+-------+------- 
                                                                                         3|      0|  24299|   2328|    795|  27422 
                                                                                          |   0.00|   1.15|   0.11|   0.04|   1.30 
                                                                                          |   0.00|  88.61|   8.49|   2.90|        
                                                                                          |   0.00|   5.29|   5.54|   8.09|        
                                                                     ---------------------+-------+-------+-------+-------+------- 
                                                                                         4|      0|   5422|    521|    209|   6152 
                                                                                          |   0.00|   0.26|   0.02|   0.01|   0.29 
                                                                                          |   0.00|  88.13|   8.47|   3.40|        
                                                                                          |   0.00|   1.18|   1.24|   2.13|        
                                                                     ---------------------+-------+-------+-------+-------+------- 
                                                                                         5|      0|    991|    117|     51|   1159 
                                                                                          |   0.00|   0.05|   0.01|   0.00|   0.05 
                                                                                          |   0.00|  85.50|  10.09|   4.40|        
                                                                                          |   0.00|   0.22|   0.28|   0.52|        
                                                                     ---------------------+-------+-------+-------+-------+------- 
                                                                                     Total|1599183| 459057|  42030|   9823|2110093 
                                                                                          |  75.79|  21.76|   1.99|   0.47| 100.00 
                                                                                                                                   
                                                                                             match_level 2                                                           11:32 Wednesday, July 29, 2015    7

                                                                                           The FREQ Procedure

                                                                                                                Cumulative    Cumulative
                                                                chosen_spedis_score    Frequency     Percent     Frequency      Percent 
                                                                ------------------------------------------------------------------------
                                                                 0                          250        0.59           250         0.59  
                                                                 2                           46        0.11           296         0.70  
                                                                 3                          657        1.56           953         2.27  
                                                                 4                          637        1.52          1590         3.78  
                                                                 5                         2283        5.43          3873         9.21  
                                                                 6                         1089        2.59          4962        11.81  
                                                                 7                         2089        4.97          7051        16.78  
                                                                 8                         2178        5.18          9229        21.96  
                                                                 9                           26        0.06          9255        22.02  
                                                                10                         1282        3.05         10537        25.07  
                                                                11                         1152        2.74         11689        27.81  
                                                                12                         1367        3.25         13056        31.06  
                                                                13                          311        0.74         13367        31.80  
                                                                14                         2623        6.24         15990        38.04  
                                                                15                          911        2.17         16901        40.21  
                                                                16                         2586        6.15         19487        46.36  
                                                                17                         1843        4.38         21330        50.75  
                                                                18                          293        0.70         21623        51.45  
                                                                19                         1108        2.64         22731        54.08  
                                                                20                         1868        4.44         24599        58.53  
                                                                21                         2615        6.22         27214        64.75  
                                                                22                          979        2.33         28193        67.08  
                                                                23                          412        0.98         28605        68.06  
                                                                24                          350        0.83         28955        68.89  
                                                                25                         2151        5.12         31106        74.01  
                                                                26                         1403        3.34         32509        77.35  
                                                                27                          390        0.93         32899        78.28  
                                                                28                         2135        5.08         35034        83.35  
                                                                29                         1314        3.13         36348        86.48  
                                                                30                         2165        5.15         38513        91.63  
                                                                31                          473        1.13         38986        92.76  
                                                                32                           29        0.07         39015        92.83  
                                                                33                         1685        4.01         40700        96.84  
                                                                34                         1330        3.16         42030       100.00  
                                                                                             match_level 3                                                           11:32 Wednesday, July 29, 2015    8

                                                                                           The FREQ Procedure

                                                                                                                Cumulative    Cumulative
                                                                chosen_spedis_score    Frequency     Percent     Frequency      Percent 
                                                                ------------------------------------------------------------------------
                                                                 35                         152        1.55           152         1.55  
                                                                 36                           3        0.03           155         1.58  
                                                                 37                         661        6.73           816         8.31  
                                                                 38                         808        8.23          1624        16.53  
                                                                 39                         511        5.20          2135        21.73  
                                                                 40                         553        5.63          2688        27.36  
                                                                 41                         352        3.58          3040        30.95  
                                                                 42                         227        2.31          3267        33.26  
                                                                 43                          68        0.69          3335        33.95  
                                                                 44                         171        1.74          3506        35.69  
                                                                 45                         421        4.29          3927        39.98  
                                                                 46                         199        2.03          4126        42.00  
                                                                 47                        1026       10.44          5152        52.45  
                                                                 48                          12        0.12          5164        52.57  
                                                                 50                        1609       16.38          6773        68.95  
                                                                 52                          16        0.16          6789        69.11  
                                                                 53                          20        0.20          6809        69.32  
                                                                 54                          85        0.87          6894        70.18  
                                                                 55                          42        0.43          6936        70.61  
                                                                 56                          36        0.37          6972        70.98  
                                                                 57                         137        1.39          7109        72.37  
                                                                 58                         251        2.56          7360        74.93  
                                                                 59                          11        0.11          7371        75.04  
                                                                 60                         209        2.13          7580        77.17  
                                                                 61                           2        0.02          7582        77.19  
                                                                 62                         265        2.70          7847        79.88  
                                                                 63                           3        0.03          7850        79.91  
                                                                 64                          21        0.21          7871        80.13  
                                                                 65                          15        0.15          7886        80.28  
                                                                 66                         267        2.72          8153        83.00  
                                                                 67                           1        0.01          8154        83.01  
                                                                 68                          28        0.29          8182        83.29  
                                                                 69                           2        0.02          8184        83.31  
                                                                 70                          94        0.96          8278        84.27  
                                                                 71                          11        0.11          8289        84.38  
                                                                 72                           3        0.03          8292        84.41  
                                                                 75                         222        2.26          8514        86.67  
                                                                 78                           6        0.06          8520        86.74  
                                                                 79                           1        0.01          8521        86.75  
                                                                 80                          44        0.45          8565        87.19  
                                                                 81                           7        0.07          8572        87.26  
                                                                 82                           1        0.01          8573        87.27  
                                                                 83                         219        2.23          8792        89.50  
                                                                 84                           1        0.01          8793        89.51  
                                                                 85                           6        0.06          8799        89.58  
                                                                 87                          54        0.55          8853        90.13  
                                                                 89                           1        0.01          8854        90.14  
                                                                 90                          26        0.26          8880        90.40  
                                                                 91                          17        0.17          8897        90.57  
                                                                 92                           4        0.04          8901        90.61  
                                                                 93                           4        0.04          8905        90.65  
                                                                 95                           2        0.02          8907        90.67  
                                                                100                         210        2.14          9117        92.81  
                                                                106                           2        0.02          9119        92.83  
                                                                108                           7        0.07          9126        92.90  
                                                                110                           1        0.01          9127        92.91  
                                                                112                          18        0.18          9145        93.10  
                                                                115                           1        0.01          9146        93.11  
                                                                116                          40        0.41          9186        93.52  
                                                                118                           5        0.05          9191        93.57  
                                                                120                           1        0.01          9192        93.58  
                                                                125                          90        0.92          9282        94.49  
                                                                133                          13        0.13          9295        94.62  
                                                                137                          13        0.13          9308        94.76  
                                                                140                           1        0.01          9309        94.77  
                                                                141                           1        0.01          9310        94.78  
                                                                145                           1        0.01          9311        94.79  
                                                                150                         121        1.23          9432        96.02  
                                                                156                           1        0.01          9433        96.03  
                                                                162                           1        0.01          9434        96.04  
                                                                175                          26        0.26          9460        96.30  
                                                                181                           1        0.01          9461        96.31  
                                                                200                         107        1.09          9568        97.40  
                                                                233                           1        0.01          9569        97.41  
                                                                237                           1        0.01          9570        97.42  
                                                                250                         131        1.33          9701        98.76  
                                                                300                          89        0.91          9790        99.66  
                                                                350                          16        0.16          9806        99.83  
                                                                400                           9        0.09          9815        99.92  
                                                                450                           3        0.03          9818        99.95  
                                                                500                           2        0.02          9820        99.97  
                                                                550                           2        0.02          9822        99.99  
                                                                650                           1        0.01          9823       100.00  
                                                                    Prepared for                                                                     9
                                                                 Data Quality Report
                                                           Library:WORK  Member:scored__GA
                                                              Total Observations: 929275

                                                                                                              Number of     Numeric or          
   Variable                                                                   Label                         Observations    Character     Levels

   CAC_HH_PID                                            Household Persistent ID                                929,275     Character        50+
                                                                                                                                                
   CAC_NAME_LAST                                         Household Name                                         929,275     Character        50+
                                                                                                                                                
   bridge_address1                                       Address Line 1 From Bridge                             929,275     Character        50+
                                                                                                                                                
   bridge_address2                                       Address Line 2 From Bridge                                   0     Character         0 
                                                                                                                                                
   bridge_city                                           Address City From Bridge                               929,275     Character        50+
                                                                                                                                                
   bridge_name_first                                     First Name From Bridge                                 929,275     Character        50+
                                                                                                                                                
   bridge_name_last                                      Last Name From Bridge                                  929,275     Character        50+
                                                                                                                                                
   bridge_name_last_exact                                                                                       929,275     Character        50+
                                                                                                                                                
   bridge_name_last_fuzzy1                                                                                      929,275     Character        50+
                                                                                                                                                
   bridge_state                                          Address State From Bridge                              929,275     Character         1 
                                                         Value GA    100%                                       929,275                         
                                                                                                                                                
   bridge_zip5                                           Address Zip 5 From Bridge                              929,275     Character        50+
                                                                                                                                                
   cac_bridge_md5email_id                                Unique ID To Append Email Addresses From Bridge        929,275     Character        50+

                                                             Number        Zero          Mean        Median       Minimum       Maximum    Variable
   Variable                                                 Missing      Values         Value         Value         Value         Value     Format 

   CAC_HH_PID                                                     0                                                                          $27   
                                                                                                                                                   
   CAC_NAME_LAST                                                  0                                                                                
                                                                                                                                                   
   bridge_address1                                                0                                                                          $50   
                                                                                                                                                   
   bridge_address2                                          929,275                                                                          $50   
                                                                                                                                                   
   bridge_city                                                    0                                                                          $30   
                                                                                                                                                   
   bridge_name_first                                              0                                                                          $25   
                                                                                                                                                   
   bridge_name_last                                               0                                                                          $25   
                                                                                                                                                   
   bridge_name_last_exact                                         0                                                                                
                                                                                                                                                   
   bridge_name_last_fuzzy1                                        0                                                                                
                                                                                                                                                   
   bridge_state                                                   0                                                                          $2    
                                                                                                                                                   
                                                                                                                                                   
   bridge_zip5                                                    0                                                                          $5    
                                                                                                                                                   
   cac_bridge_md5email_id                                         0                                                                          $50   

                                                             Prepared by CAC Group, Inc.
                                                                    Prepared for                                                                    10
                                                                 Data Quality Report
                                                           Library:WORK  Member:scored__GA
                                                              Total Observations: 929275

                                                                                      Number of     Numeric or                  Number        Zero
    Variable                                                      Label             Observations    Character     Levels       Missing      Values

                                                                                                                                                  
    chosen_cac_ind_gender                                                               929,275     Numeric           2              0           0
                                                          Value        1   45.0%        418,365                                                   
                                                          Value        2   55.0%        510,910                                                   
                                                                                                                                                  
    chosen_cac_ind_last                                                                 929,275     Character        50+             0            
                                                                                                                                                  
    chosen_cac_ind_mi                                                                   724,715     Character        26        204,560            
                                                                                                                                                  
    chosen_cac_ind_name                                                                 929,275     Character        50+             0            
                                                                                                                                                  
    chosen_cac_ind_number                                                               929,275     Numeric           5              0           0
                                                          Value        1   69.1%        642,352                                                   
                                                          Value        2   23.2%        215,719                                                   
                                                          Value        3    6.0%         56,008                                                   
                                                          Value        4    1.4%         12,803                                                   
                                                          Value        5    0.3%          2,393                                                   
                                                                                                                                                  
    chosen_first_x_of_x_flag                                                            929,275     Numeric           2              0       5,639
                                                                                                                                                  
    chosen_match_level                                                                  929,275     Numeric           3              0           0
                                                          Value        1   89.0%        827,109                                                   
                                                          Value        2    9.0%         83,875                                                   
                                                          Value        3    2.0%         18,291                                                   

                                                                Mean        Median       Minimum       Maximum    Variable
    Variable                                                   Value         Value         Value         Value     Format 

                                                                                                                          
    chosen_cac_ind_gender                                     1.5498        2.0000        1.0000        2.0000      8     
                                                                                                                          
                                                                                                                          
                                                                                                                          
    chosen_cac_ind_last                                                                                             $20   
                                                                                                                          
    chosen_cac_ind_mi                                                                                               $1    
                                                                                                                          
    chosen_cac_ind_name                                                                                             $14   
                                                                                                                          
    chosen_cac_ind_number                                     1.4043        1.0000        1.0000        5.0000      8     
                                                                                                                          
                                                                                                                          
                                                                                                                          
                                                                                                                          
                                                                                                                          
                                                                                                                          
    chosen_first_x_of_x_flag                                  0.9939        1.0000        0.0000        1.0000      8     
                                                                                                                          
    chosen_match_level                                        1.1296        1.0000        1.0000        3.0000      8     
                                                                                                                          
                                                                                                                          
                                                                                                                          

                                                             Prepared by CAC Group, Inc.
                                                                    Prepared for                                                                    11
                                                                 Data Quality Report
                                                           Library:WORK  Member:scored__GA
                                                              Total Observations: 929275

                                                                                      Number of     Numeric or                  Number        Zero
    Variable                                                      Label             Observations    Character     Levels       Missing      Values

                                                                                                                                                  
    chosen_spedis_score                                                                 929,275      Numeric         50+             0     827,516
                                                                                                                                                  
    last_name_match                                                                     929,275      Numeric          1              0           0
                                                          Value        1    100%        929,275                                                   
                                                                                                                                                  

                                                                Mean        Median       Minimum       Maximum    Variable
    Variable                                                   Value         Value         Value         Value     Format 

                                                                                                                          
    chosen_spedis_score                                       2.8420        0.0000        0.0000      650.0000       8    
                                                                                                                          
    last_name_match                                           1.0000        1.0000        1.0000        1.0000            
                                                                                                                          
                                                                                                                          





































                                                             Prepared by CAC Group, Inc.
