                                                                                             The WPS System                                                          11:28 Wednesday, July 29, 2015    1

                                                                                           The FREQ Procedure

                                                               Table of last_name_match by chosen_cac_ind_number
                                                                                                                                        
                                                                last_name_match|             chosen_cac_ind_number             |        
                                                                ---------------+-----------------------------------------------|        
                                                                   Frequency   |       |       |       |       |       |       |        
                                                                    Percent    |       |       |       |       |       |       |        
                                                                    Row Pct    |       |       |       |       |       |       |        
                                                                    Col Pct    |   .   |   1   |   2   |   3   |   4   |   5   | Total  
                                                                ---------------+-------+-------+-------+-------+-------+-------+------- 
                                                                              0| 977951|      0|      0|      0|      0|      0| 977951 
                                                                               |  38.69|   0.00|   0.00|   0.00|   0.00|   0.00|  38.69 
                                                                               | 100.00|   0.00|   0.00|   0.00|   0.00|   0.00|        
                                                                               |  50.40|   0.00|   0.00|   0.00|   0.00|   0.00|        
                                                                ---------------+-------+-------+-------+-------+-------+-------+------- 
                                                                              1| 962355| 408767| 123927|  41127|  11028|   2183|1549387 
                                                                               |  38.08|  16.17|   4.90|   1.63|   0.44|   0.09|  61.31 
                                                                               |  62.11|  26.38|   8.00|   2.65|   0.71|   0.14|        
                                                                               |  49.60| 100.00| 100.00| 100.00| 100.00| 100.00|        
                                                                ---------------+-------+-------+-------+-------+-------+-------+------- 
                                                                          Total|1940306| 408767| 123927|  41127|  11028|   2183|2527338 
                                                                               |  76.77|  16.17|   4.90|   1.63|   0.44|   0.09| 100.00 
                                                                                                                                        
                                                                                             The WPS System                                                          11:28 Wednesday, July 29, 2015    2

                                                                                           The FREQ Procedure

                                                                    Table of chosen_cac_ind_number by chosen_match_level
                                                                                                                                   
                                                                     chosen_cac_ind_number|      chosen_match_level       |        
                                                                     ---------------------+-------------------------------|        
                                                                           Frequency      |       |       |       |       |        
                                                                            Percent       |       |       |       |       |        
                                                                            Row Pct       |       |       |       |       |        
                                                                            Col Pct       |   .   |   1   |   2   |   3   | Total  
                                                                     ---------------------+-------+-------+-------+-------+------- 
                                                                                         .|1940306|      0|      0|      0|1940306 
                                                                                          |  76.77|   0.00|   0.00|   0.00|  76.77 
                                                                                          | 100.00|   0.00|   0.00|   0.00|        
                                                                                          | 100.00|   0.00|   0.00|   0.00|        
                                                                     ---------------------+-------+-------+-------+-------+------- 
                                                                                         1|      0| 348556|  53349|   6862| 408767 
                                                                                          |   0.00|  13.79|   2.11|   0.27|  16.17 
                                                                                          |   0.00|  85.27|  13.05|   1.68|        
                                                                                          |   0.00|  70.15|  68.17|  57.76|        
                                                                     ---------------------+-------+-------+-------+-------+------- 
                                                                                         2|      0| 103492|  17333|   3102| 123927 
                                                                                          |   0.00|   4.09|   0.69|   0.12|   4.90 
                                                                                          |   0.00|  83.51|  13.99|   2.50|        
                                                                                          |   0.00|  20.83|  22.15|  26.11|        
                                                                     ---------------------+-------+-------+-------+-------+------- 
                                                                                         3|      0|  34099|   5664|   1364|  41127 
                                                                                          |   0.00|   1.35|   0.22|   0.05|   1.63 
                                                                                          |   0.00|  82.91|  13.77|   3.32|        
                                                                                          |   0.00|   6.86|   7.24|  11.48|        
                                                                     ---------------------+-------+-------+-------+-------+------- 
                                                                                         4|      0|   8965|   1618|    445|  11028 
                                                                                          |   0.00|   0.35|   0.06|   0.02|   0.44 
                                                                                          |   0.00|  81.29|  14.67|   4.04|        
                                                                                          |   0.00|   1.80|   2.07|   3.75|        
                                                                     ---------------------+-------+-------+-------+-------+------- 
                                                                                         5|      0|   1785|    291|    107|   2183 
                                                                                          |   0.00|   0.07|   0.01|   0.00|   0.09 
                                                                                          |   0.00|  81.77|  13.33|   4.90|        
                                                                                          |   0.00|   0.36|   0.37|   0.90|        
                                                                     ---------------------+-------+-------+-------+-------+------- 
                                                                                     Total|1940306| 496897|  78255|  11880|2527338 
                                                                                          |  76.77|  19.66|   3.10|   0.47| 100.00 
                                                                                                                                   
                                                                                             match_level 2                                                           11:28 Wednesday, July 29, 2015    3

                                                                                           The FREQ Procedure

                                                                                                                Cumulative    Cumulative
                                                                chosen_spedis_score    Frequency     Percent     Frequency      Percent 
                                                                ------------------------------------------------------------------------
                                                                 0                          376        0.48           376         0.48  
                                                                 2                           40        0.05           416         0.53  
                                                                 3                          350        0.45           766         0.98  
                                                                 4                          558        0.71          1324         1.69  
                                                                 5                         3510        4.49          4834         6.18  
                                                                 6                          597        0.76          5431         6.94  
                                                                 7                         3704        4.73          9135        11.67  
                                                                 8                         1895        2.42         11030        14.09  
                                                                 9                          117        0.15         11147        14.24  
                                                                10                         2357        3.01         13504        17.26  
                                                                11                         2261        2.89         15765        20.15  
                                                                12                         2146        2.74         17911        22.89  
                                                                13                          445        0.57         18356        23.46  
                                                                14                         3702        4.73         22058        28.19  
                                                                15                         8315       10.63         30373        38.81  
                                                                16                         3701        4.73         34074        43.54  
                                                                17                         6408        8.19         40482        51.73  
                                                                18                          113        0.14         40595        51.88  
                                                                19                         3393        4.34         43988        56.21  
                                                                20                         6810        8.70         50798        64.91  
                                                                21                         1494        1.91         52292        66.82  
                                                                22                          461        0.59         52753        67.41  
                                                                23                          975        1.25         53728        68.66  
                                                                24                          961        1.23         54689        69.89  
                                                                25                         3621        4.63         58310        74.51  
                                                                26                          839        1.07         59149        75.58  
                                                                27                         1727        2.21         60876        77.79  
                                                                28                         6723        8.59         67599        86.38  
                                                                29                         2208        2.82         69807        89.20  
                                                                30                         3118        3.98         72925        93.19  
                                                                31                          376        0.48         73301        93.67  
                                                                32                           31        0.04         73332        93.71  
                                                                33                         2130        2.72         75462        96.43  
                                                                34                         2793        3.57         78255       100.00  
                                                                                             match_level 3                                                           11:28 Wednesday, July 29, 2015    4

                                                                                           The FREQ Procedure

                                                                                                                Cumulative    Cumulative
                                                                chosen_spedis_score    Frequency     Percent     Frequency      Percent 
                                                                ------------------------------------------------------------------------
                                                                 35                         192        1.62           192         1.62  
                                                                 36                           8        0.07           200         1.68  
                                                                 37                         984        8.28          1184         9.97  
                                                                 38                        1084        9.12          2268        19.09  
                                                                 39                         898        7.56          3166        26.65  
                                                                 40                         932        7.85          4098        34.49  
                                                                 41                         313        2.63          4411        37.13  
                                                                 42                         222        1.87          4633        39.00  
                                                                 43                         113        0.95          4746        39.95  
                                                                 44                          11        0.09          4757        40.04  
                                                                 45                         104        0.88          4861        40.92  
                                                                 46                          97        0.82          4958        41.73  
                                                                 47                         191        1.61          5149        43.34  
                                                                 48                           8        0.07          5157        43.41  
                                                                 49                           7        0.06          5164        43.47  
                                                                 50                        2345       19.74          7509        63.21  
                                                                 52                           6        0.05          7515        63.26  
                                                                 53                          10        0.08          7525        63.34  
                                                                 54                         155        1.30          7680        64.65  
                                                                 55                          67        0.56          7747        65.21  
                                                                 56                          52        0.44          7799        65.65  
                                                                 57                         233        1.96          8032        67.61  
                                                                 58                         238        2.00          8270        69.61  
                                                                 59                           3        0.03          8273        69.64  
                                                                 60                         399        3.36          8672        73.00  
                                                                 61                           5        0.04          8677        73.04  
                                                                 62                         378        3.18          9055        76.22  
                                                                 63                           2        0.02          9057        76.24  
                                                                 64                          53        0.45          9110        76.68  
                                                                 65                          63        0.53          9173        77.21  
                                                                 66                         697        5.87          9870        83.08  
                                                                 67                           6        0.05          9876        83.13  
                                                                 68                          30        0.25          9906        83.38  
                                                                 70                         128        1.08         10034        84.46  
                                                                 71                          17        0.14         10051        84.60  
                                                                 72                           2        0.02         10053        84.62  
                                                                 75                         356        3.00         10409        87.62  
                                                                 77                           1        0.01         10410        87.63  
                                                                 78                           9        0.08         10419        87.70  
                                                                 79                           2        0.02         10421        87.72  
                                                                 80                          40        0.34         10461        88.06  
                                                                 81                          15        0.13         10476        88.18  
                                                                 82                           2        0.02         10478        88.20  
                                                                 83                         318        2.68         10796        90.88  
                                                                 85                           4        0.03         10800        90.91  
                                                                 87                         115        0.97         10915        91.88  
                                                                 89                           1        0.01         10916        91.89  
                                                                 90                          27        0.23         10943        92.11  
                                                                 91                          29        0.24         10972        92.36  
                                                                 92                           5        0.04         10977        92.40  
                                                                 93                           4        0.03         10981        92.43  
                                                                 95                           1        0.01         10982        92.44  
                                                                100                         261        2.20         11243        94.64  
                                                                103                           1        0.01         11244        94.65  
                                                                105                           1        0.01         11245        94.65  
                                                                106                           5        0.04         11250        94.70  
                                                                108                          13        0.11         11263        94.81  
                                                                110                           5        0.04         11268        94.85  
                                                                112                          31        0.26         11299        95.11  
                                                                114                           1        0.01         11300        95.12  
                                                                116                          59        0.50         11359        95.61  
                                                                118                           2        0.02         11361        95.63  
                                                                120                           1        0.01         11362        95.64  
                                                                125                          38        0.32         11400        95.96  
                                                                129                           1        0.01         11401        95.97  
                                                                130                           1        0.01         11402        95.98  
                                                                131                           1        0.01         11403        95.98  
                                                                133                          18        0.15         11421        96.14  
                                                                137                           5        0.04         11426        96.18  
                                                                143                           2        0.02         11428        96.20  
                                                                145                           1        0.01         11429        96.20  
                                                                150                          78        0.66         11507        96.86  
                                                                156                           1        0.01         11508        96.87  
                                                                158                           1        0.01         11509        96.88  
                                                                162                           2        0.02         11511        96.89  
                                                                166                           2        0.02         11513        96.91  
                                                                175                           3        0.03         11516        96.94  
                                                                187                           1        0.01         11517        96.94  
                                                                200                         128        1.08         11645        98.02  
                                                                216                           1        0.01         11646        98.03  
                                                                250                          79        0.66         11725        98.70  
                                                                283                           1        0.01         11726        98.70  
                                                                300                          77        0.65         11803        99.35  
                                                                325                           1        0.01         11804        99.36  
                                                                350                          38        0.32         11842        99.68  
                                                                400                          26        0.22         11868        99.90  
                                                                450                           6        0.05         11874        99.95  
                                                                550                           2        0.02         11876        99.97  
                                                                650                           1        0.01         11877        99.97  
                                                                750                           2        0.02         11879        99.99  
                                                                950                           1        0.01         11880       100.00  
                                                                                                                                                                     11:28 Wednesday, July 29, 2015    5

                                                                                           The FREQ Procedure

                                                               Table of last_name_match by chosen_cac_ind_number
                                                                                                                                        
                                                                last_name_match|             chosen_cac_ind_number             |        
                                                                ---------------+-----------------------------------------------|        
                                                                   Frequency   |       |       |       |       |       |       |        
                                                                    Percent    |       |       |       |       |       |       |        
                                                                    Row Pct    |       |       |       |       |       |       |        
                                                                    Col Pct    |   .   |   1   |   2   |   3   |   4   |   5   | Total  
                                                                ---------------+-------+-------+-------+-------+-------+-------+------- 
                                                                              0| 977951|      0|      0|      0|      0|      0| 977951 
                                                                               |  38.69|   0.00|   0.00|   0.00|   0.00|   0.00|  38.69 
                                                                               | 100.00|   0.00|   0.00|   0.00|   0.00|   0.00|        
                                                                               |  51.69|   0.00|   0.00|   0.00|   0.00|   0.00|        
                                                                ---------------+-------+-------+-------+-------+-------+-------+------- 
                                                                              1| 914057| 414841| 168533|  39575|  10301|   2080|1549387 
                                                                               |  36.17|  16.41|   6.67|   1.57|   0.41|   0.08|  61.31 
                                                                               |  58.99|  26.77|  10.88|   2.55|   0.66|   0.13|        
                                                                               |  48.31| 100.00| 100.00| 100.00| 100.00| 100.00|        
                                                                ---------------+-------+-------+-------+-------+-------+-------+------- 
                                                                          Total|1892008| 414841| 168533|  39575|  10301|   2080|2527338 
                                                                               |  74.86|  16.41|   6.67|   1.57|   0.41|   0.08| 100.00 
                                                                                                                                        
                                                                                                                                                                     11:28 Wednesday, July 29, 2015    6

                                                                                           The FREQ Procedure

                                                                    Table of chosen_cac_ind_number by chosen_match_level
                                                                                                                                   
                                                                     chosen_cac_ind_number|      chosen_match_level       |        
                                                                     ---------------------+-------------------------------|        
                                                                           Frequency      |       |       |       |       |        
                                                                            Percent       |       |       |       |       |        
                                                                            Row Pct       |       |       |       |       |        
                                                                            Col Pct       |   .   |   1   |   2   |   3   | Total  
                                                                     ---------------------+-------+-------+-------+-------+------- 
                                                                                         .|1892008|      0|      0|      0|1892008 
                                                                                          |  74.86|   0.00|   0.00|   0.00|  74.86 
                                                                                          | 100.00|   0.00|   0.00|   0.00|        
                                                                                          | 100.00|   0.00|   0.00|   0.00|        
                                                                     ---------------------+-------+-------+-------+-------+------- 
                                                                                         1|      0| 360451|  45514|   8876| 414841 
                                                                                          |   0.00|  14.26|   1.80|   0.35|  16.41 
                                                                                          |   0.00|  86.89|  10.97|   2.14|        
                                                                                          |   0.00|  65.85|  63.09|  56.21|        
                                                                     ---------------------+-------+-------+-------+-------+------- 
                                                                                         2|      0| 142791|  20742|   5000| 168533 
                                                                                          |   0.00|   5.65|   0.82|   0.20|   6.67 
                                                                                          |   0.00|  84.73|  12.31|   2.97|        
                                                                                          |   0.00|  26.09|  28.75|  31.67|        
                                                                     ---------------------+-------+-------+-------+-------+------- 
                                                                                         3|      0|  33778|   4427|   1370|  39575 
                                                                                          |   0.00|   1.34|   0.18|   0.05|   1.57 
                                                                                          |   0.00|  85.35|  11.19|   3.46|        
                                                                                          |   0.00|   6.17|   6.14|   8.68|        
                                                                     ---------------------+-------+-------+-------+-------+------- 
                                                                                         4|      0|   8692|   1168|    441|  10301 
                                                                                          |   0.00|   0.34|   0.05|   0.02|   0.41 
                                                                                          |   0.00|  84.38|  11.34|   4.28|        
                                                                                          |   0.00|   1.59|   1.62|   2.79|        
                                                                     ---------------------+-------+-------+-------+-------+------- 
                                                                                         5|      0|   1690|    287|    103|   2080 
                                                                                          |   0.00|   0.07|   0.01|   0.00|   0.08 
                                                                                          |   0.00|  81.25|  13.80|   4.95|        
                                                                                          |   0.00|   0.31|   0.40|   0.65|        
                                                                     ---------------------+-------+-------+-------+-------+------- 
                                                                                     Total|1892008| 547402|  72138|  15790|2527338 
                                                                                          |  74.86|  21.66|   2.85|   0.62| 100.00 
                                                                                                                                   
                                                                                             match_level 2                                                           11:28 Wednesday, July 29, 2015    7

                                                                                           The FREQ Procedure

                                                                                                                Cumulative    Cumulative
                                                                chosen_spedis_score    Frequency     Percent     Frequency      Percent 
                                                                ------------------------------------------------------------------------
                                                                 0                          486        0.67           486         0.67  
                                                                 2                           50        0.07           536         0.74  
                                                                 3                          966        1.34          1502         2.08  
                                                                 4                          760        1.05          2262         3.14  
                                                                 5                         3061        4.24          5323         7.38  
                                                                 6                         1833        2.54          7156         9.92  
                                                                 7                         3173        4.40         10329        14.32  
                                                                 8                         3041        4.22         13370        18.53  
                                                                 9                           30        0.04         13400        18.58  
                                                                10                         2393        3.32         15793        21.89  
                                                                11                         2155        2.99         17948        24.88  
                                                                12                         2699        3.74         20647        28.62  
                                                                13                          406        0.56         21053        29.18  
                                                                14                         4091        5.67         25144        34.86  
                                                                15                         2796        3.88         27940        38.73  
                                                                16                         4195        5.82         32135        44.55  
                                                                17                         2704        3.75         34839        48.29  
                                                                18                          364        0.50         35203        48.80  
                                                                19                         1613        2.24         36816        51.04  
                                                                20                         4426        6.14         41242        57.17  
                                                                21                         3729        5.17         44971        62.34  
                                                                22                         1259        1.75         46230        64.09  
                                                                23                          605        0.84         46835        64.92  
                                                                24                          453        0.63         47288        65.55  
                                                                25                         5194        7.20         52482        72.75  
                                                                26                         2543        3.53         55025        76.28  
                                                                27                          733        1.02         55758        77.29  
                                                                28                         4050        5.61         59808        82.91  
                                                                29                         2183        3.03         61991        85.93  
                                                                30                         4157        5.76         66148        91.70  
                                                                31                          901        1.25         67049        92.95  
                                                                32                           19        0.03         67068        92.97  
                                                                33                         2570        3.56         69638        96.53  
                                                                34                         2500        3.47         72138       100.00  
                                                                                             match_level 3                                                           11:28 Wednesday, July 29, 2015    8

                                                                                           The FREQ Procedure

                                                                                                                Cumulative    Cumulative
                                                                chosen_spedis_score    Frequency     Percent     Frequency      Percent 
                                                                ------------------------------------------------------------------------
                                                                 35                         225        1.42           225         1.42  
                                                                 36                           2        0.01           227         1.44  
                                                                 37                        1209        7.66          1436         9.09  
                                                                 38                        1564        9.91          3000        19.00  
                                                                 39                         794        5.03          3794        24.03  
                                                                 40                         985        6.24          4779        30.27  
                                                                 41                         547        3.46          5326        33.73  
                                                                 42                         297        1.88          5623        35.61  
                                                                 43                         139        0.88          5762        36.49  
                                                                 44                         316        2.00          6078        38.49  
                                                                 45                         838        5.31          6916        43.80  
                                                                 46                         254        1.61          7170        45.41  
                                                                 47                        1336        8.46          8506        53.87  
                                                                 48                           9        0.06          8515        53.93  
                                                                 50                        2556       16.19         11071        70.11  
                                                                 52                          21        0.13         11092        70.25  
                                                                 53                          12        0.08         11104        70.32  
                                                                 54                          68        0.43         11172        70.75  
                                                                 55                          57        0.36         11229        71.11  
                                                                 56                          69        0.44         11298        71.55  
                                                                 57                         162        1.03         11460        72.58  
                                                                 58                         273        1.73         11733        74.31  
                                                                 59                          12        0.08         11745        74.38  
                                                                 60                         381        2.41         12126        76.80  
                                                                 61                           6        0.04         12132        76.83  
                                                                 62                         396        2.51         12528        79.34  
                                                                 64                          44        0.28         12572        79.62  
                                                                 65                          20        0.13         12592        79.75  
                                                                 66                         376        2.38         12968        82.13  
                                                                 67                           2        0.01         12970        82.14  
                                                                 68                          38        0.24         13008        82.38  
                                                                 69                           1        0.01         13009        82.39  
                                                                 70                         197        1.25         13206        83.64  
                                                                 71                          24        0.15         13230        83.79  
                                                                 72                           4        0.03         13234        83.81  
                                                                 75                         383        2.43         13617        86.24  
                                                                 78                           7        0.04         13624        86.28  
                                                                 79                           2        0.01         13626        86.30  
                                                                 80                          62        0.39         13688        86.69  
                                                                 81                           4        0.03         13692        86.71  
                                                                 82                           2        0.01         13694        86.73  
                                                                 83                         265        1.68         13959        88.40  
                                                                 84                           2        0.01         13961        88.42  
                                                                 85                           8        0.05         13969        88.47  
                                                                 87                          79        0.50         14048        88.97  
                                                                 89                           1        0.01         14049        88.97  
                                                                 90                          44        0.28         14093        89.25  
                                                                 91                          14        0.09         14107        89.34  
                                                                 92                           3        0.02         14110        89.36  
                                                                 93                          12        0.08         14122        89.44  
                                                                 95                           6        0.04         14128        89.47  
                                                                100                         351        2.22         14479        91.70  
                                                                106                           4        0.03         14483        91.72  
                                                                108                           7        0.04         14490        91.77  
                                                                110                           5        0.03         14495        91.80  
                                                                112                          46        0.29         14541        92.09  
                                                                116                          57        0.36         14598        92.45  
                                                                118                           1        0.01         14599        92.46  
                                                                120                           3        0.02         14602        92.48  
                                                                125                         221        1.40         14823        93.88  
                                                                130                           4        0.03         14827        93.90  
                                                                133                          16        0.10         14843        94.00  
                                                                137                          12        0.08         14855        94.08  
                                                                140                           2        0.01         14857        94.09  
                                                                141                           1        0.01         14858        94.10  
                                                                145                           1        0.01         14859        94.10  
                                                                150                         194        1.23         15053        95.33  
                                                                162                           5        0.03         15058        95.36  
                                                                166                           3        0.02         15061        95.38  
                                                                175                          34        0.22         15095        95.60  
                                                                183                           3        0.02         15098        95.62  
                                                                187                           2        0.01         15100        95.63  
                                                                200                         185        1.17         15285        96.80  
                                                                208                           1        0.01         15286        96.81  
                                                                225                           1        0.01         15287        96.81  
                                                                233                           1        0.01         15288        96.82  
                                                                250                         246        1.56         15534        98.38  
                                                                262                           1        0.01         15535        98.39  
                                                                275                           1        0.01         15536        98.39  
                                                                300                         188        1.19         15724        99.58  
                                                                350                          39        0.25         15763        99.83  
                                                                400                          21        0.13         15784        99.96  
                                                                450                           2        0.01         15786        99.97  
                                                                500                           4        0.03         15790       100.00  
                                                                    Prepared for                                                                     9
                                                                 Data Quality Report
                                                           Library:WORK  Member:scored__IL
                                                             Total Observations: 1222362

                                                                                                              Number of     Numeric or          
   Variable                                                                   Label                         Observations    Character     Levels

   CAC_HH_PID                                            Household Persistent ID                              1,222,362     Character        50+
                                                                                                                                                
   CAC_NAME_LAST                                         Household Name                                       1,222,362     Character        50+
                                                                                                                                                
   bridge_address1                                       Address Line 1 From Bridge                           1,222,362     Character        50+
                                                                                                                                                
   bridge_address2                                       Address Line 2 From Bridge                                   0     Character         0 
                                                                                                                                                
   bridge_city                                           Address City From Bridge                             1,222,362     Character        50+
                                                                                                                                                
   bridge_name_first                                     First Name From Bridge                               1,222,362     Character        50+
                                                                                                                                                
   bridge_name_last                                      Last Name From Bridge                                1,222,362     Character        50+
                                                                                                                                                
   bridge_name_last_exact                                                                                     1,222,362     Character        50+
                                                                                                                                                
   bridge_name_last_fuzzy1                                                                                    1,222,362     Character        50+
                                                                                                                                                
   bridge_state                                          Address State From Bridge                            1,222,362     Character         1 
                                                         Value IL    100%                                     1,222,362                         
                                                                                                                                                
   bridge_zip5                                           Address Zip 5 From Bridge                            1,222,362     Character        50+
                                                                                                                                                
   cac_bridge_md5email_id                                Unique ID To Append Email Addresses From Bridge      1,222,362     Character        50+

                                                             Number        Zero          Mean        Median       Minimum       Maximum    Variable
   Variable                                                 Missing      Values         Value         Value         Value         Value     Format 

   CAC_HH_PID                                                     0                                                                          $27   
                                                                                                                                                   
   CAC_NAME_LAST                                                  0                                                                                
                                                                                                                                                   
   bridge_address1                                                0                                                                          $50   
                                                                                                                                                   
   bridge_address2                                        1,222,362                                                                          $50   
                                                                                                                                                   
   bridge_city                                                    0                                                                          $30   
                                                                                                                                                   
   bridge_name_first                                              0                                                                          $25   
                                                                                                                                                   
   bridge_name_last                                               0                                                                          $25   
                                                                                                                                                   
   bridge_name_last_exact                                         0                                                                                
                                                                                                                                                   
   bridge_name_last_fuzzy1                                        0                                                                                
                                                                                                                                                   
   bridge_state                                                   0                                                                          $2    
                                                                                                                                                   
                                                                                                                                                   
   bridge_zip5                                                    0                                                                          $5    
                                                                                                                                                   
   cac_bridge_md5email_id                                         0                                                                          $50   

                                                             Prepared by CAC Group, Inc.
                                                                    Prepared for                                                                    10
                                                                 Data Quality Report
                                                           Library:WORK  Member:scored__IL
                                                             Total Observations: 1222362

                                                                                      Number of     Numeric or                  Number        Zero
    Variable                                                      Label             Observations    Character     Levels       Missing      Values

                                                                                                                                                  
    chosen_cac_ind_gender                                                             1,222,362     Numeric           2              0           0
                                                          Value        1   48.0%        587,032                                                   
                                                          Value        2   52.0%        635,330                                                   
                                                                                                                                                  
    chosen_cac_ind_last                                                               1,222,362     Character        50+             0            
                                                                                                                                                  
    chosen_cac_ind_mi                                                                   956,397     Character        26        265,965            
                                                                                                                                                  
    chosen_cac_ind_name                                                               1,222,362     Character        50+             0            
                                                                                                                                                  
    chosen_cac_ind_number                                                             1,222,362     Numeric           5              0           0
                                                          Value        1   67.4%        823,608                                                   
                                                          Value        2   23.9%        292,460                                                   
                                                          Value        3    6.6%         80,702                                                   
                                                          Value        4    1.7%         21,329                                                   
                                                          Value        5    0.3%          4,263                                                   
                                                                                                                                                  
    chosen_first_x_of_x_flag                                                          1,222,362     Numeric           2              0       7,999
                                                                                                                                                  
    chosen_match_level                                                                1,222,362     Numeric           3              0           0
                                                          Value        1   85.4%      1,044,299                                                   
                                                          Value        2   12.3%        150,393                                                   
                                                          Value        3    2.3%         27,670                                                   

                                                                Mean        Median       Minimum       Maximum    Variable
    Variable                                                   Value         Value         Value         Value     Format 

                                                                                                                          
    chosen_cac_ind_gender                                     1.5198        2.0000        1.0000        2.0000      8     
                                                                                                                          
                                                                                                                          
                                                                                                                          
    chosen_cac_ind_last                                                                                             $20   
                                                                                                                          
    chosen_cac_ind_mi                                                                                               $1    
                                                                                                                          
    chosen_cac_ind_name                                                                                             $14   
                                                                                                                          
    chosen_cac_ind_number                                     1.4376        1.0000        1.0000        5.0000      8     
                                                                                                                          
                                                                                                                          
                                                                                                                          
                                                                                                                          
                                                                                                                          
                                                                                                                          
    chosen_first_x_of_x_flag                                  0.9935        1.0000        0.0000        1.0000      8     
                                                                                                                          
    chosen_match_level                                        1.1683        1.0000        1.0000        3.0000      8     
                                                                                                                          
                                                                                                                          
                                                                                                                          

                                                             Prepared by CAC Group, Inc.
                                                                    Prepared for                                                                    11
                                                                 Data Quality Report
                                                           Library:WORK  Member:scored__IL
                                                             Total Observations: 1222362

                                                                                      Number of     Numeric or                  Number        Zero
    Variable                                                      Label             Observations    Character     Levels       Missing      Values

                                                                                                                                                  
    chosen_spedis_score                                                               1,222,362      Numeric         50+             0     1045161
                                                                                                                                                  
    last_name_match                                                                   1,222,362      Numeric          1              0           0
                                                          Value        1    100%      1,222,362                                                   
                                                                                                                                                  

                                                                Mean        Median       Minimum       Maximum    Variable
    Variable                                                   Value         Value         Value         Value     Format 

                                                                                                                          
    chosen_spedis_score                                       3.6892        0.0000        0.0000      950.0000       8    
                                                                                                                          
    last_name_match                                           1.0000        1.0000        1.0000        1.0000            
                                                                                                                          
                                                                                                                          





































                                                             Prepared by CAC Group, Inc.
