                                                                                             The WPS System                                                          11:45 Wednesday, July 29, 2015    1

                                                                                           The FREQ Procedure

                                                               Table of last_name_match by chosen_cac_ind_number
                                                                                                                                        
                                                                last_name_match|             chosen_cac_ind_number             |        
                                                                ---------------+-----------------------------------------------|        
                                                                   Frequency   |       |       |       |       |       |       |        
                                                                    Percent    |       |       |       |       |       |       |        
                                                                    Row Pct    |       |       |       |       |       |       |        
                                                                    Col Pct    |   .   |   1   |   2   |   3   |   4   |   5   | Total  
                                                                ---------------+-------+-------+-------+-------+-------+-------+------- 
                                                                              0|  43138|      0|      0|      0|      0|      0|  43138 
                                                                               |  40.54|   0.00|   0.00|   0.00|   0.00|   0.00|  40.54 
                                                                               | 100.00|   0.00|   0.00|   0.00|   0.00|   0.00|        
                                                                               |  52.09|   0.00|   0.00|   0.00|   0.00|   0.00|        
                                                                ---------------+-------+-------+-------+-------+-------+-------+------- 
                                                                              1|  39674|  17216|   4508|   1494|    331|     44|  63267 
                                                                               |  37.29|  16.18|   4.24|   1.40|   0.31|   0.04|  59.46 
                                                                               |  62.71|  27.21|   7.13|   2.36|   0.52|   0.07|        
                                                                               |  47.91| 100.00| 100.00| 100.00| 100.00| 100.00|        
                                                                ---------------+-------+-------+-------+-------+-------+-------+------- 
                                                                          Total|  82812|  17216|   4508|   1494|    331|     44| 106405 
                                                                               |  77.83|  16.18|   4.24|   1.40|   0.31|   0.04| 100.00 
                                                                                                                                        
                                                                                             The WPS System                                                          11:45 Wednesday, July 29, 2015    2

                                                                                           The FREQ Procedure

                                                                    Table of chosen_cac_ind_number by chosen_match_level
                                                                                                                                   
                                                                     chosen_cac_ind_number|      chosen_match_level       |        
                                                                     ---------------------+-------------------------------|        
                                                                           Frequency      |       |       |       |       |        
                                                                            Percent       |       |       |       |       |        
                                                                            Row Pct       |       |       |       |       |        
                                                                            Col Pct       |   .   |   1   |   2   |   3   | Total  
                                                                     ---------------------+-------+-------+-------+-------+------- 
                                                                                         .|  82812|      0|      0|      0|  82812 
                                                                                          |  77.83|   0.00|   0.00|   0.00|  77.83 
                                                                                          | 100.00|   0.00|   0.00|   0.00|        
                                                                                          | 100.00|   0.00|   0.00|   0.00|        
                                                                     ---------------------+-------+-------+-------+-------+------- 
                                                                                         1|      0|  14651|   2310|    255|  17216 
                                                                                          |   0.00|  13.77|   2.17|   0.24|  16.18 
                                                                                          |   0.00|  85.10|  13.42|   1.48|        
                                                                                          |   0.00|  73.48|  71.99|  57.30|        
                                                                     ---------------------+-------+-------+-------+-------+------- 
                                                                                         2|      0|   3739|    649|    120|   4508 
                                                                                          |   0.00|   3.51|   0.61|   0.11|   4.24 
                                                                                          |   0.00|  82.94|  14.40|   2.66|        
                                                                                          |   0.00|  18.75|  20.22|  26.97|        
                                                                     ---------------------+-------+-------+-------+-------+------- 
                                                                                         3|      0|   1235|    208|     51|   1494 
                                                                                          |   0.00|   1.16|   0.20|   0.05|   1.40 
                                                                                          |   0.00|  82.66|  13.92|   3.41|        
                                                                                          |   0.00|   6.19|   6.48|  11.46|        
                                                                     ---------------------+-------+-------+-------+-------+------- 
                                                                                         4|      0|    276|     39|     16|    331 
                                                                                          |   0.00|   0.26|   0.04|   0.02|   0.31 
                                                                                          |   0.00|  83.38|  11.78|   4.83|        
                                                                                          |   0.00|   1.38|   1.22|   3.60|        
                                                                     ---------------------+-------+-------+-------+-------+------- 
                                                                                         5|      0|     38|      3|      3|     44 
                                                                                          |   0.00|   0.04|   0.00|   0.00|   0.04 
                                                                                          |   0.00|  86.36|   6.82|   6.82|        
                                                                                          |   0.00|   0.19|   0.09|   0.67|        
                                                                     ---------------------+-------+-------+-------+-------+------- 
                                                                                     Total|  82812|  19939|   3209|    445| 106405 
                                                                                          |  77.83|  18.74|   3.02|   0.42| 100.00 
                                                                                                                                   
                                                                                             match_level 2                                                           11:45 Wednesday, July 29, 2015    3

                                                                                           The FREQ Procedure

                                                                                                                Cumulative    Cumulative
                                                                chosen_spedis_score    Frequency     Percent     Frequency      Percent 
                                                                ------------------------------------------------------------------------
                                                                 0                            6        0.19             6         0.19  
                                                                 3                            4        0.12            10         0.31  
                                                                 4                           18        0.56            28         0.87  
                                                                 5                          172        5.36           200         6.23  
                                                                 6                           17        0.53           217         6.76  
                                                                 7                          145        4.52           362        11.28  
                                                                 8                           43        1.34           405        12.62  
                                                                10                           77        2.40           482        15.02  
                                                                11                           96        2.99           578        18.01  
                                                                12                           46        1.43           624        19.45  
                                                                13                           24        0.75           648        20.19  
                                                                14                           90        2.80           738        23.00  
                                                                15                          458       14.27          1196        37.27  
                                                                16                           49        1.53          1245        38.80  
                                                                17                          397       12.37          1642        51.17  
                                                                18                            2        0.06          1644        51.23  
                                                                19                          129        4.02          1773        55.25  
                                                                20                          302        9.41          2075        64.66  
                                                                21                           81        2.52          2156        67.19  
                                                                22                           14        0.44          2170        67.62  
                                                                23                           44        1.37          2214        68.99  
                                                                24                           53        1.65          2267        70.65  
                                                                25                          113        3.52          2380        74.17  
                                                                26                           26        0.81          2406        74.98  
                                                                27                           91        2.84          2497        77.81  
                                                                28                          280        8.73          2777        86.54  
                                                                29                           89        2.77          2866        89.31  
                                                                30                          112        3.49          2978        92.80  
                                                                31                            8        0.25          2986        93.05  
                                                                32                            1        0.03          2987        93.08  
                                                                33                           59        1.84          3046        94.92  
                                                                34                          163        5.08          3209       100.00  
                                                                                             match_level 3                                                           11:45 Wednesday, July 29, 2015    4

                                                                                           The FREQ Procedure

                                                                                                                Cumulative    Cumulative
                                                                chosen_spedis_score    Frequency     Percent     Frequency      Percent 
                                                                ------------------------------------------------------------------------
                                                                 35                           4        0.90             4         0.90  
                                                                 37                          44        9.89            48        10.79  
                                                                 38                          28        6.29            76        17.08  
                                                                 39                          62       13.93           138        31.01  
                                                                 40                          35        7.87           173        38.88  
                                                                 41                          12        2.70           185        41.57  
                                                                 42                          10        2.25           195        43.82  
                                                                 43                           2        0.45           197        44.27  
                                                                 45                           6        1.35           203        45.62  
                                                                 47                           3        0.67           206        46.29  
                                                                 50                         105       23.60           311        69.89  
                                                                 54                           4        0.90           315        70.79  
                                                                 55                           2        0.45           317        71.24  
                                                                 57                           1        0.22           318        71.46  
                                                                 58                           2        0.45           320        71.91  
                                                                 60                          17        3.82           337        75.73  
                                                                 62                          13        2.92           350        78.65  
                                                                 64                           1        0.22           351        78.88  
                                                                 65                           1        0.22           352        79.10  
                                                                 66                          29        6.52           381        85.62  
                                                                 68                           1        0.22           382        85.84  
                                                                 70                           2        0.45           384        86.29  
                                                                 75                          10        2.25           394        88.54  
                                                                 80                           1        0.22           395        88.76  
                                                                 83                           8        1.80           403        90.56  
                                                                 90                           2        0.45           405        91.01  
                                                                100                          13        2.92           418        93.93  
                                                                108                           2        0.45           420        94.38  
                                                                133                           2        0.45           422        94.83  
                                                                137                           2        0.45           424        95.28  
                                                                150                           3        0.67           427        95.96  
                                                                166                           1        0.22           428        96.18  
                                                                200                           6        1.35           434        97.53  
                                                                250                           4        0.90           438        98.43  
                                                                300                           4        0.90           442        99.33  
                                                                400                           3        0.67           445       100.00  
                                                                                                                                                                     11:45 Wednesday, July 29, 2015    5

                                                                                           The FREQ Procedure

                                                               Table of last_name_match by chosen_cac_ind_number
                                                                                                                                        
                                                                last_name_match|             chosen_cac_ind_number             |        
                                                                ---------------+-----------------------------------------------|        
                                                                   Frequency   |       |       |       |       |       |       |        
                                                                    Percent    |       |       |       |       |       |       |        
                                                                    Row Pct    |       |       |       |       |       |       |        
                                                                    Col Pct    |   .   |   1   |   2   |   3   |   4   |   5   | Total  
                                                                ---------------+-------+-------+-------+-------+-------+-------+------- 
                                                                              0|  43138|      0|      0|      0|      0|      0|  43138 
                                                                               |  40.54|   0.00|   0.00|   0.00|   0.00|   0.00|  40.54 
                                                                               | 100.00|   0.00|   0.00|   0.00|   0.00|   0.00|        
                                                                               |  54.13|   0.00|   0.00|   0.00|   0.00|   0.00|        
                                                                ---------------+-------+-------+-------+-------+-------+-------+------- 
                                                                              1|  36561|  17196|   8002|   1237|    236|     35|  63267 
                                                                               |  34.36|  16.16|   7.52|   1.16|   0.22|   0.03|  59.46 
                                                                               |  57.79|  27.18|  12.65|   1.96|   0.37|   0.06|        
                                                                               |  45.87| 100.00| 100.00| 100.00| 100.00| 100.00|        
                                                                ---------------+-------+-------+-------+-------+-------+-------+------- 
                                                                          Total|  79699|  17196|   8002|   1237|    236|     35| 106405 
                                                                               |  74.90|  16.16|   7.52|   1.16|   0.22|   0.03| 100.00 
                                                                                                                                        
                                                                                                                                                                     11:45 Wednesday, July 29, 2015    6

                                                                                           The FREQ Procedure

                                                                    Table of chosen_cac_ind_number by chosen_match_level
                                                                                                                                   
                                                                     chosen_cac_ind_number|      chosen_match_level       |        
                                                                     ---------------------+-------------------------------|        
                                                                           Frequency      |       |       |       |       |        
                                                                            Percent       |       |       |       |       |        
                                                                            Row Pct       |       |       |       |       |        
                                                                            Col Pct       |   .   |   1   |   2   |   3   | Total  
                                                                     ---------------------+-------+-------+-------+-------+------- 
                                                                                         .|  79699|      0|      0|      0|  79699 
                                                                                          |  74.90|   0.00|   0.00|   0.00|  74.90 
                                                                                          | 100.00|   0.00|   0.00|   0.00|        
                                                                                          | 100.00|   0.00|   0.00|   0.00|        
                                                                     ---------------------+-------+-------+-------+-------+------- 
                                                                                         1|      0|  15190|   1639|    367|  17196 
                                                                                          |   0.00|  14.28|   1.54|   0.34|  16.16 
                                                                                          |   0.00|  88.33|   9.53|   2.13|        
                                                                                          |   0.00|  64.80|  62.75|  56.29|        
                                                                     ---------------------+-------+-------+-------+-------+------- 
                                                                                         2|      0|   6942|    829|    231|   8002 
                                                                                          |   0.00|   6.52|   0.78|   0.22|   7.52 
                                                                                          |   0.00|  86.75|  10.36|   2.89|        
                                                                                          |   0.00|  29.61|  31.74|  35.43|        
                                                                     ---------------------+-------+-------+-------+-------+------- 
                                                                                         3|      0|   1077|    119|     41|   1237 
                                                                                          |   0.00|   1.01|   0.11|   0.04|   1.16 
                                                                                          |   0.00|  87.07|   9.62|   3.31|        
                                                                                          |   0.00|   4.59|   4.56|   6.29|        
                                                                     ---------------------+-------+-------+-------+-------+------- 
                                                                                         4|      0|    203|     21|     12|    236 
                                                                                          |   0.00|   0.19|   0.02|   0.01|   0.22 
                                                                                          |   0.00|  86.02|   8.90|   5.08|        
                                                                                          |   0.00|   0.87|   0.80|   1.84|        
                                                                     ---------------------+-------+-------+-------+-------+------- 
                                                                                         5|      0|     30|      4|      1|     35 
                                                                                          |   0.00|   0.03|   0.00|   0.00|   0.03 
                                                                                          |   0.00|  85.71|  11.43|   2.86|        
                                                                                          |   0.00|   0.13|   0.15|   0.15|        
                                                                     ---------------------+-------+-------+-------+-------+------- 
                                                                                     Total|  79699|  23442|   2612|    652| 106405 
                                                                                          |  74.90|  22.03|   2.45|   0.61| 100.00 
                                                                                                                                   
                                                                                             match_level 2                                                           11:45 Wednesday, July 29, 2015    7

                                                                                           The FREQ Procedure

                                                                                                                Cumulative    Cumulative
                                                                chosen_spedis_score    Frequency     Percent     Frequency      Percent 
                                                                ------------------------------------------------------------------------
                                                                 0                           12        0.46            12         0.46  
                                                                 2                            1        0.04            13         0.50  
                                                                 3                           12        0.46            25         0.96  
                                                                 4                           30        1.15            55         2.11  
                                                                 5                          144        5.51           199         7.62  
                                                                 6                           63        2.41           262        10.03  
                                                                 7                           95        3.64           357        13.67  
                                                                 8                          141        5.40           498        19.07  
                                                                 9                            2        0.08           500        19.14  
                                                                10                           71        2.72           571        21.86  
                                                                11                           63        2.41           634        24.27  
                                                                12                           44        1.68           678        25.96  
                                                                13                           13        0.50           691        26.45  
                                                                14                          154        5.90           845        32.35  
                                                                15                           99        3.79           944        36.14  
                                                                16                          115        4.40          1059        40.54  
                                                                17                          159        6.09          1218        46.63  
                                                                18                           22        0.84          1240        47.47  
                                                                19                           76        2.91          1316        50.38  
                                                                20                          140        5.36          1456        55.74  
                                                                21                          179        6.85          1635        62.60  
                                                                22                           59        2.26          1694        64.85  
                                                                23                           31        1.19          1725        66.04  
                                                                24                           19        0.73          1744        66.77  
                                                                25                          173        6.62          1917        73.39  
                                                                26                          103        3.94          2020        77.34  
                                                                27                           29        1.11          2049        78.45  
                                                                28                          149        5.70          2198        84.15  
                                                                29                           86        3.29          2284        87.44  
                                                                30                          124        4.75          2408        92.19  
                                                                31                           17        0.65          2425        92.84  
                                                                32                            1        0.04          2426        92.88  
                                                                33                           89        3.41          2515        96.29  
                                                                34                           97        3.71          2612       100.00  
                                                                                             match_level 3                                                           11:45 Wednesday, July 29, 2015    8

                                                                                           The FREQ Procedure

                                                                                                                Cumulative    Cumulative
                                                                chosen_spedis_score    Frequency     Percent     Frequency      Percent 
                                                                ------------------------------------------------------------------------
                                                                 35                           9        1.38             9         1.38  
                                                                 37                          54        8.28            63         9.66  
                                                                 38                          76       11.66           139        21.32  
                                                                 39                          55        8.44           194        29.75  
                                                                 40                          46        7.06           240        36.81  
                                                                 41                          13        1.99           253        38.80  
                                                                 42                           2        0.31           255        39.11  
                                                                 43                           8        1.23           263        40.34  
                                                                 44                          15        2.30           278        42.64  
                                                                 45                          54        8.28           332        50.92  
                                                                 46                          12        1.84           344        52.76  
                                                                 47                          65        9.97           409        62.73  
                                                                 50                          88       13.50           497        76.23  
                                                                 53                           1        0.15           498        76.38  
                                                                 54                           4        0.61           502        76.99  
                                                                 55                           2        0.31           504        77.30  
                                                                 56                           1        0.15           505        77.45  
                                                                 57                           1        0.15           506        77.61  
                                                                 58                           8        1.23           514        78.83  
                                                                 60                          14        2.15           528        80.98  
                                                                 62                          10        1.53           538        82.52  
                                                                 65                           1        0.15           539        82.67  
                                                                 66                           9        1.38           548        84.05  
                                                                 70                           3        0.46           551        84.51  
                                                                 71                           1        0.15           552        84.66  
                                                                 75                          16        2.45           568        87.12  
                                                                 80                           2        0.31           570        87.42  
                                                                 83                          15        2.30           585        89.72  
                                                                 87                           2        0.31           587        90.03  
                                                                 91                           1        0.15           588        90.18  
                                                                100                          17        2.61           605        92.79  
                                                                108                           1        0.15           606        92.94  
                                                                110                           1        0.15           607        93.10  
                                                                116                           3        0.46           610        93.56  
                                                                125                           2        0.31           612        93.87  
                                                                133                           3        0.46           615        94.33  
                                                                150                           5        0.77           620        95.09  
                                                                175                           2        0.31           622        95.40  
                                                                200                           9        1.38           631        96.78  
                                                                250                          14        2.15           645        98.93  
                                                                300                           6        0.92           651        99.85  
                                                                350                           1        0.15           652       100.00  
                                                                    Prepared for                                                                     9
                                                                 Data Quality Report
                                                           Library:WORK  Member:scored__WY
                                                              Total Observations: 50299

                                                                                                              Number of     Numeric or          
   Variable                                                                   Label                         Observations    Character     Levels

   CAC_HH_PID                                            Household Persistent ID                                 50,299     Character        50+
                                                                                                                                                
   CAC_NAME_LAST                                         Household Name                                          50,299     Character        50+
                                                                                                                                                
   bridge_address1                                       Address Line 1 From Bridge                              50,299     Character        50+
                                                                                                                                                
   bridge_address2                                       Address Line 2 From Bridge                                   0     Character         0 
                                                                                                                                                
   bridge_city                                           Address City From Bridge                                50,299     Character        50+
                                                                                                                                                
   bridge_name_first                                     First Name From Bridge                                  50,299     Character        50+
                                                                                                                                                
   bridge_name_last                                      Last Name From Bridge                                   50,299     Character        50+
                                                                                                                                                
   bridge_name_last_exact                                                                                        50,299     Character        50+
                                                                                                                                                
   bridge_name_last_fuzzy1                                                                                       50,299     Character        50+
                                                                                                                                                
   bridge_state                                          Address State From Bridge                               50,299     Character         1 
                                                         Value WY    100%                                        50,299                         
                                                                                                                                                
   bridge_zip5                                           Address Zip 5 From Bridge                               50,299     Character        50+
                                                                                                                                                
   cac_bridge_md5email_id                                Unique ID To Append Email Addresses From Bridge         50,299     Character        50+

                                                             Number        Zero          Mean        Median       Minimum       Maximum    Variable
   Variable                                                 Missing      Values         Value         Value         Value         Value     Format 

   CAC_HH_PID                                                     0                                                                          $27   
                                                                                                                                                   
   CAC_NAME_LAST                                                  0                                                                                
                                                                                                                                                   
   bridge_address1                                                0                                                                          $50   
                                                                                                                                                   
   bridge_address2                                           50,299                                                                          $50   
                                                                                                                                                   
   bridge_city                                                    0                                                                          $30   
                                                                                                                                                   
   bridge_name_first                                              0                                                                          $25   
                                                                                                                                                   
   bridge_name_last                                               0                                                                          $25   
                                                                                                                                                   
   bridge_name_last_exact                                         0                                                                                
                                                                                                                                                   
   bridge_name_last_fuzzy1                                        0                                                                                
                                                                                                                                                   
   bridge_state                                                   0                                                                          $2    
                                                                                                                                                   
                                                                                                                                                   
   bridge_zip5                                                    0                                                                          $5    
                                                                                                                                                   
   cac_bridge_md5email_id                                         0                                                                          $50   

                                                             Prepared by CAC Group, Inc.
                                                                    Prepared for                                                                    10
                                                                 Data Quality Report
                                                           Library:WORK  Member:scored__WY
                                                              Total Observations: 50299

                                                                                      Number of     Numeric or                  Number        Zero
    Variable                                                      Label             Observations    Character     Levels       Missing      Values

                                                                                                                                                  
    chosen_cac_ind_gender                                                                50,299     Numeric           2              0           0
                                                          Value        1   46.9%         23,593                                                   
                                                          Value        2   53.1%         26,706                                                   
                                                                                                                                                  
    chosen_cac_ind_last                                                                  50,299     Character        50+             0            
                                                                                                                                                  
    chosen_cac_ind_mi                                                                    42,192     Character        26          8,107            
                                                                                                                                                  
    chosen_cac_ind_name                                                                  50,299     Character        50+             0            
                                                                                                                                                  
    chosen_cac_ind_number                                                                50,299     Numeric           5              0           0
                                                          Value        1   68.4%         34,412                                                   
                                                          Value        2   24.9%         12,510                                                   
                                                          Value        3    5.4%          2,731                                                   
                                                          Value        4    1.1%            567                                                   
                                                          Value        5    0.2%             79                                                   
                                                                                                                                                  
    chosen_first_x_of_x_flag                                                             50,299     Numeric           2              0         322
                                                                                                                                                  
    chosen_match_level                                                                   50,299     Numeric           3              0           0
                                                          Value        1   86.2%         43,381                                                   
                                                          Value        2   11.6%          5,821                                                   
                                                          Value        3    2.2%          1,097                                                   

                                                                Mean        Median       Minimum       Maximum    Variable
    Variable                                                   Value         Value         Value         Value     Format 

                                                                                                                          
    chosen_cac_ind_gender                                     1.5309        2.0000        1.0000        2.0000      8     
                                                                                                                          
                                                                                                                          
                                                                                                                          
    chosen_cac_ind_last                                                                                             $20   
                                                                                                                          
    chosen_cac_ind_mi                                                                                               $1    
                                                                                                                          
    chosen_cac_ind_name                                                                                             $14   
                                                                                                                          
    chosen_cac_ind_number                                     1.3974        1.0000        1.0000        5.0000      8     
                                                                                                                          
                                                                                                                          
                                                                                                                          
                                                                                                                          
                                                                                                                          
                                                                                                                          
    chosen_first_x_of_x_flag                                  0.9936        1.0000        0.0000        1.0000      8     
                                                                                                                          
    chosen_match_level                                        1.1593        1.0000        1.0000        3.0000      8     
                                                                                                                          
                                                                                                                          
                                                                                                                          

                                                             Prepared by CAC Group, Inc.
                                                                    Prepared for                                                                    11
                                                                 Data Quality Report
                                                           Library:WORK  Member:scored__WY
                                                              Total Observations: 50299

                                                                                      Number of     Numeric or                  Number        Zero
    Variable                                                      Label             Observations    Character     Levels       Missing      Values

                                                                                                                                                  
    chosen_spedis_score                                                                  50,299      Numeric         50+             0      43,399
                                                                                                                                                  
    last_name_match                                                                      50,299      Numeric          1              0           0
                                                          Value        1    100%         50,299                                                   
                                                                                                                                                  

                                                                Mean        Median       Minimum       Maximum    Variable
    Variable                                                   Value         Value         Value         Value     Format 

                                                                                                                          
    chosen_spedis_score                                       3.4998        0.0000        0.0000      400.0000       8    
                                                                                                                          
    last_name_match                                           1.0000        1.0000        1.0000        1.0000            
                                                                                                                          
                                                                                                                          





































                                                             Prepared by CAC Group, Inc.
