                                                                                             The WPS System                                                          12:01 Wednesday, July 29, 2015    1

                                                                                           The FREQ Procedure

                                                               Table of last_name_match by chosen_cac_ind_number
                                                                                                                                        
                                                                last_name_match|             chosen_cac_ind_number             |        
                                                                ---------------+-----------------------------------------------|        
                                                                   Frequency   |       |       |       |       |       |       |        
                                                                    Percent    |       |       |       |       |       |       |        
                                                                    Row Pct    |       |       |       |       |       |       |        
                                                                    Col Pct    |   .   |   1   |   2   |   3   |   4   |   5   | Total  
                                                                ---------------+-------+-------+-------+-------+-------+-------+------- 
                                                                              0| 199052|      0|      0|      0|      0|      0| 199052 
                                                                               |  33.70|   0.00|   0.00|   0.00|   0.00|   0.00|  33.70 
                                                                               | 100.00|   0.00|   0.00|   0.00|   0.00|   0.00|        
                                                                               |  42.68|   0.00|   0.00|   0.00|   0.00|   0.00|        
                                                                ---------------+-------+-------+-------+-------+-------+-------+------- 
                                                                              1| 267323|  84016|  28398|   9202|   2209|    458| 391606 
                                                                               |  45.26|  14.22|   4.81|   1.56|   0.37|   0.08|  66.30 
                                                                               |  68.26|  21.45|   7.25|   2.35|   0.56|   0.12|        
                                                                               |  57.32| 100.00| 100.00| 100.00| 100.00| 100.00|        
                                                                ---------------+-------+-------+-------+-------+-------+-------+------- 
                                                                          Total| 466375|  84016|  28398|   9202|   2209|    458| 590658 
                                                                               |  78.96|  14.22|   4.81|   1.56|   0.37|   0.08| 100.00 
                                                                                                                                        
                                                                                             The WPS System                                                          12:01 Wednesday, July 29, 2015    2

                                                                                           The FREQ Procedure

                                                                    Table of chosen_cac_ind_number by chosen_match_level
                                                                                                                                   
                                                                     chosen_cac_ind_number|      chosen_match_level       |        
                                                                     ---------------------+-------------------------------|        
                                                                           Frequency      |       |       |       |       |        
                                                                            Percent       |       |       |       |       |        
                                                                            Row Pct       |       |       |       |       |        
                                                                            Col Pct       |   .   |   1   |   2   |   3   | Total  
                                                                     ---------------------+-------+-------+-------+-------+------- 
                                                                                         .| 466375|      0|      0|      0| 466375 
                                                                                          |  78.96|   0.00|   0.00|   0.00|  78.96 
                                                                                          | 100.00|   0.00|   0.00|   0.00|        
                                                                                          | 100.00|   0.00|   0.00|   0.00|        
                                                                     ---------------------+-------+-------+-------+-------+------- 
                                                                                         1|      0|  74256|   8174|   1586|  84016 
                                                                                          |   0.00|  12.57|   1.38|   0.27|  14.22 
                                                                                          |   0.00|  88.38|   9.73|   1.89|        
                                                                                          |   0.00|  67.83|  67.24|  59.62|        
                                                                     ---------------------+-------+-------+-------+-------+------- 
                                                                                         2|      0|  24854|   2823|    721|  28398 
                                                                                          |   0.00|   4.21|   0.48|   0.12|   4.81 
                                                                                          |   0.00|  87.52|   9.94|   2.54|        
                                                                                          |   0.00|  22.70|  23.22|  27.11|        
                                                                     ---------------------+-------+-------+-------+-------+------- 
                                                                                         3|      0|   8052|    896|    254|   9202 
                                                                                          |   0.00|   1.36|   0.15|   0.04|   1.56 
                                                                                          |   0.00|  87.50|   9.74|   2.76|        
                                                                                          |   0.00|   7.36|   7.37|   9.55|        
                                                                     ---------------------+-------+-------+-------+-------+------- 
                                                                                         4|      0|   1908|    217|     84|   2209 
                                                                                          |   0.00|   0.32|   0.04|   0.01|   0.37 
                                                                                          |   0.00|  86.37|   9.82|   3.80|        
                                                                                          |   0.00|   1.74|   1.78|   3.16|        
                                                                     ---------------------+-------+-------+-------+-------+------- 
                                                                                         5|      0|    396|     47|     15|    458 
                                                                                          |   0.00|   0.07|   0.01|   0.00|   0.08 
                                                                                          |   0.00|  86.46|  10.26|   3.28|        
                                                                                          |   0.00|   0.36|   0.39|   0.56|        
                                                                     ---------------------+-------+-------+-------+-------+------- 
                                                                                     Total| 466375| 109466|  12157|   2660| 590658 
                                                                                          |  78.96|  18.53|   2.06|   0.45| 100.00 
                                                                                                                                   
                                                                                             match_level 2                                                           12:01 Wednesday, July 29, 2015    3

                                                                                           The FREQ Procedure

                                                                                                                Cumulative    Cumulative
                                                                chosen_spedis_score    Frequency     Percent     Frequency      Percent 
                                                                ------------------------------------------------------------------------
                                                                 0                           42        0.35            42         0.35  
                                                                 2                            7        0.06            49         0.40  
                                                                 3                           60        0.49           109         0.90  
                                                                 4                          135        1.11           244         2.01  
                                                                 5                          542        4.46           786         6.47  
                                                                 6                          136        1.12           922         7.58  
                                                                 7                          708        5.82          1630        13.41  
                                                                 8                          305        2.51          1935        15.92  
                                                                 9                           17        0.14          1952        16.06  
                                                                10                          417        3.43          2369        19.49  
                                                                11                          487        4.01          2856        23.49  
                                                                12                          275        2.26          3131        25.75  
                                                                13                           77        0.63          3208        26.39  
                                                                14                          519        4.27          3727        30.66  
                                                                15                         1154        9.49          4881        40.15  
                                                                16                          418        3.44          5299        43.59  
                                                                17                          820        6.75          6119        50.33  
                                                                18                           27        0.22          6146        50.56  
                                                                19                          866        7.12          7012        57.68  
                                                                20                          874        7.19          7886        64.87  
                                                                21                          313        2.57          8199        67.44  
                                                                22                          202        1.66          8401        69.10  
                                                                23                          151        1.24          8552        70.35  
                                                                24                          243        2.00          8795        72.35  
                                                                25                          436        3.59          9231        75.93  
                                                                26                          100        0.82          9331        76.75  
                                                                27                          135        1.11          9466        77.86  
                                                                28                          946        7.78         10412        85.65  
                                                                29                          348        2.86         10760        88.51  
                                                                30                          512        4.21         11272        92.72  
                                                                31                           66        0.54         11338        93.26  
                                                                32                            7        0.06         11345        93.32  
                                                                33                          466        3.83         11811        97.15  
                                                                34                          346        2.85         12157       100.00  
                                                                                             match_level 3                                                           12:01 Wednesday, July 29, 2015    4

                                                                                           The FREQ Procedure

                                                                                                                Cumulative    Cumulative
                                                                chosen_spedis_score    Frequency     Percent     Frequency      Percent 
                                                                ------------------------------------------------------------------------
                                                                 35                          57        2.14            57         2.14  
                                                                 36                           1        0.04            58         2.18  
                                                                 37                         132        4.96           190         7.14  
                                                                 38                         117        4.40           307        11.54  
                                                                 39                         258        9.70           565        21.24  
                                                                 40                         320       12.03           885        33.27  
                                                                 41                          64        2.41           949        35.68  
                                                                 42                          72        2.71          1021        38.38  
                                                                 43                          25        0.94          1046        39.32  
                                                                 44                           3        0.11          1049        39.44  
                                                                 45                          27        1.02          1076        40.45  
                                                                 46                          53        1.99          1129        42.44  
                                                                 47                          58        2.18          1187        44.62  
                                                                 48                           7        0.26          1194        44.89  
                                                                 50                         563       21.17          1757        66.05  
                                                                 52                           1        0.04          1758        66.09  
                                                                 53                           4        0.15          1762        66.24  
                                                                 54                          40        1.50          1802        67.74  
                                                                 55                          10        0.38          1812        68.12  
                                                                 56                           8        0.30          1820        68.42  
                                                                 57                          62        2.33          1882        70.75  
                                                                 58                          73        2.74          1955        73.50  
                                                                 59                           1        0.04          1956        73.53  
                                                                 60                         129        4.85          2085        78.38  
                                                                 61                           1        0.04          2086        78.42  
                                                                 62                          56        2.11          2142        80.53  
                                                                 63                           1        0.04          2143        80.56  
                                                                 64                          14        0.53          2157        81.09  
                                                                 65                          13        0.49          2170        81.58  
                                                                 66                         149        5.60          2319        87.18  
                                                                 67                           2        0.08          2321        87.26  
                                                                 68                          11        0.41          2332        87.67  
                                                                 70                          38        1.43          2370        89.10  
                                                                 71                           6        0.23          2376        89.32  
                                                                 75                          57        2.14          2433        91.47  
                                                                 78                           3        0.11          2436        91.58  
                                                                 79                           3        0.11          2439        91.69  
                                                                 80                          13        0.49          2452        92.18  
                                                                 81                           4        0.15          2456        92.33  
                                                                 83                          51        1.92          2507        94.25  
                                                                 87                          17        0.64          2524        94.89  
                                                                 90                           2        0.08          2526        94.96  
                                                                 91                           1        0.04          2527        95.00  
                                                                 92                           1        0.04          2528        95.04  
                                                                 93                           1        0.04          2529        95.08  
                                                                 95                           1        0.04          2530        95.11  
                                                                100                          38        1.43          2568        96.54  
                                                                106                           1        0.04          2569        96.58  
                                                                108                           3        0.11          2572        96.69  
                                                                110                           1        0.04          2573        96.73  
                                                                112                           5        0.19          2578        96.92  
                                                                116                          10        0.38          2588        97.29  
                                                                125                           3        0.11          2591        97.41  
                                                                133                           5        0.19          2596        97.59  
                                                                141                           1        0.04          2597        97.63  
                                                                150                           5        0.19          2602        97.82  
                                                                175                           3        0.11          2605        97.93  
                                                                183                           1        0.04          2606        97.97  
                                                                200                          20        0.75          2626        98.72  
                                                                250                          12        0.45          2638        99.17  
                                                                300                           8        0.30          2646        99.47  
                                                                350                           7        0.26          2653        99.74  
                                                                400                           5        0.19          2658        99.92  
                                                                450                           2        0.08          2660       100.00  
                                                                                                                                                                     12:01 Wednesday, July 29, 2015    5

                                                                                           The FREQ Procedure

                                                               Table of last_name_match by chosen_cac_ind_number
                                                                                                                                        
                                                                last_name_match|             chosen_cac_ind_number             |        
                                                                ---------------+-----------------------------------------------|        
                                                                   Frequency   |       |       |       |       |       |       |        
                                                                    Percent    |       |       |       |       |       |       |        
                                                                    Row Pct    |       |       |       |       |       |       |        
                                                                    Col Pct    |   .   |   1   |   2   |   3   |   4   |   5   | Total  
                                                                ---------------+-------+-------+-------+-------+-------+-------+------- 
                                                                              0| 199052|      0|      0|      0|      0|      0| 199052 
                                                                               |  33.70|   0.00|   0.00|   0.00|   0.00|   0.00|  33.70 
                                                                               | 100.00|   0.00|   0.00|   0.00|   0.00|   0.00|        
                                                                               |  47.71|   0.00|   0.00|   0.00|   0.00|   0.00|        
                                                                ---------------+-------+-------+-------+-------+-------+-------+------- 
                                                                              1| 218176| 118220|  42460|   9920|   2374|    456| 391606 
                                                                               |  36.94|  20.01|   7.19|   1.68|   0.40|   0.08|  66.30 
                                                                               |  55.71|  30.19|  10.84|   2.53|   0.61|   0.12|        
                                                                               |  52.29| 100.00| 100.00| 100.00| 100.00| 100.00|        
                                                                ---------------+-------+-------+-------+-------+-------+-------+------- 
                                                                          Total| 417228| 118220|  42460|   9920|   2374|    456| 590658 
                                                                               |  70.64|  20.01|   7.19|   1.68|   0.40|   0.08| 100.00 
                                                                                                                                        
                                                                                                                                                                     12:01 Wednesday, July 29, 2015    6

                                                                                           The FREQ Procedure

                                                                    Table of chosen_cac_ind_number by chosen_match_level
                                                                                                                                   
                                                                     chosen_cac_ind_number|      chosen_match_level       |        
                                                                     ---------------------+-------------------------------|        
                                                                           Frequency      |       |       |       |       |        
                                                                            Percent       |       |       |       |       |        
                                                                            Row Pct       |       |       |       |       |        
                                                                            Col Pct       |   .   |   1   |   2   |   3   | Total  
                                                                     ---------------------+-------+-------+-------+-------+------- 
                                                                                         .| 417228|      0|      0|      0| 417228 
                                                                                          |  70.64|   0.00|   0.00|   0.00|  70.64 
                                                                                          | 100.00|   0.00|   0.00|   0.00|        
                                                                                          | 100.00|   0.00|   0.00|   0.00|        
                                                                     ---------------------+-------+-------+-------+-------+------- 
                                                                                         1|      0| 106923|   9319|   1978| 118220 
                                                                                          |   0.00|  18.10|   1.58|   0.33|  20.01 
                                                                                          |   0.00|  90.44|   7.88|   1.67|        
                                                                                          |   0.00|  68.46|  66.99|  59.31|        
                                                                     ---------------------+-------+-------+-------+-------+------- 
                                                                                         2|      0|  37916|   3585|    959|  42460 
                                                                                          |   0.00|   6.42|   0.61|   0.16|   7.19 
                                                                                          |   0.00|  89.30|   8.44|   2.26|        
                                                                                          |   0.00|  24.28|  25.77|  28.76|        
                                                                     ---------------------+-------+-------+-------+-------+------- 
                                                                                         3|      0|   8818|    797|    305|   9920 
                                                                                          |   0.00|   1.49|   0.13|   0.05|   1.68 
                                                                                          |   0.00|  88.89|   8.03|   3.07|        
                                                                                          |   0.00|   5.65|   5.73|   9.15|        
                                                                     ---------------------+-------+-------+-------+-------+------- 
                                                                                         4|      0|   2123|    173|     78|   2374 
                                                                                          |   0.00|   0.36|   0.03|   0.01|   0.40 
                                                                                          |   0.00|  89.43|   7.29|   3.29|        
                                                                                          |   0.00|   1.36|   1.24|   2.34|        
                                                                     ---------------------+-------+-------+-------+-------+------- 
                                                                                         5|      0|    405|     36|     15|    456 
                                                                                          |   0.00|   0.07|   0.01|   0.00|   0.08 
                                                                                          |   0.00|  88.82|   7.89|   3.29|        
                                                                                          |   0.00|   0.26|   0.26|   0.45|        
                                                                     ---------------------+-------+-------+-------+-------+------- 
                                                                                     Total| 417228| 156185|  13910|   3335| 590658 
                                                                                          |  70.64|  26.44|   2.36|   0.56| 100.00 
                                                                                                                                   
                                                                                             match_level 2                                                           12:01 Wednesday, July 29, 2015    7

                                                                                           The FREQ Procedure

                                                                                                                Cumulative    Cumulative
                                                                chosen_spedis_score    Frequency     Percent     Frequency      Percent 
                                                                ------------------------------------------------------------------------
                                                                 0                          106        0.76           106         0.76  
                                                                 2                           13        0.09           119         0.86  
                                                                 3                          269        1.93           388         2.79  
                                                                 4                          200        1.44           588         4.23  
                                                                 5                          739        5.31          1327         9.54  
                                                                 6                          358        2.57          1685        12.11  
                                                                 7                          802        5.77          2487        17.88  
                                                                 8                          906        6.51          3393        24.39  
                                                                 9                           15        0.11          3408        24.50  
                                                                10                          454        3.26          3862        27.76  
                                                                11                          380        2.73          4242        30.50  
                                                                12                          486        3.49          4728        33.99  
                                                                13                           58        0.42          4786        34.41  
                                                                14                          966        6.94          5752        41.35  
                                                                15                          257        1.85          6009        43.20  
                                                                16                          856        6.15          6865        49.35  
                                                                17                          676        4.86          7541        54.21  
                                                                18                          105        0.75          7646        54.97  
                                                                19                          381        2.74          8027        57.71  
                                                                20                          642        4.62          8669        62.32  
                                                                21                          864        6.21          9533        68.53  
                                                                22                          350        2.52          9883        71.05  
                                                                23                          125        0.90         10008        71.95  
                                                                24                           85        0.61         10093        72.56  
                                                                25                          586        4.21         10679        76.77  
                                                                26                          379        2.72         11058        79.50  
                                                                27                          150        1.08         11208        80.58  
                                                                28                          628        4.51         11836        85.09  
                                                                29                          325        2.34         12161        87.43  
                                                                30                          638        4.59         12799        92.01  
                                                                31                          153        1.10         12952        93.11  
                                                                32                            8        0.06         12960        93.17  
                                                                33                          522        3.75         13482        96.92  
                                                                34                          428        3.08         13910       100.00  
                                                                                             match_level 3                                                           12:01 Wednesday, July 29, 2015    8

                                                                                           The FREQ Procedure

                                                                                                                Cumulative    Cumulative
                                                                chosen_spedis_score    Frequency     Percent     Frequency      Percent 
                                                                ------------------------------------------------------------------------
                                                                 35                          50        1.50            50         1.50  
                                                                 37                         240        7.20           290         8.70  
                                                                 38                         270        8.10           560        16.79  
                                                                 39                         159        4.77           719        21.56  
                                                                 40                         169        5.07           888        26.63  
                                                                 41                         142        4.26          1030        30.88  
                                                                 42                          82        2.46          1112        33.34  
                                                                 43                          28        0.84          1140        34.18  
                                                                 44                          48        1.44          1188        35.62  
                                                                 45                         185        5.55          1373        41.17  
                                                                 46                          49        1.47          1422        42.64  
                                                                 47                         381       11.42          1803        54.06  
                                                                 48                           3        0.09          1806        54.15  
                                                                 50                         602       18.05          2408        72.20  
                                                                 52                           7        0.21          2415        72.41  
                                                                 53                           5        0.15          2420        72.56  
                                                                 54                          26        0.78          2446        73.34  
                                                                 55                          15        0.45          2461        73.79  
                                                                 56                          10        0.30          2471        74.09  
                                                                 57                          39        1.17          2510        75.26  
                                                                 58                          77        2.31          2587        77.57  
                                                                 59                           7        0.21          2594        77.78  
                                                                 60                          58        1.74          2652        79.52  
                                                                 61                           2        0.06          2654        79.58  
                                                                 62                          65        1.95          2719        81.53  
                                                                 64                          14        0.42          2733        81.95  
                                                                 65                           8        0.24          2741        82.19  
                                                                 66                          83        2.49          2824        84.68  
                                                                 67                           2        0.06          2826        84.74  
                                                                 68                           9        0.27          2835        85.01  
                                                                 70                          29        0.87          2864        85.88  
                                                                 71                           5        0.15          2869        86.03  
                                                                 75                          65        1.95          2934        87.98  
                                                                 78                           2        0.06          2936        88.04  
                                                                 79                           1        0.03          2937        88.07  
                                                                 80                          10        0.30          2947        88.37  
                                                                 81                           1        0.03          2948        88.40  
                                                                 83                          63        1.89          3011        90.28  
                                                                 85                           1        0.03          3012        90.31  
                                                                 87                          16        0.48          3028        90.79  
                                                                 90                           6        0.18          3034        90.97  
                                                                 91                           5        0.15          3039        91.12  
                                                                 95                           1        0.03          3040        91.15  
                                                                100                          74        2.22          3114        93.37  
                                                                108                           3        0.09          3117        93.46  
                                                                112                           8        0.24          3125        93.70  
                                                                116                           8        0.24          3133        93.94  
                                                                121                           1        0.03          3134        93.97  
                                                                125                          27        0.81          3161        94.78  
                                                                130                           1        0.03          3162        94.81  
                                                                131                           1        0.03          3163        94.84  
                                                                133                           2        0.06          3165        94.90  
                                                                137                           1        0.03          3166        94.93  
                                                                141                           1        0.03          3167        94.96  
                                                                150                          48        1.44          3215        96.40  
                                                                166                           1        0.03          3216        96.43  
                                                                175                          13        0.39          3229        96.82  
                                                                200                          30        0.90          3259        97.72  
                                                                225                           1        0.03          3260        97.75  
                                                                250                          40        1.20          3300        98.95  
                                                                300                          28        0.84          3328        99.79  
                                                                350                           5        0.15          3333        99.94  
                                                                400                           1        0.03          3334        99.97  
                                                                500                           1        0.03          3335       100.00  
                                                                    Prepared for                                                                     9
                                                                 Data Quality Report
                                                           Library:WORK  Member:scored__MS
                                                              Total Observations: 297713

                                                                                                              Number of     Numeric or          
   Variable                                                                   Label                         Observations    Character     Levels

   CAC_HH_PID                                            Household Persistent ID                                297,713     Character        50+
                                                                                                                                                
   CAC_NAME_LAST                                         Household Name                                         297,713     Character        50+
                                                                                                                                                
   bridge_address1                                       Address Line 1 From Bridge                             297,713     Character        50+
                                                                                                                                                
   bridge_address2                                       Address Line 2 From Bridge                                   0     Character         0 
                                                                                                                                                
   bridge_city                                           Address City From Bridge                               297,713     Character        50+
                                                                                                                                                
   bridge_name_first                                     First Name From Bridge                                 297,713     Character        50+
                                                                                                                                                
   bridge_name_last                                      Last Name From Bridge                                  297,713     Character        50+
                                                                                                                                                
   bridge_name_last_exact                                                                                       297,713     Character        50+
                                                                                                                                                
   bridge_name_last_fuzzy1                                                                                      297,713     Character        50+
                                                                                                                                                
   bridge_state                                          Address State From Bridge                              297,713     Character         1 
                                                         Value MS    100%                                       297,713                         
                                                                                                                                                
   bridge_zip5                                           Address Zip 5 From Bridge                              297,713     Character        50+
                                                                                                                                                
   cac_bridge_md5email_id                                Unique ID To Append Email Addresses From Bridge        297,713     Character        50+

                                                             Number        Zero          Mean        Median       Minimum       Maximum    Variable
   Variable                                                 Missing      Values         Value         Value         Value         Value     Format 

   CAC_HH_PID                                                     0                                                                          $27   
                                                                                                                                                   
   CAC_NAME_LAST                                                  0                                                                                
                                                                                                                                                   
   bridge_address1                                                0                                                                          $50   
                                                                                                                                                   
   bridge_address2                                          297,713                                                                          $50   
                                                                                                                                                   
   bridge_city                                                    0                                                                          $30   
                                                                                                                                                   
   bridge_name_first                                              0                                                                          $25   
                                                                                                                                                   
   bridge_name_last                                               0                                                                          $25   
                                                                                                                                                   
   bridge_name_last_exact                                         0                                                                                
                                                                                                                                                   
   bridge_name_last_fuzzy1                                        0                                                                                
                                                                                                                                                   
   bridge_state                                                   0                                                                          $2    
                                                                                                                                                   
                                                                                                                                                   
   bridge_zip5                                                    0                                                                          $5    
                                                                                                                                                   
   cac_bridge_md5email_id                                         0                                                                          $50   

                                                             Prepared by CAC Group, Inc.
                                                                    Prepared for                                                                    10
                                                                 Data Quality Report
                                                           Library:WORK  Member:scored__MS
                                                              Total Observations: 297713

                                                                                      Number of     Numeric or                  Number        Zero
    Variable                                                      Label             Observations    Character     Levels       Missing      Values

                                                                                                                                                  
    chosen_cac_ind_gender                                                               297,713     Numeric           2              0           0
                                                          Value        1   41.7%        124,283                                                   
                                                          Value        2   58.3%        173,430                                                   
                                                                                                                                                  
    chosen_cac_ind_last                                                                 297,713     Character        50+             0            
                                                                                                                                                  
    chosen_cac_ind_mi                                                                   233,463     Character        26         64,250            
                                                                                                                                                  
    chosen_cac_ind_name                                                                 297,713     Character        50+             0            
                                                                                                                                                  
    chosen_cac_ind_number                                                               297,713     Numeric           5              0           0
                                                          Value        1   67.9%        202,236                                                   
                                                          Value        2   23.8%         70,858                                                   
                                                          Value        3    6.4%         19,122                                                   
                                                          Value        4    1.5%          4,583                                                   
                                                          Value        5    0.3%            914                                                   
                                                                                                                                                  
    chosen_first_x_of_x_flag                                                            297,713     Numeric           2              0       1,845
                                                                                                                                                  
    chosen_match_level                                                                  297,713     Numeric           3              0           0
                                                          Value        1   89.2%        265,651                                                   
                                                          Value        2    8.8%         26,067                                                   
                                                          Value        3    2.0%          5,995                                                   

                                                                Mean        Median       Minimum       Maximum    Variable
    Variable                                                   Value         Value         Value         Value     Format 

                                                                                                                          
    chosen_cac_ind_gender                                     1.5825        2.0000        1.0000        2.0000      8     
                                                                                                                          
                                                                                                                          
                                                                                                                          
    chosen_cac_ind_last                                                                                             $20   
                                                                                                                          
    chosen_cac_ind_mi                                                                                               $1    
                                                                                                                          
    chosen_cac_ind_name                                                                                             $14   
                                                                                                                          
    chosen_cac_ind_number                                     1.4249        1.0000        1.0000        5.0000      8     
                                                                                                                          
                                                                                                                          
                                                                                                                          
                                                                                                                          
                                                                                                                          
                                                                                                                          
    chosen_first_x_of_x_flag                                  0.9938        1.0000        0.0000        1.0000      8     
                                                                                                                          
    chosen_match_level                                        1.1278        1.0000        1.0000        3.0000      8     
                                                                                                                          
                                                                                                                          
                                                                                                                          

                                                             Prepared by CAC Group, Inc.
                                                                    Prepared for                                                                    11
                                                                 Data Quality Report
                                                           Library:WORK  Member:scored__MS
                                                              Total Observations: 297713

                                                                                      Number of     Numeric or                  Number        Zero
    Variable                                                      Label             Observations    Character     Levels       Missing      Values

                                                                                                                                                  
    chosen_spedis_score                                                                 297,713      Numeric         50+             0     265,799
                                                                                                                                                  
    last_name_match                                                                     297,713      Numeric          1              0           0
                                                          Value        1    100%        297,713                                                   
                                                                                                                                                  

                                                                Mean        Median       Minimum       Maximum    Variable
    Variable                                                   Value         Value         Value         Value     Format 

                                                                                                                          
    chosen_spedis_score                                       2.7356        0.0000        0.0000      500.0000       8    
                                                                                                                          
    last_name_match                                           1.0000        1.0000        1.0000        1.0000            
                                                                                                                          
                                                                                                                          





































                                                             Prepared by CAC Group, Inc.
