                                                                                             The WPS System                                                          11:49 Wednesday, July 29, 2015    1

                                                                                           The FREQ Procedure

                                                               Table of last_name_match by chosen_cac_ind_number
                                                                                                                                        
                                                                last_name_match|             chosen_cac_ind_number             |        
                                                                ---------------+-----------------------------------------------|        
                                                                   Frequency   |       |       |       |       |       |       |        
                                                                    Percent    |       |       |       |       |       |       |        
                                                                    Row Pct    |       |       |       |       |       |       |        
                                                                    Col Pct    |   .   |   1   |   2   |   3   |   4   |   5   | Total  
                                                                ---------------+-------+-------+-------+-------+-------+-------+------- 
                                                                              0| 595399|      0|      0|      0|      0|      0| 595399 
                                                                               |  40.19|   0.00|   0.00|   0.00|   0.00|   0.00|  40.19 
                                                                               | 100.00|   0.00|   0.00|   0.00|   0.00|   0.00|        
                                                                               |  51.64|   0.00|   0.00|   0.00|   0.00|   0.00|        
                                                                ---------------+-------+-------+-------+-------+-------+-------+------- 
                                                                              1| 557684| 238710|  65255|  19383|   4179|    700| 885911 
                                                                               |  37.65|  16.11|   4.41|   1.31|   0.28|   0.05|  59.81 
                                                                               |  62.95|  26.95|   7.37|   2.19|   0.47|   0.08|        
                                                                               |  48.36| 100.00| 100.00| 100.00| 100.00| 100.00|        
                                                                ---------------+-------+-------+-------+-------+-------+-------+------- 
                                                                          Total|1153083| 238710|  65255|  19383|   4179|    700|1481310 
                                                                               |  77.84|  16.11|   4.41|   1.31|   0.28|   0.05| 100.00 
                                                                                                                                        
                                                                                             The WPS System                                                          11:49 Wednesday, July 29, 2015    2

                                                                                           The FREQ Procedure

                                                                    Table of chosen_cac_ind_number by chosen_match_level
                                                                                                                                   
                                                                     chosen_cac_ind_number|      chosen_match_level       |        
                                                                     ---------------------+-------------------------------|        
                                                                           Frequency      |       |       |       |       |        
                                                                            Percent       |       |       |       |       |        
                                                                            Row Pct       |       |       |       |       |        
                                                                            Col Pct       |   .   |   1   |   2   |   3   | Total  
                                                                     ---------------------+-------+-------+-------+-------+------- 
                                                                                         .|1153083|      0|      0|      0|1153083 
                                                                                          |  77.84|   0.00|   0.00|   0.00|  77.84 
                                                                                          | 100.00|   0.00|   0.00|   0.00|        
                                                                                          | 100.00|   0.00|   0.00|   0.00|        
                                                                     ---------------------+-------+-------+-------+-------+------- 
                                                                                         1|      0| 208996|  25935|   3779| 238710 
                                                                                          |   0.00|  14.11|   1.75|   0.26|  16.11 
                                                                                          |   0.00|  87.55|  10.86|   1.58|        
                                                                                          |   0.00|  73.14|  71.22|  62.25|        
                                                                     ---------------------+-------+-------+-------+-------+------- 
                                                                                         2|      0|  56015|   7700|   1540|  65255 
                                                                                          |   0.00|   3.78|   0.52|   0.10|   4.41 
                                                                                          |   0.00|  85.84|  11.80|   2.36|        
                                                                                          |   0.00|  19.60|  21.14|  25.37|        
                                                                     ---------------------+-------+-------+-------+-------+------- 
                                                                                         3|      0|  16593|   2206|    584|  19383 
                                                                                          |   0.00|   1.12|   0.15|   0.04|   1.31 
                                                                                          |   0.00|  85.61|  11.38|   3.01|        
                                                                                          |   0.00|   5.81|   6.06|   9.62|        
                                                                     ---------------------+-------+-------+-------+-------+------- 
                                                                                         4|      0|   3545|    485|    149|   4179 
                                                                                          |   0.00|   0.24|   0.03|   0.01|   0.28 
                                                                                          |   0.00|  84.83|  11.61|   3.57|        
                                                                                          |   0.00|   1.24|   1.33|   2.45|        
                                                                     ---------------------+-------+-------+-------+-------+------- 
                                                                                         5|      0|    591|     90|     19|    700 
                                                                                          |   0.00|   0.04|   0.01|   0.00|   0.05 
                                                                                          |   0.00|  84.43|  12.86|   2.71|        
                                                                                          |   0.00|   0.21|   0.25|   0.31|        
                                                                     ---------------------+-------+-------+-------+-------+------- 
                                                                                     Total|1153083| 285740|  36416|   6071|1481310 
                                                                                          |  77.84|  19.29|   2.46|   0.41| 100.00 
                                                                                                                                   
                                                                                             match_level 2                                                           11:49 Wednesday, July 29, 2015    3

                                                                                           The FREQ Procedure

                                                                                                                Cumulative    Cumulative
                                                                chosen_spedis_score    Frequency     Percent     Frequency      Percent 
                                                                ------------------------------------------------------------------------
                                                                 0                          103        0.28           103         0.28  
                                                                 2                           14        0.04           117         0.32  
                                                                 3                          185        0.51           302         0.83  
                                                                 4                          343        0.94           645         1.77  
                                                                 5                         1500        4.12          2145         5.89  
                                                                 6                          294        0.81          2439         6.70  
                                                                 7                         1580        4.34          4019        11.04  
                                                                 8                          666        1.83          4685        12.87  
                                                                 9                           76        0.21          4761        13.07  
                                                                10                          927        2.55          5688        15.62  
                                                                11                         1032        2.83          6720        18.45  
                                                                12                          767        2.11          7487        20.56  
                                                                13                          245        0.67          7732        21.23  
                                                                14                         1037        2.85          8769        24.08  
                                                                15                         3603        9.89         12372        33.97  
                                                                16                         1012        2.78         13384        36.75  
                                                                17                         2452        6.73         15836        43.49  
                                                                18                           77        0.21         15913        43.70  
                                                                19                         2318        6.37         18231        50.06  
                                                                20                         2396        6.58         20627        56.64  
                                                                21                          834        2.29         21461        58.93  
                                                                22                          239        0.66         21700        59.59  
                                                                23                          584        1.60         22284        61.19  
                                                                24                          468        1.29         22752        62.48  
                                                                25                         1250        3.43         24002        65.91  
                                                                26                          843        2.31         24845        68.23  
                                                                27                          563        1.55         25408        69.77  
                                                                28                         3645       10.01         29053        79.78  
                                                                29                         2097        5.76         31150        85.54  
                                                                30                         2610        7.17         33760        92.71  
                                                                31                          321        0.88         34081        93.59  
                                                                32                           19        0.05         34100        93.64  
                                                                33                         1244        3.42         35344        97.06  
                                                                34                         1072        2.94         36416       100.00  
                                                                                             match_level 3                                                           11:49 Wednesday, July 29, 2015    4

                                                                                           The FREQ Procedure

                                                                                                                Cumulative    Cumulative
                                                                chosen_spedis_score    Frequency     Percent     Frequency      Percent 
                                                                ------------------------------------------------------------------------
                                                                 35                          86        1.42            86         1.42  
                                                                 36                           1        0.02            87         1.43  
                                                                 37                         462        7.61           549         9.04  
                                                                 38                         404        6.65           953        15.70  
                                                                 39                         451        7.43          1404        23.13  
                                                                 40                         527        8.68          1931        31.81  
                                                                 41                         129        2.12          2060        33.93  
                                                                 42                         130        2.14          2190        36.07  
                                                                 43                          50        0.82          2240        36.90  
                                                                 44                           8        0.13          2248        37.03  
                                                                 45                          49        0.81          2297        37.84  
                                                                 46                          83        1.37          2380        39.20  
                                                                 47                         122        2.01          2502        41.21  
                                                                 48                           5        0.08          2507        41.29  
                                                                 50                        1344       22.14          3851        63.43  
                                                                 52                           2        0.03          3853        63.47  
                                                                 53                          10        0.16          3863        63.63  
                                                                 54                         105        1.73          3968        65.36  
                                                                 55                          32        0.53          4000        65.89  
                                                                 56                          20        0.33          4020        66.22  
                                                                 57                         111        1.83          4131        68.04  
                                                                 58                         149        2.45          4280        70.50  
                                                                 59                           4        0.07          4284        70.56  
                                                                 60                         257        4.23          4541        74.80  
                                                                 61                           1        0.02          4542        74.81  
                                                                 62                         198        3.26          4740        78.08  
                                                                 63                           1        0.02          4741        78.09  
                                                                 64                          16        0.26          4757        78.36  
                                                                 65                          49        0.81          4806        79.16  
                                                                 66                         262        4.32          5068        83.48  
                                                                 67                           3        0.05          5071        83.53  
                                                                 68                          18        0.30          5089        83.82  
                                                                 70                          57        0.94          5146        84.76  
                                                                 71                          11        0.18          5157        84.94  
                                                                 72                           1        0.02          5158        84.96  
                                                                 75                         167        2.75          5325        87.71  
                                                                 78                           5        0.08          5330        87.79  
                                                                 79                           1        0.02          5331        87.81  
                                                                 80                          19        0.31          5350        88.12  
                                                                 81                           4        0.07          5354        88.19  
                                                                 83                         160        2.64          5514        90.83  
                                                                 84                           1        0.02          5515        90.84  
                                                                 85                           4        0.07          5519        90.91  
                                                                 87                          39        0.64          5558        91.55  
                                                                 90                          11        0.18          5569        91.73  
                                                                 91                          17        0.28          5586        92.01  
                                                                 93                           1        0.02          5587        92.03  
                                                                100                         141        2.32          5728        94.35  
                                                                104                           2        0.03          5730        94.38  
                                                                108                          15        0.25          5745        94.63  
                                                                110                           1        0.02          5746        94.65  
                                                                112                           8        0.13          5754        94.78  
                                                                115                           1        0.02          5755        94.79  
                                                                116                          22        0.36          5777        95.16  
                                                                125                          32        0.53          5809        95.68  
                                                                133                           7        0.12          5816        95.80  
                                                                137                           1        0.02          5817        95.82  
                                                                140                           1        0.02          5818        95.83  
                                                                143                           1        0.02          5819        95.85  
                                                                150                          39        0.64          5858        96.49  
                                                                158                           1        0.02          5859        96.51  
                                                                162                           1        0.02          5860        96.52  
                                                                166                           3        0.05          5863        96.57  
                                                                175                           7        0.12          5870        96.69  
                                                                181                           3        0.05          5873        96.74  
                                                                183                           1        0.02          5874        96.76  
                                                                200                          49        0.81          5923        97.56  
                                                                225                           2        0.03          5925        97.60  
                                                                250                          56        0.92          5981        98.52  
                                                                300                          39        0.64          6020        99.16  
                                                                350                          24        0.40          6044        99.56  
                                                                400                          20        0.33          6064        99.88  
                                                                450                           6        0.10          6070        99.98  
                                                                500                           1        0.02          6071       100.00  
                                                                                                                                                                     11:49 Wednesday, July 29, 2015    5

                                                                                           The FREQ Procedure

                                                               Table of last_name_match by chosen_cac_ind_number
                                                                                                                                        
                                                                last_name_match|             chosen_cac_ind_number             |        
                                                                ---------------+-----------------------------------------------|        
                                                                   Frequency   |       |       |       |       |       |       |        
                                                                    Percent    |       |       |       |       |       |       |        
                                                                    Row Pct    |       |       |       |       |       |       |        
                                                                    Col Pct    |   .   |   1   |   2   |   3   |   4   |   5   | Total  
                                                                ---------------+-------+-------+-------+-------+-------+-------+------- 
                                                                              0| 595399|      0|      0|      0|      0|      0| 595399 
                                                                               |  40.19|   0.00|   0.00|   0.00|   0.00|   0.00|  40.19 
                                                                               | 100.00|   0.00|   0.00|   0.00|   0.00|   0.00|        
                                                                               |  53.54|   0.00|   0.00|   0.00|   0.00|   0.00|        
                                                                ---------------+-------+-------+-------+-------+-------+-------+------- 
                                                                              1| 516695| 245843|  99061|  19686|   3971|    655| 885911 
                                                                               |  34.88|  16.60|   6.69|   1.33|   0.27|   0.04|  59.81 
                                                                               |  58.32|  27.75|  11.18|   2.22|   0.45|   0.07|        
                                                                               |  46.46| 100.00| 100.00| 100.00| 100.00| 100.00|        
                                                                ---------------+-------+-------+-------+-------+-------+-------+------- 
                                                                          Total|1112094| 245843|  99061|  19686|   3971|    655|1481310 
                                                                               |  75.08|  16.60|   6.69|   1.33|   0.27|   0.04| 100.00 
                                                                                                                                        
                                                                                                                                                                     11:49 Wednesday, July 29, 2015    6

                                                                                           The FREQ Procedure

                                                                    Table of chosen_cac_ind_number by chosen_match_level
                                                                                                                                   
                                                                     chosen_cac_ind_number|      chosen_match_level       |        
                                                                     ---------------------+-------------------------------|        
                                                                           Frequency      |       |       |       |       |        
                                                                            Percent       |       |       |       |       |        
                                                                            Row Pct       |       |       |       |       |        
                                                                            Col Pct       |   .   |   1   |   2   |   3   | Total  
                                                                     ---------------------+-------+-------+-------+-------+------- 
                                                                                         .|1112094|      0|      0|      0|1112094 
                                                                                          |  75.08|   0.00|   0.00|   0.00|  75.08 
                                                                                          | 100.00|   0.00|   0.00|   0.00|        
                                                                                          | 100.00|   0.00|   0.00|   0.00|        
                                                                     ---------------------+-------+-------+-------+-------+------- 
                                                                                         1|      0| 217525|  23893|   4425| 245843 
                                                                                          |   0.00|  14.68|   1.61|   0.30|  16.60 
                                                                                          |   0.00|  88.48|   9.72|   1.80|        
                                                                                          |   0.00|  66.78|  67.04|  56.36|        
                                                                     ---------------------+-------+-------+-------+-------+------- 
                                                                                         2|      0|  86863|   9631|   2567|  99061 
                                                                                          |   0.00|   5.86|   0.65|   0.17|   6.69 
                                                                                          |   0.00|  87.69|   9.72|   2.59|        
                                                                                          |   0.00|  26.67|  27.02|  32.70|        
                                                                     ---------------------+-------+-------+-------+-------+------- 
                                                                                         3|      0|  17327|   1685|    674|  19686 
                                                                                          |   0.00|   1.17|   0.11|   0.05|   1.33 
                                                                                          |   0.00|  88.02|   8.56|   3.42|        
                                                                                          |   0.00|   5.32|   4.73|   8.58|        
                                                                     ---------------------+-------+-------+-------+-------+------- 
                                                                                         4|      0|   3448|    376|    147|   3971 
                                                                                          |   0.00|   0.23|   0.03|   0.01|   0.27 
                                                                                          |   0.00|  86.83|   9.47|   3.70|        
                                                                                          |   0.00|   1.06|   1.05|   1.87|        
                                                                     ---------------------+-------+-------+-------+-------+------- 
                                                                                         5|      0|    561|     56|     38|    655 
                                                                                          |   0.00|   0.04|   0.00|   0.00|   0.04 
                                                                                          |   0.00|  85.65|   8.55|   5.80|        
                                                                                          |   0.00|   0.17|   0.16|   0.48|        
                                                                     ---------------------+-------+-------+-------+-------+------- 
                                                                                     Total|1112094| 325724|  35641|   7851|1481310 
                                                                                          |  75.08|  21.99|   2.41|   0.53| 100.00 
                                                                                                                                   
                                                                                             match_level 2                                                           11:49 Wednesday, July 29, 2015    7

                                                                                           The FREQ Procedure

                                                                                                                Cumulative    Cumulative
                                                                chosen_spedis_score    Frequency     Percent     Frequency      Percent 
                                                                ------------------------------------------------------------------------
                                                                 0                          151        0.42           151         0.42  
                                                                 2                           20        0.06           171         0.48  
                                                                 3                          618        1.73           789         2.21  
                                                                 4                          429        1.20          1218         3.42  
                                                                 5                         1513        4.25          2731         7.66  
                                                                 6                          841        2.36          3572        10.02  
                                                                 7                         1458        4.09          5030        14.11  
                                                                 8                         1513        4.25          6543        18.36  
                                                                 9                           16        0.04          6559        18.40  
                                                                10                          871        2.44          7430        20.85  
                                                                11                          896        2.51          8326        23.36  
                                                                12                          926        2.60          9252        25.96  
                                                                13                          188        0.53          9440        26.49  
                                                                14                         1629        4.57         11069        31.06  
                                                                15                          929        2.61         11998        33.66  
                                                                16                         1611        4.52         13609        38.18  
                                                                17                         1313        3.68         14922        41.87  
                                                                18                          222        0.62         15144        42.49  
                                                                19                          786        2.21         15930        44.70  
                                                                20                         1314        3.69         17244        48.38  
                                                                21                         2018        5.66         19262        54.04  
                                                                22                          754        2.12         20016        56.16  
                                                                23                          508        1.43         20524        57.59  
                                                                24                          235        0.66         20759        58.24  
                                                                25                         1744        4.89         22503        63.14  
                                                                26                         1855        5.20         24358        68.34  
                                                                27                          314        0.88         24672        69.22  
                                                                28                         2939        8.25         27611        77.47  
                                                                29                         1948        5.47         29559        82.94  
                                                                30                         3069        8.61         32628        91.55  
                                                                31                          737        2.07         33365        93.61  
                                                                32                           15        0.04         33380        93.66  
                                                                33                         1195        3.35         34575        97.01  
                                                                34                         1066        2.99         35641       100.00  
                                                                                             match_level 3                                                           11:49 Wednesday, July 29, 2015    8

                                                                                           The FREQ Procedure

                                                                                                                Cumulative    Cumulative
                                                                chosen_spedis_score    Frequency     Percent     Frequency      Percent 
                                                                ------------------------------------------------------------------------
                                                                 35                         114        1.45           114         1.45  
                                                                 36                           1        0.01           115         1.46  
                                                                 37                         554        7.06           669         8.52  
                                                                 38                         696        8.87          1365        17.39  
                                                                 39                         431        5.49          1796        22.88  
                                                                 40                         419        5.34          2215        28.21  
                                                                 41                         259        3.30          2474        31.51  
                                                                 42                         142        1.81          2616        33.32  
                                                                 43                          36        0.46          2652        33.78  
                                                                 44                         139        1.77          2791        35.55  
                                                                 45                         338        4.31          3129        39.85  
                                                                 46                         135        1.72          3264        41.57  
                                                                 47                         937       11.93          4201        53.51  
                                                                 48                           7        0.09          4208        53.60  
                                                                 50                        1236       15.74          5444        69.34  
                                                                 52                           9        0.11          5453        69.46  
                                                                 53                           7        0.09          5460        69.55  
                                                                 54                          69        0.88          5529        70.42  
                                                                 55                          32        0.41          5561        70.83  
                                                                 56                          26        0.33          5587        71.16  
                                                                 57                          70        0.89          5657        72.05  
                                                                 58                         155        1.97          5812        74.03  
                                                                 59                           3        0.04          5815        74.07  
                                                                 60                         182        2.32          5997        76.39  
                                                                 61                           1        0.01          5998        76.40  
                                                                 62                         215        2.74          6213        79.14  
                                                                 63                           1        0.01          6214        79.15  
                                                                 64                          12        0.15          6226        79.30  
                                                                 65                          10        0.13          6236        79.43  
                                                                 66                         184        2.34          6420        81.77  
                                                                 67                           3        0.04          6423        81.81  
                                                                 68                          21        0.27          6444        82.08  
                                                                 69                           2        0.03          6446        82.10  
                                                                 70                         105        1.34          6551        83.44  
                                                                 71                           6        0.08          6557        83.52  
                                                                 75                         195        2.48          6752        86.00  
                                                                 78                           1        0.01          6753        86.01  
                                                                 79                           5        0.06          6758        86.08  
                                                                 80                          37        0.47          6795        86.55  
                                                                 81                           6        0.08          6801        86.63  
                                                                 83                         171        2.18          6972        88.80  
                                                                 84                           1        0.01          6973        88.82  
                                                                 85                           4        0.05          6977        88.87  
                                                                 87                          29        0.37          7006        89.24  
                                                                 89                           1        0.01          7007        89.25  
                                                                 90                          15        0.19          7022        89.44  
                                                                 91                           3        0.04          7025        89.48  
                                                                 92                           1        0.01          7026        89.49  
                                                                 93                           1        0.01          7027        89.50  
                                                                 95                           3        0.04          7030        89.54  
                                                                100                         186        2.37          7216        91.91  
                                                                106                           2        0.03          7218        91.94  
                                                                108                           5        0.06          7223        92.00  
                                                                110                           5        0.06          7228        92.06  
                                                                112                          20        0.25          7248        92.32  
                                                                115                           1        0.01          7249        92.33  
                                                                116                          21        0.27          7270        92.60  
                                                                118                           4        0.05          7274        92.65  
                                                                120                           1        0.01          7275        92.66  
                                                                125                          57        0.73          7332        93.39  
                                                                131                           1        0.01          7333        93.40  
                                                                133                          16        0.20          7349        93.61  
                                                                137                           8        0.10          7357        93.71  
                                                                140                           1        0.01          7358        93.72  
                                                                145                           1        0.01          7359        93.73  
                                                                150                         106        1.35          7465        95.08  
                                                                156                           1        0.01          7466        95.10  
                                                                162                           1        0.01          7467        95.11  
                                                                175                           7        0.09          7474        95.20  
                                                                200                         103        1.31          7577        96.51  
                                                                225                           1        0.01          7578        96.52  
                                                                250                         131        1.67          7709        98.19  
                                                                275                           1        0.01          7710        98.20  
                                                                300                          87        1.11          7797        99.31  
                                                                350                          33        0.42          7830        99.73  
                                                                400                          10        0.13          7840        99.86  
                                                                412                           1        0.01          7841        99.87  
                                                                450                           1        0.01          7842        99.89  
                                                                500                           6        0.08          7848        99.96  
                                                                550                           2        0.03          7850        99.99  
                                                                600                           1        0.01          7851       100.00  
                                                                    Prepared for                                                                     9
                                                                 Data Quality Report
                                                           Library:WORK  Member:scored__VA
                                                              Total Observations: 697443

                                                                                                              Number of     Numeric or          
   Variable                                                                   Label                         Observations    Character     Levels

   CAC_HH_PID                                            Household Persistent ID                                697,443     Character        50+
                                                                                                                                                
   CAC_NAME_LAST                                         Household Name                                         697,443     Character        50+
                                                                                                                                                
   bridge_address1                                       Address Line 1 From Bridge                             697,443     Character        50+
                                                                                                                                                
   bridge_address2                                       Address Line 2 From Bridge                                   0     Character         0 
                                                                                                                                                
   bridge_city                                           Address City From Bridge                               697,443     Character        50+
                                                                                                                                                
   bridge_name_first                                     First Name From Bridge                                 697,443     Character        50+
                                                                                                                                                
   bridge_name_last                                      Last Name From Bridge                                  697,443     Character        50+
                                                                                                                                                
   bridge_name_last_exact                                                                                       697,443     Character        50+
                                                                                                                                                
   bridge_name_last_fuzzy1                                                                                      697,443     Character        50+
                                                                                                                                                
   bridge_state                                          Address State From Bridge                              697,443     Character         1 
                                                         Value VA    100%                                       697,443                         
                                                                                                                                                
   bridge_zip5                                           Address Zip 5 From Bridge                              697,443     Character        50+
                                                                                                                                                
   cac_bridge_md5email_id                                Unique ID To Append Email Addresses From Bridge        697,443     Character        50+

                                                             Number        Zero          Mean        Median       Minimum       Maximum    Variable
   Variable                                                 Missing      Values         Value         Value         Value         Value     Format 

   CAC_HH_PID                                                     0                                                                          $27   
                                                                                                                                                   
   CAC_NAME_LAST                                                  0                                                                                
                                                                                                                                                   
   bridge_address1                                                0                                                                          $50   
                                                                                                                                                   
   bridge_address2                                          697,443                                                                          $50   
                                                                                                                                                   
   bridge_city                                                    0                                                                          $30   
                                                                                                                                                   
   bridge_name_first                                              0                                                                          $25   
                                                                                                                                                   
   bridge_name_last                                               0                                                                          $25   
                                                                                                                                                   
   bridge_name_last_exact                                         0                                                                                
                                                                                                                                                   
   bridge_name_last_fuzzy1                                        0                                                                                
                                                                                                                                                   
   bridge_state                                                   0                                                                          $2    
                                                                                                                                                   
                                                                                                                                                   
   bridge_zip5                                                    0                                                                          $5    
                                                                                                                                                   
   cac_bridge_md5email_id                                         0                                                                          $50   

                                                             Prepared by CAC Group, Inc.
                                                                    Prepared for                                                                    10
                                                                 Data Quality Report
                                                           Library:WORK  Member:scored__VA
                                                              Total Observations: 697443

                                                                                      Number of     Numeric or                  Number        Zero
    Variable                                                      Label             Observations    Character     Levels       Missing      Values

                                                                                                                                                  
    chosen_cac_ind_gender                                                               697,443     Numeric           2              0           0
                                                          Value        1   47.1%        328,227                                                   
                                                          Value        2   52.9%        369,216                                                   
                                                                                                                                                  
    chosen_cac_ind_last                                                                 697,443     Character        50+             0            
                                                                                                                                                  
    chosen_cac_ind_mi                                                                   583,039     Character        26        114,404            
                                                                                                                                                  
    chosen_cac_ind_name                                                                 697,443     Character        50+             0            
                                                                                                                                                  
    chosen_cac_ind_number                                                               697,443     Numeric           5              0           0
                                                          Value        1   69.5%        484,553                                                   
                                                          Value        2   23.6%        164,316                                                   
                                                          Value        3    5.6%         39,069                                                   
                                                          Value        4    1.2%          8,150                                                   
                                                          Value        5    0.2%          1,355                                                   
                                                                                                                                                  
    chosen_first_x_of_x_flag                                                            697,443     Numeric           2              0       4,121
                                                                                                                                                  
    chosen_match_level                                                                  697,443     Numeric           3              0           0
                                                          Value        1   87.7%        611,464                                                   
                                                          Value        2   10.3%         72,057                                                   
                                                          Value        3    2.0%         13,922                                                   

                                                                Mean        Median       Minimum       Maximum    Variable
    Variable                                                   Value         Value         Value         Value     Format 

                                                                                                                          
    chosen_cac_ind_gender                                     1.5294        2.0000        1.0000        2.0000      8     
                                                                                                                          
                                                                                                                          
                                                                                                                          
    chosen_cac_ind_last                                                                                             $20   
                                                                                                                          
    chosen_cac_ind_mi                                                                                               $1    
                                                                                                                          
    chosen_cac_ind_name                                                                                             $14   
                                                                                                                          
    chosen_cac_ind_number                                     1.3905        1.0000        1.0000        5.0000      8     
                                                                                                                          
                                                                                                                          
                                                                                                                          
                                                                                                                          
                                                                                                                          
                                                                                                                          
    chosen_first_x_of_x_flag                                  0.9941        1.0000        0.0000        1.0000      8     
                                                                                                                          
    chosen_match_level                                        1.1432        1.0000        1.0000        3.0000      8     
                                                                                                                          
                                                                                                                          
                                                                                                                          

                                                             Prepared by CAC Group, Inc.
                                                                    Prepared for                                                                    11
                                                                 Data Quality Report
                                                           Library:WORK  Member:scored__VA
                                                              Total Observations: 697443

                                                                                      Number of     Numeric or                  Number        Zero
    Variable                                                      Label             Observations    Character     Levels       Missing      Values

                                                                                                                                                  
    chosen_spedis_score                                                                 697,443      Numeric         50+             0     611,718
                                                                                                                                                  
    last_name_match                                                                     697,443      Numeric          1              0           0
                                                          Value        1    100%        697,443                                                   
                                                                                                                                                  

                                                                Mean        Median       Minimum       Maximum    Variable
    Variable                                                   Value         Value         Value         Value     Format 

                                                                                                                          
    chosen_spedis_score                                       3.2991        0.0000        0.0000      600.0000       8    
                                                                                                                          
    last_name_match                                           1.0000        1.0000        1.0000        1.0000            
                                                                                                                          
                                                                                                                          





































                                                             Prepared by CAC Group, Inc.
