                                                                                             The WPS System                                                          11:42 Wednesday, July 29, 2015    1

                                                                                           The FREQ Procedure

                                                               Table of last_name_match by chosen_cac_ind_number
                                                                                                                                        
                                                                last_name_match|             chosen_cac_ind_number             |        
                                                                ---------------+-----------------------------------------------|        
                                                                   Frequency   |       |       |       |       |       |       |        
                                                                    Percent    |       |       |       |       |       |       |        
                                                                    Row Pct    |       |       |       |       |       |       |        
                                                                    Col Pct    |   .   |   1   |   2   |   3   |   4   |   5   | Total  
                                                                ---------------+-------+-------+-------+-------+-------+-------+------- 
                                                                              0|  77766|      0|      0|      0|      0|      0|  77766 
                                                                               |  35.57|   0.00|   0.00|   0.00|   0.00|   0.00|  35.57 
                                                                               | 100.00|   0.00|   0.00|   0.00|   0.00|   0.00|        
                                                                               |  45.96|   0.00|   0.00|   0.00|   0.00|   0.00|        
                                                                ---------------+-------+-------+-------+-------+-------+-------+------- 
                                                                              1|  91455|  33003|  12104|   3430|    748|    100| 140840 
                                                                               |  41.84|  15.10|   5.54|   1.57|   0.34|   0.05|  64.43 
                                                                               |  64.94|  23.43|   8.59|   2.44|   0.53|   0.07|        
                                                                               |  54.04| 100.00| 100.00| 100.00| 100.00| 100.00|        
                                                                ---------------+-------+-------+-------+-------+-------+-------+------- 
                                                                          Total| 169221|  33003|  12104|   3430|    748|    100| 218606 
                                                                               |  77.41|  15.10|   5.54|   1.57|   0.34|   0.05| 100.00 
                                                                                                                                        
                                                                                             The WPS System                                                          11:42 Wednesday, July 29, 2015    2

                                                                                           The FREQ Procedure

                                                                    Table of chosen_cac_ind_number by chosen_match_level
                                                                                                                                   
                                                                     chosen_cac_ind_number|      chosen_match_level       |        
                                                                     ---------------------+-------------------------------|        
                                                                           Frequency      |       |       |       |       |        
                                                                            Percent       |       |       |       |       |        
                                                                            Row Pct       |       |       |       |       |        
                                                                            Col Pct       |   .   |   1   |   2   |   3   | Total  
                                                                     ---------------------+-------+-------+-------+-------+------- 
                                                                                         .| 169221|      0|      0|      0| 169221 
                                                                                          |  77.41|   0.00|   0.00|   0.00|  77.41 
                                                                                          | 100.00|   0.00|   0.00|   0.00|        
                                                                                          | 100.00|   0.00|   0.00|   0.00|        
                                                                     ---------------------+-------+-------+-------+-------+------- 
                                                                                         1|      0|  28861|   3670|    472|  33003 
                                                                                          |   0.00|  13.20|   1.68|   0.22|  15.10 
                                                                                          |   0.00|  87.45|  11.12|   1.43|        
                                                                                          |   0.00|  67.24|  64.98|  57.84|        
                                                                     ---------------------+-------+-------+-------+-------+------- 
                                                                                         2|      0|  10462|   1433|    209|  12104 
                                                                                          |   0.00|   4.79|   0.66|   0.10|   5.54 
                                                                                          |   0.00|  86.43|  11.84|   1.73|        
                                                                                          |   0.00|  24.38|  25.37|  25.61|        
                                                                     ---------------------+-------+-------+-------+-------+------- 
                                                                                         3|      0|   2906|    422|    102|   3430 
                                                                                          |   0.00|   1.33|   0.19|   0.05|   1.57 
                                                                                          |   0.00|  84.72|  12.30|   2.97|        
                                                                                          |   0.00|   6.77|   7.47|  12.50|        
                                                                     ---------------------+-------+-------+-------+-------+------- 
                                                                                         4|      0|    607|    111|     30|    748 
                                                                                          |   0.00|   0.28|   0.05|   0.01|   0.34 
                                                                                          |   0.00|  81.15|  14.84|   4.01|        
                                                                                          |   0.00|   1.41|   1.97|   3.68|        
                                                                     ---------------------+-------+-------+-------+-------+------- 
                                                                                         5|      0|     85|     12|      3|    100 
                                                                                          |   0.00|   0.04|   0.01|   0.00|   0.05 
                                                                                          |   0.00|  85.00|  12.00|   3.00|        
                                                                                          |   0.00|   0.20|   0.21|   0.37|        
                                                                     ---------------------+-------+-------+-------+-------+------- 
                                                                                     Total| 169221|  42921|   5648|    816| 218606 
                                                                                          |  77.41|  19.63|   2.58|   0.37| 100.00 
                                                                                                                                   
                                                                                             match_level 2                                                           11:42 Wednesday, July 29, 2015    3

                                                                                           The FREQ Procedure

                                                                                                                Cumulative    Cumulative
                                                                chosen_spedis_score    Frequency     Percent     Frequency      Percent 
                                                                ------------------------------------------------------------------------
                                                                 0                           11        0.19            11         0.19  
                                                                 3                           13        0.23            24         0.42  
                                                                 4                           38        0.67            62         1.10  
                                                                 5                          187        3.31           249         4.41  
                                                                 6                           31        0.55           280         4.96  
                                                                 7                          271        4.80           551         9.76  
                                                                 8                           81        1.43           632        11.19  
                                                                 9                            4        0.07           636        11.26  
                                                                10                          109        1.93           745        13.19  
                                                                11                          201        3.56           946        16.75  
                                                                12                           78        1.38          1024        18.13  
                                                                13                           42        0.74          1066        18.87  
                                                                14                          129        2.28          1195        21.16  
                                                                15                          702       12.43          1897        33.59  
                                                                16                          125        2.21          2022        35.80  
                                                                17                          541        9.58          2563        45.38  
                                                                18                            5        0.09          2568        45.47  
                                                                19                          422        7.47          2990        52.94  
                                                                20                          444        7.86          3434        60.80  
                                                                21                          170        3.01          3604        63.81  
                                                                22                           24        0.42          3628        64.24  
                                                                23                           97        1.72          3725        65.95  
                                                                24                           69        1.22          3794        67.17  
                                                                25                          182        3.22          3976        70.40  
                                                                26                           74        1.31          4050        71.71  
                                                                27                          139        2.46          4189        74.17  
                                                                28                          563        9.97          4752        84.14  
                                                                29                          226        4.00          4978        88.14  
                                                                30                          238        4.21          5216        92.35  
                                                                31                           20        0.35          5236        92.71  
                                                                32                            1        0.02          5237        92.72  
                                                                33                          205        3.63          5442        96.35  
                                                                34                          206        3.65          5648       100.00  
                                                                                             match_level 3                                                           11:42 Wednesday, July 29, 2015    4

                                                                                           The FREQ Procedure

                                                                                                                Cumulative    Cumulative
                                                                chosen_spedis_score    Frequency     Percent     Frequency      Percent 
                                                                ------------------------------------------------------------------------
                                                                 35                          12        1.47            12         1.47  
                                                                 37                          85       10.42            97        11.89  
                                                                 38                          85       10.42           182        22.30  
                                                                 39                          84       10.29           266        32.60  
                                                                 40                          56        6.86           322        39.46  
                                                                 41                          14        1.72           336        41.18  
                                                                 42                           6        0.74           342        41.91  
                                                                 43                          12        1.47           354        43.38  
                                                                 45                          10        1.23           364        44.61  
                                                                 46                          10        1.23           374        45.83  
                                                                 47                          10        1.23           384        47.06  
                                                                 48                           1        0.12           385        47.18  
                                                                 50                         146       17.89           531        65.07  
                                                                 53                           1        0.12           532        65.20  
                                                                 54                           9        1.10           541        66.30  
                                                                 55                           3        0.37           544        66.67  
                                                                 56                           6        0.74           550        67.40  
                                                                 57                           3        0.37           553        67.77  
                                                                 58                           7        0.86           560        68.63  
                                                                 59                           2        0.25           562        68.87  
                                                                 60                          32        3.92           594        72.79  
                                                                 62                          18        2.21           612        75.00  
                                                                 64                           1        0.12           613        75.12  
                                                                 65                           9        1.10           622        76.23  
                                                                 66                          55        6.74           677        82.97  
                                                                 68                           2        0.25           679        83.21  
                                                                 70                          10        1.23           689        84.44  
                                                                 75                          27        3.31           716        87.75  
                                                                 80                           1        0.12           717        87.87  
                                                                 83                          31        3.80           748        91.67  
                                                                 85                           1        0.12           749        91.79  
                                                                 87                           5        0.61           754        92.40  
                                                                 90                           1        0.12           755        92.52  
                                                                100                          12        1.47           767        94.00  
                                                                108                           3        0.37           770        94.36  
                                                                112                           2        0.25           772        94.61  
                                                                116                           2        0.25           774        94.85  
                                                                125                           1        0.12           775        94.98  
                                                                133                           1        0.12           776        95.10  
                                                                150                           7        0.86           783        95.96  
                                                                200                          11        1.35           794        97.30  
                                                                250                          10        1.23           804        98.53  
                                                                300                           9        1.10           813        99.63  
                                                                350                           3        0.37           816       100.00  
                                                                                                                                                                     11:42 Wednesday, July 29, 2015    5

                                                                                           The FREQ Procedure

                                                               Table of last_name_match by chosen_cac_ind_number
                                                                                                                                        
                                                                last_name_match|             chosen_cac_ind_number             |        
                                                                ---------------+-----------------------------------------------|        
                                                                   Frequency   |       |       |       |       |       |       |        
                                                                    Percent    |       |       |       |       |       |       |        
                                                                    Row Pct    |       |       |       |       |       |       |        
                                                                    Col Pct    |   .   |   1   |   2   |   3   |   4   |   5   | Total  
                                                                ---------------+-------+-------+-------+-------+-------+-------+------- 
                                                                              0|  77766|      0|      0|      0|      0|      0|  77766 
                                                                               |  35.57|   0.00|   0.00|   0.00|   0.00|   0.00|  35.57 
                                                                               | 100.00|   0.00|   0.00|   0.00|   0.00|   0.00|        
                                                                               |  50.20|   0.00|   0.00|   0.00|   0.00|   0.00|        
                                                                ---------------+-------+-------+-------+-------+-------+-------+------- 
                                                                              1|  77156|  46244|  13728|   3029|    598|     85| 140840 
                                                                               |  35.29|  21.15|   6.28|   1.39|   0.27|   0.04|  64.43 
                                                                               |  54.78|  32.83|   9.75|   2.15|   0.42|   0.06|        
                                                                               |  49.80| 100.00| 100.00| 100.00| 100.00| 100.00|        
                                                                ---------------+-------+-------+-------+-------+-------+-------+------- 
                                                                          Total| 154922|  46244|  13728|   3029|    598|     85| 218606 
                                                                               |  70.87|  21.15|   6.28|   1.39|   0.27|   0.04| 100.00 
                                                                                                                                        
                                                                                                                                                                     11:42 Wednesday, July 29, 2015    6

                                                                                           The FREQ Procedure

                                                                    Table of chosen_cac_ind_number by chosen_match_level
                                                                                                                                   
                                                                     chosen_cac_ind_number|      chosen_match_level       |        
                                                                     ---------------------+-------------------------------|        
                                                                           Frequency      |       |       |       |       |        
                                                                            Percent       |       |       |       |       |        
                                                                            Row Pct       |       |       |       |       |        
                                                                            Col Pct       |   .   |   1   |   2   |   3   | Total  
                                                                     ---------------------+-------+-------+-------+-------+------- 
                                                                                         .| 154922|      0|      0|      0| 154922 
                                                                                          |  70.87|   0.00|   0.00|   0.00|  70.87 
                                                                                          | 100.00|   0.00|   0.00|   0.00|        
                                                                                          | 100.00|   0.00|   0.00|   0.00|        
                                                                     ---------------------+-------+-------+-------+-------+------- 
                                                                                         1|      0|  41256|   4126|    862|  46244 
                                                                                          |   0.00|  18.87|   1.89|   0.39|  21.15 
                                                                                          |   0.00|  89.21|   8.92|   1.86|        
                                                                                          |   0.00|  72.79|  72.41|  65.90|        
                                                                     ---------------------+-------+-------+-------+-------+------- 
                                                                                         2|      0|  12104|   1273|    351|  13728 
                                                                                          |   0.00|   5.54|   0.58|   0.16|   6.28 
                                                                                          |   0.00|  88.17|   9.27|   2.56|        
                                                                                          |   0.00|  21.36|  22.34|  26.83|        
                                                                     ---------------------+-------+-------+-------+-------+------- 
                                                                                         3|      0|   2707|    245|     77|   3029 
                                                                                          |   0.00|   1.24|   0.11|   0.04|   1.39 
                                                                                          |   0.00|  89.37|   8.09|   2.54|        
                                                                                          |   0.00|   4.78|   4.30|   5.89|        
                                                                     ---------------------+-------+-------+-------+-------+------- 
                                                                                         4|      0|    530|     50|     18|    598 
                                                                                          |   0.00|   0.24|   0.02|   0.01|   0.27 
                                                                                          |   0.00|  88.63|   8.36|   3.01|        
                                                                                          |   0.00|   0.94|   0.88|   1.38|        
                                                                     ---------------------+-------+-------+-------+-------+------- 
                                                                                         5|      0|     81|      4|      0|     85 
                                                                                          |   0.00|   0.04|   0.00|   0.00|   0.04 
                                                                                          |   0.00|  95.29|   4.71|   0.00|        
                                                                                          |   0.00|   0.14|   0.07|   0.00|        
                                                                     ---------------------+-------+-------+-------+-------+------- 
                                                                                     Total| 154922|  56678|   5698|   1308| 218606 
                                                                                          |  70.87|  25.93|   2.61|   0.60| 100.00 
                                                                                                                                   
                                                                                             match_level 2                                                           11:42 Wednesday, July 29, 2015    7

                                                                                           The FREQ Procedure

                                                                                                                Cumulative    Cumulative
                                                                chosen_spedis_score    Frequency     Percent     Frequency      Percent 
                                                                ------------------------------------------------------------------------
                                                                 0                           22        0.39            22         0.39  
                                                                 2                            3        0.05            25         0.44  
                                                                 3                           51        0.90            76         1.33  
                                                                 4                           40        0.70           116         2.04  
                                                                 5                          264        4.63           380         6.67  
                                                                 6                          162        2.84           542         9.51  
                                                                 7                          227        3.98           769        13.50  
                                                                 8                          249        4.37          1018        17.87  
                                                                 9                            3        0.05          1021        17.92  
                                                                10                          152        2.67          1173        20.59  
                                                                11                          175        3.07          1348        23.66  
                                                                12                          136        2.39          1484        26.04  
                                                                13                           46        0.81          1530        26.85  
                                                                14                          278        4.88          1808        31.73  
                                                                15                          234        4.11          2042        35.84  
                                                                16                          241        4.23          2283        40.07  
                                                                17                          285        5.00          2568        45.07  
                                                                18                           24        0.42          2592        45.49  
                                                                19                          148        2.60          2740        48.09  
                                                                20                          241        4.23          2981        52.32  
                                                                21                          428        7.51          3409        59.83  
                                                                22                          124        2.18          3533        62.00  
                                                                23                           67        1.18          3600        63.18  
                                                                24                           44        0.77          3644        63.95  
                                                                25                          341        5.98          3985        69.94  
                                                                26                          237        4.16          4222        74.10  
                                                                27                           51        0.90          4273        74.99  
                                                                28                          345        6.05          4618        81.05  
                                                                29                          196        3.44          4814        84.49  
                                                                30                          342        6.00          5156        90.49  
                                                                31                           70        1.23          5226        91.72  
                                                                32                            1        0.02          5227        91.73  
                                                                33                          201        3.53          5428        95.26  
                                                                34                          270        4.74          5698       100.00  
                                                                                             match_level 3                                                           11:42 Wednesday, July 29, 2015    8

                                                                                           The FREQ Procedure

                                                                                                                Cumulative    Cumulative
                                                                chosen_spedis_score    Frequency     Percent     Frequency      Percent 
                                                                ------------------------------------------------------------------------
                                                                 35                          11        0.84            11         0.84  
                                                                 37                         115        8.79           126         9.63  
                                                                 38                         177       13.53           303        23.17  
                                                                 39                          64        4.89           367        28.06  
                                                                 40                          64        4.89           431        32.95  
                                                                 41                          43        3.29           474        36.24  
                                                                 42                          19        1.45           493        37.69  
                                                                 43                           2        0.15           495        37.84  
                                                                 44                          58        4.43           553        42.28  
                                                                 45                          86        6.57           639        48.85  
                                                                 46                          13        0.99           652        49.85  
                                                                 47                         152       11.62           804        61.47  
                                                                 50                         186       14.22           990        75.69  
                                                                 52                           2        0.15           992        75.84  
                                                                 54                           3        0.23           995        76.07  
                                                                 55                           5        0.38          1000        76.45  
                                                                 56                           6        0.46          1006        76.91  
                                                                 57                           4        0.31          1010        77.22  
                                                                 58                          27        2.06          1037        79.28  
                                                                 60                          26        1.99          1063        81.27  
                                                                 62                          42        3.21          1105        84.48  
                                                                 63                           1        0.08          1106        84.56  
                                                                 64                           2        0.15          1108        84.71  
                                                                 65                           4        0.31          1112        85.02  
                                                                 66                          33        2.52          1145        87.54  
                                                                 68                           1        0.08          1146        87.61  
                                                                 70                          19        1.45          1165        89.07  
                                                                 71                           2        0.15          1167        89.22  
                                                                 75                          22        1.68          1189        90.90  
                                                                 78                           1        0.08          1190        90.98  
                                                                 80                           3        0.23          1193        91.21  
                                                                 83                          24        1.83          1217        93.04  
                                                                 85                           2        0.15          1219        93.20  
                                                                 87                           4        0.31          1223        93.50  
                                                                 90                           2        0.15          1225        93.65  
                                                                100                          23        1.76          1248        95.41  
                                                                108                           1        0.08          1249        95.49  
                                                                112                           1        0.08          1250        95.57  
                                                                116                           2        0.15          1252        95.72  
                                                                125                           3        0.23          1255        95.95  
                                                                133                           1        0.08          1256        96.02  
                                                                137                           1        0.08          1257        96.10  
                                                                150                          11        0.84          1268        96.94  
                                                                156                           1        0.08          1269        97.02  
                                                                200                          12        0.92          1281        97.94  
                                                                216                           1        0.08          1282        98.01  
                                                                250                          13        0.99          1295        99.01  
                                                                300                          11        0.84          1306        99.85  
                                                                350                           1        0.08          1307        99.92  
                                                                450                           1        0.08          1308       100.00  
                                                                    Prepared for                                                                     9
                                                                 Data Quality Report
                                                           Library:WORK  Member:scored__ME
                                                              Total Observations: 113069

                                                                                                              Number of     Numeric or          
   Variable                                                                   Label                         Observations    Character     Levels

   CAC_HH_PID                                            Household Persistent ID                                113,069     Character        50+
                                                                                                                                                
   CAC_NAME_LAST                                         Household Name                                         113,069     Character        50+
                                                                                                                                                
   bridge_address1                                       Address Line 1 From Bridge                             113,069     Character        50+
                                                                                                                                                
   bridge_address2                                       Address Line 2 From Bridge                                   0     Character         0 
                                                                                                                                                
   bridge_city                                           Address City From Bridge                               113,069     Character        50+
                                                                                                                                                
   bridge_name_first                                     First Name From Bridge                                 113,069     Character        50+
                                                                                                                                                
   bridge_name_last                                      Last Name From Bridge                                  113,069     Character        50+
                                                                                                                                                
   bridge_name_last_exact                                                                                       113,069     Character        50+
                                                                                                                                                
   bridge_name_last_fuzzy1                                                                                      113,069     Character        50+
                                                                                                                                                
   bridge_state                                          Address State From Bridge                              113,069     Character         1 
                                                         Value ME    100%                                       113,069                         
                                                                                                                                                
   bridge_zip5                                           Address Zip 5 From Bridge                              113,069     Character        50+
                                                                                                                                                
   cac_bridge_md5email_id                                Unique ID To Append Email Addresses From Bridge        113,069     Character        50+

                                                             Number        Zero          Mean        Median       Minimum       Maximum    Variable
   Variable                                                 Missing      Values         Value         Value         Value         Value     Format 

   CAC_HH_PID                                                     0                                                                          $27   
                                                                                                                                                   
   CAC_NAME_LAST                                                  0                                                                                
                                                                                                                                                   
   bridge_address1                                                0                                                                          $50   
                                                                                                                                                   
   bridge_address2                                          113,069                                                                          $50   
                                                                                                                                                   
   bridge_city                                                    0                                                                          $30   
                                                                                                                                                   
   bridge_name_first                                              0                                                                          $25   
                                                                                                                                                   
   bridge_name_last                                               0                                                                          $25   
                                                                                                                                                   
   bridge_name_last_exact                                         0                                                                                
                                                                                                                                                   
   bridge_name_last_fuzzy1                                        0                                                                                
                                                                                                                                                   
   bridge_state                                                   0                                                                          $2    
                                                                                                                                                   
                                                                                                                                                   
   bridge_zip5                                                    0                                                                          $5    
                                                                                                                                                   
   cac_bridge_md5email_id                                         0                                                                          $50   

                                                             Prepared by CAC Group, Inc.
                                                                    Prepared for                                                                    10
                                                                 Data Quality Report
                                                           Library:WORK  Member:scored__ME
                                                              Total Observations: 113069

                                                                                      Number of     Numeric or                  Number        Zero
    Variable                                                      Label             Observations    Character     Levels       Missing      Values

                                                                                                                                                  
    chosen_cac_ind_gender                                                               113,069     Numeric           2              0           0
                                                          Value        1   43.7%         49,385                                                   
                                                          Value        2   56.3%         63,684                                                   
                                                                                                                                                  
    chosen_cac_ind_last                                                                 113,069     Character        50+             0            
                                                                                                                                                  
    chosen_cac_ind_mi                                                                    98,090     Character        26         14,979            
                                                                                                                                                  
    chosen_cac_ind_name                                                                 113,069     Character        50+             0            
                                                                                                                                                  
    chosen_cac_ind_number                                                               113,069     Numeric           5              0           0
                                                          Value        1   70.1%         79,247                                                   
                                                          Value        2   22.8%         25,832                                                   
                                                          Value        3    5.7%          6,459                                                   
                                                          Value        4    1.2%          1,346                                                   
                                                          Value        5    0.2%            185                                                   
                                                                                                                                                  
    chosen_first_x_of_x_flag                                                            113,069     Numeric           2              0         620
                                                                                                                                                  
    chosen_match_level                                                                  113,069     Numeric           3              0           0
                                                          Value        1   88.1%         99,599                                                   
                                                          Value        2   10.0%         11,346                                                   
                                                          Value        3    1.9%          2,124                                                   

                                                                Mean        Median       Minimum       Maximum    Variable
    Variable                                                   Value         Value         Value         Value     Format 

                                                                                                                          
    chosen_cac_ind_gender                                     1.5632        2.0000        1.0000        2.0000      8     
                                                                                                                          
                                                                                                                          
                                                                                                                          
    chosen_cac_ind_last                                                                                             $20   
                                                                                                                          
    chosen_cac_ind_mi                                                                                               $1    
                                                                                                                          
    chosen_cac_ind_name                                                                                             $14   
                                                                                                                          
    chosen_cac_ind_number                                     1.3850        1.0000        1.0000        5.0000      8     
                                                                                                                          
                                                                                                                          
                                                                                                                          
                                                                                                                          
                                                                                                                          
                                                                                                                          
    chosen_first_x_of_x_flag                                  0.9945        1.0000        0.0000        1.0000      8     
                                                                                                                          
    chosen_match_level                                        1.1379        1.0000        1.0000        3.0000      8     
                                                                                                                          
                                                                                                                          
                                                                                                                          

                                                             Prepared by CAC Group, Inc.
                                                                    Prepared for                                                                    11
                                                                 Data Quality Report
                                                           Library:WORK  Member:scored__ME
                                                              Total Observations: 113069

                                                                                      Number of     Numeric or                  Number        Zero
    Variable                                                      Label             Observations    Character     Levels       Missing      Values

                                                                                                                                                  
    chosen_spedis_score                                                                 113,069      Numeric         50+             0      99,632
                                                                                                                                                  
    last_name_match                                                                     113,069      Numeric          1              0           0
                                                          Value        1    100%        113,069                                                   
                                                                                                                                                  

                                                                Mean        Median       Minimum       Maximum    Variable
    Variable                                                   Value         Value         Value         Value     Format 

                                                                                                                          
    chosen_spedis_score                                       3.0424        0.0000        0.0000      450.0000       8    
                                                                                                                          
    last_name_match                                           1.0000        1.0000        1.0000        1.0000            
                                                                                                                          
                                                                                                                          





































                                                             Prepared by CAC Group, Inc.
