                                                                                             The WPS System                                                          11:23 Wednesday, July 29, 2015    1

                                                                                           The FREQ Procedure

                                                               Table of last_name_match by chosen_cac_ind_number
                                                                                                                                        
                                                                last_name_match|             chosen_cac_ind_number             |        
                                                                ---------------+-----------------------------------------------|        
                                                                   Frequency   |       |       |       |       |       |       |        
                                                                    Percent    |       |       |       |       |       |       |        
                                                                    Row Pct    |       |       |       |       |       |       |        
                                                                    Col Pct    |   .   |   1   |   2   |   3   |   4   |   5   | Total  
                                                                ---------------+-------+-------+-------+-------+-------+-------+------- 
                                                                              0|2062718|      0|      0|      0|      0|      0|2062718 
                                                                               |  40.15|   0.00|   0.00|   0.00|   0.00|   0.00|  40.15 
                                                                               | 100.00|   0.00|   0.00|   0.00|   0.00|   0.00|        
                                                                               |  50.84|   0.00|   0.00|   0.00|   0.00|   0.00|        
                                                                ---------------+-------+-------+-------+-------+-------+-------+------- 
                                                                              1|1994798| 757693| 229808|  70069|  18146|   3736|3074250 
                                                                               |  38.83|  14.75|   4.47|   1.36|   0.35|   0.07|  59.85 
                                                                               |  64.89|  24.65|   7.48|   2.28|   0.59|   0.12|        
                                                                               |  49.16| 100.00| 100.00| 100.00| 100.00| 100.00|        
                                                                ---------------+-------+-------+-------+-------+-------+-------+------- 
                                                                          Total|4057516| 757693| 229808|  70069|  18146|   3736|5136968 
                                                                               |  78.99|  14.75|   4.47|   1.36|   0.35|   0.07| 100.00 
                                                                                                                                        
                                                                                             The WPS System                                                          11:23 Wednesday, July 29, 2015    2

                                                                                           The FREQ Procedure

                                                                    Table of chosen_cac_ind_number by chosen_match_level
                                                                                                                                   
                                                                     chosen_cac_ind_number|      chosen_match_level       |        
                                                                     ---------------------+-------------------------------|        
                                                                           Frequency      |       |       |       |       |        
                                                                            Percent       |       |       |       |       |        
                                                                            Row Pct       |       |       |       |       |        
                                                                            Col Pct       |   .   |   1   |   2   |   3   | Total  
                                                                     ---------------------+-------+-------+-------+-------+------- 
                                                                                         .|4057516|      0|      0|      0|4057516 
                                                                                          |  78.99|   0.00|   0.00|   0.00|  78.99 
                                                                                          | 100.00|   0.00|   0.00|   0.00|        
                                                                                          | 100.00|   0.00|   0.00|   0.00|        
                                                                     ---------------------+-------+-------+-------+-------+------- 
                                                                                         1|      0| 666980|  77624|  13089| 757693 
                                                                                          |   0.00|  12.98|   1.51|   0.25|  14.75 
                                                                                          |   0.00|  88.03|  10.24|   1.73|        
                                                                                          |   0.00|  70.54|  69.21|  60.18|        
                                                                     ---------------------+-------+-------+-------+-------+------- 
                                                                                         2|      0| 199097|  25061|   5650| 229808 
                                                                                          |   0.00|   3.88|   0.49|   0.11|   4.47 
                                                                                          |   0.00|  86.64|  10.91|   2.46|        
                                                                                          |   0.00|  21.06|  22.34|  25.98|        
                                                                     ---------------------+-------+-------+-------+-------+------- 
                                                                                         3|      0|  60691|   7153|   2225|  70069 
                                                                                          |   0.00|   1.18|   0.14|   0.04|   1.36 
                                                                                          |   0.00|  86.62|  10.21|   3.18|        
                                                                                          |   0.00|   6.42|   6.38|  10.23|        
                                                                     ---------------------+-------+-------+-------+-------+------- 
                                                                                         4|      0|  15641|   1896|    609|  18146 
                                                                                          |   0.00|   0.30|   0.04|   0.01|   0.35 
                                                                                          |   0.00|  86.20|  10.45|   3.36|        
                                                                                          |   0.00|   1.65|   1.69|   2.80|        
                                                                     ---------------------+-------+-------+-------+-------+------- 
                                                                                         5|      0|   3130|    429|    177|   3736 
                                                                                          |   0.00|   0.06|   0.01|   0.00|   0.07 
                                                                                          |   0.00|  83.78|  11.48|   4.74|        
                                                                                          |   0.00|   0.33|   0.38|   0.81|        
                                                                     ---------------------+-------+-------+-------+-------+------- 
                                                                                     Total|4057516| 945539| 112163|  21750|5136968 
                                                                                          |  78.99|  18.41|   2.18|   0.42| 100.00 
                                                                                                                                   
                                                                                             match_level 2                                                           11:23 Wednesday, July 29, 2015    3

                                                                                           The FREQ Procedure

                                                                                                                Cumulative    Cumulative
                                                                chosen_spedis_score    Frequency     Percent     Frequency      Percent 
                                                                ------------------------------------------------------------------------
                                                                 0                          468        0.42           468         0.42  
                                                                 1                            1        0.00           469         0.42  
                                                                 2                           61        0.05           530         0.47  
                                                                 3                          531        0.47          1061         0.95  
                                                                 4                         1288        1.15          2349         2.09  
                                                                 5                         6749        6.02          9098         8.11  
                                                                 6                          813        0.72          9911         8.84  
                                                                 7                         5349        4.77         15260        13.61  
                                                                 8                         2373        2.12         17633        15.72  
                                                                 9                          137        0.12         17770        15.84  
                                                                10                         3012        2.69         20782        18.53  
                                                                11                         4110        3.66         24892        22.19  
                                                                12                         2953        2.63         27845        24.83  
                                                                13                          688        0.61         28533        25.44  
                                                                14                         4520        4.03         33053        29.47  
                                                                15                        10077        8.98         43130        38.45  
                                                                16                         4327        3.86         47457        42.31  
                                                                17                         9018        8.04         56475        50.35  
                                                                18                          257        0.23         56732        50.58  
                                                                19                         6555        5.84         63287        56.42  
                                                                20                         7670        6.84         70957        63.26  
                                                                21                         2705        2.41         73662        65.67  
                                                                22                         1048        0.93         74710        66.61  
                                                                23                         1484        1.32         76194        67.93  
                                                                24                         1587        1.41         77781        69.35  
                                                                25                         4753        4.24         82534        73.58  
                                                                26                         1954        1.74         84488        75.33  
                                                                27                         1565        1.40         86053        76.72  
                                                                28                         8440        7.52         94493        84.25  
                                                                29                         4108        3.66         98601        87.91  
                                                                30                         4832        4.31        103433        92.22  
                                                                31                          764        0.68        104197        92.90  
                                                                32                           39        0.03        104236        92.93  
                                                                33                         4212        3.76        108448        96.69  
                                                                34                         3715        3.31        112163       100.00  
                                                                                             match_level 3                                                           11:23 Wednesday, July 29, 2015    4

                                                                                           The FREQ Procedure

                                                                                                                Cumulative    Cumulative
                                                                chosen_spedis_score    Frequency     Percent     Frequency      Percent 
                                                                ------------------------------------------------------------------------
                                                                 35                         283        1.30           283         1.30  
                                                                 36                          17        0.08           300         1.38  
                                                                 37                        1446        6.65          1746         8.03  
                                                                 38                        1332        6.12          3078        14.15  
                                                                 39                        1908        8.77          4986        22.92  
                                                                 40                        2121        9.75          7107        32.68  
                                                                 41                         467        2.15          7574        34.82  
                                                                 42                         333        1.53          7907        36.35  
                                                                 43                         161        0.74          8068        37.09  
                                                                 44                          37        0.17          8105        37.26  
                                                                 45                         179        0.82          8284        38.09  
                                                                 46                         251        1.15          8535        39.24  
                                                                 47                         400        1.84          8935        41.08  
                                                                 48                          22        0.10          8957        41.18  
                                                                 49                           3        0.01          8960        41.20  
                                                                 50                        4602       21.16         13562        62.35  
                                                                 52                          11        0.05         13573        62.40  
                                                                 53                          32        0.15         13605        62.55  
                                                                 54                         251        1.15         13856        63.71  
                                                                 55                         169        0.78         14025        64.48  
                                                                 56                          61        0.28         14086        64.76  
                                                                 57                         664        3.05         14750        67.82  
                                                                 58                         515        2.37         15265        70.18  
                                                                 59                          16        0.07         15281        70.26  
                                                                 60                         871        4.00         16152        74.26  
                                                                 61                           2        0.01         16154        74.27  
                                                                 62                         702        3.23         16856        77.50  
                                                                 63                           2        0.01         16858        77.51  
                                                                 64                          90        0.41         16948        77.92  
                                                                 65                         131        0.60         17079        78.52  
                                                                 66                        1097        5.04         18176        83.57  
                                                                 67                           6        0.03         18182        83.60  
                                                                 68                          30        0.14         18212        83.73  
                                                                 70                         216        0.99         18428        84.73  
                                                                 71                          28        0.13         18456        84.86  
                                                                 72                           5        0.02         18461        84.88  
                                                                 75                         626        2.88         19087        87.76  
                                                                 77                           4        0.02         19091        87.77  
                                                                 78                          13        0.06         19104        87.83  
                                                                 79                           5        0.02         19109        87.86  
                                                                 80                          78        0.36         19187        88.22  
                                                                 81                          24        0.11         19211        88.33  
                                                                 82                           2        0.01         19213        88.34  
                                                                 83                         566        2.60         19779        90.94  
                                                                 84                           2        0.01         19781        90.95  
                                                                 85                           6        0.03         19787        90.97  
                                                                 87                         289        1.33         20076        92.30  
                                                                 89                           1        0.00         20077        92.31  
                                                                 90                          37        0.17         20114        92.48  
                                                                 91                          48        0.22         20162        92.70  
                                                                 92                           5        0.02         20167        92.72  
                                                                 93                           6        0.03         20173        92.75  
                                                                 95                           5        0.02         20178        92.77  
                                                                100                         497        2.29         20675        95.06  
                                                                106                           4        0.02         20679        95.08  
                                                                108                          36        0.17         20715        95.24  
                                                                110                           9        0.04         20724        95.28  
                                                                112                          44        0.20         20768        95.49  
                                                                115                           3        0.01         20771        95.50  
                                                                116                         181        0.83         20952        96.33  
                                                                118                           2        0.01         20954        96.34  
                                                                120                           6        0.03         20960        96.37  
                                                                121                           1        0.00         20961        96.37  
                                                                125                          83        0.38         21044        96.75  
                                                                131                           2        0.01         21046        96.76  
                                                                133                          70        0.32         21116        97.09  
                                                                135                           2        0.01         21118        97.09  
                                                                137                           7        0.03         21125        97.13  
                                                                140                           2        0.01         21127        97.14  
                                                                143                           1        0.00         21128        97.14  
                                                                150                         119        0.55         21247        97.69  
                                                                158                           2        0.01         21249        97.70  
                                                                162                           1        0.00         21250        97.70  
                                                                165                           1        0.00         21251        97.71  
                                                                166                           9        0.04         21260        97.75  
                                                                168                           1        0.00         21261        97.75  
                                                                175                          10        0.05         21271        97.80  
                                                                183                           4        0.02         21275        97.82  
                                                                187                           1        0.00         21276        97.82  
                                                                200                         157        0.72         21433        98.54  
                                                                216                           2        0.01         21435        98.55  
                                                                225                           3        0.01         21438        98.57  
                                                                233                           1        0.00         21439        98.57  
                                                                250                         119        0.55         21558        99.12  
                                                                300                          98        0.45         21656        99.57  
                                                                350                          48        0.22         21704        99.79  
                                                                400                          31        0.14         21735        99.93  
                                                                450                          11        0.05         21746        99.98  
                                                                500                           2        0.01         21748        99.99  
                                                                650                           1        0.00         21749       100.00  
                                                                700                           1        0.00         21750       100.00  
                                                                                                                                                                     11:23 Wednesday, July 29, 2015    5

                                                                                           The FREQ Procedure

                                                               Table of last_name_match by chosen_cac_ind_number
                                                                                                                                        
                                                                last_name_match|             chosen_cac_ind_number             |        
                                                                ---------------+-----------------------------------------------|        
                                                                   Frequency   |       |       |       |       |       |       |        
                                                                    Percent    |       |       |       |       |       |       |        
                                                                    Row Pct    |       |       |       |       |       |       |        
                                                                    Col Pct    |   .   |   1   |   2   |   3   |   4   |   5   | Total  
                                                                ---------------+-------+-------+-------+-------+-------+-------+------- 
                                                                              0|2062718|      0|      0|      0|      0|      0|2062718 
                                                                               |  40.15|   0.00|   0.00|   0.00|   0.00|   0.00|  40.15 
                                                                               | 100.00|   0.00|   0.00|   0.00|   0.00|   0.00|        
                                                                               |  53.03|   0.00|   0.00|   0.00|   0.00|   0.00|        
                                                                ---------------+-------+-------+-------+-------+-------+-------+------- 
                                                                              1|1827215| 825469| 322668|  75614|  19220|   4064|3074250 
                                                                               |  35.57|  16.07|   6.28|   1.47|   0.37|   0.08|  59.85 
                                                                               |  59.44|  26.85|  10.50|   2.46|   0.63|   0.13|        
                                                                               |  46.97| 100.00| 100.00| 100.00| 100.00| 100.00|        
                                                                ---------------+-------+-------+-------+-------+-------+-------+------- 
                                                                          Total|3889933| 825469| 322668|  75614|  19220|   4064|5136968 
                                                                               |  75.72|  16.07|   6.28|   1.47|   0.37|   0.08| 100.00 
                                                                                                                                        
                                                                                                                                                                     11:23 Wednesday, July 29, 2015    6

                                                                                           The FREQ Procedure

                                                                    Table of chosen_cac_ind_number by chosen_match_level
                                                                                                                                   
                                                                     chosen_cac_ind_number|      chosen_match_level       |        
                                                                     ---------------------+-------------------------------|        
                                                                           Frequency      |       |       |       |       |        
                                                                            Percent       |       |       |       |       |        
                                                                            Row Pct       |       |       |       |       |        
                                                                            Col Pct       |   .   |   1   |   2   |   3   | Total  
                                                                     ---------------------+-------+-------+-------+-------+------- 
                                                                                         .|3889933|      0|      0|      0|3889933 
                                                                                          |  75.72|   0.00|   0.00|   0.00|  75.72 
                                                                                          | 100.00|   0.00|   0.00|   0.00|        
                                                                                          | 100.00|   0.00|   0.00|   0.00|        
                                                                     ---------------------+-------+-------+-------+-------+------- 
                                                                                         1|      0| 736183|  72202|  17084| 825469 
                                                                                          |   0.00|  14.33|   1.41|   0.33|  16.07 
                                                                                          |   0.00|  89.18|   8.75|   2.07|        
                                                                                          |   0.00|  66.58|  64.45|  58.48|        
                                                                     ---------------------+-------+-------+-------+-------+------- 
                                                                                         2|      0| 283090|  30849|   8729| 322668 
                                                                                          |   0.00|   5.51|   0.60|   0.17|   6.28 
                                                                                          |   0.00|  87.73|   9.56|   2.71|        
                                                                                          |   0.00|  25.60|  27.54|  29.88|        
                                                                     ---------------------+-------+-------+-------+-------+------- 
                                                                                         3|      0|  66327|   6781|   2506|  75614 
                                                                                          |   0.00|   1.29|   0.13|   0.05|   1.47 
                                                                                          |   0.00|  87.72|   8.97|   3.31|        
                                                                                          |   0.00|   6.00|   6.05|   8.58|        
                                                                     ---------------------+-------+-------+-------+-------+------- 
                                                                                         4|      0|  16748|   1769|    703|  19220 
                                                                                          |   0.00|   0.33|   0.03|   0.01|   0.37 
                                                                                          |   0.00|  87.14|   9.20|   3.66|        
                                                                                          |   0.00|   1.51|   1.58|   2.41|        
                                                                     ---------------------+-------+-------+-------+-------+------- 
                                                                                         5|      0|   3442|    429|    193|   4064 
                                                                                          |   0.00|   0.07|   0.01|   0.00|   0.08 
                                                                                          |   0.00|  84.69|  10.56|   4.75|        
                                                                                          |   0.00|   0.31|   0.38|   0.66|        
                                                                     ---------------------+-------+-------+-------+-------+------- 
                                                                                     Total|3889933|1105790| 112030|  29215|5136968 
                                                                                          |  75.72|  21.53|   2.18|   0.57| 100.00 
                                                                                                                                   
                                                                                             match_level 2                                                           11:23 Wednesday, July 29, 2015    7

                                                                                           The FREQ Procedure

                                                                                                                Cumulative    Cumulative
                                                                chosen_spedis_score    Frequency     Percent     Frequency      Percent 
                                                                ------------------------------------------------------------------------
                                                                 0                          546        0.49           546         0.49  
                                                                 2                           87        0.08           633         0.57  
                                                                 3                         1428        1.27          2061         1.84  
                                                                 4                         1344        1.20          3405         3.04  
                                                                 5                         5545        4.95          8950         7.99  
                                                                 6                         2556        2.28         11506        10.27  
                                                                 7                         5522        4.93         17028        15.20  
                                                                 8                         5069        4.52         22097        19.72  
                                                                 9                           81        0.07         22178        19.80  
                                                                10                         3484        3.11         25662        22.91  
                                                                11                         3534        3.15         29196        26.06  
                                                                12                         3916        3.50         33112        29.56  
                                                                13                          744        0.66         33856        30.22  
                                                                14                         5993        5.35         39849        35.57  
                                                                15                         3216        2.87         43065        38.44  
                                                                16                         6374        5.69         49439        44.13  
                                                                17                         4735        4.23         54174        48.36  
                                                                18                          806        0.72         54980        49.08  
                                                                19                         2730        2.44         57710        51.51  
                                                                20                         5870        5.24         63580        56.75  
                                                                21                         6123        5.47         69703        62.22  
                                                                22                         2447        2.18         72150        64.40  
                                                                23                         1231        1.10         73381        65.50  
                                                                24                         1099        0.98         74480        66.48  
                                                                25                         5536        4.94         80016        71.42  
                                                                26                         3792        3.38         83808        74.81  
                                                                27                         2427        2.17         86235        76.97  
                                                                28                         6037        5.39         92272        82.36  
                                                                29                         3761        3.36         96033        85.72  
                                                                30                         6463        5.77        102496        91.49  
                                                                31                         1243        1.11        103739        92.60  
                                                                32                           44        0.04        103783        92.64  
                                                                33                         5171        4.62        108954        97.25  
                                                                34                         3076        2.75        112030       100.00  
                                                                                             match_level 3                                                           11:23 Wednesday, July 29, 2015    8

                                                                                           The FREQ Procedure

                                                                                                                Cumulative    Cumulative
                                                                chosen_spedis_score    Frequency     Percent     Frequency      Percent 
                                                                ------------------------------------------------------------------------
                                                                 35                         333        1.14           333         1.14  
                                                                 36                           5        0.02           338         1.16  
                                                                 37                        2280        7.80          2618         8.96  
                                                                 38                        3029       10.37          5647        19.33  
                                                                 39                        1326        4.54          6973        23.87  
                                                                 40                        1706        5.84          8679        29.71  
                                                                 41                         864        2.96          9543        32.66  
                                                                 42                         564        1.93         10107        34.60  
                                                                 43                         156        0.53         10263        35.13  
                                                                 44                         414        1.42         10677        36.55  
                                                                 45                        1556        5.33         12233        41.87  
                                                                 46                         378        1.29         12611        43.17  
                                                                 47                        2629        9.00         15240        52.16  
                                                                 48                          22        0.08         15262        52.24  
                                                                 50                        5051       17.29         20313        69.53  
                                                                 52                          54        0.18         20367        69.71  
                                                                 53                          18        0.06         20385        69.78  
                                                                 54                         190        0.65         20575        70.43  
                                                                 55                          92        0.31         20667        70.74  
                                                                 56                         116        0.40         20783        71.14  
                                                                 57                         340        1.16         21123        72.30  
                                                                 58                         543        1.86         21666        74.16  
                                                                 59                          15        0.05         21681        74.21  
                                                                 60                         733        2.51         22414        76.72  
                                                                 61                          10        0.03         22424        76.76  
                                                                 62                         866        2.96         23290        79.72  
                                                                 63                           4        0.01         23294        79.73  
                                                                 64                          80        0.27         23374        80.01  
                                                                 65                          38        0.13         23412        80.14  
                                                                 66                         837        2.86         24249        83.00  
                                                                 67                           3        0.01         24252        83.01  
                                                                 68                          57        0.20         24309        83.21  
                                                                 70                         380        1.30         24689        84.51  
                                                                 71                          29        0.10         24718        84.61  
                                                                 72                           5        0.02         24723        84.62  
                                                                 75                         759        2.60         25482        87.22  
                                                                 77                           2        0.01         25484        87.23  
                                                                 78                           8        0.03         25492        87.26  
                                                                 79                           2        0.01         25494        87.26  
                                                                 80                         143        0.49         25637        87.75  
                                                                 81                          20        0.07         25657        87.82  
                                                                 82                           2        0.01         25659        87.83  
                                                                 83                         611        2.09         26270        89.92  
                                                                 85                          16        0.05         26286        89.97  
                                                                 87                         142        0.49         26428        90.46  
                                                                 88                           1        0.00         26429        90.46  
                                                                 89                           1        0.00         26430        90.47  
                                                                 90                         111        0.38         26541        90.85  
                                                                 91                          39        0.13         26580        90.98  
                                                                 92                           3        0.01         26583        90.99  
                                                                 93                          14        0.05         26597        91.04  
                                                                 95                           6        0.02         26603        91.06  
                                                                100                         724        2.48         27327        93.54  
                                                                103                           1        0.00         27328        93.54  
                                                                104                           2        0.01         27330        93.55  
                                                                105                           2        0.01         27332        93.55  
                                                                106                           6        0.02         27338        93.58  
                                                                108                          15        0.05         27353        93.63  
                                                                109                           1        0.00         27354        93.63  
                                                                110                          16        0.05         27370        93.68  
                                                                112                          59        0.20         27429        93.89  
                                                                115                           1        0.00         27430        93.89  
                                                                116                         145        0.50         27575        94.39  
                                                                118                           5        0.02         27580        94.40  
                                                                120                           1        0.00         27581        94.41  
                                                                125                         249        0.85         27830        95.26  
                                                                130                           4        0.01         27834        95.27  
                                                                131                           4        0.01         27838        95.29  
                                                                133                          47        0.16         27885        95.45  
                                                                135                           2        0.01         27887        95.45  
                                                                137                           9        0.03         27896        95.49  
                                                                140                           3        0.01         27899        95.50  
                                                                141                           3        0.01         27902        95.51  
                                                                143                           1        0.00         27903        95.51  
                                                                150                         313        1.07         28216        96.58  
                                                                156                           1        0.00         28217        96.58  
                                                                162                           2        0.01         28219        96.59  
                                                                166                           4        0.01         28223        96.60  
                                                                170                           1        0.00         28224        96.61  
                                                                175                          54        0.18         28278        96.79  
                                                                183                           1        0.00         28279        96.80  
                                                                200                         295        1.01         28574        97.81  
                                                                212                           2        0.01         28576        97.81  
                                                                225                           4        0.01         28580        97.83  
                                                                233                           1        0.00         28581        97.83  
                                                                250                         312        1.07         28893        98.90  
                                                                275                           1        0.00         28894        98.90  
                                                                300                         246        0.84         29140        99.74  
                                                                350                          50        0.17         29190        99.91  
                                                                400                          17        0.06         29207        99.97  
                                                                450                           6        0.02         29213        99.99  
                                                                500                           2        0.01         29215       100.00  
                                                                    Prepared for                                                                     9
                                                                 Data Quality Report
                                                           Library:WORK  Member:scored__TX
                                                             Total Observations: 2326487

                                                                                                              Number of     Numeric or          
   Variable                                                                   Label                         Observations    Character     Levels

   CAC_HH_PID                                            Household Persistent ID                              2,326,487     Character        50+
                                                                                                                                                
   CAC_NAME_LAST                                         Household Name                                       2,326,487     Character        50+
                                                                                                                                                
   bridge_address1                                       Address Line 1 From Bridge                           2,326,487     Character        50+
                                                                                                                                                
   bridge_address2                                       Address Line 2 From Bridge                                   0     Character         0 
                                                                                                                                                
   bridge_city                                           Address City From Bridge                             2,326,487     Character        50+
                                                                                                                                                
   bridge_name_first                                     First Name From Bridge                               2,326,487     Character        50+
                                                                                                                                                
   bridge_name_last                                      Last Name From Bridge                                2,326,487     Character        50+
                                                                                                                                                
   bridge_name_last_exact                                                                                     2,326,487     Character        50+
                                                                                                                                                
   bridge_name_last_fuzzy1                                                                                    2,326,487     Character        50+
                                                                                                                                                
   bridge_state                                          Address State From Bridge                            2,326,487     Character         1 
                                                         Value TX    100%                                     2,326,487                         
                                                                                                                                                
   bridge_zip5                                           Address Zip 5 From Bridge                            2,326,487     Character        50+
                                                                                                                                                
   cac_bridge_md5email_id                                Unique ID To Append Email Addresses From Bridge      2,326,487     Character        50+

                                                             Number        Zero          Mean        Median       Minimum       Maximum    Variable
   Variable                                                 Missing      Values         Value         Value         Value         Value     Format 

   CAC_HH_PID                                                     0                                                                          $27   
                                                                                                                                                   
   CAC_NAME_LAST                                                  0                                                                                
                                                                                                                                                   
   bridge_address1                                                0                                                                          $50   
                                                                                                                                                   
   bridge_address2                                        2,326,487                                                                          $50   
                                                                                                                                                   
   bridge_city                                                    0                                                                          $30   
                                                                                                                                                   
   bridge_name_first                                              0                                                                          $25   
                                                                                                                                                   
   bridge_name_last                                               0                                                                          $25   
                                                                                                                                                   
   bridge_name_last_exact                                         0                                                                                
                                                                                                                                                   
   bridge_name_last_fuzzy1                                        0                                                                                
                                                                                                                                                   
   bridge_state                                                   0                                                                          $2    
                                                                                                                                                   
                                                                                                                                                   
   bridge_zip5                                                    0                                                                          $5    
                                                                                                                                                   
   cac_bridge_md5email_id                                         0                                                                          $50   

                                                             Prepared by CAC Group, Inc.
                                                                    Prepared for                                                                    10
                                                                 Data Quality Report
                                                           Library:WORK  Member:scored__TX
                                                             Total Observations: 2326487

                                                                                      Number of     Numeric or                  Number        Zero
    Variable                                                      Label             Observations    Character     Levels       Missing      Values

                                                                                                                                                  
    chosen_cac_ind_gender                                                             2,326,487     Numeric           2              0           0
                                                          Value        1   46.4%      1,079,452                                                   
                                                          Value        2   53.6%      1,247,035                                                   
                                                                                                                                                  
    chosen_cac_ind_last                                                               2,326,487     Character        50+             0            
                                                                                                                                                  
    chosen_cac_ind_mi                                                                 1,800,464     Character        26        526,023            
                                                                                                                                                  
    chosen_cac_ind_name                                                               2,326,487     Character        50+             0            
                                                                                                                                                  
    chosen_cac_ind_number                                                             2,326,487     Numeric           5              0           0
                                                          Value        1   68.0%      1,583,162                                                   
                                                          Value        2   23.7%        552,476                                                   
                                                          Value        3    6.3%        145,683                                                   
                                                          Value        4    1.6%         37,366                                                   
                                                          Value        5    0.3%          7,800                                                   
                                                                                                                                                  
    chosen_first_x_of_x_flag                                                          2,326,487     Numeric           2              0      15,102
                                                                                                                                                  
    chosen_match_level                                                                2,326,487     Numeric           3              0           0
                                                          Value        1   88.2%      2,051,329                                                   
                                                          Value        2    9.6%        224,193                                                   
                                                          Value        3    2.2%         50,965                                                   

                                                                Mean        Median       Minimum       Maximum    Variable
    Variable                                                   Value         Value         Value         Value     Format 

                                                                                                                          
    chosen_cac_ind_gender                                     1.5360        2.0000        1.0000        2.0000      8     
                                                                                                                          
                                                                                                                          
                                                                                                                          
    chosen_cac_ind_last                                                                                             $20   
                                                                                                                          
    chosen_cac_ind_mi                                                                                               $1    
                                                                                                                          
    chosen_cac_ind_name                                                                                             $14   
                                                                                                                          
    chosen_cac_ind_number                                     1.4243        1.0000        1.0000        5.0000      8     
                                                                                                                          
                                                                                                                          
                                                                                                                          
                                                                                                                          
                                                                                                                          
                                                                                                                          
    chosen_first_x_of_x_flag                                  0.9935        1.0000        0.0000        1.0000      8     
                                                                                                                          
    chosen_match_level                                        1.1402        1.0000        1.0000        3.0000      8     
                                                                                                                          
                                                                                                                          
                                                                                                                          

                                                             Prepared by CAC Group, Inc.
                                                                    Prepared for                                                                    11
                                                                 Data Quality Report
                                                           Library:WORK  Member:scored__TX
                                                             Total Observations: 2326487

                                                                                      Number of     Numeric or                  Number        Zero
    Variable                                                      Label             Observations    Character     Levels       Missing      Values

                                                                                                                                                  
    chosen_spedis_score                                                               2,326,487      Numeric         50+             0     2052343
                                                                                                                                                  
    last_name_match                                                                   2,326,487      Numeric          1              0           0
                                                          Value        1    100%      2,326,487                                                   
                                                                                                                                                  

                                                                Mean        Median       Minimum       Maximum    Variable
    Variable                                                   Value         Value         Value         Value     Format 

                                                                                                                          
    chosen_spedis_score                                       3.0985        0.0000        0.0000      700.0000       8    
                                                                                                                          
    last_name_match                                           1.0000        1.0000        1.0000        1.0000            
                                                                                                                          
                                                                                                                          





































                                                             Prepared by CAC Group, Inc.
