                                                                                             The WPS System                                                          11:55 Wednesday, July 29, 2015    1

                                                                                           The FREQ Procedure

                                                               Table of last_name_match by chosen_cac_ind_number
                                                                                                                                        
                                                                last_name_match|             chosen_cac_ind_number             |        
                                                                ---------------+-----------------------------------------------|        
                                                                   Frequency   |       |       |       |       |       |       |        
                                                                    Percent    |       |       |       |       |       |       |        
                                                                    Row Pct    |       |       |       |       |       |       |        
                                                                    Col Pct    |   .   |   1   |   2   |   3   |   4   |   5   | Total  
                                                                ---------------+-------+-------+-------+-------+-------+-------+------- 
                                                                              0| 469801|      0|      0|      0|      0|      0| 469801 
                                                                               |  38.51|   0.00|   0.00|   0.00|   0.00|   0.00|  38.51 
                                                                               | 100.00|   0.00|   0.00|   0.00|   0.00|   0.00|        
                                                                               |  49.94|   0.00|   0.00|   0.00|   0.00|   0.00|        
                                                                ---------------+-------+-------+-------+-------+-------+-------+------- 
                                                                              1| 470960| 191773|  62311|  19461|   4899|    850| 750254 
                                                                               |  38.60|  15.72|   5.11|   1.60|   0.40|   0.07|  61.49 
                                                                               |  62.77|  25.56|   8.31|   2.59|   0.65|   0.11|        
                                                                               |  50.06| 100.00| 100.00| 100.00| 100.00| 100.00|        
                                                                ---------------+-------+-------+-------+-------+-------+-------+------- 
                                                                          Total| 940761| 191773|  62311|  19461|   4899|    850|1220055 
                                                                               |  77.11|  15.72|   5.11|   1.60|   0.40|   0.07| 100.00 
                                                                                                                                        
                                                                                             The WPS System                                                          11:55 Wednesday, July 29, 2015    2

                                                                                           The FREQ Procedure

                                                                    Table of chosen_cac_ind_number by chosen_match_level
                                                                                                                                   
                                                                     chosen_cac_ind_number|      chosen_match_level       |        
                                                                     ---------------------+-------------------------------|        
                                                                           Frequency      |       |       |       |       |        
                                                                            Percent       |       |       |       |       |        
                                                                            Row Pct       |       |       |       |       |        
                                                                            Col Pct       |   .   |   1   |   2   |   3   | Total  
                                                                     ---------------------+-------+-------+-------+-------+------- 
                                                                                         .| 940761|      0|      0|      0| 940761 
                                                                                          |  77.11|   0.00|   0.00|   0.00|  77.11 
                                                                                          | 100.00|   0.00|   0.00|   0.00|        
                                                                                          | 100.00|   0.00|   0.00|   0.00|        
                                                                     ---------------------+-------+-------+-------+-------+------- 
                                                                                         1|      0| 171974|  16748|   3051| 191773 
                                                                                          |   0.00|  14.10|   1.37|   0.25|  15.72 
                                                                                          |   0.00|  89.68|   8.73|   1.59|        
                                                                                          |   0.00|  69.19|  65.76|  57.78|        
                                                                     ---------------------+-------+-------+-------+-------+------- 
                                                                                         2|      0|  54973|   5918|   1420|  62311 
                                                                                          |   0.00|   4.51|   0.49|   0.12|   5.11 
                                                                                          |   0.00|  88.22|   9.50|   2.28|        
                                                                                          |   0.00|  22.12|  23.24|  26.89|        
                                                                     ---------------------+-------+-------+-------+-------+------- 
                                                                                         3|      0|  16773|   2121|    567|  19461 
                                                                                          |   0.00|   1.37|   0.17|   0.05|   1.60 
                                                                                          |   0.00|  86.19|  10.90|   2.91|        
                                                                                          |   0.00|   6.75|   8.33|  10.74|        
                                                                     ---------------------+-------+-------+-------+-------+------- 
                                                                                         4|      0|   4129|    580|    190|   4899 
                                                                                          |   0.00|   0.34|   0.05|   0.02|   0.40 
                                                                                          |   0.00|  84.28|  11.84|   3.88|        
                                                                                          |   0.00|   1.66|   2.28|   3.60|        
                                                                     ---------------------+-------+-------+-------+-------+------- 
                                                                                         5|      0|    695|    103|     52|    850 
                                                                                          |   0.00|   0.06|   0.01|   0.00|   0.07 
                                                                                          |   0.00|  81.76|  12.12|   6.12|        
                                                                                          |   0.00|   0.28|   0.40|   0.98|        
                                                                     ---------------------+-------+-------+-------+-------+------- 
                                                                                     Total| 940761| 248544|  25470|   5280|1220055 
                                                                                          |  77.11|  20.37|   2.09|   0.43| 100.00 
                                                                                                                                   
                                                                                             match_level 2                                                           11:55 Wednesday, July 29, 2015    3

                                                                                           The FREQ Procedure

                                                                                                                Cumulative    Cumulative
                                                                chosen_spedis_score    Frequency     Percent     Frequency      Percent 
                                                                ------------------------------------------------------------------------
                                                                 0                          130        0.51           130         0.51  
                                                                 1                            1        0.00           131         0.51  
                                                                 2                          103        0.40           234         0.92  
                                                                 3                          181        0.71           415         1.63  
                                                                 4                          314        1.23           729         2.86  
                                                                 5                         1187        4.66          1916         7.52  
                                                                 6                          292        1.15          2208         8.67  
                                                                 7                         1279        5.02          3487        13.69  
                                                                 8                          587        2.30          4074        16.00  
                                                                 9                           50        0.20          4124        16.19  
                                                                10                          728        2.86          4852        19.05  
                                                                11                          645        2.53          5497        21.58  
                                                                12                          670        2.63          6167        24.21  
                                                                13                          178        0.70          6345        24.91  
                                                                14                          840        3.30          7185        28.21  
                                                                15                         2236        8.78          9421        36.99  
                                                                16                          837        3.29         10258        40.27  
                                                                17                         1596        6.27         11854        46.54  
                                                                18                           74        0.29         11928        46.83  
                                                                19                         1534        6.02         13462        52.85  
                                                                20                         1668        6.55         15130        59.40  
                                                                21                          612        2.40         15742        61.81  
                                                                22                          175        0.69         15917        62.49  
                                                                23                          386        1.52         16303        64.01  
                                                                24                          334        1.31         16637        65.32  
                                                                25                         1063        4.17         17700        69.49  
                                                                26                          446        1.75         18146        71.24  
                                                                27                          437        1.72         18583        72.96  
                                                                28                         2307        9.06         20890        82.02  
                                                                29                         1119        4.39         22009        86.41  
                                                                30                         1530        6.01         23539        92.42  
                                                                31                          223        0.88         23762        93.29  
                                                                32                           11        0.04         23773        93.34  
                                                                33                          985        3.87         24758        97.20  
                                                                34                          712        2.80         25470       100.00  
                                                                                             match_level 3                                                           11:55 Wednesday, July 29, 2015    4

                                                                                           The FREQ Procedure

                                                                                                                Cumulative    Cumulative
                                                                chosen_spedis_score    Frequency     Percent     Frequency      Percent 
                                                                ------------------------------------------------------------------------
                                                                 35                          84        1.59            84         1.59  
                                                                 36                           4        0.08            88         1.67  
                                                                 37                         439        8.31           527         9.98  
                                                                 38                         359        6.80           886        16.78  
                                                                 39                         319        6.04          1205        22.82  
                                                                 40                         440        8.33          1645        31.16  
                                                                 41                         132        2.50          1777        33.66  
                                                                 42                         127        2.41          1904        36.06  
                                                                 43                          60        1.14          1964        37.20  
                                                                 44                           7        0.13          1971        37.33  
                                                                 45                          37        0.70          2008        38.03  
                                                                 46                          70        1.33          2078        39.36  
                                                                 47                         123        2.33          2201        41.69  
                                                                 48                           5        0.09          2206        41.78  
                                                                 49                           2        0.04          2208        41.82  
                                                                 50                        1076       20.38          3284        62.20  
                                                                 52                           6        0.11          3290        62.31  
                                                                 53                           1        0.02          3291        62.33  
                                                                 54                          84        1.59          3375        63.92  
                                                                 55                          33        0.63          3408        64.55  
                                                                 56                          24        0.45          3432        65.00  
                                                                 57                         124        2.35          3556        67.35  
                                                                 58                         119        2.25          3675        69.60  
                                                                 59                           1        0.02          3676        69.62  
                                                                 60                         173        3.28          3849        72.90  
                                                                 61                           2        0.04          3851        72.94  
                                                                 62                         155        2.94          4006        75.87  
                                                                 63                           1        0.02          4007        75.89  
                                                                 64                          17        0.32          4024        76.21  
                                                                 65                          40        0.76          4064        76.97  
                                                                 66                         286        5.42          4350        82.39  
                                                                 67                           4        0.08          4354        82.46  
                                                                 68                          24        0.45          4378        82.92  
                                                                 70                          51        0.97          4429        83.88  
                                                                 71                           5        0.09          4434        83.98  
                                                                 75                         160        3.03          4594        87.01  
                                                                 78                           2        0.04          4596        87.05  
                                                                 80                          14        0.27          4610        87.31  
                                                                 81                           4        0.08          4614        87.39  
                                                                 83                         127        2.41          4741        89.79  
                                                                 85                           3        0.06          4744        89.85  
                                                                 87                          40        0.76          4784        90.61  
                                                                 90                           9        0.17          4793        90.78  
                                                                 91                          11        0.21          4804        90.98  
                                                                 93                           1        0.02          4805        91.00  
                                                                100                         113        2.14          4918        93.14  
                                                                106                           4        0.08          4922        93.22  
                                                                108                           9        0.17          4931        93.39  
                                                                110                           4        0.08          4935        93.47  
                                                                112                           8        0.15          4943        93.62  
                                                                116                          18        0.34          4961        93.96  
                                                                118                           1        0.02          4962        93.98  
                                                                120                           1        0.02          4963        94.00  
                                                                125                          26        0.49          4989        94.49  
                                                                133                           9        0.17          4998        94.66  
                                                                137                           3        0.06          5001        94.72  
                                                                141                           1        0.02          5002        94.73  
                                                                145                           1        0.02          5003        94.75  
                                                                150                          54        1.02          5057        95.78  
                                                                166                           1        0.02          5058        95.80  
                                                                175                           2        0.04          5060        95.83  
                                                                200                          47        0.89          5107        96.72  
                                                                225                           1        0.02          5108        96.74  
                                                                250                          57        1.08          5165        97.82  
                                                                275                           1        0.02          5166        97.84  
                                                                300                          63        1.19          5229        99.03  
                                                                350                          26        0.49          5255        99.53  
                                                                400                          21        0.40          5276        99.92  
                                                                450                           3        0.06          5279        99.98  
                                                                700                           1        0.02          5280       100.00  
                                                                                                                                                                     11:55 Wednesday, July 29, 2015    5

                                                                                           The FREQ Procedure

                                                               Table of last_name_match by chosen_cac_ind_number
                                                                                                                                        
                                                                last_name_match|             chosen_cac_ind_number             |        
                                                                ---------------+-----------------------------------------------|        
                                                                   Frequency   |       |       |       |       |       |       |        
                                                                    Percent    |       |       |       |       |       |       |        
                                                                    Row Pct    |       |       |       |       |       |       |        
                                                                    Col Pct    |   .   |   1   |   2   |   3   |   4   |   5   | Total  
                                                                ---------------+-------+-------+-------+-------+-------+-------+------- 
                                                                              0| 469801|      0|      0|      0|      0|      0| 469801 
                                                                               |  38.51|   0.00|   0.00|   0.00|   0.00|   0.00|  38.51 
                                                                               | 100.00|   0.00|   0.00|   0.00|   0.00|   0.00|        
                                                                               |  52.23|   0.00|   0.00|   0.00|   0.00|   0.00|        
                                                                ---------------+-------+-------+-------+-------+-------+-------+------- 
                                                                              1| 429605| 218330|  76851|  19914|   4700|    854| 750254 
                                                                               |  35.21|  17.90|   6.30|   1.63|   0.39|   0.07|  61.49 
                                                                               |  57.26|  29.10|  10.24|   2.65|   0.63|   0.11|        
                                                                               |  47.77| 100.00| 100.00| 100.00| 100.00| 100.00|        
                                                                ---------------+-------+-------+-------+-------+-------+-------+------- 
                                                                          Total| 899406| 218330|  76851|  19914|   4700|    854|1220055 
                                                                               |  73.72|  17.90|   6.30|   1.63|   0.39|   0.07| 100.00 
                                                                                                                                        
                                                                                                                                                                     11:55 Wednesday, July 29, 2015    6

                                                                                           The FREQ Procedure

                                                                    Table of chosen_cac_ind_number by chosen_match_level
                                                                                                                                   
                                                                     chosen_cac_ind_number|      chosen_match_level       |        
                                                                     ---------------------+-------------------------------|        
                                                                           Frequency      |       |       |       |       |        
                                                                            Percent       |       |       |       |       |        
                                                                            Row Pct       |       |       |       |       |        
                                                                            Col Pct       |   .   |   1   |   2   |   3   | Total  
                                                                     ---------------------+-------+-------+-------+-------+------- 
                                                                                         .| 899406|      0|      0|      0| 899406 
                                                                                          |  73.72|   0.00|   0.00|   0.00|  73.72 
                                                                                          | 100.00|   0.00|   0.00|   0.00|        
                                                                                          | 100.00|   0.00|   0.00|   0.00|        
                                                                     ---------------------+-------+-------+-------+-------+------- 
                                                                                         1|      0| 195256|  19435|   3639| 218330 
                                                                                          |   0.00|  16.00|   1.59|   0.30|  17.90 
                                                                                          |   0.00|  89.43|   8.90|   1.67|        
                                                                                          |   0.00|  68.42|  67.29|  57.07|        
                                                                     ---------------------+-------+-------+-------+-------+------- 
                                                                                         2|      0|  67949|   7108|   1794|  76851 
                                                                                          |   0.00|   5.57|   0.58|   0.15|   6.30 
                                                                                          |   0.00|  88.42|   9.25|   2.33|        
                                                                                          |   0.00|  23.81|  24.61|  28.14|        
                                                                     ---------------------+-------+-------+-------+-------+------- 
                                                                                         3|      0|  17436|   1787|    691|  19914 
                                                                                          |   0.00|   1.43|   0.15|   0.06|   1.63 
                                                                                          |   0.00|  87.56|   8.97|   3.47|        
                                                                                          |   0.00|   6.11|   6.19|  10.84|        
                                                                     ---------------------+-------+-------+-------+-------+------- 
                                                                                         4|      0|   4035|    464|    201|   4700 
                                                                                          |   0.00|   0.33|   0.04|   0.02|   0.39 
                                                                                          |   0.00|  85.85|   9.87|   4.28|        
                                                                                          |   0.00|   1.41|   1.61|   3.15|        
                                                                     ---------------------+-------+-------+-------+-------+------- 
                                                                                         5|      0|    715|     88|     51|    854 
                                                                                          |   0.00|   0.06|   0.01|   0.00|   0.07 
                                                                                          |   0.00|  83.72|  10.30|   5.97|        
                                                                                          |   0.00|   0.25|   0.30|   0.80|        
                                                                     ---------------------+-------+-------+-------+-------+------- 
                                                                                     Total| 899406| 285391|  28882|   6376|1220055 
                                                                                          |  73.72|  23.39|   2.37|   0.52| 100.00 
                                                                                                                                   
                                                                                             match_level 2                                                           11:55 Wednesday, July 29, 2015    7

                                                                                           The FREQ Procedure

                                                                                                                Cumulative    Cumulative
                                                                chosen_spedis_score    Frequency     Percent     Frequency      Percent 
                                                                ------------------------------------------------------------------------
                                                                 0                          170        0.59           170         0.59  
                                                                 2                           34        0.12           204         0.71  
                                                                 3                          660        2.29           864         2.99  
                                                                 4                          456        1.58          1320         4.57  
                                                                 5                         1532        5.30          2852         9.87  
                                                                 6                          958        3.32          3810        13.19  
                                                                 7                         1393        4.82          5203        18.01  
                                                                 8                         1306        4.52          6509        22.54  
                                                                 9                           20        0.07          6529        22.61  
                                                                10                          835        2.89          7364        25.50  
                                                                11                          867        3.00          8231        28.50  
                                                                12                          854        2.96          9085        31.46  
                                                                13                          352        1.22          9437        32.67  
                                                                14                         1351        4.68         10788        37.35  
                                                                15                          875        3.03         11663        40.38  
                                                                16                         1404        4.86         13067        45.24  
                                                                17                         1000        3.46         14067        48.71  
                                                                18                          190        0.66         14257        49.36  
                                                                19                          628        2.17         14885        51.54  
                                                                20                         1062        3.68         15947        55.21  
                                                                21                         1475        5.11         17422        60.32  
                                                                22                          588        2.04         18010        62.36  
                                                                23                          278        0.96         18288        63.32  
                                                                24                          213        0.74         18501        64.06  
                                                                25                         1497        5.18         19998        69.24  
                                                                26                         1174        4.06         21172        73.31  
                                                                27                          278        0.96         21450        74.27  
                                                                28                         1793        6.21         23243        80.48  
                                                                29                         1244        4.31         24487        84.78  
                                                                30                         2137        7.40         26624        92.18  
                                                                31                          481        1.67         27105        93.85  
                                                                32                           13        0.05         27118        93.89  
                                                                33                          944        3.27         28062        97.16  
                                                                34                          820        2.84         28882       100.00  
                                                                                             match_level 3                                                           11:55 Wednesday, July 29, 2015    8

                                                                                           The FREQ Procedure

                                                                                                                Cumulative    Cumulative
                                                                chosen_spedis_score    Frequency     Percent     Frequency      Percent 
                                                                ------------------------------------------------------------------------
                                                                 35                         109        1.71           109         1.71  
                                                                 36                           2        0.03           111         1.74  
                                                                 37                         445        6.98           556         8.72  
                                                                 38                         532        8.34          1088        17.06  
                                                                 39                         256        4.02          1344        21.08  
                                                                 40                         420        6.59          1764        27.67  
                                                                 41                         233        3.65          1997        31.32  
                                                                 42                         149        2.34          2146        33.66  
                                                                 43                          35        0.55          2181        34.21  
                                                                 44                         117        1.84          2298        36.04  
                                                                 45                         230        3.61          2528        39.65  
                                                                 46                         103        1.62          2631        41.26  
                                                                 47                         564        8.85          3195        50.11  
                                                                 48                           7        0.11          3202        50.22  
                                                                 50                        1037       16.26          4239        66.48  
                                                                 52                           7        0.11          4246        66.59  
                                                                 53                           5        0.08          4251        66.67  
                                                                 54                          51        0.80          4302        67.47  
                                                                 55                          27        0.42          4329        67.90  
                                                                 56                          19        0.30          4348        68.19  
                                                                 57                          94        1.47          4442        69.67  
                                                                 58                         157        2.46          4599        72.13  
                                                                 59                           5        0.08          4604        72.21  
                                                                 60                         129        2.02          4733        74.23  
                                                                 61                           4        0.06          4737        74.29  
                                                                 62                         196        3.07          4933        77.37  
                                                                 64                          15        0.24          4948        77.60  
                                                                 65                           9        0.14          4957        77.74  
                                                                 66                         177        2.78          5134        80.52  
                                                                 67                           1        0.02          5135        80.54  
                                                                 68                          12        0.19          5147        80.72  
                                                                 70                          64        1.00          5211        81.73  
                                                                 71                          10        0.16          5221        81.89  
                                                                 72                           1        0.02          5222        81.90  
                                                                 75                         163        2.56          5385        84.46  
                                                                 78                           6        0.09          5391        84.55  
                                                                 79                           2        0.03          5393        84.58  
                                                                 80                          20        0.31          5413        84.90  
                                                                 81                           2        0.03          5415        84.93  
                                                                 83                         152        2.38          5567        87.31  
                                                                 85                           3        0.05          5570        87.36  
                                                                 87                          32        0.50          5602        87.86  
                                                                 90                          12        0.19          5614        88.05  
                                                                 91                           6        0.09          5620        88.14  
                                                                 92                           1        0.02          5621        88.16  
                                                                 93                           1        0.02          5622        88.17  
                                                                 95                           3        0.05          5625        88.22  
                                                                100                         160        2.51          5785        90.73  
                                                                105                           1        0.02          5786        90.75  
                                                                106                           2        0.03          5788        90.78  
                                                                108                           8        0.13          5796        90.90  
                                                                110                           3        0.05          5799        90.95  
                                                                112                          22        0.35          5821        91.30  
                                                                116                          34        0.53          5855        91.83  
                                                                120                           2        0.03          5857        91.86  
                                                                125                          59        0.93          5916        92.79  
                                                                133                          11        0.17          5927        92.96  
                                                                137                           6        0.09          5933        93.05  
                                                                143                           1        0.02          5934        93.07  
                                                                150                         112        1.76          6046        94.82  
                                                                156                           1        0.02          6047        94.84  
                                                                166                           2        0.03          6049        94.87  
                                                                175                          10        0.16          6059        95.03  
                                                                183                           1        0.02          6060        95.04  
                                                                187                           2        0.03          6062        95.08  
                                                                200                          66        1.04          6128        96.11  
                                                                216                           2        0.03          6130        96.14  
                                                                250                         113        1.77          6243        97.91  
                                                                300                          98        1.54          6341        99.45  
                                                                325                           1        0.02          6342        99.47  
                                                                350                          17        0.27          6359        99.73  
                                                                400                          10        0.16          6369        99.89  
                                                                450                           5        0.08          6374        99.97  
                                                                550                           1        0.02          6375        99.98  
                                                                700                           1        0.02          6376       100.00  
                                                                    Prepared for                                                                     9
                                                                 Data Quality Report
                                                           Library:WORK  Member:scored__MD
                                                              Total Observations: 599943

                                                                                                              Number of     Numeric or          
   Variable                                                                   Label                         Observations    Character     Levels

   CAC_HH_PID                                            Household Persistent ID                                599,943     Character        50+
                                                                                                                                                
   CAC_NAME_LAST                                         Household Name                                         599,943     Character        50+
                                                                                                                                                
   bridge_address1                                       Address Line 1 From Bridge                             599,943     Character        50+
                                                                                                                                                
   bridge_address2                                       Address Line 2 From Bridge                                   0     Character         0 
                                                                                                                                                
   bridge_city                                           Address City From Bridge                               599,943     Character        50+
                                                                                                                                                
   bridge_name_first                                     First Name From Bridge                                 599,943     Character        50+
                                                                                                                                                
   bridge_name_last                                      Last Name From Bridge                                  599,943     Character        50+
                                                                                                                                                
   bridge_name_last_exact                                                                                       599,943     Character        50+
                                                                                                                                                
   bridge_name_last_fuzzy1                                                                                      599,943     Character        50+
                                                                                                                                                
   bridge_state                                          Address State From Bridge                              599,943     Character         1 
                                                         Value MD    100%                                       599,943                         
                                                                                                                                                
   bridge_zip5                                           Address Zip 5 From Bridge                              599,943     Character        50+
                                                                                                                                                
   cac_bridge_md5email_id                                Unique ID To Append Email Addresses From Bridge        599,943     Character        50+

                                                             Number        Zero          Mean        Median       Minimum       Maximum    Variable
   Variable                                                 Missing      Values         Value         Value         Value         Value     Format 

   CAC_HH_PID                                                     0                                                                          $27   
                                                                                                                                                   
   CAC_NAME_LAST                                                  0                                                                                
                                                                                                                                                   
   bridge_address1                                                0                                                                          $50   
                                                                                                                                                   
   bridge_address2                                          599,943                                                                          $50   
                                                                                                                                                   
   bridge_city                                                    0                                                                          $30   
                                                                                                                                                   
   bridge_name_first                                              0                                                                          $25   
                                                                                                                                                   
   bridge_name_last                                               0                                                                          $25   
                                                                                                                                                   
   bridge_name_last_exact                                         0                                                                                
                                                                                                                                                   
   bridge_name_last_fuzzy1                                        0                                                                                
                                                                                                                                                   
   bridge_state                                                   0                                                                          $2    
                                                                                                                                                   
                                                                                                                                                   
   bridge_zip5                                                    0                                                                          $5    
                                                                                                                                                   
   cac_bridge_md5email_id                                         0                                                                          $50   

                                                             Prepared by CAC Group, Inc.
                                                                    Prepared for                                                                    10
                                                                 Data Quality Report
                                                           Library:WORK  Member:scored__MD
                                                              Total Observations: 599943

                                                                                      Number of     Numeric or                  Number        Zero
    Variable                                                      Label             Observations    Character     Levels       Missing      Values

                                                                                                                                                  
    chosen_cac_ind_gender                                                               599,943     Numeric           2              0           0
                                                          Value        1   46.6%        279,294                                                   
                                                          Value        2   53.4%        320,649                                                   
                                                                                                                                                  
    chosen_cac_ind_last                                                                 599,943     Character        50+             0            
                                                                                                                                                  
    chosen_cac_ind_mi                                                                   509,248     Character        26         90,695            
                                                                                                                                                  
    chosen_cac_ind_name                                                                 599,943     Character        50+             0            
                                                                                                                                                  
    chosen_cac_ind_number                                                               599,943     Numeric           5              0           0
                                                          Value        1   68.4%        410,103                                                   
                                                          Value        2   23.2%        139,162                                                   
                                                          Value        3    6.6%         39,375                                                   
                                                          Value        4    1.6%          9,599                                                   
                                                          Value        5    0.3%          1,704                                                   
                                                                                                                                                  
    chosen_first_x_of_x_flag                                                            599,943     Numeric           2              0       3,470
                                                                                                                                                  
    chosen_match_level                                                                  599,943     Numeric           3              0           0
                                                          Value        1   89.0%        533,935                                                   
                                                          Value        2    9.1%         54,352                                                   
                                                          Value        3    1.9%         11,656                                                   

                                                                Mean        Median       Minimum       Maximum    Variable
    Variable                                                   Value         Value         Value         Value     Format 

                                                                                                                          
    chosen_cac_ind_gender                                     1.5345        2.0000        1.0000        2.0000      8     
                                                                                                                          
                                                                                                                          
                                                                                                                          
    chosen_cac_ind_last                                                                                             $20   
                                                                                                                          
    chosen_cac_ind_mi                                                                                               $1    
                                                                                                                          
    chosen_cac_ind_name                                                                                             $14   
                                                                                                                          
    chosen_cac_ind_number                                     1.4226        1.0000        1.0000        5.0000      8     
                                                                                                                          
                                                                                                                          
                                                                                                                          
                                                                                                                          
                                                                                                                          
                                                                                                                          
    chosen_first_x_of_x_flag                                  0.9942        1.0000        0.0000        1.0000      8     
                                                                                                                          
    chosen_match_level                                        1.1295        1.0000        1.0000        3.0000      8     
                                                                                                                          
                                                                                                                          
                                                                                                                          

                                                             Prepared by CAC Group, Inc.
                                                                    Prepared for                                                                    11
                                                                 Data Quality Report
                                                           Library:WORK  Member:scored__MD
                                                              Total Observations: 599943

                                                                                      Number of     Numeric or                  Number        Zero
    Variable                                                      Label             Observations    Character     Levels       Missing      Values

                                                                                                                                                  
    chosen_spedis_score                                                                 599,943      Numeric         50+             0     534,235
                                                                                                                                                  
    last_name_match                                                                     599,943      Numeric          1              0           0
                                                          Value        1    100%        599,943                                                   
                                                                                                                                                  

                                                                Mean        Median       Minimum       Maximum    Variable
    Variable                                                   Value         Value         Value         Value     Format 

                                                                                                                          
    chosen_spedis_score                                       2.9538        0.0000        0.0000      700.0000       8    
                                                                                                                          
    last_name_match                                           1.0000        1.0000        1.0000        1.0000            
                                                                                                                          
                                                                                                                          





































                                                             Prepared by CAC Group, Inc.
