                                                                                             The WPS System                                                          11:32 Wednesday, July 29, 2015    1

                                                                                           The FREQ Procedure

                                                               Table of last_name_match by chosen_cac_ind_number
                                                                                                                                        
                                                                last_name_match|             chosen_cac_ind_number             |        
                                                                ---------------+-----------------------------------------------|        
                                                                   Frequency   |       |       |       |       |       |       |        
                                                                    Percent    |       |       |       |       |       |       |        
                                                                    Row Pct    |       |       |       |       |       |       |        
                                                                    Col Pct    |   .   |   1   |   2   |   3   |   4   |   5   | Total  
                                                                ---------------+-------+-------+-------+-------+-------+-------+------- 
                                                                              0| 625167|      0|      0|      0|      0|      0| 625167 
                                                                               |  37.83|   0.00|   0.00|   0.00|   0.00|   0.00|  37.83 
                                                                               | 100.00|   0.00|   0.00|   0.00|   0.00|   0.00|        
                                                                               |  49.65|   0.00|   0.00|   0.00|   0.00|   0.00|        
                                                                ---------------+-------+-------+-------+-------+-------+-------+------- 
                                                                              1| 634056| 265258|  90387|  28944|   7524|   1409|1027578 
                                                                               |  38.36|  16.05|   5.47|   1.75|   0.46|   0.09|  62.17 
                                                                               |  61.70|  25.81|   8.80|   2.82|   0.73|   0.14|        
                                                                               |  50.35| 100.00| 100.00| 100.00| 100.00| 100.00|        
                                                                ---------------+-------+-------+-------+-------+-------+-------+------- 
                                                                          Total|1259223| 265258|  90387|  28944|   7524|   1409|1652745 
                                                                               |  76.19|  16.05|   5.47|   1.75|   0.46|   0.09| 100.00 
                                                                                                                                        
                                                                                             The WPS System                                                          11:32 Wednesday, July 29, 2015    2

                                                                                           The FREQ Procedure

                                                                    Table of chosen_cac_ind_number by chosen_match_level
                                                                                                                                   
                                                                     chosen_cac_ind_number|      chosen_match_level       |        
                                                                     ---------------------+-------------------------------|        
                                                                           Frequency      |       |       |       |       |        
                                                                            Percent       |       |       |       |       |        
                                                                            Row Pct       |       |       |       |       |        
                                                                            Col Pct       |   .   |   1   |   2   |   3   | Total  
                                                                     ---------------------+-------+-------+-------+-------+------- 
                                                                                         .|1259223|      0|      0|      0|1259223 
                                                                                          |  76.19|   0.00|   0.00|   0.00|  76.19 
                                                                                          | 100.00|   0.00|   0.00|   0.00|        
                                                                                          | 100.00|   0.00|   0.00|   0.00|        
                                                                     ---------------------+-------+-------+-------+-------+------- 
                                                                                         1|      0| 230805|  29831|   4622| 265258 
                                                                                          |   0.00|  13.96|   1.80|   0.28|  16.05 
                                                                                          |   0.00|  87.01|  11.25|   1.74|        
                                                                                          |   0.00|  67.91|  65.16|  58.57|        
                                                                     ---------------------+-------+-------+-------+-------+------- 
                                                                                         2|      0|  77131|  11201|   2055|  90387 
                                                                                          |   0.00|   4.67|   0.68|   0.12|   5.47 
                                                                                          |   0.00|  85.33|  12.39|   2.27|        
                                                                                          |   0.00|  22.70|  24.47|  26.04|        
                                                                     ---------------------+-------+-------+-------+-------+------- 
                                                                                         3|      0|  24452|   3596|    896|  28944 
                                                                                          |   0.00|   1.48|   0.22|   0.05|   1.75 
                                                                                          |   0.00|  84.48|  12.42|   3.10|        
                                                                                          |   0.00|   7.19|   7.85|  11.35|        
                                                                     ---------------------+-------+-------+-------+-------+------- 
                                                                                         4|      0|   6313|    960|    251|   7524 
                                                                                          |   0.00|   0.38|   0.06|   0.02|   0.46 
                                                                                          |   0.00|  83.90|  12.76|   3.34|        
                                                                                          |   0.00|   1.86|   2.10|   3.18|        
                                                                     ---------------------+-------+-------+-------+-------+------- 
                                                                                         5|      0|   1150|    192|     67|   1409 
                                                                                          |   0.00|   0.07|   0.01|   0.00|   0.09 
                                                                                          |   0.00|  81.62|  13.63|   4.76|        
                                                                                          |   0.00|   0.34|   0.42|   0.85|        
                                                                     ---------------------+-------+-------+-------+-------+------- 
                                                                                     Total|1259223| 339851|  45780|   7891|1652745 
                                                                                          |  76.19|  20.56|   2.77|   0.48| 100.00 
                                                                                                                                   
                                                                                             match_level 2                                                           11:32 Wednesday, July 29, 2015    3

                                                                                           The FREQ Procedure

                                                                                                                Cumulative    Cumulative
                                                                chosen_spedis_score    Frequency     Percent     Frequency      Percent 
                                                                ------------------------------------------------------------------------
                                                                 0                          171        0.37           171         0.37  
                                                                 2                           38        0.08           209         0.46  
                                                                 3                          292        0.64           501         1.09  
                                                                 4                          443        0.97           944         2.06  
                                                                 5                         1650        3.60          2594         5.67  
                                                                 6                          461        1.01          3055         6.67  
                                                                 7                         1892        4.13          4947        10.81  
                                                                 8                          894        1.95          5841        12.76  
                                                                 9                           91        0.20          5932        12.96  
                                                                10                         1177        2.57          7109        15.53  
                                                                11                         1114        2.43          8223        17.96  
                                                                12                         1197        2.61          9420        20.58  
                                                                13                          265        0.58          9685        21.16  
                                                                14                         1302        2.84         10987        24.00  
                                                                15                         3600        7.86         14587        31.86  
                                                                16                         1552        3.39         16139        35.25  
                                                                17                         2901        6.34         19040        41.59  
                                                                18                          104        0.23         19144        41.82  
                                                                19                         2468        5.39         21612        47.21  
                                                                20                         2816        6.15         24428        53.36  
                                                                21                          899        1.96         25327        55.32  
                                                                22                          275        0.60         25602        55.92  
                                                                23                         1097        2.40         26699        58.32  
                                                                24                          664        1.45         27363        59.77  
                                                                25                         1688        3.69         29051        63.46  
                                                                26                         1277        2.79         30328        66.25  
                                                                27                          772        1.69         31100        67.93  
                                                                28                         5467       11.94         36567        79.88  
                                                                29                         2483        5.42         39050        85.30  
                                                                30                         3353        7.32         42403        92.62  
                                                                31                          506        1.11         42909        93.73  
                                                                32                           12        0.03         42921        93.75  
                                                                33                         1479        3.23         44400        96.99  
                                                                34                         1380        3.01         45780       100.00  
                                                                                             match_level 3                                                           11:32 Wednesday, July 29, 2015    4

                                                                                           The FREQ Procedure

                                                                                                                Cumulative    Cumulative
                                                                chosen_spedis_score    Frequency     Percent     Frequency      Percent 
                                                                ------------------------------------------------------------------------
                                                                 35                          98        1.24            98         1.24  
                                                                 36                           3        0.04           101         1.28  
                                                                 37                         684        8.67           785         9.95  
                                                                 38                         572        7.25          1357        17.20  
                                                                 39                         537        6.81          1894        24.00  
                                                                 40                         619        7.84          2513        31.85  
                                                                 41                         239        3.03          2752        34.88  
                                                                 42                         104        1.32          2856        36.19  
                                                                 43                         148        1.88          3004        38.07  
                                                                 44                          14        0.18          3018        38.25  
                                                                 45                          56        0.71          3074        38.96  
                                                                 46                          78        0.99          3152        39.94  
                                                                 47                         141        1.79          3293        41.73  
                                                                 48                          13        0.16          3306        41.90  
                                                                 49                           5        0.06          3311        41.96  
                                                                 50                        1548       19.62          4859        61.58  
                                                                 52                           8        0.10          4867        61.68  
                                                                 53                           6        0.08          4873        61.75  
                                                                 54                          97        1.23          4970        62.98  
                                                                 55                          34        0.43          5004        63.41  
                                                                 56                          28        0.35          5032        63.77  
                                                                 57                         180        2.28          5212        66.05  
                                                                 58                         195        2.47          5407        68.52  
                                                                 59                           5        0.06          5412        68.58  
                                                                 60                         268        3.40          5680        71.98  
                                                                 61                           1        0.01          5681        71.99  
                                                                 62                         254        3.22          5935        75.21  
                                                                 63                           2        0.03          5937        75.24  
                                                                 64                          33        0.42          5970        75.66  
                                                                 65                          60        0.76          6030        76.42  
                                                                 66                         429        5.44          6459        81.85  
                                                                 67                           2        0.03          6461        81.88  
                                                                 68                          29        0.37          6490        82.25  
                                                                 70                          69        0.87          6559        83.12  
                                                                 71                          11        0.14          6570        83.26  
                                                                 72                           2        0.03          6572        83.28  
                                                                 75                         228        2.89          6800        86.17  
                                                                 77                           2        0.03          6802        86.20  
                                                                 78                           2        0.03          6804        86.22  
                                                                 79                           2        0.03          6806        86.25  
                                                                 80                          25        0.32          6831        86.57  
                                                                 81                          12        0.15          6843        86.72  
                                                                 83                         234        2.97          7077        89.68  
                                                                 85                           3        0.04          7080        89.72  
                                                                 87                          79        1.00          7159        90.72  
                                                                 89                           1        0.01          7160        90.74  
                                                                 90                           9        0.11          7169        90.85  
                                                                 91                          13        0.16          7182        91.02  
                                                                 93                           6        0.08          7188        91.09  
                                                                100                         207        2.62          7395        93.71  
                                                                104                           1        0.01          7396        93.73  
                                                                106                           1        0.01          7397        93.74  
                                                                108                          12        0.15          7409        93.89  
                                                                110                           1        0.01          7410        93.90  
                                                                112                          14        0.18          7424        94.08  
                                                                115                           2        0.03          7426        94.11  
                                                                116                          34        0.43          7460        94.54  
                                                                120                           1        0.01          7461        94.55  
                                                                125                          46        0.58          7507        95.13  
                                                                133                          20        0.25          7527        95.39  
                                                                137                           5        0.06          7532        95.45  
                                                                150                          48        0.61          7580        96.06  
                                                                160                           1        0.01          7581        96.07  
                                                                162                           2        0.03          7583        96.10  
                                                                166                           3        0.04          7586        96.13  
                                                                175                          16        0.20          7602        96.34  
                                                                200                          73        0.93          7675        97.26  
                                                                212                           1        0.01          7676        97.28  
                                                                216                           1        0.01          7677        97.29  
                                                                250                          75        0.95          7752        98.24  
                                                                300                          61        0.77          7813        99.01  
                                                                350                          41        0.52          7854        99.53  
                                                                375                           1        0.01          7855        99.54  
                                                                400                          32        0.41          7887        99.95  
                                                                450                           4        0.05          7891       100.00  
                                                                                                                                                                     11:32 Wednesday, July 29, 2015    5

                                                                                           The FREQ Procedure

                                                               Table of last_name_match by chosen_cac_ind_number
                                                                                                                                        
                                                                last_name_match|             chosen_cac_ind_number             |        
                                                                ---------------+-----------------------------------------------|        
                                                                   Frequency   |       |       |       |       |       |       |        
                                                                    Percent    |       |       |       |       |       |       |        
                                                                    Row Pct    |       |       |       |       |       |       |        
                                                                    Col Pct    |   .   |   1   |   2   |   3   |   4   |   5   | Total  
                                                                ---------------+-------+-------+-------+-------+-------+-------+------- 
                                                                              0| 625167|      0|      0|      0|      0|      0| 625167 
                                                                               |  37.83|   0.00|   0.00|   0.00|   0.00|   0.00|  37.83 
                                                                               | 100.00|   0.00|   0.00|   0.00|   0.00|   0.00|        
                                                                               |  50.53|   0.00|   0.00|   0.00|   0.00|   0.00|        
                                                                ---------------+-------+-------+-------+-------+-------+-------+------- 
                                                                              1| 612123| 273633| 103834|  29200|   7495|   1293|1027578 
                                                                               |  37.04|  16.56|   6.28|   1.77|   0.45|   0.08|  62.17 
                                                                               |  59.57|  26.63|  10.10|   2.84|   0.73|   0.13|        
                                                                               |  49.47| 100.00| 100.00| 100.00| 100.00| 100.00|        
                                                                ---------------+-------+-------+-------+-------+-------+-------+------- 
                                                                          Total|1237290| 273633| 103834|  29200|   7495|   1293|1652745 
                                                                               |  74.86|  16.56|   6.28|   1.77|   0.45|   0.08| 100.00 
                                                                                                                                        
                                                                                                                                                                     11:32 Wednesday, July 29, 2015    6

                                                                                           The FREQ Procedure

                                                                    Table of chosen_cac_ind_number by chosen_match_level
                                                                                                                                   
                                                                     chosen_cac_ind_number|      chosen_match_level       |        
                                                                     ---------------------+-------------------------------|        
                                                                           Frequency      |       |       |       |       |        
                                                                            Percent       |       |       |       |       |        
                                                                            Row Pct       |       |       |       |       |        
                                                                            Col Pct       |   .   |   1   |   2   |   3   | Total  
                                                                     ---------------------+-------+-------+-------+-------+------- 
                                                                                         .|1237290|      0|      0|      0|1237290 
                                                                                          |  74.86|   0.00|   0.00|   0.00|  74.86 
                                                                                          | 100.00|   0.00|   0.00|   0.00|        
                                                                                          | 100.00|   0.00|   0.00|   0.00|        
                                                                     ---------------------+-------+-------+-------+-------+------- 
                                                                                         1|      0| 237937|  30387|   5309| 273633 
                                                                                          |   0.00|  14.40|   1.84|   0.32|  16.56 
                                                                                          |   0.00|  86.95|  11.11|   1.94|        
                                                                                          |   0.00|  66.07|  66.27|  56.15|        
                                                                     ---------------------+-------+-------+-------+-------+------- 
                                                                                         2|      0|  89254|  11726|   2854| 103834 
                                                                                          |   0.00|   5.40|   0.71|   0.17|   6.28 
                                                                                          |   0.00|  85.96|  11.29|   2.75|        
                                                                                          |   0.00|  24.78|  25.57|  30.19|        
                                                                     ---------------------+-------+-------+-------+-------+------- 
                                                                                         3|      0|  25490|   2794|    916|  29200 
                                                                                          |   0.00|   1.54|   0.17|   0.06|   1.77 
                                                                                          |   0.00|  87.29|   9.57|   3.14|        
                                                                                          |   0.00|   7.08|   6.09|   9.69|        
                                                                     ---------------------+-------+-------+-------+-------+------- 
                                                                                         4|      0|   6400|    792|    303|   7495 
                                                                                          |   0.00|   0.39|   0.05|   0.02|   0.45 
                                                                                          |   0.00|  85.39|  10.57|   4.04|        
                                                                                          |   0.00|   1.78|   1.73|   3.20|        
                                                                     ---------------------+-------+-------+-------+-------+------- 
                                                                                         5|      0|   1064|    156|     73|   1293 
                                                                                          |   0.00|   0.06|   0.01|   0.00|   0.08 
                                                                                          |   0.00|  82.29|  12.06|   5.65|        
                                                                                          |   0.00|   0.30|   0.34|   0.77|        
                                                                     ---------------------+-------+-------+-------+-------+------- 
                                                                                     Total|1237290| 360145|  45855|   9455|1652745 
                                                                                          |  74.86|  21.79|   2.77|   0.57| 100.00 
                                                                                                                                   
                                                                                             match_level 2                                                           11:32 Wednesday, July 29, 2015    7

                                                                                           The FREQ Procedure

                                                                                                                Cumulative    Cumulative
                                                                chosen_spedis_score    Frequency     Percent     Frequency      Percent 
                                                                ------------------------------------------------------------------------
                                                                 0                          210        0.46           210         0.46  
                                                                 2                           39        0.09           249         0.54  
                                                                 3                          983        2.14          1232         2.69  
                                                                 4                          630        1.37          1862         4.06  
                                                                 5                         2138        4.66          4000         8.72  
                                                                 6                         1734        3.78          5734        12.50  
                                                                 7                         1991        4.34          7725        16.85  
                                                                 8                         1875        4.09          9600        20.94  
                                                                 9                           32        0.07          9632        21.01  
                                                                10                         1296        2.83         10928        23.83  
                                                                11                         1522        3.32         12450        27.15  
                                                                12                         1808        3.94         14258        31.09  
                                                                13                          348        0.76         14606        31.85  
                                                                14                         1821        3.97         16427        35.82  
                                                                15                         1534        3.35         17961        39.17  
                                                                16                         1963        4.28         19924        43.45  
                                                                17                         1414        3.08         21338        46.53  
                                                                18                          237        0.52         21575        47.05  
                                                                19                         1117        2.44         22692        49.49  
                                                                20                         1810        3.95         24502        53.43  
                                                                21                         2402        5.24         26904        58.67  
                                                                22                          734        1.60         27638        60.27  
                                                                23                          556        1.21         28194        61.49  
                                                                24                          297        0.65         28491        62.13  
                                                                25                         2822        6.15         31313        68.29  
                                                                26                         1854        4.04         33167        72.33  
                                                                27                          487        1.06         33654        73.39  
                                                                28                         3146        6.86         36800        80.25  
                                                                29                         1933        4.22         38733        84.47  
                                                                30                         3455        7.53         42188        92.00  
                                                                31                          818        1.78         43006        93.79  
                                                                32                           25        0.05         43031        93.84  
                                                                33                         1460        3.18         44491        97.03  
                                                                34                         1364        2.97         45855       100.00  
                                                                                             match_level 3                                                           11:32 Wednesday, July 29, 2015    8

                                                                                           The FREQ Procedure

                                                                                                                Cumulative    Cumulative
                                                                chosen_spedis_score    Frequency     Percent     Frequency      Percent 
                                                                ------------------------------------------------------------------------
                                                                 35                         127        1.34           127         1.34  
                                                                 36                           2        0.02           129         1.36  
                                                                 37                         810        8.57           939         9.93  
                                                                 38                         794        8.40          1733        18.33  
                                                                 39                         251        2.65          1984        20.98  
                                                                 40                         634        6.71          2618        27.69  
                                                                 41                         313        3.31          2931        31.00  
                                                                 42                         173        1.83          3104        32.83  
                                                                 43                          57        0.60          3161        33.43  
                                                                 44                         161        1.70          3322        35.13  
                                                                 45                         409        4.33          3731        39.46  
                                                                 46                         186        1.97          3917        41.43  
                                                                 47                         748        7.91          4665        49.34  
                                                                 48                           9        0.10          4674        49.43  
                                                                 49                           1        0.01          4675        49.44  
                                                                 50                        1592       16.84          6267        66.28  
                                                                 51                           1        0.01          6268        66.29  
                                                                 52                          10        0.11          6278        66.40  
                                                                 53                           9        0.10          6287        66.49  
                                                                 54                          44        0.47          6331        66.96  
                                                                 55                          29        0.31          6360        67.27  
                                                                 56                          43        0.45          6403        67.72  
                                                                 57                          83        0.88          6486        68.60  
                                                                 58                         159        1.68          6645        70.28  
                                                                 59                           9        0.10          6654        70.38  
                                                                 60                         259        2.74          6913        73.11  
                                                                 61                           2        0.02          6915        73.14  
                                                                 62                         332        3.51          7247        76.65  
                                                                 64                          20        0.21          7267        76.86  
                                                                 65                          13        0.14          7280        77.00  
                                                                 66                         280        2.96          7560        79.96  
                                                                 67                           6        0.06          7566        80.02  
                                                                 68                          18        0.19          7584        80.21  
                                                                 70                         117        1.24          7701        81.45  
                                                                 71                          10        0.11          7711        81.55  
                                                                 75                         276        2.92          7987        84.47  
                                                                 78                           3        0.03          7990        84.51  
                                                                 79                           1        0.01          7991        84.52  
                                                                 80                          50        0.53          8041        85.04  
                                                                 81                           4        0.04          8045        85.09  
                                                                 82                           1        0.01          8046        85.10  
                                                                 83                         200        2.12          8246        87.21  
                                                                 84                           1        0.01          8247        87.22  
                                                                 85                           7        0.07          8254        87.30  
                                                                 86                           1        0.01          8255        87.31  
                                                                 87                          66        0.70          8321        88.01  
                                                                 88                           2        0.02          8323        88.03  
                                                                 90                          28        0.30          8351        88.32  
                                                                 91                          12        0.13          8363        88.45  
                                                                 92                           3        0.03          8366        88.48  
                                                                 93                           2        0.02          8368        88.50  
                                                                 95                           3        0.03          8371        88.54  
                                                                100                         248        2.62          8619        91.16  
                                                                104                           1        0.01          8620        91.17  
                                                                105                           1        0.01          8621        91.18  
                                                                108                           9        0.10          8630        91.27  
                                                                110                           5        0.05          8635        91.33  
                                                                112                          17        0.18          8652        91.51  
                                                                115                           1        0.01          8653        91.52  
                                                                116                          41        0.43          8694        91.95  
                                                                118                           1        0.01          8695        91.96  
                                                                120                           2        0.02          8697        91.98  
                                                                125                          68        0.72          8765        92.70  
                                                                130                           1        0.01          8766        92.71  
                                                                131                           1        0.01          8767        92.72  
                                                                133                          22        0.23          8789        92.96  
                                                                137                           7        0.07          8796        93.03  
                                                                140                           3        0.03          8799        93.06  
                                                                150                         121        1.28          8920        94.34  
                                                                162                           2        0.02          8922        94.36  
                                                                166                           5        0.05          8927        94.42  
                                                                175                           8        0.08          8935        94.50  
                                                                185                           1        0.01          8936        94.51  
                                                                187                           1        0.01          8937        94.52  
                                                                200                         128        1.35          9065        95.88  
                                                                216                           1        0.01          9066        95.89  
                                                                225                           1        0.01          9067        95.90  
                                                                250                         193        2.04          9260        97.94  
                                                                262                           1        0.01          9261        97.95  
                                                                275                           1        0.01          9262        97.96  
                                                                300                         139        1.47          9401        99.43  
                                                                325                           1        0.01          9402        99.44  
                                                                350                          29        0.31          9431        99.75  
                                                                400                          20        0.21          9451        99.96  
                                                                450                           1        0.01          9452        99.97  
                                                                500                           3        0.03          9455       100.00  
                                                                    Prepared for                                                                     9
                                                                 Data Quality Report
                                                           Library:WORK  Member:scored__NJ
                                                              Total Observations: 808977

                                                                                                              Number of     Numeric or          
   Variable                                                                   Label                         Observations    Character     Levels

   CAC_HH_PID                                            Household Persistent ID                                808,977     Character        50+
                                                                                                                                                
   CAC_NAME_LAST                                         Household Name                                         808,977     Character        50+
                                                                                                                                                
   bridge_address1                                       Address Line 1 From Bridge                             808,977     Character        50+
                                                                                                                                                
   bridge_address2                                       Address Line 2 From Bridge                                   0     Character         0 
                                                                                                                                                
   bridge_city                                           Address City From Bridge                               808,977     Character        50+
                                                                                                                                                
   bridge_name_first                                     First Name From Bridge                                 808,977     Character        50+
                                                                                                                                                
   bridge_name_last                                      Last Name From Bridge                                  808,977     Character        50+
                                                                                                                                                
   bridge_name_last_exact                                                                                       808,977     Character        50+
                                                                                                                                                
   bridge_name_last_fuzzy1                                                                                      808,977     Character        50+
                                                                                                                                                
   bridge_state                                          Address State From Bridge                              808,977     Character         1 
                                                         Value NJ    100%                                       808,977                         
                                                                                                                                                
   bridge_zip5                                           Address Zip 5 From Bridge                              808,977     Character        50+
                                                                                                                                                
   cac_bridge_md5email_id                                Unique ID To Append Email Addresses From Bridge        808,977     Character        50+

                                                             Number        Zero          Mean        Median       Minimum       Maximum    Variable
   Variable                                                 Missing      Values         Value         Value         Value         Value     Format 

   CAC_HH_PID                                                     0                                                                          $27   
                                                                                                                                                   
   CAC_NAME_LAST                                                  0                                                                                
                                                                                                                                                   
   bridge_address1                                                0                                                                          $50   
                                                                                                                                                   
   bridge_address2                                          808,977                                                                          $50   
                                                                                                                                                   
   bridge_city                                                    0                                                                          $30   
                                                                                                                                                   
   bridge_name_first                                              0                                                                          $25   
                                                                                                                                                   
   bridge_name_last                                               0                                                                          $25   
                                                                                                                                                   
   bridge_name_last_exact                                         0                                                                                
                                                                                                                                                   
   bridge_name_last_fuzzy1                                        0                                                                                
                                                                                                                                                   
   bridge_state                                                   0                                                                          $2    
                                                                                                                                                   
                                                                                                                                                   
   bridge_zip5                                                    0                                                                          $5    
                                                                                                                                                   
   cac_bridge_md5email_id                                         0                                                                          $50   

                                                             Prepared by CAC Group, Inc.
                                                                    Prepared for                                                                    10
                                                                 Data Quality Report
                                                           Library:WORK  Member:scored__NJ
                                                              Total Observations: 808977

                                                                                      Number of     Numeric or                  Number        Zero
    Variable                                                      Label             Observations    Character     Levels       Missing      Values

                                                                                                                                                  
    chosen_cac_ind_gender                                                               808,977     Numeric           2              0           0
                                                          Value        1   48.6%        393,522                                                   
                                                          Value        2   51.4%        415,455                                                   
                                                                                                                                                  
    chosen_cac_ind_last                                                                 808,977     Character        50+             0            
                                                                                                                                                  
    chosen_cac_ind_mi                                                                   626,524     Character        26        182,453            
                                                                                                                                                  
    chosen_cac_ind_name                                                                 808,977     Character        50+             0            
                                                                                                                                                  
    chosen_cac_ind_number                                                               808,977     Numeric           5              0           0
                                                          Value        1   66.6%        538,891                                                   
                                                          Value        2   24.0%        194,221                                                   
                                                          Value        3    7.2%         58,144                                                   
                                                          Value        4    1.9%         15,019                                                   
                                                          Value        5    0.3%          2,702                                                   
                                                                                                                                                  
    chosen_first_x_of_x_flag                                                            808,977     Numeric           2              0       5,625
                                                                                                                                                  
    chosen_match_level                                                                  808,977     Numeric           3              0           0
                                                          Value        1   86.5%        699,996                                                   
                                                          Value        2   11.3%         91,635                                                   
                                                          Value        3    2.1%         17,346                                                   

                                                                Mean        Median       Minimum       Maximum    Variable
    Variable                                                   Value         Value         Value         Value     Format 

                                                                                                                          
    chosen_cac_ind_gender                                     1.5136        2.0000        1.0000        2.0000      8     
                                                                                                                          
                                                                                                                          
                                                                                                                          
    chosen_cac_ind_last                                                                                             $20   
                                                                                                                          
    chosen_cac_ind_mi                                                                                               $1    
                                                                                                                          
    chosen_cac_ind_name                                                                                             $14   
                                                                                                                          
    chosen_cac_ind_number                                     1.4529        1.0000        1.0000        5.0000      8     
                                                                                                                          
                                                                                                                          
                                                                                                                          
                                                                                                                          
                                                                                                                          
                                                                                                                          
    chosen_first_x_of_x_flag                                  0.9930        1.0000        0.0000        1.0000      8     
                                                                                                                          
    chosen_match_level                                        1.1562        1.0000        1.0000        3.0000      8     
                                                                                                                          
                                                                                                                          
                                                                                                                          

                                                             Prepared by CAC Group, Inc.
                                                                    Prepared for                                                                    11
                                                                 Data Quality Report
                                                           Library:WORK  Member:scored__NJ
                                                              Total Observations: 808977

                                                                                      Number of     Numeric or                  Number        Zero
    Variable                                                      Label             Observations    Character     Levels       Missing      Values

                                                                                                                                                  
    chosen_spedis_score                                                                 808,977      Numeric         50+             0     700,377
                                                                                                                                                  
    last_name_match                                                                     808,977      Numeric          1              0           0
                                                          Value        1    100%        808,977                                                   
                                                                                                                                                  

                                                                Mean        Median       Minimum       Maximum    Variable
    Variable                                                   Value         Value         Value         Value     Format 

                                                                                                                          
    chosen_spedis_score                                       3.5903        0.0000        0.0000      500.0000       8    
                                                                                                                          
    last_name_match                                           1.0000        1.0000        1.0000        1.0000            
                                                                                                                          
                                                                                                                          





































                                                             Prepared by CAC Group, Inc.
