                                                                                             The WPS System                                                          11:23 Wednesday, July 29, 2015    1

                                                                                           The FREQ Procedure

                                                               Table of last_name_match by chosen_cac_ind_number
                                                                                                                                        
                                                                last_name_match|             chosen_cac_ind_number             |        
                                                                ---------------+-----------------------------------------------|        
                                                                   Frequency   |       |       |       |       |       |       |        
                                                                    Percent    |       |       |       |       |       |       |        
                                                                    Row Pct    |       |       |       |       |       |       |        
                                                                    Col Pct    |   .   |   1   |   2   |   3   |   4   |   5   | Total  
                                                                ---------------+-------+-------+-------+-------+-------+-------+------- 
                                                                              0|1991506|      0|      0|      0|      0|      0|1991506 
                                                                               |  42.62|   0.00|   0.00|   0.00|   0.00|   0.00|  42.62 
                                                                               | 100.00|   0.00|   0.00|   0.00|   0.00|   0.00|        
                                                                               |  53.91|   0.00|   0.00|   0.00|   0.00|   0.00|        
                                                                ---------------+-------+-------+-------+-------+-------+-------+------- 
                                                                              1|1702586| 702962| 199930|  57754|  14545|   2934|2680711 
                                                                               |  36.44|  15.05|   4.28|   1.24|   0.31|   0.06|  57.38 
                                                                               |  63.51|  26.22|   7.46|   2.15|   0.54|   0.11|        
                                                                               |  46.09| 100.00| 100.00| 100.00| 100.00| 100.00|        
                                                                ---------------+-------+-------+-------+-------+-------+-------+------- 
                                                                          Total|3694092| 702962| 199930|  57754|  14545|   2934|4672217 
                                                                               |  79.07|  15.05|   4.28|   1.24|   0.31|   0.06| 100.00 
                                                                                                                                        
                                                                                             The WPS System                                                          11:23 Wednesday, July 29, 2015    2

                                                                                           The FREQ Procedure

                                                                    Table of chosen_cac_ind_number by chosen_match_level
                                                                                                                                   
                                                                     chosen_cac_ind_number|      chosen_match_level       |        
                                                                     ---------------------+-------------------------------|        
                                                                           Frequency      |       |       |       |       |        
                                                                            Percent       |       |       |       |       |        
                                                                            Row Pct       |       |       |       |       |        
                                                                            Col Pct       |   .   |   1   |   2   |   3   | Total  
                                                                     ---------------------+-------+-------+-------+-------+------- 
                                                                                         .|3694092|      0|      0|      0|3694092 
                                                                                          |  79.07|   0.00|   0.00|   0.00|  79.07 
                                                                                          | 100.00|   0.00|   0.00|   0.00|        
                                                                                          | 100.00|   0.00|   0.00|   0.00|        
                                                                     ---------------------+-------+-------+-------+-------+------- 
                                                                                         1|      0| 625796|  66679|  10487| 702962 
                                                                                          |   0.00|  13.39|   1.43|   0.22|  15.05 
                                                                                          |   0.00|  89.02|   9.49|   1.49|        
                                                                                          |   0.00|  72.24|  70.45|  60.89|        
                                                                     ---------------------+-------+-------+-------+-------+------- 
                                                                                         2|      0| 175327|  20172|   4431| 199930 
                                                                                          |   0.00|   3.75|   0.43|   0.09|   4.28 
                                                                                          |   0.00|  87.69|  10.09|   2.22|        
                                                                                          |   0.00|  20.24|  21.31|  25.73|        
                                                                     ---------------------+-------+-------+-------+-------+------- 
                                                                                         3|      0|  50166|   5880|   1708|  57754 
                                                                                          |   0.00|   1.07|   0.13|   0.04|   1.24 
                                                                                          |   0.00|  86.86|  10.18|   2.96|        
                                                                                          |   0.00|   5.79|   6.21|   9.92|        
                                                                     ---------------------+-------+-------+-------+-------+------- 
                                                                                         4|      0|  12532|   1529|    484|  14545 
                                                                                          |   0.00|   0.27|   0.03|   0.01|   0.31 
                                                                                          |   0.00|  86.16|  10.51|   3.33|        
                                                                                          |   0.00|   1.45|   1.62|   2.81|        
                                                                     ---------------------+-------+-------+-------+-------+------- 
                                                                                         5|      0|   2435|    385|    114|   2934 
                                                                                          |   0.00|   0.05|   0.01|   0.00|   0.06 
                                                                                          |   0.00|  82.99|  13.12|   3.89|        
                                                                                          |   0.00|   0.28|   0.41|   0.66|        
                                                                     ---------------------+-------+-------+-------+-------+------- 
                                                                                     Total|3694092| 866256|  94645|  17224|4672217 
                                                                                          |  79.07|  18.54|   2.03|   0.37| 100.00 
                                                                                                                                   
                                                                                             match_level 2                                                           11:23 Wednesday, July 29, 2015    3

                                                                                           The FREQ Procedure

                                                                                                                Cumulative    Cumulative
                                                                chosen_spedis_score    Frequency     Percent     Frequency      Percent 
                                                                ------------------------------------------------------------------------
                                                                 0                          379        0.40           379         0.40  
                                                                 2                           75        0.08           454         0.48  
                                                                 3                          505        0.53           959         1.01  
                                                                 4                         1065        1.13          2024         2.14  
                                                                 5                         4568        4.83          6592         6.96  
                                                                 6                          894        0.94          7486         7.91  
                                                                 7                         5090        5.38         12576        13.29  
                                                                 8                         2186        2.31         14762        15.60  
                                                                 9                          151        0.16         14913        15.76  
                                                                10                         2497        2.64         17410        18.40  
                                                                11                         3155        3.33         20565        21.73  
                                                                12                         2462        2.60         23027        24.33  
                                                                13                          704        0.74         23731        25.07  
                                                                14                         3186        3.37         26917        28.44  
                                                                15                         8155        8.62         35072        37.06  
                                                                16                         3256        3.44         38328        40.50  
                                                                17                         7081        7.48         45409        47.98  
                                                                18                          182        0.19         45591        48.17  
                                                                19                         5797        6.12         51388        54.30  
                                                                20                         6493        6.86         57881        61.16  
                                                                21                         2147        2.27         60028        63.42  
                                                                22                          771        0.81         60799        64.24  
                                                                23                         1587        1.68         62386        65.92  
                                                                24                         1368        1.45         63754        67.36  
                                                                25                         3834        4.05         67588        71.41  
                                                                26                         1606        1.70         69194        73.11  
                                                                27                         1504        1.59         70698        74.70  
                                                                28                         8516        9.00         79214        83.70  
                                                                29                         3757        3.97         82971        87.67  
                                                                30                         4527        4.78         87498        92.45  
                                                                31                          618        0.65         88116        93.10  
                                                                32                           30        0.03         88146        93.13  
                                                                33                         3400        3.59         91546        96.73  
                                                                34                         3099        3.27         94645       100.00  
                                                                                             match_level 3                                                           11:23 Wednesday, July 29, 2015    4

                                                                                           The FREQ Procedure

                                                                                                                Cumulative    Cumulative
                                                                chosen_spedis_score    Frequency     Percent     Frequency      Percent 
                                                                ------------------------------------------------------------------------
                                                                 35                         253        1.47           253         1.47  
                                                                 36                          12        0.07           265         1.54  
                                                                 37                        1192        6.92          1457         8.46  
                                                                 38                        1328        7.71          2785        16.17  
                                                                 39                        1520        8.82          4305        24.99  
                                                                 40                        1371        7.96          5676        32.95  
                                                                 41                         414        2.40          6090        35.36  
                                                                 42                         366        2.12          6456        37.48  
                                                                 43                         161        0.93          6617        38.42  
                                                                 44                          39        0.23          6656        38.64  
                                                                 45                         143        0.83          6799        39.47  
                                                                 46                         166        0.96          6965        40.44  
                                                                 47                         342        1.99          7307        42.42  
                                                                 48                          17        0.10          7324        42.52  
                                                                 49                           9        0.05          7333        42.57  
                                                                 50                        3366       19.54         10699        62.12  
                                                                 51                           1        0.01         10700        62.12  
                                                                 52                          21        0.12         10721        62.24  
                                                                 53                          16        0.09         10737        62.34  
                                                                 54                         234        1.36         10971        63.70  
                                                                 55                         114        0.66         11085        64.36  
                                                                 56                          82        0.48         11167        64.83  
                                                                 57                         484        2.81         11651        67.64  
                                                                 58                         456        2.65         12107        70.29  
                                                                 59                          10        0.06         12117        70.35  
                                                                 60                         569        3.30         12686        73.65  
                                                                 61                           3        0.02         12689        73.67  
                                                                 62                         558        3.24         13247        76.91  
                                                                 64                          84        0.49         13331        77.40  
                                                                 65                         152        0.88         13483        78.28  
                                                                 66                         786        4.56         14269        82.84  
                                                                 67                          10        0.06         14279        82.90  
                                                                 68                          46        0.27         14325        83.17  
                                                                 69                           1        0.01         14326        83.17  
                                                                 70                         204        1.18         14530        84.36  
                                                                 71                          23        0.13         14553        84.49  
                                                                 72                           1        0.01         14554        84.50  
                                                                 75                         542        3.15         15096        87.65  
                                                                 77                           1        0.01         15097        87.65  
                                                                 78                           8        0.05         15105        87.70  
                                                                 79                           8        0.05         15113        87.74  
                                                                 80                          66        0.38         15179        88.13  
                                                                 81                          18        0.10         15197        88.23  
                                                                 82                           3        0.02         15200        88.25  
                                                                 83                         371        2.15         15571        90.40  
                                                                 85                           7        0.04         15578        90.44  
                                                                 87                         214        1.24         15792        91.69  
                                                                 90                          35        0.20         15827        91.89  
                                                                 91                          38        0.22         15865        92.11  
                                                                 92                           3        0.02         15868        92.13  
                                                                 93                          10        0.06         15878        92.19  
                                                                 95                           2        0.01         15880        92.20  
                                                                 96                           1        0.01         15881        92.20  
                                                                100                         413        2.40         16294        94.60  
                                                                104                           1        0.01         16295        94.61  
                                                                105                           1        0.01         16296        94.61  
                                                                106                           1        0.01         16297        94.62  
                                                                107                           1        0.01         16298        94.62  
                                                                108                          22        0.13         16320        94.75  
                                                                110                           6        0.03         16326        94.79  
                                                                112                          44        0.26         16370        95.04  
                                                                115                           1        0.01         16371        95.05  
                                                                116                          84        0.49         16455        95.54  
                                                                118                           3        0.02         16458        95.55  
                                                                120                           4        0.02         16462        95.58  
                                                                125                          56        0.33         16518        95.90  
                                                                131                           4        0.02         16522        95.92  
                                                                133                          36        0.21         16558        96.13  
                                                                137                           8        0.05         16566        96.18  
                                                                141                           3        0.02         16569        96.20  
                                                                143                           1        0.01         16570        96.20  
                                                                150                         124        0.72         16694        96.92  
                                                                156                           1        0.01         16695        96.93  
                                                                158                           2        0.01         16697        96.94  
                                                                162                           6        0.03         16703        96.98  
                                                                166                           7        0.04         16710        97.02  
                                                                175                          19        0.11         16729        97.13  
                                                                183                           4        0.02         16733        97.15  
                                                                187                           1        0.01         16734        97.16  
                                                                200                         146        0.85         16880        98.00  
                                                                225                           2        0.01         16882        98.01  
                                                                233                           1        0.01         16883        98.02  
                                                                250                         113        0.66         16996        98.68  
                                                                300                         102        0.59         17098        99.27  
                                                                350                          61        0.35         17159        99.62  
                                                                400                          53        0.31         17212        99.93  
                                                                450                          11        0.06         17223        99.99  
                                                                600                           1        0.01         17224       100.00  
                                                                                                                                                                     11:23 Wednesday, July 29, 2015    5

                                                                                           The FREQ Procedure

                                                               Table of last_name_match by chosen_cac_ind_number
                                                                                                                                        
                                                                last_name_match|             chosen_cac_ind_number             |        
                                                                ---------------+-----------------------------------------------|        
                                                                   Frequency   |       |       |       |       |       |       |        
                                                                    Percent    |       |       |       |       |       |       |        
                                                                    Row Pct    |       |       |       |       |       |       |        
                                                                    Col Pct    |   .   |   1   |   2   |   3   |   4   |   5   | Total  
                                                                ---------------+-------+-------+-------+-------+-------+-------+------- 
                                                                              0|1991506|      0|      0|      0|      0|      0|1991506 
                                                                               |  42.62|   0.00|   0.00|   0.00|   0.00|   0.00|  42.62 
                                                                               | 100.00|   0.00|   0.00|   0.00|   0.00|   0.00|        
                                                                               |  56.48|   0.00|   0.00|   0.00|   0.00|   0.00|        
                                                                ---------------+-------+-------+-------+-------+-------+-------+------- 
                                                                              1|1534653| 805799| 262532|  59958|  14772|   2997|2680711 
                                                                               |  32.85|  17.25|   5.62|   1.28|   0.32|   0.06|  57.38 
                                                                               |  57.25|  30.06|   9.79|   2.24|   0.55|   0.11|        
                                                                               |  43.52| 100.00| 100.00| 100.00| 100.00| 100.00|        
                                                                ---------------+-------+-------+-------+-------+-------+-------+------- 
                                                                          Total|3526159| 805799| 262532|  59958|  14772|   2997|4672217 
                                                                               |  75.47|  17.25|   5.62|   1.28|   0.32|   0.06| 100.00 
                                                                                                                                        
                                                                                                                                                                     11:23 Wednesday, July 29, 2015    6

                                                                                           The FREQ Procedure

                                                                    Table of chosen_cac_ind_number by chosen_match_level
                                                                                                                                   
                                                                     chosen_cac_ind_number|      chosen_match_level       |        
                                                                     ---------------------+-------------------------------|        
                                                                           Frequency      |       |       |       |       |        
                                                                            Percent       |       |       |       |       |        
                                                                            Row Pct       |       |       |       |       |        
                                                                            Col Pct       |   .   |   1   |   2   |   3   | Total  
                                                                     ---------------------+-------+-------+-------+-------+------- 
                                                                                         .|3526159|      0|      0|      0|3526159 
                                                                                          |  75.47|   0.00|   0.00|   0.00|  75.47 
                                                                                          | 100.00|   0.00|   0.00|   0.00|        
                                                                                          | 100.00|   0.00|   0.00|   0.00|        
                                                                     ---------------------+-------+-------+-------+-------+------- 
                                                                                         1|      0| 719112|  71820|  14867| 805799 
                                                                                          |   0.00|  15.39|   1.54|   0.32|  17.25 
                                                                                          |   0.00|  89.24|   8.91|   1.85|        
                                                                                          |   0.00|  70.57|  69.71|  62.05|        
                                                                     ---------------------+-------+-------+-------+-------+------- 
                                                                                         2|      0| 231560|  24470|   6502| 262532 
                                                                                          |   0.00|   4.96|   0.52|   0.14|   5.62 
                                                                                          |   0.00|  88.20|   9.32|   2.48|        
                                                                                          |   0.00|  22.72|  23.75|  27.14|        
                                                                     ---------------------+-------+-------+-------+-------+------- 
                                                                                         3|      0|  52918|   5118|   1922|  59958 
                                                                                          |   0.00|   1.13|   0.11|   0.04|   1.28 
                                                                                          |   0.00|  88.26|   8.54|   3.21|        
                                                                                          |   0.00|   5.19|   4.97|   8.02|        
                                                                     ---------------------+-------+-------+-------+-------+------- 
                                                                                         4|      0|  12882|   1345|    545|  14772 
                                                                                          |   0.00|   0.28|   0.03|   0.01|   0.32 
                                                                                          |   0.00|  87.21|   9.11|   3.69|        
                                                                                          |   0.00|   1.26|   1.31|   2.27|        
                                                                     ---------------------+-------+-------+-------+-------+------- 
                                                                                         5|      0|   2593|    280|    124|   2997 
                                                                                          |   0.00|   0.06|   0.01|   0.00|   0.06 
                                                                                          |   0.00|  86.52|   9.34|   4.14|        
                                                                                          |   0.00|   0.25|   0.27|   0.52|        
                                                                     ---------------------+-------+-------+-------+-------+------- 
                                                                                     Total|3526159|1019065| 103033|  23960|4672217 
                                                                                          |  75.47|  21.81|   2.21|   0.51| 100.00 
                                                                                                                                   
                                                                                             match_level 2                                                           11:23 Wednesday, July 29, 2015    7

                                                                                           The FREQ Procedure

                                                                                                                Cumulative    Cumulative
                                                                chosen_spedis_score    Frequency     Percent     Frequency      Percent 
                                                                ------------------------------------------------------------------------
                                                                 0                          462        0.45           462         0.45  
                                                                 2                           75        0.07           537         0.52  
                                                                 3                         1716        1.67          2253         2.19  
                                                                 4                         1461        1.42          3714         3.60  
                                                                 5                         5023        4.88          8737         8.48  
                                                                 6                         2763        2.68         11500        11.16  
                                                                 7                         4671        4.53         16171        15.69  
                                                                 8                         4490        4.36         20661        20.05  
                                                                 9                           97        0.09         20758        20.15  
                                                                10                         2920        2.83         23678        22.98  
                                                                11                         3353        3.25         27031        26.24  
                                                                12                         3940        3.82         30971        30.06  
                                                                13                          740        0.72         31711        30.78  
                                                                14                         5126        4.98         36837        35.75  
                                                                15                         3162        3.07         39999        38.82  
                                                                16                         5478        5.32         45477        44.14  
                                                                17                         3501        3.40         48978        47.54  
                                                                18                          623        0.60         49601        48.14  
                                                                19                         2306        2.24         51907        50.38  
                                                                20                         4609        4.47         56516        54.85  
                                                                21                         5442        5.28         61958        60.13  
                                                                22                         2168        2.10         64126        62.24  
                                                                23                         1093        1.06         65219        63.30  
                                                                24                          890        0.86         66109        64.16  
                                                                25                         5635        5.47         71744        69.63  
                                                                26                         3945        3.83         75689        73.46  
                                                                27                         1354        1.31         77043        74.78  
                                                                28                         6786        6.59         83829        81.36  
                                                                29                         3862        3.75         87691        85.11  
                                                                30                         6975        6.77         94666        91.88  
                                                                31                         1397        1.36         96063        93.24  
                                                                32                           32        0.03         96095        93.27  
                                                                33                         3743        3.63         99838        96.90  
                                                                34                         3195        3.10        103033       100.00  
                                                                                             match_level 3                                                           11:23 Wednesday, July 29, 2015    8

                                                                                           The FREQ Procedure

                                                                                                                Cumulative    Cumulative
                                                                chosen_spedis_score    Frequency     Percent     Frequency      Percent 
                                                                ------------------------------------------------------------------------
                                                                 35                         340        1.42           340         1.42  
                                                                 36                           5        0.02           345         1.44  
                                                                 37                        1870        7.80          2215         9.24  
                                                                 38                        2132        8.90          4347        18.14  
                                                                 39                         979        4.09          5326        22.23  
                                                                 40                        1495        6.24          6821        28.47  
                                                                 41                         772        3.22          7593        31.69  
                                                                 42                         525        2.19          8118        33.88  
                                                                 43                         164        0.68          8282        34.57  
                                                                 44                         483        2.02          8765        36.58  
                                                                 45                        1048        4.37          9813        40.96  
                                                                 46                         449        1.87         10262        42.83  
                                                                 47                        2050        8.56         12312        51.39  
                                                                 48                          24        0.10         12336        51.49  
                                                                 50                        4106       17.14         16442        68.62  
                                                                 52                          44        0.18         16486        68.81  
                                                                 53                          13        0.05         16499        68.86  
                                                                 54                         161        0.67         16660        69.53  
                                                                 55                          87        0.36         16747        69.90  
                                                                 56                         106        0.44         16853        70.34  
                                                                 57                         319        1.33         17172        71.67  
                                                                 58                         454        1.89         17626        73.56  
                                                                 59                          13        0.05         17639        73.62  
                                                                 60                         597        2.49         18236        76.11  
                                                                 61                           5        0.02         18241        76.13  
                                                                 62                         745        3.11         18986        79.24  
                                                                 63                           3        0.01         18989        79.25  
                                                                 64                          69        0.29         19058        79.54  
                                                                 65                          44        0.18         19102        79.72  
                                                                 66                         602        2.51         19704        82.24  
                                                                 67                          12        0.05         19716        82.29  
                                                                 68                          50        0.21         19766        82.50  
                                                                 69                           2        0.01         19768        82.50  
                                                                 70                         302        1.26         20070        83.76  
                                                                 71                          30        0.13         20100        83.89  
                                                                 72                           3        0.01         20103        83.90  
                                                                 75                         657        2.74         20760        86.64  
                                                                 77                           1        0.00         20761        86.65  
                                                                 78                           9        0.04         20770        86.69  
                                                                 79                           3        0.01         20773        86.70  
                                                                 80                         134        0.56         20907        87.26  
                                                                 81                          11        0.05         20918        87.30  
                                                                 82                           4        0.02         20922        87.32  
                                                                 83                         452        1.89         21374        89.21  
                                                                 84                           2        0.01         21376        89.22  
                                                                 85                          17        0.07         21393        89.29  
                                                                 87                         144        0.60         21537        89.89  
                                                                 89                           2        0.01         21539        89.90  
                                                                 90                          76        0.32         21615        90.21  
                                                                 91                          24        0.10         21639        90.31  
                                                                 92                           4        0.02         21643        90.33  
                                                                 93                           6        0.03         21649        90.35  
                                                                 95                          13        0.05         21662        90.41  
                                                                100                         595        2.48         22257        92.89  
                                                                105                           1        0.00         22258        92.90  
                                                                106                           6        0.03         22264        92.92  
                                                                108                          19        0.08         22283        93.00  
                                                                110                           8        0.03         22291        93.03  
                                                                112                          59        0.25         22350        93.28  
                                                                115                           1        0.00         22351        93.28  
                                                                116                         111        0.46         22462        93.75  
                                                                118                           2        0.01         22464        93.76  
                                                                120                           5        0.02         22469        93.78  
                                                                125                         212        0.88         22681        94.66  
                                                                129                           1        0.00         22682        94.67  
                                                                130                           6        0.03         22688        94.69  
                                                                131                           1        0.00         22689        94.70  
                                                                133                          35        0.15         22724        94.84  
                                                                137                           9        0.04         22733        94.88  
                                                                140                           4        0.02         22737        94.90  
                                                                141                           5        0.02         22742        94.92  
                                                                143                           1        0.00         22743        94.92  
                                                                145                           1        0.00         22744        94.92  
                                                                150                         228        0.95         22972        95.88  
                                                                158                           2        0.01         22974        95.88  
                                                                162                           4        0.02         22978        95.90  
                                                                166                           8        0.03         22986        95.93  
                                                                175                          49        0.20         23035        96.14  
                                                                181                           1        0.00         23036        96.14  
                                                                183                           2        0.01         23038        96.15  
                                                                187                           1        0.00         23039        96.16  
                                                                200                         256        1.07         23295        97.22  
                                                                216                           1        0.00         23296        97.23  
                                                                225                           3        0.01         23299        97.24  
                                                                233                           1        0.00         23300        97.25  
                                                                241                           1        0.00         23301        97.25  
                                                                250                         335        1.40         23636        98.65  
                                                                275                           1        0.00         23637        98.65  
                                                                300                         235        0.98         23872        99.63  
                                                                350                          61        0.25         23933        99.89  
                                                                400                          18        0.08         23951        99.96  
                                                                450                           4        0.02         23955        99.98  
                                                                500                           2        0.01         23957        99.99  
                                                                550                           2        0.01         23959       100.00  
                                                                850                           1        0.00         23960       100.00  
                                                                    Prepared for                                                                     9
                                                                 Data Quality Report
                                                           Library:WORK  Member:scored__FL
                                                             Total Observations: 2124183

                                                                                                              Number of     Numeric or          
   Variable                                                                   Label                         Observations    Character     Levels

   CAC_HH_PID                                            Household Persistent ID                              2,124,183     Character        50+
                                                                                                                                                
   CAC_NAME_LAST                                         Household Name                                       2,124,183     Character        50+
                                                                                                                                                
   bridge_address1                                       Address Line 1 From Bridge                           2,124,183     Character        50+
                                                                                                                                                
   bridge_address2                                       Address Line 2 From Bridge                                   0     Character         0 
                                                                                                                                                
   bridge_city                                           Address City From Bridge                             2,124,183     Character        50+
                                                                                                                                                
   bridge_name_first                                     First Name From Bridge                               2,124,183     Character        50+
                                                                                                                                                
   bridge_name_last                                      Last Name From Bridge                                2,124,183     Character        50+
                                                                                                                                                
   bridge_name_last_exact                                                                                     2,124,183     Character        50+
                                                                                                                                                
   bridge_name_last_fuzzy1                                                                                    2,124,183     Character        50+
                                                                                                                                                
   bridge_state                                          Address State From Bridge                            2,124,183     Character         1 
                                                         Value FL    100%                                     2,124,183                         
                                                                                                                                                
   bridge_zip5                                           Address Zip 5 From Bridge                            2,124,183     Character        50+
                                                                                                                                                
   cac_bridge_md5email_id                                Unique ID To Append Email Addresses From Bridge      2,124,183     Character        50+

                                                             Number        Zero          Mean        Median       Minimum       Maximum    Variable
   Variable                                                 Missing      Values         Value         Value         Value         Value     Format 

   CAC_HH_PID                                                     0                                                                          $27   
                                                                                                                                                   
   CAC_NAME_LAST                                                  0                                                                                
                                                                                                                                                   
   bridge_address1                                                0                                                                          $50   
                                                                                                                                                   
   bridge_address2                                        2,124,183                                                                          $50   
                                                                                                                                                   
   bridge_city                                                    0                                                                          $30   
                                                                                                                                                   
   bridge_name_first                                              0                                                                          $25   
                                                                                                                                                   
   bridge_name_last                                               0                                                                          $25   
                                                                                                                                                   
   bridge_name_last_exact                                         0                                                                                
                                                                                                                                                   
   bridge_name_last_fuzzy1                                        0                                                                                
                                                                                                                                                   
   bridge_state                                                   0                                                                          $2    
                                                                                                                                                   
                                                                                                                                                   
   bridge_zip5                                                    0                                                                          $5    
                                                                                                                                                   
   cac_bridge_md5email_id                                         0                                                                          $50   

                                                             Prepared by CAC Group, Inc.
                                                                    Prepared for                                                                    10
                                                                 Data Quality Report
                                                           Library:WORK  Member:scored__FL
                                                             Total Observations: 2124183

                                                                                      Number of     Numeric or                  Number        Zero
    Variable                                                      Label             Observations    Character     Levels       Missing      Values

                                                                                                                                                  
    chosen_cac_ind_gender                                                             2,124,183     Numeric           2              0           0
                                                          Value        1   46.0%        978,125                                                   
                                                          Value        2   54.0%      1,146,058                                                   
                                                                                                                                                  
    chosen_cac_ind_last                                                               2,124,183     Character        50+             0            
                                                                                                                                                  
    chosen_cac_ind_mi                                                                 1,811,417     Character        26        312,766            
                                                                                                                                                  
    chosen_cac_ind_name                                                               2,124,183     Character        50+             0            
                                                                                                                                                  
    chosen_cac_ind_number                                                             2,124,183     Numeric           5              0           0
                                                          Value        1   71.0%      1,508,761                                                   
                                                          Value        2   21.8%        462,462                                                   
                                                          Value        3    5.5%        117,712                                                   
                                                          Value        4    1.4%         29,317                                                   
                                                          Value        5    0.3%          5,931                                                   
                                                                                                                                                  
    chosen_first_x_of_x_flag                                                          2,124,183     Numeric           2              0      13,092
                                                                                                                                                  
    chosen_match_level                                                                2,124,183     Numeric           3              0           0
                                                          Value        1   88.8%      1,885,321                                                   
                                                          Value        2    9.3%        197,678                                                   
                                                          Value        3    1.9%         41,184                                                   

                                                                Mean        Median       Minimum       Maximum    Variable
    Variable                                                   Value         Value         Value         Value     Format 

                                                                                                                          
    chosen_cac_ind_gender                                     1.5395        2.0000        1.0000        2.0000      8     
                                                                                                                          
                                                                                                                          
                                                                                                                          
    chosen_cac_ind_last                                                                                             $20   
                                                                                                                          
    chosen_cac_ind_mi                                                                                               $1    
                                                                                                                          
    chosen_cac_ind_name                                                                                             $14   
                                                                                                                          
    chosen_cac_ind_number                                     1.3811        1.0000        1.0000        5.0000      8     
                                                                                                                          
                                                                                                                          
                                                                                                                          
                                                                                                                          
                                                                                                                          
                                                                                                                          
    chosen_first_x_of_x_flag                                  0.9938        1.0000        0.0000        1.0000      8     
                                                                                                                          
    chosen_match_level                                        1.1318        1.0000        1.0000        3.0000      8     
                                                                                                                          
                                                                                                                          
                                                                                                                          

                                                             Prepared by CAC Group, Inc.
                                                                    Prepared for                                                                    11
                                                                 Data Quality Report
                                                           Library:WORK  Member:scored__FL
                                                             Total Observations: 2124183

                                                                                      Number of     Numeric or                  Number        Zero
    Variable                                                      Label             Observations    Character     Levels       Missing      Values

                                                                                                                                                  
    chosen_spedis_score                                                               2,124,183      Numeric         50+             0     1886162
                                                                                                                                                  
    last_name_match                                                                   2,124,183      Numeric          1              0           0
                                                          Value        1    100%      2,124,183                                                   
                                                                                                                                                  

                                                                Mean        Median       Minimum       Maximum    Variable
    Variable                                                   Value         Value         Value         Value     Format 

                                                                                                                          
    chosen_spedis_score                                       2.9383        0.0000        0.0000      850.0000       8    
                                                                                                                          
    last_name_match                                           1.0000        1.0000        1.0000        1.0000            
                                                                                                                          
                                                                                                                          





































                                                             Prepared by CAC Group, Inc.
