                                                                                             The WPS System                                                          11:42 Wednesday, July 29, 2015    1

                                                                                           The FREQ Procedure

                                                               Table of last_name_match by chosen_cac_ind_number
                                                                                                                                        
                                                                last_name_match|             chosen_cac_ind_number             |        
                                                                ---------------+-----------------------------------------------|        
                                                                   Frequency   |       |       |       |       |       |       |        
                                                                    Percent    |       |       |       |       |       |       |        
                                                                    Row Pct    |       |       |       |       |       |       |        
                                                                    Col Pct    |   .   |   1   |   2   |   3   |   4   |   5   | Total  
                                                                ---------------+-------+-------+-------+-------+-------+-------+------- 
                                                                              0|  58391|      0|      0|      0|      0|      0|  58391 
                                                                               |  42.33|   0.00|   0.00|   0.00|   0.00|   0.00|  42.33 
                                                                               | 100.00|   0.00|   0.00|   0.00|   0.00|   0.00|        
                                                                               |  53.94|   0.00|   0.00|   0.00|   0.00|   0.00|        
                                                                ---------------+-------+-------+-------+-------+-------+-------+------- 
                                                                              1|  49859|  21630|   5540|   1911|    502|    110|  79552 
                                                                               |  36.14|  15.68|   4.02|   1.39|   0.36|   0.08|  57.67 
                                                                               |  62.67|  27.19|   6.96|   2.40|   0.63|   0.14|        
                                                                               |  46.06| 100.00| 100.00| 100.00| 100.00| 100.00|        
                                                                ---------------+-------+-------+-------+-------+-------+-------+------- 
                                                                          Total| 108250|  21630|   5540|   1911|    502|    110| 137943 
                                                                               |  78.47|  15.68|   4.02|   1.39|   0.36|   0.08| 100.00 
                                                                                                                                        
                                                                                             The WPS System                                                          11:42 Wednesday, July 29, 2015    2

                                                                                           The FREQ Procedure

                                                                    Table of chosen_cac_ind_number by chosen_match_level
                                                                                                                                   
                                                                     chosen_cac_ind_number|      chosen_match_level       |        
                                                                     ---------------------+-------------------------------|        
                                                                           Frequency      |       |       |       |       |        
                                                                            Percent       |       |       |       |       |        
                                                                            Row Pct       |       |       |       |       |        
                                                                            Col Pct       |   .   |   1   |   2   |   3   | Total  
                                                                     ---------------------+-------+-------+-------+-------+------- 
                                                                                         .| 108250|      0|      0|      0| 108250 
                                                                                          |  78.47|   0.00|   0.00|   0.00|  78.47 
                                                                                          | 100.00|   0.00|   0.00|   0.00|        
                                                                                          | 100.00|   0.00|   0.00|   0.00|        
                                                                     ---------------------+-------+-------+-------+-------+------- 
                                                                                         1|      0|  18835|   2457|    338|  21630 
                                                                                          |   0.00|  13.65|   1.78|   0.25|  15.68 
                                                                                          |   0.00|  87.08|  11.36|   1.56|        
                                                                                          |   0.00|  73.05|  73.08|  61.90|        
                                                                     ---------------------+-------+-------+-------+-------+------- 
                                                                                         2|      0|   4764|    632|    144|   5540 
                                                                                          |   0.00|   3.45|   0.46|   0.10|   4.02 
                                                                                          |   0.00|  85.99|  11.41|   2.60|        
                                                                                          |   0.00|  18.48|  18.80|  26.37|        
                                                                     ---------------------+-------+-------+-------+-------+------- 
                                                                                         3|      0|   1655|    209|     47|   1911 
                                                                                          |   0.00|   1.20|   0.15|   0.03|   1.39 
                                                                                          |   0.00|  86.60|  10.94|   2.46|        
                                                                                          |   0.00|   6.42|   6.22|   8.61|        
                                                                     ---------------------+-------+-------+-------+-------+------- 
                                                                                         4|      0|    438|     52|     12|    502 
                                                                                          |   0.00|   0.32|   0.04|   0.01|   0.36 
                                                                                          |   0.00|  87.25|  10.36|   2.39|        
                                                                                          |   0.00|   1.70|   1.55|   2.20|        
                                                                     ---------------------+-------+-------+-------+-------+------- 
                                                                                         5|      0|     93|     12|      5|    110 
                                                                                          |   0.00|   0.07|   0.01|   0.00|   0.08 
                                                                                          |   0.00|  84.55|  10.91|   4.55|        
                                                                                          |   0.00|   0.36|   0.36|   0.92|        
                                                                     ---------------------+-------+-------+-------+-------+------- 
                                                                                     Total| 108250|  25785|   3362|    546| 137943 
                                                                                          |  78.47|  18.69|   2.44|   0.40| 100.00 
                                                                                                                                   
                                                                                             match_level 2                                                           11:42 Wednesday, July 29, 2015    3

                                                                                           The FREQ Procedure

                                                                                                                Cumulative    Cumulative
                                                                chosen_spedis_score    Frequency     Percent     Frequency      Percent 
                                                                ------------------------------------------------------------------------
                                                                 0                           10        0.30            10         0.30  
                                                                 2                            2        0.06            12         0.36  
                                                                 3                            9        0.27            21         0.62  
                                                                 4                           25        0.74            46         1.37  
                                                                 5                          134        3.99           180         5.35  
                                                                 6                           31        0.92           211         6.28  
                                                                 7                          150        4.46           361        10.74  
                                                                 8                           68        2.02           429        12.76  
                                                                 9                            2        0.06           431        12.82  
                                                                10                           76        2.26           507        15.08  
                                                                11                          134        3.99           641        19.07  
                                                                12                           75        2.23           716        21.30  
                                                                13                           26        0.77           742        22.07  
                                                                14                          173        5.15           915        27.22  
                                                                15                          330        9.82          1245        37.03  
                                                                16                          199        5.92          1444        42.95  
                                                                17                          267        7.94          1711        50.89  
                                                                18                            4        0.12          1715        51.01  
                                                                19                          195        5.80          1910        56.81  
                                                                20                          334        9.93          2244        66.75  
                                                                21                           97        2.89          2341        69.63  
                                                                22                           12        0.36          2353        69.99  
                                                                23                           46        1.37          2399        71.36  
                                                                24                           50        1.49          2449        72.84  
                                                                25                          169        5.03          2618        77.87  
                                                                26                           16        0.48          2634        78.35  
                                                                27                           63        1.87          2697        80.22  
                                                                28                          247        7.35          2944        87.57  
                                                                29                           68        2.02          3012        89.59  
                                                                30                          109        3.24          3121        92.83  
                                                                31                           10        0.30          3131        93.13  
                                                                33                           97        2.89          3228        96.01  
                                                                34                          134        3.99          3362       100.00  
                                                                                             match_level 3                                                           11:42 Wednesday, July 29, 2015    4

                                                                                           The FREQ Procedure

                                                                                                                Cumulative    Cumulative
                                                                chosen_spedis_score    Frequency     Percent     Frequency      Percent 
                                                                ------------------------------------------------------------------------
                                                                 35                           8        1.47             8         1.47  
                                                                 37                          42        7.69            50         9.16  
                                                                 38                          41        7.51            91        16.67  
                                                                 39                          47        8.61           138        25.27  
                                                                 40                          39        7.14           177        32.42  
                                                                 41                          18        3.30           195        35.71  
                                                                 42                           6        1.10           201        36.81  
                                                                 43                           3        0.55           204        37.36  
                                                                 44                           2        0.37           206        37.73  
                                                                 45                           6        1.10           212        38.83  
                                                                 46                           5        0.92           217        39.74  
                                                                 47                           6        1.10           223        40.84  
                                                                 50                         114       20.88           337        61.72  
                                                                 53                           1        0.18           338        61.90  
                                                                 54                           5        0.92           343        62.82  
                                                                 55                           5        0.92           348        63.74  
                                                                 56                           2        0.37           350        64.10  
                                                                 57                           6        1.10           356        65.20  
                                                                 58                          11        2.01           367        67.22  
                                                                 60                          22        4.03           389        71.25  
                                                                 62                          23        4.21           412        75.46  
                                                                 64                           2        0.37           414        75.82  
                                                                 65                           7        1.28           421        77.11  
                                                                 66                          30        5.49           451        82.60  
                                                                 68                           5        0.92           456        83.52  
                                                                 70                           3        0.55           459        84.07  
                                                                 75                          20        3.66           479        87.73  
                                                                 80                           2        0.37           481        88.10  
                                                                 81                           1        0.18           482        88.28  
                                                                 83                          15        2.75           497        91.03  
                                                                 87                           1        0.18           498        91.21  
                                                                 90                           1        0.18           499        91.39  
                                                                100                          16        2.93           515        94.32  
                                                                108                           2        0.37           517        94.69  
                                                                110                           1        0.18           518        94.87  
                                                                116                           2        0.37           520        95.24  
                                                                125                           3        0.55           523        95.79  
                                                                133                           1        0.18           524        95.97  
                                                                150                           2        0.37           526        96.34  
                                                                200                           1        0.18           527        96.52  
                                                                250                           3        0.55           530        97.07  
                                                                300                           8        1.47           538        98.53  
                                                                350                           6        1.10           544        99.63  
                                                                400                           1        0.18           545        99.82  
                                                                450                           1        0.18           546       100.00  
                                                                                                                                                                     11:42 Wednesday, July 29, 2015    5

                                                                                           The FREQ Procedure

                                                               Table of last_name_match by chosen_cac_ind_number
                                                                                                                                        
                                                                last_name_match|             chosen_cac_ind_number             |        
                                                                ---------------+-----------------------------------------------|        
                                                                   Frequency   |       |       |       |       |       |       |        
                                                                    Percent    |       |       |       |       |       |       |        
                                                                    Row Pct    |       |       |       |       |       |       |        
                                                                    Col Pct    |   .   |   1   |   2   |   3   |   4   |   5   | Total  
                                                                ---------------+-------+-------+-------+-------+-------+-------+------- 
                                                                              0|  58391|      0|      0|      0|      0|      0|  58391 
                                                                               |  42.33|   0.00|   0.00|   0.00|   0.00|   0.00|  42.33 
                                                                               | 100.00|   0.00|   0.00|   0.00|   0.00|   0.00|        
                                                                               |  55.79|   0.00|   0.00|   0.00|   0.00|   0.00|        
                                                                ---------------+-------+-------+-------+-------+-------+-------+------- 
                                                                              1|  46270|  22347|   8349|   1922|    543|    121|  79552 
                                                                               |  33.54|  16.20|   6.05|   1.39|   0.39|   0.09|  57.67 
                                                                               |  58.16|  28.09|  10.50|   2.42|   0.68|   0.15|        
                                                                               |  44.21| 100.00| 100.00| 100.00| 100.00| 100.00|        
                                                                ---------------+-------+-------+-------+-------+-------+-------+------- 
                                                                          Total| 104661|  22347|   8349|   1922|    543|    121| 137943 
                                                                               |  75.87|  16.20|   6.05|   1.39|   0.39|   0.09| 100.00 
                                                                                                                                        
                                                                                                                                                                     11:42 Wednesday, July 29, 2015    6

                                                                                           The FREQ Procedure

                                                                    Table of chosen_cac_ind_number by chosen_match_level
                                                                                                                                   
                                                                     chosen_cac_ind_number|      chosen_match_level       |        
                                                                     ---------------------+-------------------------------|        
                                                                           Frequency      |       |       |       |       |        
                                                                            Percent       |       |       |       |       |        
                                                                            Row Pct       |       |       |       |       |        
                                                                            Col Pct       |   .   |   1   |   2   |   3   | Total  
                                                                     ---------------------+-------+-------+-------+-------+------- 
                                                                                         .| 104661|      0|      0|      0| 104661 
                                                                                          |  75.87|   0.00|   0.00|   0.00|  75.87 
                                                                                          | 100.00|   0.00|   0.00|   0.00|        
                                                                                          | 100.00|   0.00|   0.00|   0.00|        
                                                                     ---------------------+-------+-------+-------+-------+------- 
                                                                                         1|      0|  20304|   1639|    404|  22347 
                                                                                          |   0.00|  14.72|   1.19|   0.29|  16.20 
                                                                                          |   0.00|  90.86|   7.33|   1.81|        
                                                                                          |   0.00|  67.54|  64.50|  59.68|        
                                                                     ---------------------+-------+-------+-------+-------+------- 
                                                                                         2|      0|   7458|    702|    189|   8349 
                                                                                          |   0.00|   5.41|   0.51|   0.14|   6.05 
                                                                                          |   0.00|  89.33|   8.41|   2.26|        
                                                                                          |   0.00|  24.81|  27.63|  27.92|        
                                                                     ---------------------+-------+-------+-------+-------+------- 
                                                                                         3|      0|   1705|    158|     59|   1922 
                                                                                          |   0.00|   1.24|   0.11|   0.04|   1.39 
                                                                                          |   0.00|  88.71|   8.22|   3.07|        
                                                                                          |   0.00|   5.67|   6.22|   8.71|        
                                                                     ---------------------+-------+-------+-------+-------+------- 
                                                                                         4|      0|    494|     29|     20|    543 
                                                                                          |   0.00|   0.36|   0.02|   0.01|   0.39 
                                                                                          |   0.00|  90.98|   5.34|   3.68|        
                                                                                          |   0.00|   1.64|   1.14|   2.95|        
                                                                     ---------------------+-------+-------+-------+-------+------- 
                                                                                         5|      0|    103|     13|      5|    121 
                                                                                          |   0.00|   0.07|   0.01|   0.00|   0.09 
                                                                                          |   0.00|  85.12|  10.74|   4.13|        
                                                                                          |   0.00|   0.34|   0.51|   0.74|        
                                                                     ---------------------+-------+-------+-------+-------+------- 
                                                                                     Total| 104661|  30064|   2541|    677| 137943 
                                                                                          |  75.87|  21.79|   1.84|   0.49| 100.00 
                                                                                                                                   
                                                                                             match_level 2                                                           11:42 Wednesday, July 29, 2015    7

                                                                                           The FREQ Procedure

                                                                                                                Cumulative    Cumulative
                                                                chosen_spedis_score    Frequency     Percent     Frequency      Percent 
                                                                ------------------------------------------------------------------------
                                                                 0                           11        0.43            11         0.43  
                                                                 2                            2        0.08            13         0.51  
                                                                 3                           36        1.42            49         1.93  
                                                                 4                           47        1.85            96         3.78  
                                                                 5                          134        5.27           230         9.05  
                                                                 6                           71        2.79           301        11.85  
                                                                 7                          119        4.68           420        16.53  
                                                                 8                          105        4.13           525        20.66  
                                                                 9                            3        0.12           528        20.78  
                                                                10                           80        3.15           608        23.93  
                                                                11                           88        3.46           696        27.39  
                                                                12                           81        3.19           777        30.58  
                                                                13                           16        0.63           793        31.21  
                                                                14                          150        5.90           943        37.11  
                                                                15                           80        3.15          1023        40.26  
                                                                16                          140        5.51          1163        45.77  
                                                                17                          110        4.33          1273        50.10  
                                                                18                           23        0.91          1296        51.00  
                                                                19                           78        3.07          1374        54.07  
                                                                20                          138        5.43          1512        59.50  
                                                                21                          175        6.89          1687        66.39  
                                                                22                           57        2.24          1744        68.63  
                                                                23                           28        1.10          1772        69.74  
                                                                24                           25        0.98          1797        70.72  
                                                                25                          165        6.49          1962        77.21  
                                                                26                          107        4.21          2069        81.42  
                                                                27                           30        1.18          2099        82.61  
                                                                28                           96        3.78          2195        86.38  
                                                                29                           49        1.93          2244        88.31  
                                                                30                           99        3.90          2343        92.21  
                                                                31                           22        0.87          2365        93.07  
                                                                32                            2        0.08          2367        93.15  
                                                                33                           92        3.62          2459        96.77  
                                                                34                           82        3.23          2541       100.00  
                                                                                             match_level 3                                                           11:42 Wednesday, July 29, 2015    8

                                                                                           The FREQ Procedure

                                                                                                                Cumulative    Cumulative
                                                                chosen_spedis_score    Frequency     Percent     Frequency      Percent 
                                                                ------------------------------------------------------------------------
                                                                 35                           9        1.33             9         1.33  
                                                                 37                          54        7.98            63         9.31  
                                                                 38                          70       10.34           133        19.65  
                                                                 39                          34        5.02           167        24.67  
                                                                 40                          43        6.35           210        31.02  
                                                                 41                          21        3.10           231        34.12  
                                                                 42                           9        1.33           240        35.45  
                                                                 43                           2        0.30           242        35.75  
                                                                 44                          16        2.36           258        38.11  
                                                                 45                          36        5.32           294        43.43  
                                                                 46                          13        1.92           307        45.35  
                                                                 47                          51        7.53           358        52.88  
                                                                 48                           1        0.15           359        53.03  
                                                                 50                         118       17.43           477        70.46  
                                                                 54                           7        1.03           484        71.49  
                                                                 55                           4        0.59           488        72.08  
                                                                 56                           4        0.59           492        72.67  
                                                                 57                           4        0.59           496        73.26  
                                                                 58                          13        1.92           509        75.18  
                                                                 59                           1        0.15           510        75.33  
                                                                 60                          10        1.48           520        76.81  
                                                                 62                          24        3.55           544        80.35  
                                                                 66                          33        4.87           577        85.23  
                                                                 68                           2        0.30           579        85.52  
                                                                 70                          10        1.48           589        87.00  
                                                                 75                          23        3.40           612        90.40  
                                                                 80                           4        0.59           616        90.99  
                                                                 83                          11        1.62           627        92.61  
                                                                 85                           1        0.15           628        92.76  
                                                                 87                           1        0.15           629        92.91  
                                                                 90                           3        0.44           632        93.35  
                                                                100                          14        2.07           646        95.42  
                                                                116                           2        0.30           648        95.72  
                                                                125                           4        0.59           652        96.31  
                                                                130                           1        0.15           653        96.45  
                                                                133                           1        0.15           654        96.60  
                                                                137                           2        0.30           656        96.90  
                                                                150                           6        0.89           662        97.78  
                                                                183                           1        0.15           663        97.93  
                                                                200                           6        0.89           669        98.82  
                                                                250                           7        1.03           676        99.85  
                                                                300                           1        0.15           677       100.00  
                                                                    Prepared for                                                                     9
                                                                 Data Quality Report
                                                           Library:WORK  Member:scored__AK
                                                              Total Observations: 62975

                                                                                                              Number of     Numeric or          
   Variable                                                                   Label                         Observations    Character     Levels

   CAC_HH_PID                                            Household Persistent ID                                 62,975     Character        50+
                                                                                                                                                
   CAC_NAME_LAST                                         Household Name                                          62,975     Character        50+
                                                                                                                                                
   bridge_address1                                       Address Line 1 From Bridge                              62,975     Character        50+
                                                                                                                                                
   bridge_address2                                       Address Line 2 From Bridge                                   0     Character         0 
                                                                                                                                                
   bridge_city                                           Address City From Bridge                                62,975     Character        50+
                                                                                                                                                
   bridge_name_first                                     First Name From Bridge                                  62,975     Character        50+
                                                                                                                                                
   bridge_name_last                                      Last Name From Bridge                                   62,975     Character        50+
                                                                                                                                                
   bridge_name_last_exact                                                                                        62,975     Character        50+
                                                                                                                                                
   bridge_name_last_fuzzy1                                                                                       62,975     Character        50+
                                                                                                                                                
   bridge_state                                          Address State From Bridge                               62,975     Character         1 
                                                         Value AK    100%                                        62,975                         
                                                                                                                                                
   bridge_zip5                                           Address Zip 5 From Bridge                               62,975     Character        50+
                                                                                                                                                
   cac_bridge_md5email_id                                Unique ID To Append Email Addresses From Bridge         62,975     Character        50+

                                                             Number        Zero          Mean        Median       Minimum       Maximum    Variable
   Variable                                                 Missing      Values         Value         Value         Value         Value     Format 

   CAC_HH_PID                                                     0                                                                          $27   
                                                                                                                                                   
   CAC_NAME_LAST                                                  0                                                                                
                                                                                                                                                   
   bridge_address1                                                0                                                                          $50   
                                                                                                                                                   
   bridge_address2                                           62,975                                                                          $50   
                                                                                                                                                   
   bridge_city                                                    0                                                                          $30   
                                                                                                                                                   
   bridge_name_first                                              0                                                                          $25   
                                                                                                                                                   
   bridge_name_last                                               0                                                                          $25   
                                                                                                                                                   
   bridge_name_last_exact                                         0                                                                                
                                                                                                                                                   
   bridge_name_last_fuzzy1                                        0                                                                                
                                                                                                                                                   
   bridge_state                                                   0                                                                          $2    
                                                                                                                                                   
                                                                                                                                                   
   bridge_zip5                                                    0                                                                          $5    
                                                                                                                                                   
   cac_bridge_md5email_id                                         0                                                                          $50   

                                                             Prepared by CAC Group, Inc.
                                                                    Prepared for                                                                    10
                                                                 Data Quality Report
                                                           Library:WORK  Member:scored__AK
                                                              Total Observations: 62975

                                                                                      Number of     Numeric or                  Number        Zero
    Variable                                                      Label             Observations    Character     Levels       Missing      Values

                                                                                                                                                  
    chosen_cac_ind_gender                                                                62,975     Numeric           2              0           0
                                                          Value        1   47.2%         29,693                                                   
                                                          Value        2   52.8%         33,282                                                   
                                                                                                                                                  
    chosen_cac_ind_last                                                                  62,975     Character        50+             0            
                                                                                                                                                  
    chosen_cac_ind_mi                                                                    56,954     Character        26          6,021            
                                                                                                                                                  
    chosen_cac_ind_name                                                                  62,975     Character        50+             0            
                                                                                                                                                  
    chosen_cac_ind_number                                                                62,975     Numeric           5              0           0
                                                          Value        1   69.8%         43,977                                                   
                                                          Value        2   22.1%         13,889                                                   
                                                          Value        3    6.1%          3,833                                                   
                                                          Value        4    1.7%          1,045                                                   
                                                          Value        5    0.4%            231                                                   
                                                                                                                                                  
    chosen_first_x_of_x_flag                                                             62,975     Numeric           2              0         350
                                                                                                                                                  
    chosen_match_level                                                                   62,975     Numeric           3              0           0
                                                          Value        1   88.7%         55,849                                                   
                                                          Value        2    9.4%          5,903                                                   
                                                          Value        3    1.9%          1,223                                                   

                                                                Mean        Median       Minimum       Maximum    Variable
    Variable                                                   Value         Value         Value         Value     Format 

                                                                                                                          
    chosen_cac_ind_gender                                     1.5285        2.0000        1.0000        2.0000      8     
                                                                                                                          
                                                                                                                          
                                                                                                                          
    chosen_cac_ind_last                                                                                             $20   
                                                                                                                          
    chosen_cac_ind_mi                                                                                               $1    
                                                                                                                          
    chosen_cac_ind_name                                                                                             $14   
                                                                                                                          
    chosen_cac_ind_number                                     1.4067        1.0000        1.0000        5.0000      8     
                                                                                                                          
                                                                                                                          
                                                                                                                          
                                                                                                                          
                                                                                                                          
                                                                                                                          
    chosen_first_x_of_x_flag                                  0.9944        1.0000        0.0000        1.0000      8     
                                                                                                                          
    chosen_match_level                                        1.1326        1.0000        1.0000        3.0000      8     
                                                                                                                          
                                                                                                                          
                                                                                                                          

                                                             Prepared by CAC Group, Inc.
                                                                    Prepared for                                                                    11
                                                                 Data Quality Report
                                                           Library:WORK  Member:scored__AK
                                                              Total Observations: 62975

                                                                                      Number of     Numeric or                  Number        Zero
    Variable                                                      Label             Observations    Character     Levels       Missing      Values

                                                                                                                                                  
    chosen_spedis_score                                                                  62,975      Numeric         50+             0      55,870
                                                                                                                                                  
    last_name_match                                                                      62,975      Numeric          1              0           0
                                                          Value        1    100%         62,975                                                   
                                                                                                                                                  

                                                                Mean        Median       Minimum       Maximum    Variable
    Variable                                                   Value         Value         Value         Value     Format 

                                                                                                                          
    chosen_spedis_score                                       2.8714        0.0000        0.0000      450.0000       8    
                                                                                                                          
    last_name_match                                           1.0000        1.0000        1.0000        1.0000            
                                                                                                                          
                                                                                                                          





































                                                             Prepared by CAC Group, Inc.
