                                                                                             The WPS System                                                          11:41 Wednesday, July 29, 2015    1

                                                                                           The FREQ Procedure

                                                               Table of last_name_match by chosen_cac_ind_number
                                                                                                                                        
                                                                last_name_match|             chosen_cac_ind_number             |        
                                                                ---------------+-----------------------------------------------|        
                                                                   Frequency   |       |       |       |       |       |       |        
                                                                    Percent    |       |       |       |       |       |       |        
                                                                    Row Pct    |       |       |       |       |       |       |        
                                                                    Col Pct    |   .   |   1   |   2   |   3   |   4   |   5   | Total  
                                                                ---------------+-------+-------+-------+-------+-------+-------+------- 
                                                                              0| 229312|      0|      0|      0|      0|      0| 229312 
                                                                               |  38.23|   0.00|   0.00|   0.00|   0.00|   0.00|  38.23 
                                                                               | 100.00|   0.00|   0.00|   0.00|   0.00|   0.00|        
                                                                               |  49.62|   0.00|   0.00|   0.00|   0.00|   0.00|        
                                                                ---------------+-------+-------+-------+-------+-------+-------+------- 
                                                                              1| 232826|  95620|  30262|   9427|   2113|    278| 370526 
                                                                               |  38.81|  15.94|   5.05|   1.57|   0.35|   0.05|  61.77 
                                                                               |  62.84|  25.81|   8.17|   2.54|   0.57|   0.08|        
                                                                               |  50.38| 100.00| 100.00| 100.00| 100.00| 100.00|        
                                                                ---------------+-------+-------+-------+-------+-------+-------+------- 
                                                                          Total| 462138|  95620|  30262|   9427|   2113|    278| 599838 
                                                                               |  77.04|  15.94|   5.05|   1.57|   0.35|   0.05| 100.00 
                                                                                                                                        
                                                                                             The WPS System                                                          11:41 Wednesday, July 29, 2015    2

                                                                                           The FREQ Procedure

                                                                    Table of chosen_cac_ind_number by chosen_match_level
                                                                                                                                   
                                                                     chosen_cac_ind_number|      chosen_match_level       |        
                                                                     ---------------------+-------------------------------|        
                                                                           Frequency      |       |       |       |       |        
                                                                            Percent       |       |       |       |       |        
                                                                            Row Pct       |       |       |       |       |        
                                                                            Col Pct       |   .   |   1   |   2   |   3   | Total  
                                                                     ---------------------+-------+-------+-------+-------+------- 
                                                                                         .| 462138|      0|      0|      0| 462138 
                                                                                          |  77.04|   0.00|   0.00|   0.00|  77.04 
                                                                                          | 100.00|   0.00|   0.00|   0.00|        
                                                                                          | 100.00|   0.00|   0.00|   0.00|        
                                                                     ---------------------+-------+-------+-------+-------+------- 
                                                                                         1|      0|  79471|  14779|   1370|  95620 
                                                                                          |   0.00|  13.25|   2.46|   0.23|  15.94 
                                                                                          |   0.00|  83.11|  15.46|   1.43|        
                                                                                          |   0.00|  69.54|  69.88|  60.35|        
                                                                     ---------------------+-------+-------+-------+-------+------- 
                                                                                         2|      0|  24967|   4721|    574|  30262 
                                                                                          |   0.00|   4.16|   0.79|   0.10|   5.05 
                                                                                          |   0.00|  82.50|  15.60|   1.90|        
                                                                                          |   0.00|  21.85|  22.32|  25.29|        
                                                                     ---------------------+-------+-------+-------+-------+------- 
                                                                                         3|      0|   7864|   1317|    246|   9427 
                                                                                          |   0.00|   1.31|   0.22|   0.04|   1.57 
                                                                                          |   0.00|  83.42|  13.97|   2.61|        
                                                                                          |   0.00|   6.88|   6.23|  10.84|        
                                                                     ---------------------+-------+-------+-------+-------+------- 
                                                                                         4|      0|   1755|    288|     70|   2113 
                                                                                          |   0.00|   0.29|   0.05|   0.01|   0.35 
                                                                                          |   0.00|  83.06|  13.63|   3.31|        
                                                                                          |   0.00|   1.54|   1.36|   3.08|        
                                                                     ---------------------+-------+-------+-------+-------+------- 
                                                                                         5|      0|    223|     45|     10|    278 
                                                                                          |   0.00|   0.04|   0.01|   0.00|   0.05 
                                                                                          |   0.00|  80.22|  16.19|   3.60|        
                                                                                          |   0.00|   0.20|   0.21|   0.44|        
                                                                     ---------------------+-------+-------+-------+-------+------- 
                                                                                     Total| 462138| 114280|  21150|   2270| 599838 
                                                                                          |  77.04|  19.05|   3.53|   0.38| 100.00 
                                                                                                                                   
                                                                                             match_level 2                                                           11:41 Wednesday, July 29, 2015    3

                                                                                           The FREQ Procedure

                                                                                                                Cumulative    Cumulative
                                                                chosen_spedis_score    Frequency     Percent     Frequency      Percent 
                                                                ------------------------------------------------------------------------
                                                                 0                           18        0.09            18         0.09  
                                                                 2                            4        0.02            22         0.10  
                                                                 3                           23        0.11            45         0.21  
                                                                 4                           75        0.35           120         0.57  
                                                                 5                         1159        5.48          1279         6.05  
                                                                 6                           57        0.27          1336         6.32  
                                                                 7                          851        4.02          2187        10.34  
                                                                 8                          231        1.09          2418        11.43  
                                                                 9                            6        0.03          2424        11.46  
                                                                10                          361        1.71          2785        13.17  
                                                                11                          800        3.78          3585        16.95  
                                                                12                          166        0.78          3751        17.74  
                                                                13                          150        0.71          3901        18.44  
                                                                14                          474        2.24          4375        20.69  
                                                                15                         3762       17.79          8137        38.47  
                                                                16                          292        1.38          8429        39.85  
                                                                17                         2461       11.64         10890        51.49  
                                                                18                            8        0.04         10898        51.53  
                                                                19                          995        4.70         11893        56.23  
                                                                20                         1687        7.98         13580        64.21  
                                                                21                          615        2.91         14195        67.12  
                                                                22                          162        0.77         14357        67.88  
                                                                23                          216        1.02         14573        68.90  
                                                                24                          450        2.13         15023        71.03  
                                                                25                          567        2.68         15590        73.71  
                                                                26                          139        0.66         15729        74.37  
                                                                27                          772        3.65         16501        78.02  
                                                                28                         1951        9.22         18452        87.24  
                                                                29                          513        2.43         18965        89.67  
                                                                30                          634        3.00         19599        92.67  
                                                                31                           55        0.26         19654        92.93  
                                                                33                          575        2.72         20229        95.65  
                                                                34                          921        4.35         21150       100.00  
                                                                                             match_level 3                                                           11:41 Wednesday, July 29, 2015    4

                                                                                           The FREQ Procedure

                                                                                                                Cumulative    Cumulative
                                                                chosen_spedis_score    Frequency     Percent     Frequency      Percent 
                                                                ------------------------------------------------------------------------
                                                                 35                          41        1.81            41         1.81  
                                                                 37                         226        9.96           267        11.76  
                                                                 38                         213        9.38           480        21.15  
                                                                 39                         233       10.26           713        31.41  
                                                                 40                         209        9.21           922        40.62  
                                                                 41                          33        1.45           955        42.07  
                                                                 42                          33        1.45           988        43.52  
                                                                 43                          19        0.84          1007        44.36  
                                                                 45                          16        0.70          1023        45.07  
                                                                 46                          15        0.66          1038        45.73  
                                                                 47                          32        1.41          1070        47.14  
                                                                 48                           1        0.04          1071        47.18  
                                                                 49                           1        0.04          1072        47.22  
                                                                 50                         478       21.06          1550        68.28  
                                                                 52                           1        0.04          1551        68.33  
                                                                 54                          30        1.32          1581        69.65  
                                                                 55                          12        0.53          1593        70.18  
                                                                 56                           7        0.31          1600        70.48  
                                                                 57                          21        0.93          1621        71.41  
                                                                 58                          41        1.81          1662        73.22  
                                                                 59                           1        0.04          1663        73.26  
                                                                 60                          66        2.91          1729        76.17  
                                                                 62                          66        2.91          1795        79.07  
                                                                 64                           2        0.09          1797        79.16  
                                                                 65                          20        0.88          1817        80.04  
                                                                 66                         125        5.51          1942        85.55  
                                                                 67                           1        0.04          1943        85.59  
                                                                 68                           5        0.22          1948        85.81  
                                                                 70                          25        1.10          1973        86.92  
                                                                 71                           4        0.18          1977        87.09  
                                                                 75                          75        3.30          2052        90.40  
                                                                 78                           3        0.13          2055        90.53  
                                                                 79                           1        0.04          2056        90.57  
                                                                 80                           7        0.31          2063        90.88  
                                                                 83                          49        2.16          2112        93.04  
                                                                 85                           1        0.04          2113        93.08  
                                                                 87                          21        0.93          2134        94.01  
                                                                 90                           2        0.09          2136        94.10  
                                                                 91                           3        0.13          2139        94.23  
                                                                 92                           1        0.04          2140        94.27  
                                                                 93                           1        0.04          2141        94.32  
                                                                 95                           1        0.04          2142        94.36  
                                                                100                          36        1.59          2178        95.95  
                                                                108                           3        0.13          2181        96.08  
                                                                110                           1        0.04          2182        96.12  
                                                                112                           2        0.09          2184        96.21  
                                                                115                           1        0.04          2185        96.26  
                                                                116                           8        0.35          2193        96.61  
                                                                125                           5        0.22          2198        96.83  
                                                                131                           1        0.04          2199        96.87  
                                                                137                           1        0.04          2200        96.92  
                                                                141                           1        0.04          2201        96.96  
                                                                150                          18        0.79          2219        97.75  
                                                                166                           1        0.04          2220        97.80  
                                                                183                           2        0.09          2222        97.89  
                                                                200                          22        0.97          2244        98.85  
                                                                250                           9        0.40          2253        99.25  
                                                                300                           8        0.35          2261        99.60  
                                                                350                           7        0.31          2268        99.91  
                                                                400                           2        0.09          2270       100.00  
                                                                                                                                                                     11:41 Wednesday, July 29, 2015    5

                                                                                           The FREQ Procedure

                                                               Table of last_name_match by chosen_cac_ind_number
                                                                                                                                        
                                                                last_name_match|             chosen_cac_ind_number             |        
                                                                ---------------+-----------------------------------------------|        
                                                                   Frequency   |       |       |       |       |       |       |        
                                                                    Percent    |       |       |       |       |       |       |        
                                                                    Row Pct    |       |       |       |       |       |       |        
                                                                    Col Pct    |   .   |   1   |   2   |   3   |   4   |   5   | Total  
                                                                ---------------+-------+-------+-------+-------+-------+-------+------- 
                                                                              0| 229312|      0|      0|      0|      0|      0| 229312 
                                                                               |  38.23|   0.00|   0.00|   0.00|   0.00|   0.00|  38.23 
                                                                               | 100.00|   0.00|   0.00|   0.00|   0.00|   0.00|        
                                                                               |  51.65|   0.00|   0.00|   0.00|   0.00|   0.00|        
                                                                ---------------+-------+-------+-------+-------+-------+-------+------- 
                                                                              1| 214649| 102354|  43405|   8100|   1760|    258| 370526 
                                                                               |  35.78|  17.06|   7.24|   1.35|   0.29|   0.04|  61.77 
                                                                               |  57.93|  27.62|  11.71|   2.19|   0.48|   0.07|        
                                                                               |  48.35| 100.00| 100.00| 100.00| 100.00| 100.00|        
                                                                ---------------+-------+-------+-------+-------+-------+-------+------- 
                                                                          Total| 443961| 102354|  43405|   8100|   1760|    258| 599838 
                                                                               |  74.01|  17.06|   7.24|   1.35|   0.29|   0.04| 100.00 
                                                                                                                                        
                                                                                                                                                                     11:41 Wednesday, July 29, 2015    6

                                                                                           The FREQ Procedure

                                                                    Table of chosen_cac_ind_number by chosen_match_level
                                                                                                                                   
                                                                     chosen_cac_ind_number|      chosen_match_level       |        
                                                                     ---------------------+-------------------------------|        
                                                                           Frequency      |       |       |       |       |        
                                                                            Percent       |       |       |       |       |        
                                                                            Row Pct       |       |       |       |       |        
                                                                            Col Pct       |   .   |   1   |   2   |   3   | Total  
                                                                     ---------------------+-------+-------+-------+-------+------- 
                                                                                         .| 443961|      0|      0|      0| 443961 
                                                                                          |  74.01|   0.00|   0.00|   0.00|  74.01 
                                                                                          | 100.00|   0.00|   0.00|   0.00|        
                                                                                          | 100.00|   0.00|   0.00|   0.00|        
                                                                     ---------------------+-------+-------+-------+-------+------- 
                                                                                         1|      0|  89107|  11154|   2093| 102354 
                                                                                          |   0.00|  14.86|   1.86|   0.35|  17.06 
                                                                                          |   0.00|  87.06|  10.90|   2.04|        
                                                                                          |   0.00|  66.06|  64.16|  57.96|        
                                                                     ---------------------+-------+-------+-------+-------+------- 
                                                                                         2|      0|  36922|   5273|   1210|  43405 
                                                                                          |   0.00|   6.16|   0.88|   0.20|   7.24 
                                                                                          |   0.00|  85.06|  12.15|   2.79|        
                                                                                          |   0.00|  27.37|  30.33|  33.51|        
                                                                     ---------------------+-------+-------+-------+-------+------- 
                                                                                         3|      0|   7093|    754|    253|   8100 
                                                                                          |   0.00|   1.18|   0.13|   0.04|   1.35 
                                                                                          |   0.00|  87.57|   9.31|   3.12|        
                                                                                          |   0.00|   5.26|   4.34|   7.01|        
                                                                     ---------------------+-------+-------+-------+-------+------- 
                                                                                         4|      0|   1536|    179|     45|   1760 
                                                                                          |   0.00|   0.26|   0.03|   0.01|   0.29 
                                                                                          |   0.00|  87.27|  10.17|   2.56|        
                                                                                          |   0.00|   1.14|   1.03|   1.25|        
                                                                     ---------------------+-------+-------+-------+-------+------- 
                                                                                         5|      0|    224|     24|     10|    258 
                                                                                          |   0.00|   0.04|   0.00|   0.00|   0.04 
                                                                                          |   0.00|  86.82|   9.30|   3.88|        
                                                                                          |   0.00|   0.17|   0.14|   0.28|        
                                                                     ---------------------+-------+-------+-------+-------+------- 
                                                                                     Total| 443961| 134882|  17384|   3611| 599838 
                                                                                          |  74.01|  22.49|   2.90|   0.60| 100.00 
                                                                                                                                   
                                                                                             match_level 2                                                           11:41 Wednesday, July 29, 2015    7

                                                                                           The FREQ Procedure

                                                                                                                Cumulative    Cumulative
                                                                chosen_spedis_score    Frequency     Percent     Frequency      Percent 
                                                                ------------------------------------------------------------------------
                                                                 0                           43        0.25            43         0.25  
                                                                 2                            8        0.05            51         0.29  
                                                                 3                          121        0.70           172         0.99  
                                                                 4                          160        0.92           332         1.91  
                                                                 5                          698        4.02          1030         5.92  
                                                                 6                          357        2.05          1387         7.98  
                                                                 7                          587        3.38          1974        11.36  
                                                                 8                          585        3.37          2559        14.72  
                                                                 9                            4        0.02          2563        14.74  
                                                                10                          375        2.16          2938        16.90  
                                                                11                          418        2.40          3356        19.31  
                                                                12                          285        1.64          3641        20.94  
                                                                13                          103        0.59          3744        21.54  
                                                                14                         1080        6.21          4824        27.75  
                                                                15                         1148        6.60          5972        34.35  
                                                                16                          705        4.06          6677        38.41  
                                                                17                         1112        6.40          7789        44.81  
                                                                18                           90        0.52          7879        45.32  
                                                                19                          425        2.44          8304        47.77  
                                                                20                         1075        6.18          9379        53.95  
                                                                21                         1345        7.74         10724        61.69  
                                                                22                          428        2.46         11152        64.15  
                                                                23                          163        0.94         11315        65.09  
                                                                24                          136        0.78         11451        65.87  
                                                                25                         1183        6.81         12634        72.68  
                                                                26                          717        4.12         13351        76.80  
                                                                27                          173        1.00         13524        77.80  
                                                                28                          994        5.72         14518        83.51  
                                                                29                          458        2.63         14976        86.15  
                                                                30                          827        4.76         15803        90.91  
                                                                31                          132        0.76         15935        91.66  
                                                                32                            2        0.01         15937        91.68  
                                                                33                          595        3.42         16532        95.10  
                                                                34                          852        4.90         17384       100.00  
                                                                                             match_level 3                                                           11:41 Wednesday, July 29, 2015    8

                                                                                           The FREQ Procedure

                                                                                                                Cumulative    Cumulative
                                                                chosen_spedis_score    Frequency     Percent     Frequency      Percent 
                                                                ------------------------------------------------------------------------
                                                                 35                          43        1.19            43         1.19  
                                                                 36                           1        0.03            44         1.22  
                                                                 37                         289        8.00           333         9.22  
                                                                 38                         496       13.74           829        22.96  
                                                                 39                         374       10.36          1203        33.31  
                                                                 40                         234        6.48          1437        39.80  
                                                                 41                         117        3.24          1554        43.04  
                                                                 42                          58        1.61          1612        44.64  
                                                                 43                          16        0.44          1628        45.08  
                                                                 44                         119        3.30          1747        48.38  
                                                                 45                         213        5.90          1960        54.28  
                                                                 46                          48        1.33          2008        55.61  
                                                                 47                         262        7.26          2270        62.86  
                                                                 50                         536       14.84          2806        77.71  
                                                                 52                           3        0.08          2809        77.79  
                                                                 53                           3        0.08          2812        77.87  
                                                                 54                          14        0.39          2826        78.26  
                                                                 55                          11        0.30          2837        78.57  
                                                                 56                          17        0.47          2854        79.04  
                                                                 57                          27        0.75          2881        79.78  
                                                                 58                          38        1.05          2919        80.84  
                                                                 59                           4        0.11          2923        80.95  
                                                                 60                          44        1.22          2967        82.17  
                                                                 61                           1        0.03          2968        82.19  
                                                                 62                          52        1.44          3020        83.63  
                                                                 63                           2        0.06          3022        83.69  
                                                                 64                           3        0.08          3025        83.77  
                                                                 65                           3        0.08          3028        83.85  
                                                                 66                          69        1.91          3097        85.77  
                                                                 68                           9        0.25          3106        86.01  
                                                                 70                          33        0.91          3139        86.93  
                                                                 71                           1        0.03          3140        86.96  
                                                                 75                          79        2.19          3219        89.14  
                                                                 78                           1        0.03          3220        89.17  
                                                                 79                           1        0.03          3221        89.20  
                                                                 80                           7        0.19          3228        89.39  
                                                                 81                           3        0.08          3231        89.48  
                                                                 83                          48        1.33          3279        90.81  
                                                                 85                           5        0.14          3284        90.94  
                                                                 87                           8        0.22          3292        91.17  
                                                                 90                          10        0.28          3302        91.44  
                                                                 91                           1        0.03          3303        91.47  
                                                                 92                           2        0.06          3305        91.53  
                                                                 93                           1        0.03          3306        91.55  
                                                                 96                           1        0.03          3307        91.58  
                                                                100                          74        2.05          3381        93.63  
                                                                106                           1        0.03          3382        93.66  
                                                                107                           1        0.03          3383        93.69  
                                                                108                           1        0.03          3384        93.71  
                                                                112                          11        0.30          3395        94.02  
                                                                115                           1        0.03          3396        94.05  
                                                                116                           2        0.06          3398        94.10  
                                                                125                          33        0.91          3431        95.02  
                                                                130                           2        0.06          3433        95.07  
                                                                137                           1        0.03          3434        95.10  
                                                                150                          27        0.75          3461        95.85  
                                                                175                           3        0.08          3464        95.93  
                                                                191                           1        0.03          3465        95.96  
                                                                200                          50        1.38          3515        97.34  
                                                                216                           1        0.03          3516        97.37  
                                                                237                           1        0.03          3517        97.40  
                                                                250                          47        1.30          3564        98.70  
                                                                262                           1        0.03          3565        98.73  
                                                                300                          42        1.16          3607        99.89  
                                                                350                           2        0.06          3609        99.94  
                                                                400                           2        0.06          3611       100.00  
                                                                    Prepared for                                                                     9
                                                                 Data Quality Report
                                                           Library:WORK  Member:scored__IA
                                                              Total Observations: 293577

                                                                                                              Number of     Numeric or          
   Variable                                                                   Label                         Observations    Character     Levels

   CAC_HH_PID                                            Household Persistent ID                                293,577     Character        50+
                                                                                                                                                
   CAC_NAME_LAST                                         Household Name                                         293,577     Character        50+
                                                                                                                                                
   bridge_address1                                       Address Line 1 From Bridge                             293,577     Character        50+
                                                                                                                                                
   bridge_address2                                       Address Line 2 From Bridge                                   0     Character         0 
                                                                                                                                                
   bridge_city                                           Address City From Bridge                               293,577     Character        50+
                                                                                                                                                
   bridge_name_first                                     First Name From Bridge                                 293,577     Character        50+
                                                                                                                                                
   bridge_name_last                                      Last Name From Bridge                                  293,577     Character        50+
                                                                                                                                                
   bridge_name_last_exact                                                                                       293,577     Character        50+
                                                                                                                                                
   bridge_name_last_fuzzy1                                                                                      293,577     Character        50+
                                                                                                                                                
   bridge_state                                          Address State From Bridge                              293,577     Character         1 
                                                         Value IA    100%                                       293,577                         
                                                                                                                                                
   bridge_zip5                                           Address Zip 5 From Bridge                              293,577     Character        50+
                                                                                                                                                
   cac_bridge_md5email_id                                Unique ID To Append Email Addresses From Bridge        293,577     Character        50+

                                                             Number        Zero          Mean        Median       Minimum       Maximum    Variable
   Variable                                                 Missing      Values         Value         Value         Value         Value     Format 

   CAC_HH_PID                                                     0                                                                          $27   
                                                                                                                                                   
   CAC_NAME_LAST                                                  0                                                                                
                                                                                                                                                   
   bridge_address1                                                0                                                                          $50   
                                                                                                                                                   
   bridge_address2                                          293,577                                                                          $50   
                                                                                                                                                   
   bridge_city                                                    0                                                                          $30   
                                                                                                                                                   
   bridge_name_first                                              0                                                                          $25   
                                                                                                                                                   
   bridge_name_last                                               0                                                                          $25   
                                                                                                                                                   
   bridge_name_last_exact                                         0                                                                                
                                                                                                                                                   
   bridge_name_last_fuzzy1                                        0                                                                                
                                                                                                                                                   
   bridge_state                                                   0                                                                          $2    
                                                                                                                                                   
                                                                                                                                                   
   bridge_zip5                                                    0                                                                          $5    
                                                                                                                                                   
   cac_bridge_md5email_id                                         0                                                                          $50   

                                                             Prepared by CAC Group, Inc.
                                                                    Prepared for                                                                    10
                                                                 Data Quality Report
                                                           Library:WORK  Member:scored__IA
                                                              Total Observations: 293577

                                                                                      Number of     Numeric or                  Number        Zero
    Variable                                                      Label             Observations    Character     Levels       Missing      Values

                                                                                                                                                  
    chosen_cac_ind_gender                                                               293,577     Numeric           2              0           0
                                                          Value        1   46.9%        137,700                                                   
                                                          Value        2   53.1%        155,877                                                   
                                                                                                                                                  
    chosen_cac_ind_last                                                                 293,577     Character        50+             0            
                                                                                                                                                  
    chosen_cac_ind_mi                                                                   262,353     Character        26         31,224            
                                                                                                                                                  
    chosen_cac_ind_name                                                                 293,577     Character        50+             0            
                                                                                                                                                  
    chosen_cac_ind_number                                                               293,577     Numeric           5              0           0
                                                          Value        1   67.4%        197,974                                                   
                                                          Value        2   25.1%         73,667                                                   
                                                          Value        3    6.0%         17,527                                                   
                                                          Value        4    1.3%          3,873                                                   
                                                          Value        5    0.2%            536                                                   
                                                                                                                                                  
    chosen_first_x_of_x_flag                                                            293,577     Numeric           2              0       1,867
                                                                                                                                                  
    chosen_match_level                                                                  293,577     Numeric           3              0           0
                                                          Value        1   84.9%        249,162                                                   
                                                          Value        2   13.1%         38,534                                                   
                                                          Value        3    2.0%          5,881                                                   

                                                                Mean        Median       Minimum       Maximum    Variable
    Variable                                                   Value         Value         Value         Value     Format 

                                                                                                                          
    chosen_cac_ind_gender                                     1.5310        2.0000        1.0000        2.0000      8     
                                                                                                                          
                                                                                                                          
                                                                                                                          
    chosen_cac_ind_last                                                                                             $20   
                                                                                                                          
    chosen_cac_ind_mi                                                                                               $1    
                                                                                                                          
    chosen_cac_ind_name                                                                                             $14   
                                                                                                                          
    chosen_cac_ind_number                                     1.4172        1.0000        1.0000        5.0000      8     
                                                                                                                          
                                                                                                                          
                                                                                                                          
                                                                                                                          
                                                                                                                          
                                                                                                                          
    chosen_first_x_of_x_flag                                  0.9936        1.0000        0.0000        1.0000      8     
                                                                                                                          
    chosen_match_level                                        1.1713        1.0000        1.0000        3.0000      8     
                                                                                                                          
                                                                                                                          
                                                                                                                          

                                                             Prepared by CAC Group, Inc.
                                                                    Prepared for                                                                    11
                                                                 Data Quality Report
                                                           Library:WORK  Member:scored__IA
                                                              Total Observations: 293577

                                                                                      Number of     Numeric or                  Number        Zero
    Variable                                                      Label             Observations    Character     Levels       Missing      Values

                                                                                                                                                  
    chosen_spedis_score                                                                 293,577      Numeric         50+             0     249,223
                                                                                                                                                  
    last_name_match                                                                     293,577      Numeric          1              0           0
                                                          Value        1    100%        293,577                                                   
                                                                                                                                                  

                                                                Mean        Median       Minimum       Maximum    Variable
    Variable                                                   Value         Value         Value         Value     Format 

                                                                                                                          
    chosen_spedis_score                                       3.6741        0.0000        0.0000      400.0000       8    
                                                                                                                          
    last_name_match                                           1.0000        1.0000        1.0000        1.0000            
                                                                                                                          
                                                                                                                          





































                                                             Prepared by CAC Group, Inc.
