                                                                                             The WPS System                                                          11:42 Wednesday, July 29, 2015    1

                                                                                           The FREQ Procedure

                                                               Table of last_name_match by chosen_cac_ind_number
                                                                                                                                        
                                                                last_name_match|             chosen_cac_ind_number             |        
                                                                ---------------+-----------------------------------------------|        
                                                                   Frequency   |       |       |       |       |       |       |        
                                                                    Percent    |       |       |       |       |       |       |        
                                                                    Row Pct    |       |       |       |       |       |       |        
                                                                    Col Pct    |   .   |   1   |   2   |   3   |   4   |   5   | Total  
                                                                ---------------+-------+-------+-------+-------+-------+-------+------- 
                                                                              0|  97388|      0|      0|      0|      0|      0|  97388 
                                                                               |  43.96|   0.00|   0.00|   0.00|   0.00|   0.00|  43.96 
                                                                               | 100.00|   0.00|   0.00|   0.00|   0.00|   0.00|        
                                                                               |  54.68|   0.00|   0.00|   0.00|   0.00|   0.00|        
                                                                ---------------+-------+-------+-------+-------+-------+-------+------- 
                                                                              1|  80718|  30299|   9820|   2589|    627|    112| 124165 
                                                                               |  36.43|  13.68|   4.43|   1.17|   0.28|   0.05|  56.04 
                                                                               |  65.01|  24.40|   7.91|   2.09|   0.50|   0.09|        
                                                                               |  45.32| 100.00| 100.00| 100.00| 100.00| 100.00|        
                                                                ---------------+-------+-------+-------+-------+-------+-------+------- 
                                                                          Total| 178106|  30299|   9820|   2589|    627|    112| 221553 
                                                                               |  80.39|  13.68|   4.43|   1.17|   0.28|   0.05| 100.00 
                                                                                                                                        
                                                                                             The WPS System                                                          11:42 Wednesday, July 29, 2015    2

                                                                                           The FREQ Procedure

                                                                    Table of chosen_cac_ind_number by chosen_match_level
                                                                                                                                   
                                                                     chosen_cac_ind_number|      chosen_match_level       |        
                                                                     ---------------------+-------------------------------|        
                                                                           Frequency      |       |       |       |       |        
                                                                            Percent       |       |       |       |       |        
                                                                            Row Pct       |       |       |       |       |        
                                                                            Col Pct       |   .   |   1   |   2   |   3   | Total  
                                                                     ---------------------+-------+-------+-------+-------+------- 
                                                                                         .| 178106|      0|      0|      0| 178106 
                                                                                          |  80.39|   0.00|   0.00|   0.00|  80.39 
                                                                                          | 100.00|   0.00|   0.00|   0.00|        
                                                                                          | 100.00|   0.00|   0.00|   0.00|        
                                                                     ---------------------+-------+-------+-------+-------+------- 
                                                                                         1|      0|  27045|   2622|    632|  30299 
                                                                                          |   0.00|  12.21|   1.18|   0.29|  13.68 
                                                                                          |   0.00|  89.26|   8.65|   2.09|        
                                                                                          |   0.00|  70.09|  69.15|  59.01|        
                                                                     ---------------------+-------+-------+-------+-------+------- 
                                                                                         2|      0|   8623|    886|    311|   9820 
                                                                                          |   0.00|   3.89|   0.40|   0.14|   4.43 
                                                                                          |   0.00|  87.81|   9.02|   3.17|        
                                                                                          |   0.00|  22.35|  23.36|  29.04|        
                                                                     ---------------------+-------+-------+-------+-------+------- 
                                                                                         3|      0|   2284|    207|     98|   2589 
                                                                                          |   0.00|   1.03|   0.09|   0.04|   1.17 
                                                                                          |   0.00|  88.22|   8.00|   3.79|        
                                                                                          |   0.00|   5.92|   5.46|   9.15|        
                                                                     ---------------------+-------+-------+-------+-------+------- 
                                                                                         4|      0|    538|     61|     28|    627 
                                                                                          |   0.00|   0.24|   0.03|   0.01|   0.28 
                                                                                          |   0.00|  85.81|   9.73|   4.47|        
                                                                                          |   0.00|   1.39|   1.61|   2.61|        
                                                                     ---------------------+-------+-------+-------+-------+------- 
                                                                                         5|      0|     94|     16|      2|    112 
                                                                                          |   0.00|   0.04|   0.01|   0.00|   0.05 
                                                                                          |   0.00|  83.93|  14.29|   1.79|        
                                                                                          |   0.00|   0.24|   0.42|   0.19|        
                                                                     ---------------------+-------+-------+-------+-------+------- 
                                                                                     Total| 178106|  38584|   3792|   1071| 221553 
                                                                                          |  80.39|  17.42|   1.71|   0.48| 100.00 
                                                                                                                                   
                                                                                             match_level 2                                                           11:42 Wednesday, July 29, 2015    3

                                                                                           The FREQ Procedure

                                                                                                                Cumulative    Cumulative
                                                                chosen_spedis_score    Frequency     Percent     Frequency      Percent 
                                                                ------------------------------------------------------------------------
                                                                 0                           12        0.32            12         0.32  
                                                                 2                            3        0.08            15         0.40  
                                                                 3                           26        0.69            41         1.08  
                                                                 4                           23        0.61            64         1.69  
                                                                 5                          167        4.40           231         6.09  
                                                                 6                           27        0.71           258         6.80  
                                                                 7                          125        3.30           383        10.10  
                                                                 8                           76        2.00           459        12.10  
                                                                 9                            7        0.18           466        12.29  
                                                                10                           99        2.61           565        14.90  
                                                                11                           96        2.53           661        17.43  
                                                                12                           79        2.08           740        19.51  
                                                                13                           26        0.69           766        20.20  
                                                                14                          107        2.82           873        23.02  
                                                                15                          274        7.23          1147        30.25  
                                                                16                          125        3.30          1272        33.54  
                                                                17                          325        8.57          1597        42.11  
                                                                18                           15        0.40          1612        42.51  
                                                                19                          167        4.40          1779        46.91  
                                                                20                          325        8.57          2104        55.49  
                                                                21                          130        3.43          2234        58.91  
                                                                22                           32        0.84          2266        59.76  
                                                                23                           67        1.77          2333        61.52  
                                                                24                           51        1.34          2384        62.87  
                                                                25                          173        4.56          2557        67.43  
                                                                26                           74        1.95          2631        69.38  
                                                                27                           58        1.53          2689        70.91  
                                                                28                          373        9.84          3062        80.75  
                                                                29                          175        4.61          3237        85.36  
                                                                30                          200        5.27          3437        90.64  
                                                                31                           32        0.84          3469        91.48  
                                                                32                            3        0.08          3472        91.56  
                                                                33                          175        4.61          3647        96.18  
                                                                34                          145        3.82          3792       100.00  
                                                                                             match_level 3                                                           11:42 Wednesday, July 29, 2015    4

                                                                                           The FREQ Procedure

                                                                                                                Cumulative    Cumulative
                                                                chosen_spedis_score    Frequency     Percent     Frequency      Percent 
                                                                ------------------------------------------------------------------------
                                                                 35                          20        1.87            20         1.87  
                                                                 36                           2        0.19            22         2.05  
                                                                 37                          81        7.56           103         9.62  
                                                                 38                          89        8.31           192        17.93  
                                                                 39                          57        5.32           249        23.25  
                                                                 40                         101        9.43           350        32.68  
                                                                 41                          32        2.99           382        35.67  
                                                                 42                          21        1.96           403        37.63  
                                                                 43                           6        0.56           409        38.19  
                                                                 45                          24        2.24           433        40.43  
                                                                 46                          13        1.21           446        41.64  
                                                                 47                          18        1.68           464        43.32  
                                                                 48                           1        0.09           465        43.42  
                                                                 50                         193       18.02           658        61.44  
                                                                 53                           2        0.19           660        61.62  
                                                                 54                          11        1.03           671        62.65  
                                                                 55                           9        0.84           680        63.49  
                                                                 56                           6        0.56           686        64.05  
                                                                 57                          24        2.24           710        66.29  
                                                                 58                          22        2.05           732        68.35  
                                                                 59                           1        0.09           733        68.44  
                                                                 60                          33        3.08           766        71.52  
                                                                 62                          34        3.17           800        74.70  
                                                                 64                           2        0.19           802        74.88  
                                                                 65                           5        0.47           807        75.35  
                                                                 66                          74        6.91           881        82.26  
                                                                 67                           1        0.09           882        82.35  
                                                                 68                           8        0.75           890        83.10  
                                                                 70                           9        0.84           899        83.94  
                                                                 71                           1        0.09           900        84.03  
                                                                 75                          22        2.05           922        86.09  
                                                                 80                           6        0.56           928        86.65  
                                                                 83                          34        3.17           962        89.82  
                                                                 85                           3        0.28           965        90.10  
                                                                 87                           9        0.84           974        90.94  
                                                                 90                           3        0.28           977        91.22  
                                                                 91                           4        0.37           981        91.60  
                                                                100                          35        3.27          1016        94.86  
                                                                110                           1        0.09          1017        94.96  
                                                                112                           3        0.28          1020        95.24  
                                                                116                           8        0.75          1028        95.99  
                                                                133                           4        0.37          1032        96.36  
                                                                137                           1        0.09          1033        96.45  
                                                                150                          15        1.40          1048        97.85  
                                                                158                           1        0.09          1049        97.95  
                                                                175                           3        0.28          1052        98.23  
                                                                200                           6        0.56          1058        98.79  
                                                                212                           1        0.09          1059        98.88  
                                                                250                          11        1.03          1070        99.91  
                                                                300                           1        0.09          1071       100.00  
                                                                                                                                                                     11:42 Wednesday, July 29, 2015    5

                                                                                           The FREQ Procedure

                                                               Table of last_name_match by chosen_cac_ind_number
                                                                                                                                        
                                                                last_name_match|             chosen_cac_ind_number             |        
                                                                ---------------+-----------------------------------------------|        
                                                                   Frequency   |       |       |       |       |       |       |        
                                                                    Percent    |       |       |       |       |       |       |        
                                                                    Row Pct    |       |       |       |       |       |       |        
                                                                    Col Pct    |   .   |   1   |   2   |   3   |   4   |   5   | Total  
                                                                ---------------+-------+-------+-------+-------+-------+-------+------- 
                                                                              0|  97388|      0|      0|      0|      0|      0|  97388 
                                                                               |  43.96|   0.00|   0.00|   0.00|   0.00|   0.00|  43.96 
                                                                               | 100.00|   0.00|   0.00|   0.00|   0.00|   0.00|        
                                                                               |  55.35|   0.00|   0.00|   0.00|   0.00|   0.00|        
                                                                ---------------+-------+-------+-------+-------+-------+-------+------- 
                                                                              1|  78556|  33755|   8761|   2423|    567|    103| 124165 
                                                                               |  35.46|  15.24|   3.95|   1.09|   0.26|   0.05|  56.04 
                                                                               |  63.27|  27.19|   7.06|   1.95|   0.46|   0.08|        
                                                                               |  44.65| 100.00| 100.00| 100.00| 100.00| 100.00|        
                                                                ---------------+-------+-------+-------+-------+-------+-------+------- 
                                                                          Total| 175944|  33755|   8761|   2423|    567|    103| 221553 
                                                                               |  79.41|  15.24|   3.95|   1.09|   0.26|   0.05| 100.00 
                                                                                                                                        
                                                                                                                                                                     11:42 Wednesday, July 29, 2015    6

                                                                                           The FREQ Procedure

                                                                    Table of chosen_cac_ind_number by chosen_match_level
                                                                                                                                   
                                                                     chosen_cac_ind_number|      chosen_match_level       |        
                                                                     ---------------------+-------------------------------|        
                                                                           Frequency      |       |       |       |       |        
                                                                            Percent       |       |       |       |       |        
                                                                            Row Pct       |       |       |       |       |        
                                                                            Col Pct       |   .   |   1   |   2   |   3   | Total  
                                                                     ---------------------+-------+-------+-------+-------+------- 
                                                                                         .| 175944|      0|      0|      0| 175944 
                                                                                          |  79.41|   0.00|   0.00|   0.00|  79.41 
                                                                                          | 100.00|   0.00|   0.00|   0.00|        
                                                                                          | 100.00|   0.00|   0.00|   0.00|        
                                                                     ---------------------+-------+-------+-------+-------+------- 
                                                                                         1|      0|  30183|   2821|    751|  33755 
                                                                                          |   0.00|  13.62|   1.27|   0.34|  15.24 
                                                                                          |   0.00|  89.42|   8.36|   2.22|        
                                                                                          |   0.00|  74.55|  71.69|  63.32|        
                                                                     ---------------------+-------+-------+-------+-------+------- 
                                                                                         2|      0|   7641|    808|    312|   8761 
                                                                                          |   0.00|   3.45|   0.36|   0.14|   3.95 
                                                                                          |   0.00|  87.22|   9.22|   3.56|        
                                                                                          |   0.00|  18.87|  20.53|  26.31|        
                                                                     ---------------------+-------+-------+-------+-------+------- 
                                                                                         3|      0|   2096|    238|     89|   2423 
                                                                                          |   0.00|   0.95|   0.11|   0.04|   1.09 
                                                                                          |   0.00|  86.50|   9.82|   3.67|        
                                                                                          |   0.00|   5.18|   6.05|   7.50|        
                                                                     ---------------------+-------+-------+-------+-------+------- 
                                                                                         4|      0|    482|     58|     27|    567 
                                                                                          |   0.00|   0.22|   0.03|   0.01|   0.26 
                                                                                          |   0.00|  85.01|  10.23|   4.76|        
                                                                                          |   0.00|   1.19|   1.47|   2.28|        
                                                                     ---------------------+-------+-------+-------+-------+------- 
                                                                                         5|      0|     86|     10|      7|    103 
                                                                                          |   0.00|   0.04|   0.00|   0.00|   0.05 
                                                                                          |   0.00|  83.50|   9.71|   6.80|        
                                                                                          |   0.00|   0.21|   0.25|   0.59|        
                                                                     ---------------------+-------+-------+-------+-------+------- 
                                                                                     Total| 175944|  40488|   3935|   1186| 221553 
                                                                                          |  79.41|  18.27|   1.78|   0.54| 100.00 
                                                                                                                                   
                                                                                             match_level 2                                                           11:42 Wednesday, July 29, 2015    7

                                                                                           The FREQ Procedure

                                                                                                                Cumulative    Cumulative
                                                                chosen_spedis_score    Frequency     Percent     Frequency      Percent 
                                                                ------------------------------------------------------------------------
                                                                 0                           15        0.38            15         0.38  
                                                                 2                            4        0.10            19         0.48  
                                                                 3                           54        1.37            73         1.86  
                                                                 4                           40        1.02           113         2.87  
                                                                 5                          150        3.81           263         6.68  
                                                                 6                          103        2.62           366         9.30  
                                                                 7                          158        4.02           524        13.32  
                                                                 8                          138        3.51           662        16.82  
                                                                 9                            4        0.10           666        16.93  
                                                                10                          114        2.90           780        19.82  
                                                                11                          109        2.77           889        22.59  
                                                                12                          107        2.72           996        25.31  
                                                                13                           51        1.30          1047        26.61  
                                                                14                          183        4.65          1230        31.26  
                                                                15                          166        4.22          1396        35.48  
                                                                16                          159        4.04          1555        39.52  
                                                                17                          176        4.47          1731        43.99  
                                                                18                           17        0.43          1748        44.42  
                                                                19                          107        2.72          1855        47.14  
                                                                20                          195        4.96          2050        52.10  
                                                                21                          199        5.06          2249        57.15  
                                                                22                           82        2.08          2331        59.24  
                                                                23                           52        1.32          2383        60.56  
                                                                24                           39        0.99          2422        61.55  
                                                                25                          260        6.61          2682        68.16  
                                                                26                          114        2.90          2796        71.05  
                                                                27                           41        1.04          2837        72.10  
                                                                28                          259        6.58          3096        78.68  
                                                                29                          160        4.07          3256        82.74  
                                                                30                          286        7.27          3542        90.01  
                                                                31                           58        1.47          3600        91.49  
                                                                32                            1        0.03          3601        91.51  
                                                                33                          199        5.06          3800        96.57  
                                                                34                          135        3.43          3935       100.00  
                                                                                             match_level 3                                                           11:42 Wednesday, July 29, 2015    8

                                                                                           The FREQ Procedure

                                                                                                                Cumulative    Cumulative
                                                                chosen_spedis_score    Frequency     Percent     Frequency      Percent 
                                                                ------------------------------------------------------------------------
                                                                 35                          16        1.35            16         1.35  
                                                                 37                         112        9.44           128        10.79  
                                                                 38                          64        5.40           192        16.19  
                                                                 39                          34        2.87           226        19.06  
                                                                 40                         112        9.44           338        28.50  
                                                                 41                          50        4.22           388        32.72  
                                                                 42                          19        1.60           407        34.32  
                                                                 43                           6        0.51           413        34.82  
                                                                 44                           8        0.67           421        35.50  
                                                                 45                          38        3.20           459        38.70  
                                                                 46                           9        0.76           468        39.46  
                                                                 47                          47        3.96           515        43.42  
                                                                 50                         253       21.33           768        64.76  
                                                                 52                           3        0.25           771        65.01  
                                                                 53                           1        0.08           772        65.09  
                                                                 54                           8        0.67           780        65.77  
                                                                 55                           6        0.51           786        66.27  
                                                                 56                           4        0.34           790        66.61  
                                                                 57                          17        1.43           807        68.04  
                                                                 58                          18        1.52           825        69.56  
                                                                 60                          34        2.87           859        72.43  
                                                                 62                          38        3.20           897        75.63  
                                                                 64                           2        0.17           899        75.80  
                                                                 65                           1        0.08           900        75.89  
                                                                 66                          64        5.40           964        81.28  
                                                                 67                           1        0.08           965        81.37  
                                                                 68                           5        0.42           970        81.79  
                                                                 70                          19        1.60           989        83.39  
                                                                 71                           2        0.17           991        83.56  
                                                                 75                          47        3.96          1038        87.52  
                                                                 79                           1        0.08          1039        87.61  
                                                                 80                           4        0.34          1043        87.94  
                                                                 81                           1        0.08          1044        88.03  
                                                                 83                          33        2.78          1077        90.81  
                                                                 85                           1        0.08          1078        90.89  
                                                                 87                          10        0.84          1088        91.74  
                                                                 90                           8        0.67          1096        92.41  
                                                                 91                           2        0.17          1098        92.58  
                                                                100                          26        2.19          1124        94.77  
                                                                107                           1        0.08          1125        94.86  
                                                                112                           4        0.34          1129        95.19  
                                                                116                           3        0.25          1132        95.45  
                                                                125                          10        0.84          1142        96.29  
                                                                133                           4        0.34          1146        96.63  
                                                                140                           1        0.08          1147        96.71  
                                                                150                          11        0.93          1158        97.64  
                                                                166                           2        0.17          1160        97.81  
                                                                175                           1        0.08          1161        97.89  
                                                                200                           7        0.59          1168        98.48  
                                                                216                           1        0.08          1169        98.57  
                                                                250                          10        0.84          1179        99.41  
                                                                300                           4        0.34          1183        99.75  
                                                                350                           2        0.17          1185        99.92  
                                                                400                           1        0.08          1186       100.00  
                                                                    Prepared for                                                                     9
                                                                 Data Quality Report
                                                           Library:WORK  Member:scored__HI
                                                              Total Observations: 89056

                                                                                                              Number of     Numeric or          
   Variable                                                                   Label                         Observations    Character     Levels

   CAC_HH_PID                                            Household Persistent ID                                 89,056     Character        50+
                                                                                                                                                
   CAC_NAME_LAST                                         Household Name                                          89,056     Character        50+
                                                                                                                                                
   bridge_address1                                       Address Line 1 From Bridge                              89,056     Character        50+
                                                                                                                                                
   bridge_address2                                       Address Line 2 From Bridge                                   0     Character         0 
                                                                                                                                                
   bridge_city                                           Address City From Bridge                                89,056     Character        50+
                                                                                                                                                
   bridge_name_first                                     First Name From Bridge                                  89,056     Character        50+
                                                                                                                                                
   bridge_name_last                                      Last Name From Bridge                                   89,056     Character        50+
                                                                                                                                                
   bridge_name_last_exact                                                                                        89,056     Character        50+
                                                                                                                                                
   bridge_name_last_fuzzy1                                                                                       89,056     Character        50+
                                                                                                                                                
   bridge_state                                          Address State From Bridge                               89,056     Character         1 
                                                         Value HI    100%                                        89,056                         
                                                                                                                                                
   bridge_zip5                                           Address Zip 5 From Bridge                               89,056     Character        50+
                                                                                                                                                
   cac_bridge_md5email_id                                Unique ID To Append Email Addresses From Bridge         89,056     Character        50+

                                                             Number        Zero          Mean        Median       Minimum       Maximum    Variable
   Variable                                                 Missing      Values         Value         Value         Value         Value     Format 

   CAC_HH_PID                                                     0                                                                          $27   
                                                                                                                                                   
   CAC_NAME_LAST                                                  0                                                                                
                                                                                                                                                   
   bridge_address1                                                0                                                                          $50   
                                                                                                                                                   
   bridge_address2                                           89,056                                                                          $50   
                                                                                                                                                   
   bridge_city                                                    0                                                                          $30   
                                                                                                                                                   
   bridge_name_first                                              0                                                                          $25   
                                                                                                                                                   
   bridge_name_last                                               0                                                                          $25   
                                                                                                                                                   
   bridge_name_last_exact                                         0                                                                                
                                                                                                                                                   
   bridge_name_last_fuzzy1                                        0                                                                                
                                                                                                                                                   
   bridge_state                                                   0                                                                          $2    
                                                                                                                                                   
                                                                                                                                                   
   bridge_zip5                                                    0                                                                          $5    
                                                                                                                                                   
   cac_bridge_md5email_id                                         0                                                                          $50   

                                                             Prepared by CAC Group, Inc.
                                                                    Prepared for                                                                    10
                                                                 Data Quality Report
                                                           Library:WORK  Member:scored__HI
                                                              Total Observations: 89056

                                                                                      Number of     Numeric or                  Number        Zero
    Variable                                                      Label             Observations    Character     Levels       Missing      Values

                                                                                                                                                  
    chosen_cac_ind_gender                                                                89,056     Numeric           2              0           0
                                                          Value        1   48.8%         43,447                                                   
                                                          Value        2   51.2%         45,609                                                   
                                                                                                                                                  
    chosen_cac_ind_last                                                                  89,056     Character        50+             0            
                                                                                                                                                  
    chosen_cac_ind_mi                                                                    72,326     Character        26         16,730            
                                                                                                                                                  
    chosen_cac_ind_name                                                                  89,056     Character        50+             0            
                                                                                                                                                  
    chosen_cac_ind_number                                                                89,056     Numeric           5              0           0
                                                          Value        1   71.9%         64,054                                                   
                                                          Value        2   20.9%         18,581                                                   
                                                          Value        3    5.6%          5,012                                                   
                                                          Value        4    1.3%          1,194                                                   
                                                          Value        5    0.2%            215                                                   
                                                                                                                                                  
    chosen_first_x_of_x_flag                                                             89,056     Numeric           2              0         479
                                                                                                                                                  
    chosen_match_level                                                                   89,056     Numeric           3              0           0
                                                          Value        1   88.8%         79,072                                                   
                                                          Value        2    8.7%          7,727                                                   
                                                          Value        3    2.5%          2,257                                                   

                                                                Mean        Median       Minimum       Maximum    Variable
    Variable                                                   Value         Value         Value         Value     Format 

                                                                                                                          
    chosen_cac_ind_gender                                     1.5121        2.0000        1.0000        2.0000      8     
                                                                                                                          
                                                                                                                          
                                                                                                                          
    chosen_cac_ind_last                                                                                             $20   
                                                                                                                          
    chosen_cac_ind_mi                                                                                               $1    
                                                                                                                          
    chosen_cac_ind_name                                                                                             $14   
                                                                                                                          
    chosen_cac_ind_number                                     1.3711        1.0000        1.0000        5.0000      8     
                                                                                                                          
                                                                                                                          
                                                                                                                          
                                                                                                                          
                                                                                                                          
                                                                                                                          
    chosen_first_x_of_x_flag                                  0.9946        1.0000        0.0000        1.0000      8     
                                                                                                                          
    chosen_match_level                                        1.1375        1.0000        1.0000        3.0000      8     
                                                                                                                          
                                                                                                                          
                                                                                                                          

                                                             Prepared by CAC Group, Inc.
                                                                    Prepared for                                                                    11
                                                                 Data Quality Report
                                                           Library:WORK  Member:scored__HI
                                                              Total Observations: 89056

                                                                                      Number of     Numeric or                  Number        Zero
    Variable                                                      Label             Observations    Character     Levels       Missing      Values

                                                                                                                                                  
    chosen_spedis_score                                                                  89,056      Numeric         50+             0      79,099
                                                                                                                                                  
    last_name_match                                                                      89,056      Numeric          1              0           0
                                                          Value        1    100%         89,056                                                   
                                                                                                                                                  

                                                                Mean        Median       Minimum       Maximum    Variable
    Variable                                                   Value         Value         Value         Value     Format 

                                                                                                                          
    chosen_spedis_score                                       3.2132        0.0000        0.0000      400.0000       8    
                                                                                                                          
    last_name_match                                           1.0000        1.0000        1.0000        1.0000            
                                                                                                                          
                                                                                                                          





































                                                             Prepared by CAC Group, Inc.
