                                                                                             The WPS System                                                          11:31 Wednesday, July 29, 2015    1

                                                                                           The FREQ Procedure

                                                               Table of last_name_match by chosen_cac_ind_number
                                                                                                                                        
                                                                last_name_match|             chosen_cac_ind_number             |        
                                                                ---------------+-----------------------------------------------|        
                                                                   Frequency   |       |       |       |       |       |       |        
                                                                    Percent    |       |       |       |       |       |       |        
                                                                    Row Pct    |       |       |       |       |       |       |        
                                                                    Col Pct    |   .   |   1   |   2   |   3   |   4   |   5   | Total  
                                                                ---------------+-------+-------+-------+-------+-------+-------+------- 
                                                                              0| 982148|      0|      0|      0|      0|      0| 982148 
                                                                               |  37.15|   0.00|   0.00|   0.00|   0.00|   0.00|  37.15 
                                                                               | 100.00|   0.00|   0.00|   0.00|   0.00|   0.00|        
                                                                               |  48.48|   0.00|   0.00|   0.00|   0.00|   0.00|        
                                                                ---------------+-------+-------+-------+-------+-------+-------+------- 
                                                                              1|1043664| 412781| 151145|  42189|  10139|   2003|1661921 
                                                                               |  39.47|  15.61|   5.72|   1.60|   0.38|   0.08|  62.85 
                                                                               |  62.80|  24.84|   9.09|   2.54|   0.61|   0.12|        
                                                                               |  51.52| 100.00| 100.00| 100.00| 100.00| 100.00|        
                                                                ---------------+-------+-------+-------+-------+-------+-------+------- 
                                                                          Total|2025812| 412781| 151145|  42189|  10139|   2003|2644069 
                                                                               |  76.62|  15.61|   5.72|   1.60|   0.38|   0.08| 100.00 
                                                                                                                                        
                                                                                             The WPS System                                                          11:31 Wednesday, July 29, 2015    2

                                                                                           The FREQ Procedure

                                                                    Table of chosen_cac_ind_number by chosen_match_level
                                                                                                                                   
                                                                     chosen_cac_ind_number|      chosen_match_level       |        
                                                                     ---------------------+-------------------------------|        
                                                                           Frequency      |       |       |       |       |        
                                                                            Percent       |       |       |       |       |        
                                                                            Row Pct       |       |       |       |       |        
                                                                            Col Pct       |   .   |   1   |   2   |   3   | Total  
                                                                     ---------------------+-------+-------+-------+-------+------- 
                                                                                         .|2025812|      0|      0|      0|2025812 
                                                                                          |  76.62|   0.00|   0.00|   0.00|  76.62 
                                                                                          | 100.00|   0.00|   0.00|   0.00|        
                                                                                          | 100.00|   0.00|   0.00|   0.00|        
                                                                     ---------------------+-------+-------+-------+-------+------- 
                                                                                         1|      0| 357343|  49682|   5756| 412781 
                                                                                          |   0.00|  13.51|   1.88|   0.22|  15.61 
                                                                                          |   0.00|  86.57|  12.04|   1.39|        
                                                                                          |   0.00|  67.12|  65.74|  55.88|        
                                                                     ---------------------+-------+-------+-------+-------+------- 
                                                                                         2|      0| 129279|  18925|   2941| 151145 
                                                                                          |   0.00|   4.89|   0.72|   0.11|   5.72 
                                                                                          |   0.00|  85.53|  12.52|   1.95|        
                                                                                          |   0.00|  24.28|  25.04|  28.55|        
                                                                     ---------------------+-------+-------+-------+-------+------- 
                                                                                         3|      0|  35650|   5352|   1187|  42189 
                                                                                          |   0.00|   1.35|   0.20|   0.04|   1.60 
                                                                                          |   0.00|  84.50|  12.69|   2.81|        
                                                                                          |   0.00|   6.70|   7.08|  11.52|        
                                                                     ---------------------+-------+-------+-------+-------+------- 
                                                                                         4|      0|   8452|   1353|    334|  10139 
                                                                                          |   0.00|   0.32|   0.05|   0.01|   0.38 
                                                                                          |   0.00|  83.36|  13.34|   3.29|        
                                                                                          |   0.00|   1.59|   1.79|   3.24|        
                                                                     ---------------------+-------+-------+-------+-------+------- 
                                                                                         5|      0|   1655|    265|     83|   2003 
                                                                                          |   0.00|   0.06|   0.01|   0.00|   0.08 
                                                                                          |   0.00|  82.63|  13.23|   4.14|        
                                                                                          |   0.00|   0.31|   0.35|   0.81|        
                                                                     ---------------------+-------+-------+-------+-------+------- 
                                                                                     Total|2025812| 532379|  75577|  10301|2644069 
                                                                                          |  76.62|  20.13|   2.86|   0.39| 100.00 
                                                                                                                                   
                                                                                             match_level 2                                                           11:31 Wednesday, July 29, 2015    3

                                                                                           The FREQ Procedure

                                                                                                                Cumulative    Cumulative
                                                                chosen_spedis_score    Frequency     Percent     Frequency      Percent 
                                                                ------------------------------------------------------------------------
                                                                 0                          163        0.22           163         0.22  
                                                                 1                            1        0.00           164         0.22  
                                                                 2                           23        0.03           187         0.25  
                                                                 3                          238        0.31           425         0.56  
                                                                 4                          505        0.67           930         1.23  
                                                                 5                         3227        4.27          4157         5.50  
                                                                 6                          484        0.64          4641         6.14  
                                                                 7                         3580        4.74          8221        10.88  
                                                                 8                          997        1.32          9218        12.20  
                                                                 9                           78        0.10          9296        12.30  
                                                                10                         1478        1.96         10774        14.26  
                                                                11                         2768        3.66         13542        17.92  
                                                                12                         1106        1.46         14648        19.38  
                                                                13                          533        0.71         15181        20.09  
                                                                14                         1900        2.51         17081        22.60  
                                                                15                        10535       13.94         27616        36.54  
                                                                16                         1704        2.25         29320        38.79  
                                                                17                         7345        9.72         36665        48.51  
                                                                18                           86        0.11         36751        48.63  
                                                                19                         4589        6.07         41340        54.70  
                                                                20                         5870        7.77         47210        62.47  
                                                                21                         1728        2.29         48938        64.75  
                                                                22                          475        0.63         49413        65.38  
                                                                23                         1001        1.32         50414        66.71  
                                                                24                         1043        1.38         51457        68.09  
                                                                25                         2482        3.28         53939        71.37  
                                                                26                          799        1.06         54738        72.43  
                                                                27                         2195        2.90         56933        75.33  
                                                                28                         7306        9.67         64239        85.00  
                                                                29                         2537        3.36         66776        88.35  
                                                                30                         3152        4.17         69928        92.53  
                                                                31                          288        0.38         70216        92.91  
                                                                32                           18        0.02         70234        92.93  
                                                                33                         2305        3.05         72539        95.98  
                                                                34                         3038        4.02         75577       100.00  
                                                                                             match_level 3                                                           11:31 Wednesday, July 29, 2015    4

                                                                                           The FREQ Procedure

                                                                                                                Cumulative    Cumulative
                                                                chosen_spedis_score    Frequency     Percent     Frequency      Percent 
                                                                ------------------------------------------------------------------------
                                                                 35                         136        1.32           136         1.32  
                                                                 36                           3        0.03           139         1.35  
                                                                 37                         942        9.14          1081        10.49  
                                                                 38                         980        9.51          2061        20.01  
                                                                 39                         911        8.84          2972        28.85  
                                                                 40                        1032       10.02          4004        38.87  
                                                                 41                         198        1.92          4202        40.79  
                                                                 42                         176        1.71          4378        42.50  
                                                                 43                          94        0.91          4472        43.41  
                                                                 44                          10        0.10          4482        43.51  
                                                                 45                          83        0.81          4565        44.32  
                                                                 46                          87        0.84          4652        45.16  
                                                                 47                         227        2.20          4879        47.36  
                                                                 48                           6        0.06          4885        47.42  
                                                                 49                           3        0.03          4888        47.45  
                                                                 50                        1967       19.10          6855        66.55  
                                                                 52                           2        0.02          6857        66.57  
                                                                 53                           7        0.07          6864        66.63  
                                                                 54                         178        1.73          7042        68.36  
                                                                 55                          47        0.46          7089        68.82  
                                                                 56                          41        0.40          7130        69.22  
                                                                 57                         132        1.28          7262        70.50  
                                                                 58                         181        1.76          7443        72.26  
                                                                 59                           6        0.06          7449        72.31  
                                                                 60                         279        2.71          7728        75.02  
                                                                 62                         286        2.78          8014        77.80  
                                                                 64                          42        0.41          8056        78.21  
                                                                 65                         101        0.98          8157        79.19  
                                                                 66                         568        5.51          8725        84.70  
                                                                 67                           3        0.03          8728        84.73  
                                                                 68                          40        0.39          8768        85.12  
                                                                 70                          91        0.88          8859        86.00  
                                                                 71                          17        0.17          8876        86.17  
                                                                 72                           3        0.03          8879        86.20  
                                                                 75                         284        2.76          9163        88.95  
                                                                 78                           5        0.05          9168        89.00  
                                                                 79                           1        0.01          9169        89.01  
                                                                 80                          30        0.29          9199        89.30  
                                                                 81                           9        0.09          9208        89.39  
                                                                 83                         234        2.27          9442        91.66  
                                                                 85                           4        0.04          9446        91.70  
                                                                 87                          63        0.61          9509        92.31  
                                                                 88                           1        0.01          9510        92.32  
                                                                 90                          25        0.24          9535        92.56  
                                                                 91                          20        0.19          9555        92.76  
                                                                 92                           3        0.03          9558        92.79  
                                                                 93                           5        0.05          9563        92.84  
                                                                 95                           2        0.02          9565        92.86  
                                                                100                         204        1.98          9769        94.84  
                                                                104                           1        0.01          9770        94.85  
                                                                105                           2        0.02          9772        94.86  
                                                                106                           1        0.01          9773        94.87  
                                                                108                          14        0.14          9787        95.01  
                                                                110                           2        0.02          9789        95.03  
                                                                112                          17        0.17          9806        95.19  
                                                                114                           1        0.01          9807        95.20  
                                                                115                           1        0.01          9808        95.21  
                                                                116                          25        0.24          9833        95.46  
                                                                120                           1        0.01          9834        95.47  
                                                                125                          33        0.32          9867        95.79  
                                                                133                          14        0.14          9881        95.92  
                                                                137                           6        0.06          9887        95.98  
                                                                141                           1        0.01          9888        95.99  
                                                                150                          77        0.75          9965        96.74  
                                                                166                           2        0.02          9967        96.76  
                                                                175                           3        0.03          9970        96.79  
                                                                183                           1        0.01          9971        96.80  
                                                                190                           1        0.01          9972        96.81  
                                                                191                           1        0.01          9973        96.82  
                                                                193                           1        0.01          9974        96.83  
                                                                200                          96        0.93         10070        97.76  
                                                                250                          71        0.69         10141        98.45  
                                                                300                          80        0.78         10221        99.22  
                                                                350                          50        0.49         10271        99.71  
                                                                400                          27        0.26         10298        99.97  
                                                                450                           1        0.01         10299        99.98  
                                                                500                           1        0.01         10300        99.99  
                                                                600                           1        0.01         10301       100.00  
                                                                                                                                                                     11:31 Wednesday, July 29, 2015    5

                                                                                           The FREQ Procedure

                                                               Table of last_name_match by chosen_cac_ind_number
                                                                                                                                        
                                                                last_name_match|             chosen_cac_ind_number             |        
                                                                ---------------+-----------------------------------------------|        
                                                                   Frequency   |       |       |       |       |       |       |        
                                                                    Percent    |       |       |       |       |       |       |        
                                                                    Row Pct    |       |       |       |       |       |       |        
                                                                    Col Pct    |   .   |   1   |   2   |   3   |   4   |   5   | Total  
                                                                ---------------+-------+-------+-------+-------+-------+-------+------- 
                                                                              0| 982148|      0|      0|      0|      0|      0| 982148 
                                                                               |  37.15|   0.00|   0.00|   0.00|   0.00|   0.00|  37.15 
                                                                               | 100.00|   0.00|   0.00|   0.00|   0.00|   0.00|        
                                                                               |  51.22|   0.00|   0.00|   0.00|   0.00|   0.00|        
                                                                ---------------+-------+-------+-------+-------+-------+-------+------- 
                                                                              1| 935430| 500590| 175797|  38866|   9509|   1729|1661921 
                                                                               |  35.38|  18.93|   6.65|   1.47|   0.36|   0.07|  62.85 
                                                                               |  56.29|  30.12|  10.58|   2.34|   0.57|   0.10|        
                                                                               |  48.78| 100.00| 100.00| 100.00| 100.00| 100.00|        
                                                                ---------------+-------+-------+-------+-------+-------+-------+------- 
                                                                          Total|1917578| 500590| 175797|  38866|   9509|   1729|2644069 
                                                                               |  72.52|  18.93|   6.65|   1.47|   0.36|   0.07| 100.00 
                                                                                                                                        
                                                                                                                                                                     11:31 Wednesday, July 29, 2015    6

                                                                                           The FREQ Procedure

                                                                    Table of chosen_cac_ind_number by chosen_match_level
                                                                                                                                   
                                                                     chosen_cac_ind_number|      chosen_match_level       |        
                                                                     ---------------------+-------------------------------|        
                                                                           Frequency      |       |       |       |       |        
                                                                            Percent       |       |       |       |       |        
                                                                            Row Pct       |       |       |       |       |        
                                                                            Col Pct       |   .   |   1   |   2   |   3   | Total  
                                                                     ---------------------+-------+-------+-------+-------+------- 
                                                                                         .|1917578|      0|      0|      0|1917578 
                                                                                          |  72.52|   0.00|   0.00|   0.00|  72.52 
                                                                                          | 100.00|   0.00|   0.00|   0.00|        
                                                                                          | 100.00|   0.00|   0.00|   0.00|        
                                                                     ---------------------+-------+-------+-------+-------+------- 
                                                                                         1|      0| 441919|  48795|   9876| 500590 
                                                                                          |   0.00|  16.71|   1.85|   0.37|  18.93 
                                                                                          |   0.00|  88.28|   9.75|   1.97|        
                                                                                          |   0.00|  69.12|  68.82|  60.96|        
                                                                     ---------------------+-------+-------+-------+-------+------- 
                                                                                         2|      0| 153518|  17596|   4683| 175797 
                                                                                          |   0.00|   5.81|   0.67|   0.18|   6.65 
                                                                                          |   0.00|  87.33|  10.01|   2.66|        
                                                                                          |   0.00|  24.01|  24.82|  28.91|        
                                                                     ---------------------+-------+-------+-------+-------+------- 
                                                                                         3|      0|  34255|   3392|   1219|  38866 
                                                                                          |   0.00|   1.30|   0.13|   0.05|   1.47 
                                                                                          |   0.00|  88.14|   8.73|   3.14|        
                                                                                          |   0.00|   5.36|   4.78|   7.52|        
                                                                     ---------------------+-------+-------+-------+-------+------- 
                                                                                         4|      0|   8208|    958|    343|   9509 
                                                                                          |   0.00|   0.31|   0.04|   0.01|   0.36 
                                                                                          |   0.00|  86.32|  10.07|   3.61|        
                                                                                          |   0.00|   1.28|   1.35|   2.12|        
                                                                     ---------------------+-------+-------+-------+-------+------- 
                                                                                         5|      0|   1486|    164|     79|   1729 
                                                                                          |   0.00|   0.06|   0.01|   0.00|   0.07 
                                                                                          |   0.00|  85.95|   9.49|   4.57|        
                                                                                          |   0.00|   0.23|   0.23|   0.49|        
                                                                     ---------------------+-------+-------+-------+-------+------- 
                                                                                     Total|1917578| 639386|  70905|  16200|2644069 
                                                                                          |  72.52|  24.18|   2.68|   0.61| 100.00 
                                                                                                                                   
                                                                                             match_level 2                                                           11:31 Wednesday, July 29, 2015    7

                                                                                           The FREQ Procedure

                                                                                                                Cumulative    Cumulative
                                                                chosen_spedis_score    Frequency     Percent     Frequency      Percent 
                                                                ------------------------------------------------------------------------
                                                                 0                          276        0.39           276         0.39  
                                                                 2                           32        0.05           308         0.43  
                                                                 3                          856        1.21          1164         1.64  
                                                                 4                          825        1.16          1989         2.81  
                                                                 5                         3333        4.70          5322         7.51  
                                                                 6                         1909        2.69          7231        10.20  
                                                                 7                         2723        3.84          9954        14.04  
                                                                 8                         3003        4.24         12957        18.27  
                                                                 9                           31        0.04         12988        18.32  
                                                                10                         1687        2.38         14675        20.70  
                                                                11                         2058        2.90         16733        23.60  
                                                                12                         1743        2.46         18476        26.06  
                                                                13                          449        0.63         18925        26.69  
                                                                14                         3372        4.76         22297        31.45  
                                                                15                         3443        4.86         25740        36.30  
                                                                16                         2980        4.20         28720        40.50  
                                                                17                         3343        4.71         32063        45.22  
                                                                18                          434        0.61         32497        45.83  
                                                                19                         1691        2.38         34188        48.22  
                                                                20                         3194        4.50         37382        52.72  
                                                                21                         4855        6.85         42237        59.57  
                                                                22                         1590        2.24         43827        61.81  
                                                                23                          745        1.05         44572        62.86  
                                                                24                          514        0.72         45086        63.59  
                                                                25                         4570        6.45         49656        70.03  
                                                                26                         2805        3.96         52461        73.99  
                                                                27                          753        1.06         53214        75.05  
                                                                28                         4677        6.60         57891        81.65  
                                                                29                         2459        3.47         60350        85.11  
                                                                30                         4662        6.57         65012        91.69  
                                                                31                          844        1.19         65856        92.88  
                                                                32                           19        0.03         65875        92.91  
                                                                33                         2482        3.50         68357        96.41  
                                                                34                         2548        3.59         70905       100.00  
                                                                                             match_level 3                                                           11:31 Wednesday, July 29, 2015    8

                                                                                           The FREQ Procedure

                                                                                                                Cumulative    Cumulative
                                                                chosen_spedis_score    Frequency     Percent     Frequency      Percent 
                                                                ------------------------------------------------------------------------
                                                                 35                         209        1.29           209         1.29  
                                                                 36                           2        0.01           211         1.30  
                                                                 37                        1226        7.57          1437         8.87  
                                                                 38                        2055       12.69          3492        21.56  
                                                                 39                        1103        6.81          4595        28.36  
                                                                 40                         896        5.53          5491        33.90  
                                                                 41                         496        3.06          5987        36.96  
                                                                 42                         276        1.70          6263        38.66  
                                                                 43                          84        0.52          6347        39.18  
                                                                 44                         472        2.91          6819        42.09  
                                                                 45                         897        5.54          7716        47.63  
                                                                 46                         244        1.51          7960        49.14  
                                                                 47                        2016       12.44          9976        61.58  
                                                                 48                           9        0.06          9985        61.64  
                                                                 50                        2490       15.37         12475        77.01  
                                                                 51                           1        0.01         12476        77.01  
                                                                 52                          14        0.09         12490        77.10  
                                                                 53                          14        0.09         12504        77.19  
                                                                 54                         110        0.68         12614        77.86  
                                                                 55                          38        0.23         12652        78.10  
                                                                 56                          61        0.38         12713        78.48  
                                                                 57                         113        0.70         12826        79.17  
                                                                 58                         279        1.72         13105        80.90  
                                                                 59                           4        0.02         13109        80.92  
                                                                 60                         252        1.56         13361        82.48  
                                                                 61                           5        0.03         13366        82.51  
                                                                 62                         308        1.90         13674        84.41  
                                                                 64                          27        0.17         13701        84.57  
                                                                 65                          27        0.17         13728        84.74  
                                                                 66                         321        1.98         14049        86.72  
                                                                 67                           3        0.02         14052        86.74  
                                                                 68                          20        0.12         14072        86.86  
                                                                 70                         114        0.70         14186        87.57  
                                                                 71                          10        0.06         14196        87.63  
                                                                 72                           1        0.01         14197        87.64  
                                                                 75                         267        1.65         14464        89.28  
                                                                 77                           1        0.01         14465        89.29  
                                                                 78                           6        0.04         14471        89.33  
                                                                 79                           2        0.01         14473        89.34  
                                                                 80                          32        0.20         14505        89.54  
                                                                 81                           8        0.05         14513        89.59  
                                                                 82                           1        0.01         14514        89.59  
                                                                 83                         220        1.36         14734        90.95  
                                                                 84                           1        0.01         14735        90.96  
                                                                 85                           8        0.05         14743        91.01  
                                                                 87                          52        0.32         14795        91.33  
                                                                 89                           1        0.01         14796        91.33  
                                                                 90                          23        0.14         14819        91.48  
                                                                 91                          13        0.08         14832        91.56  
                                                                 92                           4        0.02         14836        91.58  
                                                                 93                           3        0.02         14839        91.60  
                                                                 94                           1        0.01         14840        91.60  
                                                                 95                           4        0.02         14844        91.63  
                                                                 96                           1        0.01         14845        91.64  
                                                                100                         240        1.48         15085        93.12  
                                                                106                           2        0.01         15087        93.13  
                                                                107                           1        0.01         15088        93.14  
                                                                108                           3        0.02         15091        93.15  
                                                                110                           4        0.02         15095        93.18  
                                                                112                          23        0.14         15118        93.32  
                                                                116                          47        0.29         15165        93.61  
                                                                118                           1        0.01         15166        93.62  
                                                                120                           3        0.02         15169        93.64  
                                                                125                          84        0.52         15253        94.15  
                                                                130                           1        0.01         15254        94.16  
                                                                133                           9        0.06         15263        94.22  
                                                                135                           1        0.01         15264        94.22  
                                                                137                           6        0.04         15270        94.26  
                                                                140                           1        0.01         15271        94.27  
                                                                150                         185        1.14         15456        95.41  
                                                                162                           1        0.01         15457        95.41  
                                                                166                           2        0.01         15459        95.43  
                                                                175                          11        0.07         15470        95.49  
                                                                181                           1        0.01         15471        95.50  
                                                                183                           2        0.01         15473        95.51  
                                                                187                           1        0.01         15474        95.52  
                                                                200                         223        1.38         15697        96.90  
                                                                225                           1        0.01         15698        96.90  
                                                                237                           1        0.01         15699        96.91  
                                                                250                         249        1.54         15948        98.44  
                                                                300                         204        1.26         16152        99.70  
                                                                350                          26        0.16         16178        99.86  
                                                                400                          12        0.07         16190        99.94  
                                                                450                           2        0.01         16192        99.95  
                                                                500                           5        0.03         16197        99.98  
                                                                550                           1        0.01         16198        99.99  
                                                                700                           2        0.01         16200       100.00  
                                                                    Prepared for                                                                     9
                                                                 Data Quality Report
                                                           Library:WORK  Member:scored__OH
                                                             Total Observations: 1344748

                                                                                                              Number of     Numeric or          
   Variable                                                                   Label                         Observations    Character     Levels

   CAC_HH_PID                                            Household Persistent ID                              1,344,748     Character        50+
                                                                                                                                                
   CAC_NAME_LAST                                         Household Name                                       1,344,748     Character        50+
                                                                                                                                                
   bridge_address1                                       Address Line 1 From Bridge                           1,344,748     Character        50+
                                                                                                                                                
   bridge_address2                                       Address Line 2 From Bridge                                   0     Character         0 
                                                                                                                                                
   bridge_city                                           Address City From Bridge                             1,344,748     Character        50+
                                                                                                                                                
   bridge_name_first                                     First Name From Bridge                               1,344,748     Character        50+
                                                                                                                                                
   bridge_name_last                                      Last Name From Bridge                                1,344,748     Character        50+
                                                                                                                                                
   bridge_name_last_exact                                                                                     1,344,748     Character        50+
                                                                                                                                                
   bridge_name_last_fuzzy1                                                                                    1,344,748     Character        50+
                                                                                                                                                
   bridge_state                                          Address State From Bridge                            1,344,748     Character         1 
                                                         Value OH    100%                                     1,344,748                         
                                                                                                                                                
   bridge_zip5                                           Address Zip 5 From Bridge                            1,344,748     Character        50+
                                                                                                                                                
   cac_bridge_md5email_id                                Unique ID To Append Email Addresses From Bridge      1,344,748     Character        50+

                                                             Number        Zero          Mean        Median       Minimum       Maximum    Variable
   Variable                                                 Missing      Values         Value         Value         Value         Value     Format 

   CAC_HH_PID                                                     0                                                                          $27   
                                                                                                                                                   
   CAC_NAME_LAST                                                  0                                                                                
                                                                                                                                                   
   bridge_address1                                                0                                                                          $50   
                                                                                                                                                   
   bridge_address2                                        1,344,748                                                                          $50   
                                                                                                                                                   
   bridge_city                                                    0                                                                          $30   
                                                                                                                                                   
   bridge_name_first                                              0                                                                          $25   
                                                                                                                                                   
   bridge_name_last                                               0                                                                          $25   
                                                                                                                                                   
   bridge_name_last_exact                                         0                                                                                
                                                                                                                                                   
   bridge_name_last_fuzzy1                                        0                                                                                
                                                                                                                                                   
   bridge_state                                                   0                                                                          $2    
                                                                                                                                                   
                                                                                                                                                   
   bridge_zip5                                                    0                                                                          $5    
                                                                                                                                                   
   cac_bridge_md5email_id                                         0                                                                          $50   

                                                             Prepared by CAC Group, Inc.
                                                                    Prepared for                                                                    10
                                                                 Data Quality Report
                                                           Library:WORK  Member:scored__OH
                                                             Total Observations: 1344748

                                                                                      Number of     Numeric or                  Number        Zero
    Variable                                                      Label             Observations    Character     Levels       Missing      Values

                                                                                                                                                  
    chosen_cac_ind_gender                                                             1,344,748     Numeric           2              0           0
                                                          Value        1   46.0%        618,257                                                   
                                                          Value        2   54.0%        726,491                                                   
                                                                                                                                                  
    chosen_cac_ind_last                                                               1,344,748     Character        50+             0            
                                                                                                                                                  
    chosen_cac_ind_mi                                                                 1,244,742     Character        26        100,006            
                                                                                                                                                  
    chosen_cac_ind_name                                                               1,344,748     Character        50+             0            
                                                                                                                                                  
    chosen_cac_ind_number                                                             1,344,748     Numeric           5              0           0
                                                          Value        1   67.9%        913,371                                                   
                                                          Value        2   24.3%        326,942                                                   
                                                          Value        3    6.0%         81,055                                                   
                                                          Value        4    1.5%         19,648                                                   
                                                          Value        5    0.3%          3,732                                                   
                                                                                                                                                  
    chosen_first_x_of_x_flag                                                          1,344,748     Numeric           2              0       7,958
                                                                                                                                                  
    chosen_match_level                                                                1,344,748     Numeric           3              0           0
                                                          Value        1   87.1%      1,171,765                                                   
                                                          Value        2   10.9%        146,482                                                   
                                                          Value        3    2.0%         26,501                                                   

                                                                Mean        Median       Minimum       Maximum    Variable
    Variable                                                   Value         Value         Value         Value     Format 

                                                                                                                          
    chosen_cac_ind_gender                                     1.5402        2.0000        1.0000        2.0000      8     
                                                                                                                          
                                                                                                                          
                                                                                                                          
    chosen_cac_ind_last                                                                                             $20   
                                                                                                                          
    chosen_cac_ind_mi                                                                                               $1    
                                                                                                                          
    chosen_cac_ind_name                                                                                             $14   
                                                                                                                          
    chosen_cac_ind_number                                     1.4186        1.0000        1.0000        5.0000      8     
                                                                                                                          
                                                                                                                          
                                                                                                                          
                                                                                                                          
                                                                                                                          
                                                                                                                          
    chosen_first_x_of_x_flag                                  0.9941        1.0000        0.0000        1.0000      8     
                                                                                                                          
    chosen_match_level                                        1.1483        1.0000        1.0000        3.0000      8     
                                                                                                                          
                                                                                                                          
                                                                                                                          

                                                             Prepared by CAC Group, Inc.
                                                                    Prepared for                                                                    11
                                                                 Data Quality Report
                                                           Library:WORK  Member:scored__OH
                                                             Total Observations: 1344748

                                                                                      Number of     Numeric or                  Number        Zero
    Variable                                                      Label             Observations    Character     Levels       Missing      Values

                                                                                                                                                  
    chosen_spedis_score                                                               1,344,748      Numeric         50+             0     1172204
                                                                                                                                                  
    last_name_match                                                                   1,344,748      Numeric          1              0           0
                                                          Value        1    100%      1,344,748                                                   
                                                                                                                                                  

                                                                Mean        Median       Minimum       Maximum    Variable
    Variable                                                   Value         Value         Value         Value     Format 

                                                                                                                          
    chosen_spedis_score                                       3.2679        0.0000        0.0000      700.0000       8    
                                                                                                                          
    last_name_match                                           1.0000        1.0000        1.0000        1.0000            
                                                                                                                          
                                                                                                                          





































                                                             Prepared by CAC Group, Inc.
