                                                                                             The WPS System                                                          11:40 Wednesday, July 29, 2015    1

                                                                                           The FREQ Procedure

                                                               Table of last_name_match by chosen_cac_ind_number
                                                                                                                                        
                                                                last_name_match|             chosen_cac_ind_number             |        
                                                                ---------------+-----------------------------------------------|        
                                                                   Frequency   |       |       |       |       |       |       |        
                                                                    Percent    |       |       |       |       |       |       |        
                                                                    Row Pct    |       |       |       |       |       |       |        
                                                                    Col Pct    |   .   |   1   |   2   |   3   |   4   |   5   | Total  
                                                                ---------------+-------+-------+-------+-------+-------+-------+------- 
                                                                              0| 222144|      0|      0|      0|      0|      0| 222144 
                                                                               |  41.67|   0.00|   0.00|   0.00|   0.00|   0.00|  41.67 
                                                                               | 100.00|   0.00|   0.00|   0.00|   0.00|   0.00|        
                                                                               |  52.86|   0.00|   0.00|   0.00|   0.00|   0.00|        
                                                                ---------------+-------+-------+-------+-------+-------+-------+------- 
                                                                              1| 198116|  80005|  24398|   6935|   1315|    171| 310940 
                                                                               |  37.16|  15.01|   4.58|   1.30|   0.25|   0.03|  58.33 
                                                                               |  63.72|  25.73|   7.85|   2.23|   0.42|   0.05|        
                                                                               |  47.14| 100.00| 100.00| 100.00| 100.00| 100.00|        
                                                                ---------------+-------+-------+-------+-------+-------+-------+------- 
                                                                          Total| 420260|  80005|  24398|   6935|   1315|    171| 533084 
                                                                               |  78.84|  15.01|   4.58|   1.30|   0.25|   0.03| 100.00 
                                                                                                                                        
                                                                                             The WPS System                                                          11:40 Wednesday, July 29, 2015    2

                                                                                           The FREQ Procedure

                                                                    Table of chosen_cac_ind_number by chosen_match_level
                                                                                                                                   
                                                                     chosen_cac_ind_number|      chosen_match_level       |        
                                                                     ---------------------+-------------------------------|        
                                                                           Frequency      |       |       |       |       |        
                                                                            Percent       |       |       |       |       |        
                                                                            Row Pct       |       |       |       |       |        
                                                                            Col Pct       |   .   |   1   |   2   |   3   | Total  
                                                                     ---------------------+-------+-------+-------+-------+------- 
                                                                                         .| 420260|      0|      0|      0| 420260 
                                                                                          |  78.84|   0.00|   0.00|   0.00|  78.84 
                                                                                          | 100.00|   0.00|   0.00|   0.00|        
                                                                                          | 100.00|   0.00|   0.00|   0.00|        
                                                                     ---------------------+-------+-------+-------+-------+------- 
                                                                                         1|      0|  68071|  10676|   1258|  80005 
                                                                                          |   0.00|  12.77|   2.00|   0.24|  15.01 
                                                                                          |   0.00|  85.08|  13.34|   1.57|        
                                                                                          |   0.00|  71.01|  71.20|  64.12|        
                                                                     ---------------------+-------+-------+-------+-------+------- 
                                                                                         2|      0|  20453|   3437|    508|  24398 
                                                                                          |   0.00|   3.84|   0.64|   0.10|   4.58 
                                                                                          |   0.00|  83.83|  14.09|   2.08|        
                                                                                          |   0.00|  21.33|  22.92|  25.89|        
                                                                     ---------------------+-------+-------+-------+-------+------- 
                                                                                         3|      0|   6063|    722|    150|   6935 
                                                                                          |   0.00|   1.14|   0.14|   0.03|   1.30 
                                                                                          |   0.00|  87.43|  10.41|   2.16|        
                                                                                          |   0.00|   6.32|   4.81|   7.65|        
                                                                     ---------------------+-------+-------+-------+-------+------- 
                                                                                         4|      0|   1129|    146|     40|   1315 
                                                                                          |   0.00|   0.21|   0.03|   0.01|   0.25 
                                                                                          |   0.00|  85.86|  11.10|   3.04|        
                                                                                          |   0.00|   1.18|   0.97|   2.04|        
                                                                     ---------------------+-------+-------+-------+-------+------- 
                                                                                         5|      0|    151|     14|      6|    171 
                                                                                          |   0.00|   0.03|   0.00|   0.00|   0.03 
                                                                                          |   0.00|  88.30|   8.19|   3.51|        
                                                                                          |   0.00|   0.16|   0.09|   0.31|        
                                                                     ---------------------+-------+-------+-------+-------+------- 
                                                                                     Total| 420260|  95867|  14995|   1962| 533084 
                                                                                          |  78.84|  17.98|   2.81|   0.37| 100.00 
                                                                                                                                   
                                                                                             match_level 2                                                           11:40 Wednesday, July 29, 2015    3

                                                                                           The FREQ Procedure

                                                                                                                Cumulative    Cumulative
                                                                chosen_spedis_score    Frequency     Percent     Frequency      Percent 
                                                                ------------------------------------------------------------------------
                                                                 0                           21        0.14            21         0.14  
                                                                 2                            2        0.01            23         0.15  
                                                                 3                           25        0.17            48         0.32  
                                                                 4                           68        0.45           116         0.77  
                                                                 5                          750        5.00           866         5.78  
                                                                 6                           67        0.45           933         6.22  
                                                                 7                          611        4.07          1544        10.30  
                                                                 8                          182        1.21          1726        11.51  
                                                                 9                            4        0.03          1730        11.54  
                                                                10                          292        1.95          2022        13.48  
                                                                11                          506        3.37          2528        16.86  
                                                                12                          189        1.26          2717        18.12  
                                                                13                          125        0.83          2842        18.95  
                                                                14                          443        2.95          3285        21.91  
                                                                15                         2271       15.15          5556        37.05  
                                                                16                          261        1.74          5817        38.79  
                                                                17                         1690       11.27          7507        50.06  
                                                                18                           16        0.11          7523        50.17  
                                                                19                          738        4.92          8261        55.09  
                                                                20                         1118        7.46          9379        62.55  
                                                                21                          333        2.22          9712        64.77  
                                                                22                          100        0.67          9812        65.44  
                                                                23                          194        1.29         10006        66.73  
                                                                24                          302        2.01         10308        68.74  
                                                                25                          442        2.95         10750        71.69  
                                                                26                          196        1.31         10946        73.00  
                                                                27                          338        2.25         11284        75.25  
                                                                28                         1457        9.72         12741        84.97  
                                                                29                          493        3.29         13234        88.26  
                                                                30                          552        3.68         13786        91.94  
                                                                31                           60        0.40         13846        92.34  
                                                                33                          416        2.77         14262        95.11  
                                                                34                          733        4.89         14995       100.00  
                                                                                             match_level 3                                                           11:40 Wednesday, July 29, 2015    4

                                                                                           The FREQ Procedure

                                                                                                                Cumulative    Cumulative
                                                                chosen_spedis_score    Frequency     Percent     Frequency      Percent 
                                                                ------------------------------------------------------------------------
                                                                 35                          22        1.12            22         1.12  
                                                                 36                           1        0.05            23         1.17  
                                                                 37                         205       10.45           228        11.62  
                                                                 38                         168        8.56           396        20.18  
                                                                 39                         208       10.60           604        30.78  
                                                                 40                         196        9.99           800        40.77  
                                                                 41                          34        1.73           834        42.51  
                                                                 42                          26        1.33           860        43.83  
                                                                 43                           6        0.31           866        44.14  
                                                                 44                           1        0.05           867        44.19  
                                                                 45                          10        0.51           877        44.70  
                                                                 46                          12        0.61           889        45.31  
                                                                 47                          29        1.48           918        46.79  
                                                                 48                           2        0.10           920        46.89  
                                                                 50                         418       21.30          1338        68.20  
                                                                 52                           2        0.10          1340        68.30  
                                                                 54                          25        1.27          1365        69.57  
                                                                 55                           5        0.25          1370        69.83  
                                                                 56                           7        0.36          1377        70.18  
                                                                 57                          20        1.02          1397        71.20  
                                                                 58                          33        1.68          1430        72.88  
                                                                 59                           1        0.05          1431        72.94  
                                                                 60                          74        3.77          1505        76.71  
                                                                 62                          43        2.19          1548        78.90  
                                                                 64                           2        0.10          1550        79.00  
                                                                 65                          10        0.51          1560        79.51  
                                                                 66                         124        6.32          1684        85.83  
                                                                 68                           8        0.41          1692        86.24  
                                                                 70                          15        0.76          1707        87.00  
                                                                 75                          41        2.09          1748        89.09  
                                                                 78                           1        0.05          1749        89.14  
                                                                 79                           1        0.05          1750        89.19  
                                                                 80                           8        0.41          1758        89.60  
                                                                 81                           4        0.20          1762        89.81  
                                                                 83                          51        2.60          1813        92.41  
                                                                 85                           2        0.10          1815        92.51  
                                                                 87                          19        0.97          1834        93.48  
                                                                 90                           3        0.15          1837        93.63  
                                                                 91                           4        0.20          1841        93.83  
                                                                 93                           1        0.05          1842        93.88  
                                                                100                          38        1.94          1880        95.82  
                                                                108                           2        0.10          1882        95.92  
                                                                112                           2        0.10          1884        96.02  
                                                                116                           5        0.25          1889        96.28  
                                                                120                           1        0.05          1890        96.33  
                                                                125                           6        0.31          1896        96.64  
                                                                133                           3        0.15          1899        96.79  
                                                                140                           1        0.05          1900        96.84  
                                                                141                           1        0.05          1901        96.89  
                                                                150                           9        0.46          1910        97.35  
                                                                200                          12        0.61          1922        97.96  
                                                                212                           1        0.05          1923        98.01  
                                                                250                          16        0.82          1939        98.83  
                                                                300                          10        0.51          1949        99.34  
                                                                350                           7        0.36          1956        99.69  
                                                                400                           5        0.25          1961        99.95  
                                                                450                           1        0.05          1962       100.00  
                                                                                                                                                                     11:40 Wednesday, July 29, 2015    5

                                                                                           The FREQ Procedure

                                                               Table of last_name_match by chosen_cac_ind_number
                                                                                                                                        
                                                                last_name_match|             chosen_cac_ind_number             |        
                                                                ---------------+-----------------------------------------------|        
                                                                   Frequency   |       |       |       |       |       |       |        
                                                                    Percent    |       |       |       |       |       |       |        
                                                                    Row Pct    |       |       |       |       |       |       |        
                                                                    Col Pct    |   .   |   1   |   2   |   3   |   4   |   5   | Total  
                                                                ---------------+-------+-------+-------+-------+-------+-------+------- 
                                                                              0| 222144|      0|      0|      0|      0|      0| 222144 
                                                                               |  41.67|   0.00|   0.00|   0.00|   0.00|   0.00|  41.67 
                                                                               | 100.00|   0.00|   0.00|   0.00|   0.00|   0.00|        
                                                                               |  54.75|   0.00|   0.00|   0.00|   0.00|   0.00|        
                                                                ---------------+-------+-------+-------+-------+-------+-------+------- 
                                                                              1| 183573|  85358|  34699|   6048|   1104|    158| 310940 
                                                                               |  34.44|  16.01|   6.51|   1.13|   0.21|   0.03|  58.33 
                                                                               |  59.04|  27.45|  11.16|   1.95|   0.36|   0.05|        
                                                                               |  45.25| 100.00| 100.00| 100.00| 100.00| 100.00|        
                                                                ---------------+-------+-------+-------+-------+-------+-------+------- 
                                                                          Total| 405717|  85358|  34699|   6048|   1104|    158| 533084 
                                                                               |  76.11|  16.01|   6.51|   1.13|   0.21|   0.03| 100.00 
                                                                                                                                        
                                                                                                                                                                     11:40 Wednesday, July 29, 2015    6

                                                                                           The FREQ Procedure

                                                                    Table of chosen_cac_ind_number by chosen_match_level
                                                                                                                                   
                                                                     chosen_cac_ind_number|      chosen_match_level       |        
                                                                     ---------------------+-------------------------------|        
                                                                           Frequency      |       |       |       |       |        
                                                                            Percent       |       |       |       |       |        
                                                                            Row Pct       |       |       |       |       |        
                                                                            Col Pct       |   .   |   1   |   2   |   3   | Total  
                                                                     ---------------------+-------+-------+-------+-------+------- 
                                                                                         .| 405717|      0|      0|      0| 405717 
                                                                                          |  76.11|   0.00|   0.00|   0.00|  76.11 
                                                                                          | 100.00|   0.00|   0.00|   0.00|        
                                                                                          | 100.00|   0.00|   0.00|   0.00|        
                                                                     ---------------------+-------+-------+-------+-------+------- 
                                                                                         1|      0|  74918|   8467|   1973|  85358 
                                                                                          |   0.00|  14.05|   1.59|   0.37|  16.01 
                                                                                          |   0.00|  87.77|   9.92|   2.31|        
                                                                                          |   0.00|  67.10|  67.34|  62.87|        
                                                                     ---------------------+-------+-------+-------+-------+------- 
                                                                                         2|      0|  30182|   3531|    986|  34699 
                                                                                          |   0.00|   5.66|   0.66|   0.18|   6.51 
                                                                                          |   0.00|  86.98|  10.18|   2.84|        
                                                                                          |   0.00|  27.03|  28.08|  31.42|        
                                                                     ---------------------+-------+-------+-------+-------+------- 
                                                                                         3|      0|   5431|    475|    142|   6048 
                                                                                          |   0.00|   1.02|   0.09|   0.03|   1.13 
                                                                                          |   0.00|  89.80|   7.85|   2.35|        
                                                                                          |   0.00|   4.86|   3.78|   4.53|        
                                                                     ---------------------+-------+-------+-------+-------+------- 
                                                                                         4|      0|    984|     88|     32|   1104 
                                                                                          |   0.00|   0.18|   0.02|   0.01|   0.21 
                                                                                          |   0.00|  89.13|   7.97|   2.90|        
                                                                                          |   0.00|   0.88|   0.70|   1.02|        
                                                                     ---------------------+-------+-------+-------+-------+------- 
                                                                                         5|      0|    141|     12|      5|    158 
                                                                                          |   0.00|   0.03|   0.00|   0.00|   0.03 
                                                                                          |   0.00|  89.24|   7.59|   3.16|        
                                                                                          |   0.00|   0.13|   0.10|   0.16|        
                                                                     ---------------------+-------+-------+-------+-------+------- 
                                                                                     Total| 405717| 111656|  12573|   3138| 533084 
                                                                                          |  76.11|  20.95|   2.36|   0.59| 100.00 
                                                                                                                                   
                                                                                             match_level 2                                                           11:40 Wednesday, July 29, 2015    7

                                                                                           The FREQ Procedure

                                                                                                                Cumulative    Cumulative
                                                                chosen_spedis_score    Frequency     Percent     Frequency      Percent 
                                                                ------------------------------------------------------------------------
                                                                 0                           40        0.32            40         0.32  
                                                                 2                           13        0.10            53         0.42  
                                                                 3                          107        0.85           160         1.27  
                                                                 4                          151        1.20           311         2.47  
                                                                 5                          491        3.91           802         6.38  
                                                                 6                          234        1.86          1036         8.24  
                                                                 7                          511        4.06          1547        12.30  
                                                                 8                          464        3.69          2011        15.99  
                                                                 9                            2        0.02          2013        16.01  
                                                                10                          349        2.78          2362        18.79  
                                                                11                          289        2.30          2651        21.08  
                                                                12                          241        1.92          2892        23.00  
                                                                13                           60        0.48          2952        23.48  
                                                                14                          619        4.92          3571        28.40  
                                                                15                          474        3.77          4045        32.17  
                                                                16                          526        4.18          4571        36.36  
                                                                17                          757        6.02          5328        42.38  
                                                                18                           92        0.73          5420        43.11  
                                                                19                          337        2.68          5757        45.79  
                                                                20                          620        4.93          6377        50.72  
                                                                21                          955        7.60          7332        58.32  
                                                                22                          298        2.37          7630        60.69  
                                                                23                          152        1.21          7782        61.89  
                                                                24                           76        0.60          7858        62.50  
                                                                25                          731        5.81          8589        68.31  
                                                                26                          654        5.20          9243        73.51  
                                                                27                          113        0.90          9356        74.41  
                                                                28                          901        7.17         10257        81.58  
                                                                29                          561        4.46         10818        86.04  
                                                                30                          788        6.27         11606        92.31  
                                                                31                          135        1.07         11741        93.38  
                                                                32                            5        0.04         11746        93.42  
                                                                33                          408        3.25         12154        96.67  
                                                                34                          419        3.33         12573       100.00  
                                                                                             match_level 3                                                           11:40 Wednesday, July 29, 2015    8

                                                                                           The FREQ Procedure

                                                                                                                Cumulative    Cumulative
                                                                chosen_spedis_score    Frequency     Percent     Frequency      Percent 
                                                                ------------------------------------------------------------------------
                                                                 35                          35        1.12            35         1.12  
                                                                 37                         218        6.95           253         8.06  
                                                                 38                         377       12.01           630        20.08  
                                                                 39                         236        7.52           866        27.60  
                                                                 40                         195        6.21          1061        33.81  
                                                                 41                          88        2.80          1149        36.62  
                                                                 42                          37        1.18          1186        37.79  
                                                                 43                          15        0.48          1201        38.27  
                                                                 44                          84        2.68          1285        40.95  
                                                                 45                         284        9.05          1569        50.00  
                                                                 46                          36        1.15          1605        51.15  
                                                                 47                         353       11.25          1958        62.40  
                                                                 48                           1        0.03          1959        62.43  
                                                                 50                         428       13.64          2387        76.07  
                                                                 52                           2        0.06          2389        76.13  
                                                                 53                           1        0.03          2390        76.16  
                                                                 54                           8        0.25          2398        76.42  
                                                                 55                           6        0.19          2404        76.61  
                                                                 56                           7        0.22          2411        76.83  
                                                                 57                          11        0.35          2422        77.18  
                                                                 58                          52        1.66          2474        78.84  
                                                                 60                          45        1.43          2519        80.27  
                                                                 61                           1        0.03          2520        80.31  
                                                                 62                          49        1.56          2569        81.87  
                                                                 64                           4        0.13          2573        81.99  
                                                                 65                           1        0.03          2574        82.03  
                                                                 66                          79        2.52          2653        84.54  
                                                                 67                           1        0.03          2654        84.58  
                                                                 70                          18        0.57          2672        85.15  
                                                                 71                           1        0.03          2673        85.18  
                                                                 75                          75        2.39          2748        87.57  
                                                                 78                           2        0.06          2750        87.64  
                                                                 79                           1        0.03          2751        87.67  
                                                                 80                          11        0.35          2762        88.02  
                                                                 82                           1        0.03          2763        88.05  
                                                                 83                          68        2.17          2831        90.22  
                                                                 85                           1        0.03          2832        90.25  
                                                                 87                          12        0.38          2844        90.63  
                                                                 90                           2        0.06          2846        90.69  
                                                                 91                           6        0.19          2852        90.89  
                                                                 95                           1        0.03          2853        90.92  
                                                                100                          72        2.29          2925        93.21  
                                                                106                           1        0.03          2926        93.24  
                                                                108                           1        0.03          2927        93.28  
                                                                112                           3        0.10          2930        93.37  
                                                                116                           5        0.16          2935        93.53  
                                                                125                          13        0.41          2948        93.95  
                                                                130                           1        0.03          2949        93.98  
                                                                133                           3        0.10          2952        94.07  
                                                                150                          37        1.18          2989        95.25  
                                                                175                           6        0.19          2995        95.44  
                                                                200                          52        1.66          3047        97.10  
                                                                250                          48        1.53          3095        98.63  
                                                                300                          36        1.15          3131        99.78  
                                                                350                           4        0.13          3135        99.90  
                                                                400                           2        0.06          3137        99.97  
                                                                500                           1        0.03          3138       100.00  
                                                                    Prepared for                                                                     9
                                                                 Data Quality Report
                                                           Library:WORK  Member:scored__KS
                                                              Total Observations: 240191

                                                                                                              Number of     Numeric or          
   Variable                                                                   Label                         Observations    Character     Levels

   CAC_HH_PID                                            Household Persistent ID                                240,191     Character        50+
                                                                                                                                                
   CAC_NAME_LAST                                         Household Name                                         240,191     Character        50+
                                                                                                                                                
   bridge_address1                                       Address Line 1 From Bridge                             240,191     Character        50+
                                                                                                                                                
   bridge_address2                                       Address Line 2 From Bridge                                   0     Character         0 
                                                                                                                                                
   bridge_city                                           Address City From Bridge                               240,191     Character        50+
                                                                                                                                                
   bridge_name_first                                     First Name From Bridge                                 240,191     Character        50+
                                                                                                                                                
   bridge_name_last                                      Last Name From Bridge                                  240,191     Character        50+
                                                                                                                                                
   bridge_name_last_exact                                                                                       240,191     Character        50+
                                                                                                                                                
   bridge_name_last_fuzzy1                                                                                      240,191     Character        50+
                                                                                                                                                
   bridge_state                                          Address State From Bridge                              240,191     Character         1 
                                                         Value KS    100%                                       240,191                         
                                                                                                                                                
   bridge_zip5                                           Address Zip 5 From Bridge                              240,191     Character        50+
                                                                                                                                                
   cac_bridge_md5email_id                                Unique ID To Append Email Addresses From Bridge        240,191     Character        50+

                                                             Number        Zero          Mean        Median       Minimum       Maximum    Variable
   Variable                                                 Missing      Values         Value         Value         Value         Value     Format 

   CAC_HH_PID                                                     0                                                                          $27   
                                                                                                                                                   
   CAC_NAME_LAST                                                  0                                                                                
                                                                                                                                                   
   bridge_address1                                                0                                                                          $50   
                                                                                                                                                   
   bridge_address2                                          240,191                                                                          $50   
                                                                                                                                                   
   bridge_city                                                    0                                                                          $30   
                                                                                                                                                   
   bridge_name_first                                              0                                                                          $25   
                                                                                                                                                   
   bridge_name_last                                               0                                                                          $25   
                                                                                                                                                   
   bridge_name_last_exact                                         0                                                                                
                                                                                                                                                   
   bridge_name_last_fuzzy1                                        0                                                                                
                                                                                                                                                   
   bridge_state                                                   0                                                                          $2    
                                                                                                                                                   
                                                                                                                                                   
   bridge_zip5                                                    0                                                                          $5    
                                                                                                                                                   
   cac_bridge_md5email_id                                         0                                                                          $50   

                                                             Prepared by CAC Group, Inc.
                                                                    Prepared for                                                                    10
                                                                 Data Quality Report
                                                           Library:WORK  Member:scored__KS
                                                              Total Observations: 240191

                                                                                      Number of     Numeric or                  Number        Zero
    Variable                                                      Label             Observations    Character     Levels       Missing      Values

                                                                                                                                                  
    chosen_cac_ind_gender                                                               240,191     Numeric           2              0           0
                                                          Value        1   47.0%        112,824                                                   
                                                          Value        2   53.0%        127,367                                                   
                                                                                                                                                  
    chosen_cac_ind_last                                                                 240,191     Character        50+             0            
                                                                                                                                                  
    chosen_cac_ind_mi                                                                   193,855     Character        26         46,336            
                                                                                                                                                  
    chosen_cac_ind_name                                                                 240,191     Character        50+             0            
                                                                                                                                                  
    chosen_cac_ind_number                                                               240,191     Numeric           5              0           0
                                                          Value        1   68.8%        165,363                                                   
                                                          Value        2   24.6%         59,097                                                   
                                                          Value        3    5.4%         12,983                                                   
                                                          Value        4    1.0%          2,419                                                   
                                                          Value        5    0.1%            329                                                   
                                                                                                                                                  
    chosen_first_x_of_x_flag                                                            240,191     Numeric           2              0       1,401
                                                                                                                                                  
    chosen_match_level                                                                  240,191     Numeric           3              0           0
                                                          Value        1   86.4%        207,523                                                   
                                                          Value        2   11.5%         27,568                                                   
                                                          Value        3    2.1%          5,100                                                   

                                                                Mean        Median       Minimum       Maximum    Variable
    Variable                                                   Value         Value         Value         Value     Format 

                                                                                                                          
    chosen_cac_ind_gender                                     1.5303        2.0000        1.0000        2.0000      8     
                                                                                                                          
                                                                                                                          
                                                                                                                          
    chosen_cac_ind_last                                                                                             $20   
                                                                                                                          
    chosen_cac_ind_mi                                                                                               $1    
                                                                                                                          
    chosen_cac_ind_name                                                                                             $14   
                                                                                                                          
    chosen_cac_ind_number                                     1.3898        1.0000        1.0000        5.0000      8     
                                                                                                                          
                                                                                                                          
                                                                                                                          
                                                                                                                          
                                                                                                                          
                                                                                                                          
    chosen_first_x_of_x_flag                                  0.9942        1.0000        0.0000        1.0000      8     
                                                                                                                          
    chosen_match_level                                        1.1572        1.0000        1.0000        3.0000      8     
                                                                                                                          
                                                                                                                          
                                                                                                                          

                                                             Prepared by CAC Group, Inc.
                                                                    Prepared for                                                                    11
                                                                 Data Quality Report
                                                           Library:WORK  Member:scored__KS
                                                              Total Observations: 240191

                                                                                      Number of     Numeric or                  Number        Zero
    Variable                                                      Label             Observations    Character     Levels       Missing      Values

                                                                                                                                                  
    chosen_spedis_score                                                                 240,191      Numeric         50+             0     207,584
                                                                                                                                                  
    last_name_match                                                                     240,191      Numeric          1              0           0
                                                          Value        1    100%        240,191                                                   
                                                                                                                                                  

                                                                Mean        Median       Minimum       Maximum    Variable
    Variable                                                   Value         Value         Value         Value     Format 

                                                                                                                          
    chosen_spedis_score                                       3.4928        0.0000        0.0000      500.0000       8    
                                                                                                                          
    last_name_match                                           1.0000        1.0000        1.0000        1.0000            
                                                                                                                          
                                                                                                                          





































                                                             Prepared by CAC Group, Inc.
