                                                                                             The WPS System                                                          12:00 Wednesday, July 29, 2015    1

                                                                                           The FREQ Procedure

                                                               Table of last_name_match by chosen_cac_ind_number
                                                                                                                                        
                                                                last_name_match|             chosen_cac_ind_number             |        
                                                                ---------------+-----------------------------------------------|        
                                                                   Frequency   |       |       |       |       |       |       |        
                                                                    Percent    |       |       |       |       |       |       |        
                                                                    Row Pct    |       |       |       |       |       |       |        
                                                                    Col Pct    |   .   |   1   |   2   |   3   |   4   |   5   | Total  
                                                                ---------------+-------+-------+-------+-------+-------+-------+------- 
                                                                              0| 282991|      0|      0|      0|      0|      0| 282991 
                                                                               |  38.98|   0.00|   0.00|   0.00|   0.00|   0.00|  38.98 
                                                                               | 100.00|   0.00|   0.00|   0.00|   0.00|   0.00|        
                                                                               |  50.39|   0.00|   0.00|   0.00|   0.00|   0.00|        
                                                                ---------------+-------+-------+-------+-------+-------+-------+------- 
                                                                              1| 278612| 113500|  34828|  12213|   3140|    630| 442923 
                                                                               |  38.38|  15.64|   4.80|   1.68|   0.43|   0.09|  61.02 
                                                                               |  62.90|  25.63|   7.86|   2.76|   0.71|   0.14|        
                                                                               |  49.61| 100.00| 100.00| 100.00| 100.00| 100.00|        
                                                                ---------------+-------+-------+-------+-------+-------+-------+------- 
                                                                          Total| 561603| 113500|  34828|  12213|   3140|    630| 725914 
                                                                               |  77.36|  15.64|   4.80|   1.68|   0.43|   0.09| 100.00 
                                                                                                                                        
                                                                                             The WPS System                                                          12:00 Wednesday, July 29, 2015    2

                                                                                           The FREQ Procedure

                                                                    Table of chosen_cac_ind_number by chosen_match_level
                                                                                                                                   
                                                                     chosen_cac_ind_number|      chosen_match_level       |        
                                                                     ---------------------+-------------------------------|        
                                                                           Frequency      |       |       |       |       |        
                                                                            Percent       |       |       |       |       |        
                                                                            Row Pct       |       |       |       |       |        
                                                                            Col Pct       |   .   |   1   |   2   |   3   | Total  
                                                                     ---------------------+-------+-------+-------+-------+------- 
                                                                                         .| 561603|      0|      0|      0| 561603 
                                                                                          |  77.36|   0.00|   0.00|   0.00|  77.36 
                                                                                          | 100.00|   0.00|   0.00|   0.00|        
                                                                                          | 100.00|   0.00|   0.00|   0.00|        
                                                                     ---------------------+-------+-------+-------+-------+------- 
                                                                                         1|      0| 100161|  11610|   1729| 113500 
                                                                                          |   0.00|  13.80|   1.60|   0.24|  15.64 
                                                                                          |   0.00|  88.25|  10.23|   1.52|        
                                                                                          |   0.00|  69.57|  66.69|  59.09|        
                                                                     ---------------------+-------+-------+-------+-------+------- 
                                                                                         2|      0|  30248|   3863|    717|  34828 
                                                                                          |   0.00|   4.17|   0.53|   0.10|   4.80 
                                                                                          |   0.00|  86.85|  11.09|   2.06|        
                                                                                          |   0.00|  21.01|  22.19|  24.50|        
                                                                     ---------------------+-------+-------+-------+-------+------- 
                                                                                         3|      0|  10417|   1453|    343|  12213 
                                                                                          |   0.00|   1.44|   0.20|   0.05|   1.68 
                                                                                          |   0.00|  85.29|  11.90|   2.81|        
                                                                                          |   0.00|   7.24|   8.35|  11.72|        
                                                                     ---------------------+-------+-------+-------+-------+------- 
                                                                                         4|      0|   2642|    394|    104|   3140 
                                                                                          |   0.00|   0.36|   0.05|   0.01|   0.43 
                                                                                          |   0.00|  84.14|  12.55|   3.31|        
                                                                                          |   0.00|   1.84|   2.26|   3.55|        
                                                                     ---------------------+-------+-------+-------+-------+------- 
                                                                                         5|      0|    509|     88|     33|    630 
                                                                                          |   0.00|   0.07|   0.01|   0.00|   0.09 
                                                                                          |   0.00|  80.79|  13.97|   5.24|        
                                                                                          |   0.00|   0.35|   0.51|   1.13|        
                                                                     ---------------------+-------+-------+-------+-------+------- 
                                                                                     Total| 561603| 143977|  17408|   2926| 725914 
                                                                                          |  77.36|  19.83|   2.40|   0.40| 100.00 
                                                                                                                                   
                                                                                             match_level 2                                                           12:00 Wednesday, July 29, 2015    3

                                                                                           The FREQ Procedure

                                                                                                                Cumulative    Cumulative
                                                                chosen_spedis_score    Frequency     Percent     Frequency      Percent 
                                                                ------------------------------------------------------------------------
                                                                 0                           43        0.25            43         0.25  
                                                                 2                            8        0.05            51         0.29  
                                                                 3                           89        0.51           140         0.80  
                                                                 4                          137        0.79           277         1.59  
                                                                 5                          625        3.59           902         5.18  
                                                                 6                          126        0.72          1028         5.91  
                                                                 7                          699        4.02          1727         9.92  
                                                                 8                          333        1.91          2060        11.83  
                                                                 9                           35        0.20          2095        12.03  
                                                                10                          436        2.50          2531        14.54  
                                                                11                          471        2.71          3002        17.24  
                                                                12                          404        2.32          3406        19.57  
                                                                13                           99        0.57          3505        20.13  
                                                                14                          474        2.72          3979        22.86  
                                                                15                         1725        9.91          5704        32.77  
                                                                16                          591        3.39          6295        36.16  
                                                                17                         1324        7.61          7619        43.77  
                                                                18                           39        0.22          7658        43.99  
                                                                19                         1219        7.00          8877        50.99  
                                                                20                         1281        7.36         10158        58.35  
                                                                21                          394        2.26         10552        60.62  
                                                                22                          128        0.74         10680        61.35  
                                                                23                          390        2.24         11070        63.59  
                                                                24                          211        1.21         11281        64.80  
                                                                25                          664        3.81         11945        68.62  
                                                                26                          304        1.75         12249        70.36  
                                                                27                          388        2.23         12637        72.59  
                                                                28                         2025       11.63         14662        84.23  
                                                                29                          650        3.73         15312        87.96  
                                                                30                          896        5.15         16208        93.11  
                                                                31                          104        0.60         16312        93.70  
                                                                32                            4        0.02         16316        93.73  
                                                                33                          503        2.89         16819        96.62  
                                                                34                          589        3.38         17408       100.00  
                                                                                             match_level 3                                                           12:00 Wednesday, July 29, 2015    4

                                                                                           The FREQ Procedure

                                                                                                                Cumulative    Cumulative
                                                                chosen_spedis_score    Frequency     Percent     Frequency      Percent 
                                                                ------------------------------------------------------------------------
                                                                 35                          34        1.16            34         1.16  
                                                                 37                         273        9.33           307        10.49  
                                                                 38                         230        7.86           537        18.35  
                                                                 39                         226        7.72           763        26.08  
                                                                 40                         235        8.03           998        34.11  
                                                                 41                          77        2.63          1075        36.74  
                                                                 42                          47        1.61          1122        38.35  
                                                                 43                          46        1.57          1168        39.92  
                                                                 45                          20        0.68          1188        40.60  
                                                                 46                          21        0.72          1209        41.32  
                                                                 47                          62        2.12          1271        43.44  
                                                                 48                           6        0.21          1277        43.64  
                                                                 49                           3        0.10          1280        43.75  
                                                                 50                         507       17.33          1787        61.07  
                                                                 52                           1        0.03          1788        61.11  
                                                                 53                           3        0.10          1791        61.21  
                                                                 54                          31        1.06          1822        62.27  
                                                                 55                          16        0.55          1838        62.82  
                                                                 56                          12        0.41          1850        63.23  
                                                                 57                          49        1.67          1899        64.90  
                                                                 58                          48        1.64          1947        66.54  
                                                                 60                         109        3.73          2056        70.27  
                                                                 62                         118        4.03          2174        74.30  
                                                                 63                           1        0.03          2175        74.33  
                                                                 64                          10        0.34          2185        74.68  
                                                                 65                          37        1.26          2222        75.94  
                                                                 66                         153        5.23          2375        81.17  
                                                                 67                           2        0.07          2377        81.24  
                                                                 68                          12        0.41          2389        81.65  
                                                                 70                          31        1.06          2420        82.71  
                                                                 75                          89        3.04          2509        85.75  
                                                                 78                           3        0.10          2512        85.85  
                                                                 79                           1        0.03          2513        85.89  
                                                                 80                          12        0.41          2525        86.30  
                                                                 81                           2        0.07          2527        86.36  
                                                                 82                           1        0.03          2528        86.40  
                                                                 83                          66        2.26          2594        88.65  
                                                                 84                           1        0.03          2595        88.69  
                                                                 87                          45        1.54          2640        90.23  
                                                                 90                           6        0.21          2646        90.43  
                                                                 91                           3        0.10          2649        90.53  
                                                                 92                           1        0.03          2650        90.57  
                                                                100                          59        2.02          2709        92.58  
                                                                106                           2        0.07          2711        92.65  
                                                                108                           6        0.21          2717        92.86  
                                                                110                           1        0.03          2718        92.89  
                                                                112                           7        0.24          2725        93.13  
                                                                114                           1        0.03          2726        93.16  
                                                                116                          19        0.65          2745        93.81  
                                                                120                           1        0.03          2746        93.85  
                                                                125                          11        0.38          2757        94.22  
                                                                133                           4        0.14          2761        94.36  
                                                                141                           1        0.03          2762        94.40  
                                                                150                          31        1.06          2793        95.45  
                                                                166                           1        0.03          2794        95.49  
                                                                175                           4        0.14          2798        95.63  
                                                                200                          28        0.96          2826        96.58  
                                                                250                          25        0.85          2851        97.44  
                                                                300                          38        1.30          2889        98.74  
                                                                350                          21        0.72          2910        99.45  
                                                                400                          12        0.41          2922        99.86  
                                                                450                           2        0.07          2924        99.93  
                                                                500                           2        0.07          2926       100.00  
                                                                                                                                                                     12:00 Wednesday, July 29, 2015    5

                                                                                           The FREQ Procedure

                                                               Table of last_name_match by chosen_cac_ind_number
                                                                                                                                        
                                                                last_name_match|             chosen_cac_ind_number             |        
                                                                ---------------+-----------------------------------------------|        
                                                                   Frequency   |       |       |       |       |       |       |        
                                                                    Percent    |       |       |       |       |       |       |        
                                                                    Row Pct    |       |       |       |       |       |       |        
                                                                    Col Pct    |   .   |   1   |   2   |   3   |   4   |   5   | Total  
                                                                ---------------+-------+-------+-------+-------+-------+-------+------- 
                                                                              0| 282991|      0|      0|      0|      0|      0| 282991 
                                                                               |  38.98|   0.00|   0.00|   0.00|   0.00|   0.00|  38.98 
                                                                               | 100.00|   0.00|   0.00|   0.00|   0.00|   0.00|        
                                                                               |  52.88|   0.00|   0.00|   0.00|   0.00|   0.00|        
                                                                ---------------+-------+-------+-------+-------+-------+-------+------- 
                                                                              1| 252139| 126486|  48159|  12345|   3217|    577| 442923 
                                                                               |  34.73|  17.42|   6.63|   1.70|   0.44|   0.08|  61.02 
                                                                               |  56.93|  28.56|  10.87|   2.79|   0.73|   0.13|        
                                                                               |  47.12| 100.00| 100.00| 100.00| 100.00| 100.00|        
                                                                ---------------+-------+-------+-------+-------+-------+-------+------- 
                                                                          Total| 535130| 126486|  48159|  12345|   3217|    577| 725914 
                                                                               |  73.72|  17.42|   6.63|   1.70|   0.44|   0.08| 100.00 
                                                                                                                                        
                                                                                                                                                                     12:00 Wednesday, July 29, 2015    6

                                                                                           The FREQ Procedure

                                                                    Table of chosen_cac_ind_number by chosen_match_level
                                                                                                                                   
                                                                     chosen_cac_ind_number|      chosen_match_level       |        
                                                                     ---------------------+-------------------------------|        
                                                                           Frequency      |       |       |       |       |        
                                                                            Percent       |       |       |       |       |        
                                                                            Row Pct       |       |       |       |       |        
                                                                            Col Pct       |   .   |   1   |   2   |   3   | Total  
                                                                     ---------------------+-------+-------+-------+-------+------- 
                                                                                         .| 535130|      0|      0|      0| 535130 
                                                                                          |  73.72|   0.00|   0.00|   0.00|  73.72 
                                                                                          | 100.00|   0.00|   0.00|   0.00|        
                                                                                          | 100.00|   0.00|   0.00|   0.00|        
                                                                     ---------------------+-------+-------+-------+-------+------- 
                                                                                         1|      0| 111883|  12396|   2207| 126486 
                                                                                          |   0.00|  15.41|   1.71|   0.30|  17.42 
                                                                                          |   0.00|  88.45|   9.80|   1.74|        
                                                                                          |   0.00|  66.42|  66.49|  59.57|        
                                                                     ---------------------+-------+-------+-------+-------+------- 
                                                                                         2|      0|  42225|   4846|   1088|  48159 
                                                                                          |   0.00|   5.82|   0.67|   0.15|   6.63 
                                                                                          |   0.00|  87.68|  10.06|   2.26|        
                                                                                          |   0.00|  25.07|  25.99|  29.37|        
                                                                     ---------------------+-------+-------+-------+-------+------- 
                                                                                         3|      0|  11001|   1052|    292|  12345 
                                                                                          |   0.00|   1.52|   0.14|   0.04|   1.70 
                                                                                          |   0.00|  89.11|   8.52|   2.37|        
                                                                                          |   0.00|   6.53|   5.64|   7.88|        
                                                                     ---------------------+-------+-------+-------+-------+------- 
                                                                                         4|      0|   2845|    280|     92|   3217 
                                                                                          |   0.00|   0.39|   0.04|   0.01|   0.44 
                                                                                          |   0.00|  88.44|   8.70|   2.86|        
                                                                                          |   0.00|   1.69|   1.50|   2.48|        
                                                                     ---------------------+-------+-------+-------+-------+------- 
                                                                                         5|      0|    482|     69|     26|    577 
                                                                                          |   0.00|   0.07|   0.01|   0.00|   0.08 
                                                                                          |   0.00|  83.54|  11.96|   4.51|        
                                                                                          |   0.00|   0.29|   0.37|   0.70|        
                                                                     ---------------------+-------+-------+-------+-------+------- 
                                                                                     Total| 535130| 168436|  18643|   3705| 725914 
                                                                                          |  73.72|  23.20|   2.57|   0.51| 100.00 
                                                                                                                                   
                                                                                             match_level 2                                                           12:00 Wednesday, July 29, 2015    7

                                                                                           The FREQ Procedure

                                                                                                                Cumulative    Cumulative
                                                                chosen_spedis_score    Frequency     Percent     Frequency      Percent 
                                                                ------------------------------------------------------------------------
                                                                 0                           72        0.39            72         0.39  
                                                                 2                            7        0.04            79         0.42  
                                                                 3                          312        1.67           391         2.10  
                                                                 4                          266        1.43           657         3.52  
                                                                 5                          807        4.33          1464         7.85  
                                                                 6                          678        3.64          2142        11.49  
                                                                 7                          922        4.95          3064        16.44  
                                                                 8                          832        4.46          3896        20.90  
                                                                 9                           20        0.11          3916        21.01  
                                                                10                          500        2.68          4416        23.69  
                                                                11                          648        3.48          5064        27.16  
                                                                12                          658        3.53          5722        30.69  
                                                                13                          141        0.76          5863        31.45  
                                                                14                          844        4.53          6707        35.98  
                                                                15                          628        3.37          7335        39.34  
                                                                16                          865        4.64          8200        43.98  
                                                                17                          701        3.76          8901        47.74  
                                                                18                           89        0.48          8990        48.22  
                                                                19                          533        2.86          9523        51.08  
                                                                20                          777        4.17         10300        55.25  
                                                                21                         1075        5.77         11375        61.01  
                                                                22                          284        1.52         11659        62.54  
                                                                23                          215        1.15         11874        63.69  
                                                                24                          141        0.76         12015        64.45  
                                                                25                         1090        5.85         13105        70.29  
                                                                26                          795        4.26         13900        74.56  
                                                                27                          219        1.17         14119        75.73  
                                                                28                         1163        6.24         15282        81.97  
                                                                29                          635        3.41         15917        85.38  
                                                                30                         1243        6.67         17160        92.05  
                                                                31                          264        1.42         17424        93.46  
                                                                32                            8        0.04         17432        93.50  
                                                                33                          585        3.14         18017        96.64  
                                                                34                          626        3.36         18643       100.00  
                                                                                             match_level 3                                                           12:00 Wednesday, July 29, 2015    8

                                                                                           The FREQ Procedure

                                                                                                                Cumulative    Cumulative
                                                                chosen_spedis_score    Frequency     Percent     Frequency      Percent 
                                                                ------------------------------------------------------------------------
                                                                 35                          50        1.35            50         1.35  
                                                                 36                           1        0.03            51         1.38  
                                                                 37                         328        8.85           379        10.23  
                                                                 38                         350        9.45           729        19.68  
                                                                 39                         104        2.81           833        22.48  
                                                                 40                         225        6.07          1058        28.56  
                                                                 41                         118        3.18          1176        31.74  
                                                                 42                          50        1.35          1226        33.09  
                                                                 43                          41        1.11          1267        34.20  
                                                                 44                          64        1.73          1331        35.92  
                                                                 45                         118        3.18          1449        39.11  
                                                                 46                          67        1.81          1516        40.92  
                                                                 47                         328        8.85          1844        49.77  
                                                                 48                           4        0.11          1848        49.88  
                                                                 50                         615       16.60          2463        66.48  
                                                                 52                           9        0.24          2472        66.72  
                                                                 53                           5        0.13          2477        66.86  
                                                                 54                          20        0.54          2497        67.40  
                                                                 55                          16        0.43          2513        67.83  
                                                                 56                          13        0.35          2526        68.18  
                                                                 57                          48        1.30          2574        69.47  
                                                                 58                          60        1.62          2634        71.09  
                                                                 59                           1        0.03          2635        71.12  
                                                                 60                         106        2.86          2741        73.98  
                                                                 61                           1        0.03          2742        74.01  
                                                                 62                         115        3.10          2857        77.11  
                                                                 64                           9        0.24          2866        77.35  
                                                                 65                           8        0.22          2874        77.57  
                                                                 66                         100        2.70          2974        80.27  
                                                                 68                           6        0.16          2980        80.43  
                                                                 70                          44        1.19          3024        81.62  
                                                                 71                           9        0.24          3033        81.86  
                                                                 75                          97        2.62          3130        84.48  
                                                                 78                           4        0.11          3134        84.59  
                                                                 80                          14        0.38          3148        84.97  
                                                                 81                           1        0.03          3149        84.99  
                                                                 83                          88        2.38          3237        87.37  
                                                                 85                           4        0.11          3241        87.48  
                                                                 86                           1        0.03          3242        87.50  
                                                                 87                          18        0.49          3260        87.99  
                                                                 90                           6        0.16          3266        88.15  
                                                                 91                           1        0.03          3267        88.18  
                                                                 93                           4        0.11          3271        88.29  
                                                                100                          75        2.02          3346        90.31  
                                                                105                           1        0.03          3347        90.34  
                                                                106                           1        0.03          3348        90.36  
                                                                108                           4        0.11          3352        90.47  
                                                                110                           3        0.08          3355        90.55  
                                                                112                          10        0.27          3365        90.82  
                                                                116                          14        0.38          3379        91.20  
                                                                125                          30        0.81          3409        92.01  
                                                                133                           8        0.22          3417        92.23  
                                                                137                           4        0.11          3421        92.33  
                                                                140                           1        0.03          3422        92.36  
                                                                150                          54        1.46          3476        93.82  
                                                                162                           1        0.03          3477        93.85  
                                                                175                           6        0.16          3483        94.01  
                                                                200                          52        1.40          3535        95.41  
                                                                250                          90        2.43          3625        97.84  
                                                                300                          49        1.32          3674        99.16  
                                                                350                          18        0.49          3692        99.65  
                                                                400                          11        0.30          3703        99.95  
                                                                500                           2        0.05          3705       100.00  
                                                                    Prepared for                                                                     9
                                                                 Data Quality Report
                                                           Library:WORK  Member:scored__CT
                                                              Total Observations: 355095

                                                                                                              Number of     Numeric or          
   Variable                                                                   Label                         Observations    Character     Levels

   CAC_HH_PID                                            Household Persistent ID                                355,095     Character        50+
                                                                                                                                                
   CAC_NAME_LAST                                         Household Name                                         355,095     Character        50+
                                                                                                                                                
   bridge_address1                                       Address Line 1 From Bridge                             355,095     Character        50+
                                                                                                                                                
   bridge_address2                                       Address Line 2 From Bridge                                   0     Character         0 
                                                                                                                                                
   bridge_city                                           Address City From Bridge                               355,095     Character        50+
                                                                                                                                                
   bridge_name_first                                     First Name From Bridge                                 355,095     Character        50+
                                                                                                                                                
   bridge_name_last                                      Last Name From Bridge                                  355,095     Character        50+
                                                                                                                                                
   bridge_name_last_exact                                                                                       355,095     Character        50+
                                                                                                                                                
   bridge_name_last_fuzzy1                                                                                      355,095     Character        50+
                                                                                                                                                
   bridge_state                                          Address State From Bridge                              355,095     Character         1 
                                                         Value CT    100%                                       355,095                         
                                                                                                                                                
   bridge_zip5                                           Address Zip 5 From Bridge                              355,095     Character        50+
                                                                                                                                                
   cac_bridge_md5email_id                                Unique ID To Append Email Addresses From Bridge        355,095     Character        50+

                                                             Number        Zero          Mean        Median       Minimum       Maximum    Variable
   Variable                                                 Missing      Values         Value         Value         Value         Value     Format 

   CAC_HH_PID                                                     0                                                                          $27   
                                                                                                                                                   
   CAC_NAME_LAST                                                  0                                                                                
                                                                                                                                                   
   bridge_address1                                                0                                                                          $50   
                                                                                                                                                   
   bridge_address2                                          355,095                                                                          $50   
                                                                                                                                                   
   bridge_city                                                    0                                                                          $30   
                                                                                                                                                   
   bridge_name_first                                              0                                                                          $25   
                                                                                                                                                   
   bridge_name_last                                               0                                                                          $25   
                                                                                                                                                   
   bridge_name_last_exact                                         0                                                                                
                                                                                                                                                   
   bridge_name_last_fuzzy1                                        0                                                                                
                                                                                                                                                   
   bridge_state                                                   0                                                                          $2    
                                                                                                                                                   
                                                                                                                                                   
   bridge_zip5                                                    0                                                                          $5    
                                                                                                                                                   
   cac_bridge_md5email_id                                         0                                                                          $50   

                                                             Prepared by CAC Group, Inc.
                                                                    Prepared for                                                                    10
                                                                 Data Quality Report
                                                           Library:WORK  Member:scored__CT
                                                              Total Observations: 355095

                                                                                      Number of     Numeric or                  Number        Zero
    Variable                                                      Label             Observations    Character     Levels       Missing      Values

                                                                                                                                                  
    chosen_cac_ind_gender                                                               355,095     Numeric           2              0           0
                                                          Value        1   46.3%        164,311                                                   
                                                          Value        2   53.7%        190,784                                                   
                                                                                                                                                  
    chosen_cac_ind_last                                                                 355,095     Character        50+             0            
                                                                                                                                                  
    chosen_cac_ind_mi                                                                   303,928     Character        26         51,167            
                                                                                                                                                  
    chosen_cac_ind_name                                                                 355,095     Character        50+             0            
                                                                                                                                                  
    chosen_cac_ind_number                                                               355,095     Numeric           5              0           0
                                                          Value        1   67.6%        239,986                                                   
                                                          Value        2   23.4%         82,987                                                   
                                                          Value        3    6.9%         24,558                                                   
                                                          Value        4    1.8%          6,357                                                   
                                                          Value        5    0.3%          1,207                                                   
                                                                                                                                                  
    chosen_first_x_of_x_flag                                                            355,095     Numeric           2              0       2,297
                                                                                                                                                  
    chosen_match_level                                                                  355,095     Numeric           3              0           0
                                                          Value        1   88.0%        312,413                                                   
                                                          Value        2   10.2%         36,051                                                   
                                                          Value        3    1.9%          6,631                                                   

                                                                Mean        Median       Minimum       Maximum    Variable
    Variable                                                   Value         Value         Value         Value     Format 

                                                                                                                          
    chosen_cac_ind_gender                                     1.5373        2.0000        1.0000        2.0000      8     
                                                                                                                          
                                                                                                                          
                                                                                                                          
    chosen_cac_ind_last                                                                                             $20   
                                                                                                                          
    chosen_cac_ind_mi                                                                                               $1    
                                                                                                                          
    chosen_cac_ind_name                                                                                             $14   
                                                                                                                          
    chosen_cac_ind_number                                     1.4393        1.0000        1.0000        5.0000      8     
                                                                                                                          
                                                                                                                          
                                                                                                                          
                                                                                                                          
                                                                                                                          
                                                                                                                          
    chosen_first_x_of_x_flag                                  0.9935        1.0000        0.0000        1.0000      8     
                                                                                                                          
    chosen_match_level                                        1.1389        1.0000        1.0000        3.0000      8     
                                                                                                                          
                                                                                                                          
                                                                                                                          

                                                             Prepared by CAC Group, Inc.
                                                                    Prepared for                                                                    11
                                                                 Data Quality Report
                                                           Library:WORK  Member:scored__CT
                                                              Total Observations: 355095

                                                                                      Number of     Numeric or                  Number        Zero
    Variable                                                      Label             Observations    Character     Levels       Missing      Values

                                                                                                                                                  
    chosen_spedis_score                                                                 355,095      Numeric         50+             0     312,528
                                                                                                                                                  
    last_name_match                                                                     355,095      Numeric          1              0           0
                                                          Value        1    100%        355,095                                                   
                                                                                                                                                  

                                                                Mean        Median       Minimum       Maximum    Variable
    Variable                                                   Value         Value         Value         Value     Format 

                                                                                                                          
    chosen_spedis_score                                       3.1744        0.0000        0.0000      500.0000       8    
                                                                                                                          
    last_name_match                                           1.0000        1.0000        1.0000        1.0000            
                                                                                                                          
                                                                                                                          





































                                                             Prepared by CAC Group, Inc.
