                                                                                             The WPS System                                                          12:02 Wednesday, July 29, 2015    1

                                                                                           The FREQ Procedure

                                                               Table of last_name_match by chosen_cac_ind_number
                                                                                                                                        
                                                                last_name_match|             chosen_cac_ind_number             |        
                                                                ---------------+-----------------------------------------------|        
                                                                   Frequency   |       |       |       |       |       |       |        
                                                                    Percent    |       |       |       |       |       |       |        
                                                                    Row Pct    |       |       |       |       |       |       |        
                                                                    Col Pct    |   .   |   1   |   2   |   3   |   4   |   5   | Total  
                                                                ---------------+-------+-------+-------+-------+-------+-------+------- 
                                                                              0|  62577|      0|      0|      0|      0|      0|  62577 
                                                                               |  39.47|   0.00|   0.00|   0.00|   0.00|   0.00|  39.47 
                                                                               | 100.00|   0.00|   0.00|   0.00|   0.00|   0.00|        
                                                                               |  51.48|   0.00|   0.00|   0.00|   0.00|   0.00|        
                                                                ---------------+-------+-------+-------+-------+-------+-------+------- 
                                                                              1|  58981|  26334|   7653|   2340|    553|    103|  95964 
                                                                               |  37.20|  16.61|   4.83|   1.48|   0.35|   0.06|  60.53 
                                                                               |  61.46|  27.44|   7.97|   2.44|   0.58|   0.11|        
                                                                               |  48.52| 100.00| 100.00| 100.00| 100.00| 100.00|        
                                                                ---------------+-------+-------+-------+-------+-------+-------+------- 
                                                                          Total| 121558|  26334|   7653|   2340|    553|    103| 158541 
                                                                               |  76.67|  16.61|   4.83|   1.48|   0.35|   0.06| 100.00 
                                                                                                                                        
                                                                                             The WPS System                                                          12:02 Wednesday, July 29, 2015    2

                                                                                           The FREQ Procedure

                                                                    Table of chosen_cac_ind_number by chosen_match_level
                                                                                                                                   
                                                                     chosen_cac_ind_number|      chosen_match_level       |        
                                                                     ---------------------+-------------------------------|        
                                                                           Frequency      |       |       |       |       |        
                                                                            Percent       |       |       |       |       |        
                                                                            Row Pct       |       |       |       |       |        
                                                                            Col Pct       |   .   |   1   |   2   |   3   | Total  
                                                                     ---------------------+-------+-------+-------+-------+------- 
                                                                                         .| 121558|      0|      0|      0| 121558 
                                                                                          |  76.67|   0.00|   0.00|   0.00|  76.67 
                                                                                          | 100.00|   0.00|   0.00|   0.00|        
                                                                                          | 100.00|   0.00|   0.00|   0.00|        
                                                                     ---------------------+-------+-------+-------+-------+------- 
                                                                                         1|      0|  21943|   3973|    418|  26334 
                                                                                          |   0.00|  13.84|   2.51|   0.26|  16.61 
                                                                                          |   0.00|  83.33|  15.09|   1.59|        
                                                                                          |   0.00|  71.26|  71.96|  62.30|        
                                                                     ---------------------+-------+-------+-------+-------+------- 
                                                                                         2|      0|   6309|   1192|    152|   7653 
                                                                                          |   0.00|   3.98|   0.75|   0.10|   4.83 
                                                                                          |   0.00|  82.44|  15.58|   1.99|        
                                                                                          |   0.00|  20.49|  21.59|  22.65|        
                                                                     ---------------------+-------+-------+-------+-------+------- 
                                                                                         3|      0|   1998|    273|     69|   2340 
                                                                                          |   0.00|   1.26|   0.17|   0.04|   1.48 
                                                                                          |   0.00|  85.38|  11.67|   2.95|        
                                                                                          |   0.00|   6.49|   4.94|  10.28|        
                                                                     ---------------------+-------+-------+-------+-------+------- 
                                                                                         4|      0|    452|     73|     28|    553 
                                                                                          |   0.00|   0.29|   0.05|   0.02|   0.35 
                                                                                          |   0.00|  81.74|  13.20|   5.06|        
                                                                                          |   0.00|   1.47|   1.32|   4.17|        
                                                                     ---------------------+-------+-------+-------+-------+------- 
                                                                                         5|      0|     89|     10|      4|    103 
                                                                                          |   0.00|   0.06|   0.01|   0.00|   0.06 
                                                                                          |   0.00|  86.41|   9.71|   3.88|        
                                                                                          |   0.00|   0.29|   0.18|   0.60|        
                                                                     ---------------------+-------+-------+-------+-------+------- 
                                                                                     Total| 121558|  30791|   5521|    671| 158541 
                                                                                          |  76.67|  19.42|   3.48|   0.42| 100.00 
                                                                                                                                   
                                                                                             match_level 2                                                           12:02 Wednesday, July 29, 2015    3

                                                                                           The FREQ Procedure

                                                                                                                Cumulative    Cumulative
                                                                chosen_spedis_score    Frequency     Percent     Frequency      Percent 
                                                                ------------------------------------------------------------------------
                                                                 0                            6        0.11             6         0.11  
                                                                 3                            5        0.09            11         0.20  
                                                                 4                           14        0.25            25         0.45  
                                                                 5                          304        5.51           329         5.96  
                                                                 6                           19        0.34           348         6.30  
                                                                 7                          171        3.10           519         9.40  
                                                                 8                           67        1.21           586        10.61  
                                                                 9                            1        0.02           587        10.63  
                                                                10                          118        2.14           705        12.77  
                                                                11                          211        3.82           916        16.59  
                                                                12                           35        0.63           951        17.23  
                                                                13                           40        0.72           991        17.95  
                                                                14                           90        1.63          1081        19.58  
                                                                15                         1013       18.35          2094        37.93  
                                                                16                           73        1.32          2167        39.25  
                                                                17                          721       13.06          2888        52.31  
                                                                18                            6        0.11          2894        52.42  
                                                                19                          200        3.62          3094        56.04  
                                                                20                          497        9.00          3591        65.04  
                                                                21                          132        2.39          3723        67.43  
                                                                22                           38        0.69          3761        68.12  
                                                                23                           43        0.78          3804        68.90  
                                                                24                          130        2.35          3934        71.26  
                                                                25                          170        3.08          4104        74.33  
                                                                26                           33        0.60          4137        74.93  
                                                                27                          198        3.59          4335        78.52  
                                                                28                          491        8.89          4826        87.41  
                                                                29                          128        2.32          4954        89.73  
                                                                30                          128        2.32          5082        92.05  
                                                                31                           14        0.25          5096        92.30  
                                                                33                          129        2.34          5225        94.64  
                                                                34                          296        5.36          5521       100.00  
                                                                                             match_level 3                                                           12:02 Wednesday, July 29, 2015    4

                                                                                           The FREQ Procedure

                                                                                                                Cumulative    Cumulative
                                                                chosen_spedis_score    Frequency     Percent     Frequency      Percent 
                                                                ------------------------------------------------------------------------
                                                                 35                           9        1.34             9         1.34  
                                                                 37                          79       11.77            88        13.11  
                                                                 38                          65        9.69           153        22.80  
                                                                 39                          78       11.62           231        34.43  
                                                                 40                          59        8.79           290        43.22  
                                                                 41                          13        1.94           303        45.16  
                                                                 42                           6        0.89           309        46.05  
                                                                 43                           1        0.15           310        46.20  
                                                                 45                           1        0.15           311        46.35  
                                                                 46                           3        0.45           314        46.80  
                                                                 47                          11        1.64           325        48.44  
                                                                 50                         147       21.91           472        70.34  
                                                                 53                           1        0.15           473        70.49  
                                                                 54                           7        1.04           480        71.54  
                                                                 55                           5        0.75           485        72.28  
                                                                 56                           2        0.30           487        72.58  
                                                                 57                           5        0.75           492        73.32  
                                                                 58                           3        0.45           495        73.77  
                                                                 60                          17        2.53           512        76.30  
                                                                 61                           1        0.15           513        76.45  
                                                                 62                          17        2.53           530        78.99  
                                                                 65                           5        0.75           535        79.73  
                                                                 66                          45        6.71           580        86.44  
                                                                 68                           1        0.15           581        86.59  
                                                                 70                           7        1.04           588        87.63  
                                                                 75                          19        2.83           607        90.46  
                                                                 80                           5        0.75           612        91.21  
                                                                 81                           1        0.15           613        91.36  
                                                                 83                          13        1.94           626        93.29  
                                                                 87                           6        0.89           632        94.19  
                                                                 90                           2        0.30           634        94.49  
                                                                 91                           1        0.15           635        94.63  
                                                                100                          12        1.79           647        96.42  
                                                                112                           3        0.45           650        96.87  
                                                                116                           2        0.30           652        97.17  
                                                                118                           1        0.15           653        97.32  
                                                                125                           2        0.30           655        97.62  
                                                                150                           1        0.15           656        97.76  
                                                                200                           6        0.89           662        98.66  
                                                                250                           3        0.45           665        99.11  
                                                                300                           1        0.15           666        99.25  
                                                                350                           4        0.60           670        99.85  
                                                                400                           1        0.15           671       100.00  
                                                                                                                                                                     12:02 Wednesday, July 29, 2015    5

                                                                                           The FREQ Procedure

                                                               Table of last_name_match by chosen_cac_ind_number
                                                                                                                                        
                                                                last_name_match|             chosen_cac_ind_number             |        
                                                                ---------------+-----------------------------------------------|        
                                                                   Frequency   |       |       |       |       |       |       |        
                                                                    Percent    |       |       |       |       |       |       |        
                                                                    Row Pct    |       |       |       |       |       |       |        
                                                                    Col Pct    |   .   |   1   |   2   |   3   |   4   |   5   | Total  
                                                                ---------------+-------+-------+-------+-------+-------+-------+------- 
                                                                              0|  62577|      0|      0|      0|      0|      0|  62577 
                                                                               |  39.47|   0.00|   0.00|   0.00|   0.00|   0.00|  39.47 
                                                                               | 100.00|   0.00|   0.00|   0.00|   0.00|   0.00|        
                                                                               |  52.55|   0.00|   0.00|   0.00|   0.00|   0.00|        
                                                                ---------------+-------+-------+-------+-------+-------+-------+------- 
                                                                              1|  56496|  24962|  11970|   1981|    463|     92|  95964 
                                                                               |  35.63|  15.74|   7.55|   1.25|   0.29|   0.06|  60.53 
                                                                               |  58.87|  26.01|  12.47|   2.06|   0.48|   0.10|        
                                                                               |  47.45| 100.00| 100.00| 100.00| 100.00| 100.00|        
                                                                ---------------+-------+-------+-------+-------+-------+-------+------- 
                                                                          Total| 119073|  24962|  11970|   1981|    463|     92| 158541 
                                                                               |  75.11|  15.74|   7.55|   1.25|   0.29|   0.06| 100.00 
                                                                                                                                        
                                                                                                                                                                     12:02 Wednesday, July 29, 2015    6

                                                                                           The FREQ Procedure

                                                                    Table of chosen_cac_ind_number by chosen_match_level
                                                                                                                                   
                                                                     chosen_cac_ind_number|      chosen_match_level       |        
                                                                     ---------------------+-------------------------------|        
                                                                           Frequency      |       |       |       |       |        
                                                                            Percent       |       |       |       |       |        
                                                                            Row Pct       |       |       |       |       |        
                                                                            Col Pct       |   .   |   1   |   2   |   3   | Total  
                                                                     ---------------------+-------+-------+-------+-------+------- 
                                                                                         .| 119073|      0|      0|      0| 119073 
                                                                                          |  75.11|   0.00|   0.00|   0.00|  75.11 
                                                                                          | 100.00|   0.00|   0.00|   0.00|        
                                                                                          | 100.00|   0.00|   0.00|   0.00|        
                                                                     ---------------------+-------+-------+-------+-------+------- 
                                                                                         1|      0|  21922|   2512|    528|  24962 
                                                                                          |   0.00|  13.83|   1.58|   0.33|  15.74 
                                                                                          |   0.00|  87.82|  10.06|   2.12|        
                                                                                          |   0.00|  63.84|  59.41|  58.47|        
                                                                     ---------------------+-------+-------+-------+-------+------- 
                                                                                         2|      0|  10211|   1466|    293|  11970 
                                                                                          |   0.00|   6.44|   0.92|   0.18|   7.55 
                                                                                          |   0.00|  85.30|  12.25|   2.45|        
                                                                                          |   0.00|  29.74|  34.67|  32.45|        
                                                                     ---------------------+-------+-------+-------+-------+------- 
                                                                                         3|      0|   1730|    193|     58|   1981 
                                                                                          |   0.00|   1.09|   0.12|   0.04|   1.25 
                                                                                          |   0.00|  87.33|   9.74|   2.93|        
                                                                                          |   0.00|   5.04|   4.56|   6.42|        
                                                                     ---------------------+-------+-------+-------+-------+------- 
                                                                                         4|      0|    397|     46|     20|    463 
                                                                                          |   0.00|   0.25|   0.03|   0.01|   0.29 
                                                                                          |   0.00|  85.75|   9.94|   4.32|        
                                                                                          |   0.00|   1.16|   1.09|   2.21|        
                                                                     ---------------------+-------+-------+-------+-------+------- 
                                                                                         5|      0|     77|     11|      4|     92 
                                                                                          |   0.00|   0.05|   0.01|   0.00|   0.06 
                                                                                          |   0.00|  83.70|  11.96|   4.35|        
                                                                                          |   0.00|   0.22|   0.26|   0.44|        
                                                                     ---------------------+-------+-------+-------+-------+------- 
                                                                                     Total| 119073|  34337|   4228|    903| 158541 
                                                                                          |  75.11|  21.66|   2.67|   0.57| 100.00 
                                                                                                                                   
                                                                                             match_level 2                                                           12:02 Wednesday, July 29, 2015    7

                                                                                           The FREQ Procedure

                                                                                                                Cumulative    Cumulative
                                                                chosen_spedis_score    Frequency     Percent     Frequency      Percent 
                                                                ------------------------------------------------------------------------
                                                                 0                            8        0.19             8         0.19  
                                                                 2                            2        0.05            10         0.24  
                                                                 3                           34        0.80            44         1.04  
                                                                 4                           34        0.80            78         1.84  
                                                                 5                          197        4.66           275         6.50  
                                                                 6                           93        2.20           368         8.70  
                                                                 7                          145        3.43           513        12.13  
                                                                 8                          153        3.62           666        15.75  
                                                                10                           72        1.70           738        17.46  
                                                                11                           98        2.32           836        19.77  
                                                                12                           65        1.54           901        21.31  
                                                                13                           17        0.40           918        21.71  
                                                                14                          245        5.79          1163        27.51  
                                                                15                          289        6.84          1452        34.34  
                                                                16                          162        3.83          1614        38.17  
                                                                17                          338        7.99          1952        46.17  
                                                                18                           27        0.64          1979        46.81  
                                                                19                           99        2.34          2078        49.15  
                                                                20                          266        6.29          2344        55.44  
                                                                21                          319        7.54          2663        62.98  
                                                                22                           82        1.94          2745        64.92  
                                                                23                           41        0.97          2786        65.89  
                                                                24                           28        0.66          2814        66.56  
                                                                25                          326        7.71          3140        74.27  
                                                                26                          161        3.81          3301        78.07  
                                                                27                           35        0.83          3336        78.90  
                                                                28                          236        5.58          3572        84.48  
                                                                29                           92        2.18          3664        86.66  
                                                                30                          187        4.42          3851        91.08  
                                                                31                           19        0.45          3870        91.53  
                                                                32                            4        0.09          3874        91.63  
                                                                33                          146        3.45          4020        95.08  
                                                                34                          208        4.92          4228       100.00  
                                                                                             match_level 3                                                           12:02 Wednesday, July 29, 2015    8

                                                                                           The FREQ Procedure

                                                                                                                Cumulative    Cumulative
                                                                chosen_spedis_score    Frequency     Percent     Frequency      Percent 
                                                                ------------------------------------------------------------------------
                                                                 35                          11        1.22            11         1.22  
                                                                 37                          76        8.42            87         9.63  
                                                                 38                         129       14.29           216        23.92  
                                                                 39                          94       10.41           310        34.33  
                                                                 40                          54        5.98           364        40.31  
                                                                 41                          21        2.33           385        42.64  
                                                                 42                          10        1.11           395        43.74  
                                                                 43                           6        0.66           401        44.41  
                                                                 44                          27        2.99           428        47.40  
                                                                 45                          53        5.87           481        53.27  
                                                                 46                          11        1.22           492        54.49  
                                                                 47                          72        7.97           564        62.46  
                                                                 50                         136       15.06           700        77.52  
                                                                 53                           1        0.11           701        77.63  
                                                                 54                           3        0.33           704        77.96  
                                                                 55                           2        0.22           706        78.18  
                                                                 56                           3        0.33           709        78.52  
                                                                 57                           3        0.33           712        78.85  
                                                                 58                          10        1.11           722        79.96  
                                                                 60                          11        1.22           733        81.17  
                                                                 62                          11        1.22           744        82.39  
                                                                 65                           1        0.11           745        82.50  
                                                                 66                          24        2.66           769        85.16  
                                                                 70                           5        0.55           774        85.71  
                                                                 75                          24        2.66           798        88.37  
                                                                 78                           1        0.11           799        88.48  
                                                                 79                           1        0.11           800        88.59  
                                                                 80                           6        0.66           806        89.26  
                                                                 81                           1        0.11           807        89.37  
                                                                 83                          13        1.44           820        90.81  
                                                                 87                           2        0.22           822        91.03  
                                                                 90                           1        0.11           823        91.14  
                                                                100                          15        1.66           838        92.80  
                                                                112                           4        0.44           842        93.24  
                                                                116                           2        0.22           844        93.47  
                                                                125                           7        0.78           851        94.24  
                                                                150                          14        1.55           865        95.79  
                                                                175                           1        0.11           866        95.90  
                                                                200                          15        1.66           881        97.56  
                                                                212                           1        0.11           882        97.67  
                                                                250                           8        0.89           890        98.56  
                                                                300                          10        1.11           900        99.67  
                                                                350                           2        0.22           902        99.89  
                                                                400                           1        0.11           903       100.00  
                                                                    Prepared for                                                                     9
                                                                 Data Quality Report
                                                           Library:WORK  Member:scored__SD
                                                              Total Observations: 76451

                                                                                                              Number of     Numeric or          
   Variable                                                                   Label                         Observations    Character     Levels

   CAC_HH_PID                                            Household Persistent ID                                 76,451     Character        50+
                                                                                                                                                
   CAC_NAME_LAST                                         Household Name                                          76,451     Character        50+
                                                                                                                                                
   bridge_address1                                       Address Line 1 From Bridge                              76,451     Character        50+
                                                                                                                                                
   bridge_address2                                       Address Line 2 From Bridge                                   0     Character         0 
                                                                                                                                                
   bridge_city                                           Address City From Bridge                                76,451     Character        50+
                                                                                                                                                
   bridge_name_first                                     First Name From Bridge                                  76,451     Character        50+
                                                                                                                                                
   bridge_name_last                                      Last Name From Bridge                                   76,451     Character        50+
                                                                                                                                                
   bridge_name_last_exact                                                                                        76,451     Character        50+
                                                                                                                                                
   bridge_name_last_fuzzy1                                                                                       76,451     Character        50+
                                                                                                                                                
   bridge_state                                          Address State From Bridge                               76,451     Character         1 
                                                         Value SD    100%                                        76,451                         
                                                                                                                                                
   bridge_zip5                                           Address Zip 5 From Bridge                               76,451     Character        50+
                                                                                                                                                
   cac_bridge_md5email_id                                Unique ID To Append Email Addresses From Bridge         76,451     Character        50+

                                                             Number        Zero          Mean        Median       Minimum       Maximum    Variable
   Variable                                                 Missing      Values         Value         Value         Value         Value     Format 

   CAC_HH_PID                                                     0                                                                          $27   
                                                                                                                                                   
   CAC_NAME_LAST                                                  0                                                                                
                                                                                                                                                   
   bridge_address1                                                0                                                                          $50   
                                                                                                                                                   
   bridge_address2                                           76,451                                                                          $50   
                                                                                                                                                   
   bridge_city                                                    0                                                                          $30   
                                                                                                                                                   
   bridge_name_first                                              0                                                                          $25   
                                                                                                                                                   
   bridge_name_last                                               0                                                                          $25   
                                                                                                                                                   
   bridge_name_last_exact                                         0                                                                                
                                                                                                                                                   
   bridge_name_last_fuzzy1                                        0                                                                                
                                                                                                                                                   
   bridge_state                                                   0                                                                          $2    
                                                                                                                                                   
                                                                                                                                                   
   bridge_zip5                                                    0                                                                          $5    
                                                                                                                                                   
   cac_bridge_md5email_id                                         0                                                                          $50   

                                                             Prepared by CAC Group, Inc.
                                                                    Prepared for                                                                    10
                                                                 Data Quality Report
                                                           Library:WORK  Member:scored__SD
                                                              Total Observations: 76451

                                                                                      Number of     Numeric or                  Number        Zero
    Variable                                                      Label             Observations    Character     Levels       Missing      Values

                                                                                                                                                  
    chosen_cac_ind_gender                                                                76,451     Numeric           2              0           0
                                                          Value        1   48.4%         36,983                                                   
                                                          Value        2   51.6%         39,468                                                   
                                                                                                                                                  
    chosen_cac_ind_last                                                                  76,451     Character        50+             0            
                                                                                                                                                  
    chosen_cac_ind_mi                                                                    62,662     Character        26         13,789            
                                                                                                                                                  
    chosen_cac_ind_name                                                                  76,451     Character        50+             0            
                                                                                                                                                  
    chosen_cac_ind_number                                                                76,451     Numeric           5              0           0
                                                          Value        1   67.1%         51,296                                                   
                                                          Value        2   25.7%         19,623                                                   
                                                          Value        3    5.7%          4,321                                                   
                                                          Value        4    1.3%          1,016                                                   
                                                          Value        5    0.3%            195                                                   
                                                                                                                                                  
    chosen_first_x_of_x_flag                                                             76,451     Numeric           2              0         443
                                                                                                                                                  
    chosen_match_level                                                                   76,451     Numeric           3              0           0
                                                          Value        1   85.2%         65,128                                                   
                                                          Value        2   12.8%          9,749                                                   
                                                          Value        3    2.1%          1,574                                                   

                                                                Mean        Median       Minimum       Maximum    Variable
    Variable                                                   Value         Value         Value         Value     Format 

                                                                                                                          
    chosen_cac_ind_gender                                     1.5163        2.0000        1.0000        2.0000      8     
                                                                                                                          
                                                                                                                          
                                                                                                                          
    chosen_cac_ind_last                                                                                             $20   
                                                                                                                          
    chosen_cac_ind_mi                                                                                               $1    
                                                                                                                          
    chosen_cac_ind_name                                                                                             $14   
                                                                                                                          
    chosen_cac_ind_number                                     1.4198        1.0000        1.0000        5.0000      8     
                                                                                                                          
                                                                                                                          
                                                                                                                          
                                                                                                                          
                                                                                                                          
                                                                                                                          
    chosen_first_x_of_x_flag                                  0.9942        1.0000        0.0000        1.0000      8     
                                                                                                                          
    chosen_match_level                                        1.1687        1.0000        1.0000        3.0000      8     
                                                                                                                          
                                                                                                                          
                                                                                                                          

                                                             Prepared by CAC Group, Inc.
                                                                    Prepared for                                                                    11
                                                                 Data Quality Report
                                                           Library:WORK  Member:scored__SD
                                                              Total Observations: 76451

                                                                                      Number of     Numeric or                  Number        Zero
    Variable                                                      Label             Observations    Character     Levels       Missing      Values

                                                                                                                                                  
    chosen_spedis_score                                                                  76,451      Numeric         50+             0      65,142
                                                                                                                                                  
    last_name_match                                                                      76,451      Numeric          1              0           0
                                                          Value        1    100%         76,451                                                   
                                                                                                                                                  

                                                                Mean        Median       Minimum       Maximum    Variable
    Variable                                                   Value         Value         Value         Value     Format 

                                                                                                                          
    chosen_spedis_score                                       3.6302        0.0000        0.0000      400.0000       8    
                                                                                                                          
    last_name_match                                           1.0000        1.0000        1.0000        1.0000            
                                                                                                                          
                                                                                                                          





































                                                             Prepared by CAC Group, Inc.
